[2026-02-22T20:02:19.935+0000] {local_task_job_runner.py:120} INFO - ::group::Pre task execution logs
[2026-02-22T20:02:19.968+0000] {taskinstance.py:2076} INFO - Dependencies all met for dep_context=non-requeueable deps ti=<TaskInstance: minio_to_snowflake_banking.load_snowflake scheduled__2026-02-22T20:01:00+00:00 [queued]>
[2026-02-22T20:02:19.979+0000] {taskinstance.py:2076} INFO - Dependencies all met for dep_context=requeueable deps ti=<TaskInstance: minio_to_snowflake_banking.load_snowflake scheduled__2026-02-22T20:01:00+00:00 [queued]>
[2026-02-22T20:02:19.981+0000] {taskinstance.py:2306} INFO - Starting attempt 1 of 2
[2026-02-22T20:02:20.102+0000] {taskinstance.py:2330} INFO - Executing <Task(PythonOperator): load_snowflake> on 2026-02-22 20:01:00+00:00
[2026-02-22T20:02:20.123+0000] {standard_task_runner.py:90} INFO - Running: ['***', 'tasks', 'run', 'minio_to_snowflake_banking', 'load_snowflake', 'scheduled__2026-02-22T20:01:00+00:00', '--job-id', '1345', '--raw', '--subdir', 'DAGS_FOLDER/minio_to_snowflake_dag.py', '--cfg-path', '/tmp/tmppbdedzda']
[2026-02-22T20:02:20.129+0000] {standard_task_runner.py:91} INFO - Job 1345: Subtask load_snowflake
[2026-02-22T20:02:20.128+0000] {logging_mixin.py:188} WARNING - /home/***/.local/lib/python3.12/site-packages/***/task/task_runner/standard_task_runner.py:62 DeprecationWarning: This process (pid=43919) is multi-threaded, use of fork() may lead to deadlocks in the child.
[2026-02-22T20:02:20.130+0000] {standard_task_runner.py:64} INFO - Started process 43931 to run task
[2026-02-22T20:02:20.305+0000] {task_command.py:426} INFO - Running <TaskInstance: minio_to_snowflake_banking.load_snowflake scheduled__2026-02-22T20:01:00+00:00 [running]> on host f2d9c9e2564d
[2026-02-22T20:02:20.768+0000] {taskinstance.py:2648} INFO - Exporting env vars: AIRFLOW_CTX_DAG_OWNER='***' AIRFLOW_CTX_DAG_ID='minio_to_snowflake_banking' AIRFLOW_CTX_TASK_ID='load_snowflake' AIRFLOW_CTX_EXECUTION_DATE='2026-02-22T20:01:00+00:00' AIRFLOW_CTX_TRY_NUMBER='1' AIRFLOW_CTX_DAG_RUN_ID='scheduled__2026-02-22T20:01:00+00:00'
[2026-02-22T20:02:20.773+0000] {taskinstance.py:430} INFO - ::endgroup::
[2026-02-22T20:02:20.816+0000] {connection.py:613} INFO - Snowflake Connector for Python Version: 4.3.0, Python Version: 3.12.4, Platform: Linux-6.6.87.2-microsoft-standard-WSL2-x86_64-with-glibc2.36
[2026-02-22T20:02:20.819+0000] {connection.py:1709} INFO - Connecting to GLOBAL Snowflake domain
[2026-02-22T20:02:23.603+0000] {logging_mixin.py:188} INFO - Uploaded /tmp/minio_downloads/customers_234918105812.parquet -> @customers stage
[2026-02-22T20:02:23.804+0000] {logging_mixin.py:188} INFO - Uploaded /tmp/minio_downloads/customers_234918437151.parquet -> @customers stage
[2026-02-22T20:02:24.031+0000] {logging_mixin.py:188} INFO - Uploaded /tmp/minio_downloads/customers_234918561960.parquet -> @customers stage
[2026-02-22T20:02:24.223+0000] {logging_mixin.py:188} INFO - Uploaded /tmp/minio_downloads/customers_234918669711.parquet -> @customers stage
[2026-02-22T20:02:24.492+0000] {logging_mixin.py:188} INFO - Uploaded /tmp/minio_downloads/customers_234918803581.parquet -> @customers stage
[2026-02-22T20:02:24.762+0000] {logging_mixin.py:188} INFO - Uploaded /tmp/minio_downloads/customers_234918923394.parquet -> @customers stage
[2026-02-22T20:02:24.969+0000] {logging_mixin.py:188} INFO - Uploaded /tmp/minio_downloads/customers_234919120182.parquet -> @customers stage
[2026-02-22T20:02:25.294+0000] {logging_mixin.py:188} INFO - Uploaded /tmp/minio_downloads/customers_234921665207.parquet -> @customers stage
[2026-02-22T20:02:25.533+0000] {logging_mixin.py:188} INFO - Uploaded /tmp/minio_downloads/customers_234921758110.parquet -> @customers stage
[2026-02-22T20:02:25.741+0000] {logging_mixin.py:188} INFO - Uploaded /tmp/minio_downloads/customers_234921847149.parquet -> @customers stage
[2026-02-22T20:02:25.998+0000] {logging_mixin.py:188} INFO - Uploaded /tmp/minio_downloads/customers_234921926178.parquet -> @customers stage
[2026-02-22T20:02:26.243+0000] {logging_mixin.py:188} INFO - Uploaded /tmp/minio_downloads/customers_234922007518.parquet -> @customers stage
[2026-02-22T20:02:26.499+0000] {logging_mixin.py:188} INFO - Uploaded /tmp/minio_downloads/customers_234922078160.parquet -> @customers stage
[2026-02-22T20:02:26.764+0000] {logging_mixin.py:188} INFO - Uploaded /tmp/minio_downloads/customers_234922162590.parquet -> @customers stage
[2026-02-22T20:02:26.978+0000] {logging_mixin.py:188} INFO - Uploaded /tmp/minio_downloads/customers_234922744865.parquet -> @customers stage
[2026-02-22T20:02:27.162+0000] {logging_mixin.py:188} INFO - Uploaded /tmp/minio_downloads/customers_234922834985.parquet -> @customers stage
[2026-02-22T20:02:27.391+0000] {logging_mixin.py:188} INFO - Uploaded /tmp/minio_downloads/customers_234922932607.parquet -> @customers stage
[2026-02-22T20:02:27.641+0000] {logging_mixin.py:188} INFO - Uploaded /tmp/minio_downloads/customers_234923025974.parquet -> @customers stage
[2026-02-22T20:02:27.892+0000] {logging_mixin.py:188} INFO - Uploaded /tmp/minio_downloads/customers_234923111005.parquet -> @customers stage
[2026-02-22T20:02:28.074+0000] {logging_mixin.py:188} INFO - Uploaded /tmp/minio_downloads/customers_234923205643.parquet -> @customers stage
[2026-02-22T20:02:28.831+0000] {logging_mixin.py:188} INFO - Data loaded into customers
[2026-02-22T20:02:29.076+0000] {logging_mixin.py:188} INFO - Uploaded /tmp/minio_downloads/accounts_234919229379.parquet -> @accounts stage
[2026-02-22T20:02:29.287+0000] {logging_mixin.py:188} INFO - Uploaded /tmp/minio_downloads/accounts_234919339290.parquet -> @accounts stage
[2026-02-22T20:02:29.485+0000] {logging_mixin.py:188} INFO - Uploaded /tmp/minio_downloads/accounts_234920053429.parquet -> @accounts stage
[2026-02-22T20:02:29.674+0000] {logging_mixin.py:188} INFO - Uploaded /tmp/minio_downloads/accounts_234920162262.parquet -> @accounts stage
[2026-02-22T20:02:29.884+0000] {logging_mixin.py:188} INFO - Uploaded /tmp/minio_downloads/accounts_234920297803.parquet -> @accounts stage
[2026-02-22T20:02:30.077+0000] {logging_mixin.py:188} INFO - Uploaded /tmp/minio_downloads/accounts_234920394646.parquet -> @accounts stage
[2026-02-22T20:02:30.255+0000] {logging_mixin.py:188} INFO - Uploaded /tmp/minio_downloads/accounts_234923335866.parquet -> @accounts stage
[2026-02-22T20:02:30.443+0000] {logging_mixin.py:188} INFO - Uploaded /tmp/minio_downloads/accounts_234923452458.parquet -> @accounts stage
[2026-02-22T20:02:30.650+0000] {logging_mixin.py:188} INFO - Uploaded /tmp/minio_downloads/accounts_234923816025.parquet -> @accounts stage
[2026-02-22T20:02:30.841+0000] {logging_mixin.py:188} INFO - Uploaded /tmp/minio_downloads/accounts_234923976275.parquet -> @accounts stage
[2026-02-22T20:02:31.010+0000] {logging_mixin.py:188} INFO - Uploaded /tmp/minio_downloads/accounts_234924694842.parquet -> @accounts stage
[2026-02-22T20:02:31.281+0000] {logging_mixin.py:188} INFO - Uploaded /tmp/minio_downloads/accounts_234924793702.parquet -> @accounts stage
[2026-02-22T20:02:31.469+0000] {logging_mixin.py:188} INFO - Uploaded /tmp/minio_downloads/accounts_234924894453.parquet -> @accounts stage
[2026-02-22T20:02:31.688+0000] {logging_mixin.py:188} INFO - Uploaded /tmp/minio_downloads/accounts_234926222060.parquet -> @accounts stage
[2026-02-22T20:02:31.878+0000] {logging_mixin.py:188} INFO - Uploaded /tmp/minio_downloads/accounts_234926321807.parquet -> @accounts stage
[2026-02-22T20:02:32.086+0000] {logging_mixin.py:188} INFO - Uploaded /tmp/minio_downloads/accounts_234926416924.parquet -> @accounts stage
[2026-02-22T20:02:32.264+0000] {logging_mixin.py:188} INFO - Uploaded /tmp/minio_downloads/accounts_234926499851.parquet -> @accounts stage
[2026-02-22T20:02:32.445+0000] {logging_mixin.py:188} INFO - Uploaded /tmp/minio_downloads/accounts_234926596272.parquet -> @accounts stage
[2026-02-22T20:02:32.615+0000] {logging_mixin.py:188} INFO - Uploaded /tmp/minio_downloads/accounts_234926697438.parquet -> @accounts stage
[2026-02-22T20:02:32.801+0000] {logging_mixin.py:188} INFO - Uploaded /tmp/minio_downloads/accounts_234926792866.parquet -> @accounts stage
[2026-02-22T20:02:33.012+0000] {logging_mixin.py:188} INFO - Uploaded /tmp/minio_downloads/accounts_234928114151.parquet -> @accounts stage
[2026-02-22T20:02:33.200+0000] {logging_mixin.py:188} INFO - Uploaded /tmp/minio_downloads/accounts_234928202943.parquet -> @accounts stage
[2026-02-22T20:02:33.430+0000] {logging_mixin.py:188} INFO - Uploaded /tmp/minio_downloads/accounts_234928287885.parquet -> @accounts stage
[2026-02-22T20:02:33.651+0000] {logging_mixin.py:188} INFO - Uploaded /tmp/minio_downloads/accounts_234928371185.parquet -> @accounts stage
[2026-02-22T20:02:33.867+0000] {logging_mixin.py:188} INFO - Uploaded /tmp/minio_downloads/accounts_234928457421.parquet -> @accounts stage
[2026-02-22T20:02:34.058+0000] {logging_mixin.py:188} INFO - Uploaded /tmp/minio_downloads/accounts_234928550187.parquet -> @accounts stage
[2026-02-22T20:02:34.265+0000] {logging_mixin.py:188} INFO - Uploaded /tmp/minio_downloads/accounts_234929152701.parquet -> @accounts stage
[2026-02-22T20:02:34.435+0000] {logging_mixin.py:188} INFO - Uploaded /tmp/minio_downloads/accounts_234929241696.parquet -> @accounts stage
[2026-02-22T20:02:34.672+0000] {logging_mixin.py:188} INFO - Uploaded /tmp/minio_downloads/accounts_234929332029.parquet -> @accounts stage
[2026-02-22T20:02:34.871+0000] {logging_mixin.py:188} INFO - Uploaded /tmp/minio_downloads/accounts_234929417192.parquet -> @accounts stage
[2026-02-22T20:02:35.112+0000] {logging_mixin.py:188} INFO - Uploaded /tmp/minio_downloads/accounts_234929507568.parquet -> @accounts stage
[2026-02-22T20:02:35.256+0000] {logging_mixin.py:188} INFO - Uploaded /tmp/minio_downloads/accounts_234929633147.parquet -> @accounts stage
[2026-02-22T20:02:35.419+0000] {logging_mixin.py:188} INFO - Uploaded /tmp/minio_downloads/accounts_234929729800.parquet -> @accounts stage
[2026-02-22T20:02:35.740+0000] {logging_mixin.py:188} INFO - Uploaded /tmp/minio_downloads/accounts_234931169046.parquet -> @accounts stage
[2026-02-22T20:02:35.954+0000] {logging_mixin.py:188} INFO - Uploaded /tmp/minio_downloads/accounts_234931258522.parquet -> @accounts stage
[2026-02-22T20:02:36.206+0000] {logging_mixin.py:188} INFO - Uploaded /tmp/minio_downloads/accounts_234931343394.parquet -> @accounts stage
[2026-02-22T20:02:36.366+0000] {logging_mixin.py:188} INFO - Uploaded /tmp/minio_downloads/accounts_234931436645.parquet -> @accounts stage
[2026-02-22T20:02:36.566+0000] {logging_mixin.py:188} INFO - Uploaded /tmp/minio_downloads/accounts_234931535175.parquet -> @accounts stage
[2026-02-22T20:02:36.732+0000] {logging_mixin.py:188} INFO - Uploaded /tmp/minio_downloads/accounts_234931630343.parquet -> @accounts stage
[2026-02-22T20:02:36.914+0000] {logging_mixin.py:188} INFO - Uploaded /tmp/minio_downloads/accounts_234931720633.parquet -> @accounts stage
[2026-02-22T20:02:37.460+0000] {logging_mixin.py:188} INFO - Data loaded into accounts
[2026-02-22T20:02:37.677+0000] {logging_mixin.py:188} INFO - Uploaded /tmp/minio_downloads/transactions_234920527637.parquet -> @transactions stage
[2026-02-22T20:02:37.875+0000] {logging_mixin.py:188} INFO - Uploaded /tmp/minio_downloads/transactions_234920620288.parquet -> @transactions stage
[2026-02-22T20:02:38.151+0000] {logging_mixin.py:188} INFO - Uploaded /tmp/minio_downloads/transactions_234920743953.parquet -> @transactions stage
[2026-02-22T20:02:38.353+0000] {logging_mixin.py:188} INFO - Uploaded /tmp/minio_downloads/transactions_234920848936.parquet -> @transactions stage
[2026-02-22T20:02:38.555+0000] {logging_mixin.py:188} INFO - Uploaded /tmp/minio_downloads/transactions_234920995769.parquet -> @transactions stage
[2026-02-22T20:02:38.733+0000] {logging_mixin.py:188} INFO - Uploaded /tmp/minio_downloads/transactions_234921095960.parquet -> @transactions stage
[2026-02-22T20:02:38.902+0000] {logging_mixin.py:188} INFO - Uploaded /tmp/minio_downloads/transactions_234925010888.parquet -> @transactions stage
[2026-02-22T20:02:39.137+0000] {logging_mixin.py:188} INFO - Uploaded /tmp/minio_downloads/transactions_234925110210.parquet -> @transactions stage
[2026-02-22T20:02:39.373+0000] {logging_mixin.py:188} INFO - Uploaded /tmp/minio_downloads/transactions_234925202968.parquet -> @transactions stage
[2026-02-22T20:02:39.539+0000] {logging_mixin.py:188} INFO - Uploaded /tmp/minio_downloads/transactions_234925307206.parquet -> @transactions stage
[2026-02-22T20:02:39.724+0000] {logging_mixin.py:188} INFO - Uploaded /tmp/minio_downloads/transactions_234925401792.parquet -> @transactions stage
[2026-02-22T20:02:40.083+0000] {logging_mixin.py:188} INFO - Uploaded /tmp/minio_downloads/transactions_234925495946.parquet -> @transactions stage
[2026-02-22T20:02:40.279+0000] {logging_mixin.py:188} INFO - Uploaded /tmp/minio_downloads/transactions_234926886678.parquet -> @transactions stage
[2026-02-22T20:02:40.469+0000] {logging_mixin.py:188} INFO - Uploaded /tmp/minio_downloads/transactions_234926984193.parquet -> @transactions stage
[2026-02-22T20:02:40.719+0000] {logging_mixin.py:188} INFO - Uploaded /tmp/minio_downloads/transactions_234927074926.parquet -> @transactions stage
[2026-02-22T20:02:40.926+0000] {logging_mixin.py:188} INFO - Uploaded /tmp/minio_downloads/transactions_234927434757.parquet -> @transactions stage
[2026-02-22T20:02:41.100+0000] {logging_mixin.py:188} INFO - Uploaded /tmp/minio_downloads/transactions_234927538594.parquet -> @transactions stage
[2026-02-22T20:02:41.267+0000] {logging_mixin.py:188} INFO - Uploaded /tmp/minio_downloads/transactions_234927639183.parquet -> @transactions stage
[2026-02-22T20:02:41.444+0000] {logging_mixin.py:188} INFO - Uploaded /tmp/minio_downloads/transactions_234929827495.parquet -> @transactions stage
[2026-02-22T20:02:41.626+0000] {logging_mixin.py:188} INFO - Uploaded /tmp/minio_downloads/transactions_234929936899.parquet -> @transactions stage
[2026-02-22T20:02:41.802+0000] {logging_mixin.py:188} INFO - Uploaded /tmp/minio_downloads/transactions_234930133392.parquet -> @transactions stage
[2026-02-22T20:02:42.086+0000] {logging_mixin.py:188} INFO - Uploaded /tmp/minio_downloads/transactions_234930278006.parquet -> @transactions stage
[2026-02-22T20:02:42.305+0000] {logging_mixin.py:188} INFO - Uploaded /tmp/minio_downloads/transactions_234930573943.parquet -> @transactions stage
[2026-02-22T20:02:42.491+0000] {logging_mixin.py:188} INFO - Uploaded /tmp/minio_downloads/transactions_234930673583.parquet -> @transactions stage
[2026-02-22T20:02:42.661+0000] {logging_mixin.py:188} INFO - Uploaded /tmp/minio_downloads/transactions_234930765189.parquet -> @transactions stage
[2026-02-22T20:02:42.844+0000] {logging_mixin.py:188} INFO - Uploaded /tmp/minio_downloads/transactions_234932114660.parquet -> @transactions stage
[2026-02-22T20:02:43.026+0000] {logging_mixin.py:188} INFO - Uploaded /tmp/minio_downloads/transactions_234932192755.parquet -> @transactions stage
[2026-02-22T20:02:43.239+0000] {logging_mixin.py:188} INFO - Uploaded /tmp/minio_downloads/transactions_234932278168.parquet -> @transactions stage
[2026-02-22T20:02:43.467+0000] {logging_mixin.py:188} INFO - Uploaded /tmp/minio_downloads/transactions_234932358103.parquet -> @transactions stage
[2026-02-22T20:02:43.669+0000] {logging_mixin.py:188} INFO - Uploaded /tmp/minio_downloads/transactions_234932442441.parquet -> @transactions stage
[2026-02-22T20:02:43.861+0000] {logging_mixin.py:188} INFO - Uploaded /tmp/minio_downloads/transactions_234932522727.parquet -> @transactions stage
[2026-02-22T20:02:44.126+0000] {logging_mixin.py:188} INFO - Uploaded /tmp/minio_downloads/transactions_234932921552.parquet -> @transactions stage
[2026-02-22T20:02:44.383+0000] {logging_mixin.py:188} INFO - Uploaded /tmp/minio_downloads/transactions_234933016230.parquet -> @transactions stage
[2026-02-22T20:02:44.607+0000] {logging_mixin.py:188} INFO - Uploaded /tmp/minio_downloads/transactions_234933111052.parquet -> @transactions stage
[2026-02-22T20:02:44.887+0000] {logging_mixin.py:188} INFO - Uploaded /tmp/minio_downloads/transactions_234933198316.parquet -> @transactions stage
[2026-02-22T20:02:45.068+0000] {logging_mixin.py:188} INFO - Uploaded /tmp/minio_downloads/transactions_234933278851.parquet -> @transactions stage
[2026-02-22T20:02:45.246+0000] {logging_mixin.py:188} INFO - Uploaded /tmp/minio_downloads/transactions_234933369230.parquet -> @transactions stage
[2026-02-22T20:02:46.182+0000] {logging_mixin.py:188} INFO - Uploaded /tmp/minio_downloads/transactions_234933925204.parquet -> @transactions stage
[2026-02-22T20:02:46.382+0000] {logging_mixin.py:188} INFO - Uploaded /tmp/minio_downloads/transactions_234934009718.parquet -> @transactions stage
[2026-02-22T20:02:46.609+0000] {logging_mixin.py:188} INFO - Uploaded /tmp/minio_downloads/transactions_234934102903.parquet -> @transactions stage
[2026-02-22T20:02:47.053+0000] {logging_mixin.py:188} INFO - Uploaded /tmp/minio_downloads/transactions_234934196027.parquet -> @transactions stage
[2026-02-22T20:02:47.290+0000] {logging_mixin.py:188} INFO - Uploaded /tmp/minio_downloads/transactions_234934307523.parquet -> @transactions stage
[2026-02-22T20:02:47.520+0000] {logging_mixin.py:188} INFO - Uploaded /tmp/minio_downloads/transactions_234934396633.parquet -> @transactions stage
[2026-02-22T20:02:47.701+0000] {logging_mixin.py:188} INFO - Uploaded /tmp/minio_downloads/transactions_234934488117.parquet -> @transactions stage
[2026-02-22T20:02:47.921+0000] {logging_mixin.py:188} INFO - Uploaded /tmp/minio_downloads/transactions_234934894146.parquet -> @transactions stage
[2026-02-22T20:02:48.114+0000] {logging_mixin.py:188} INFO - Uploaded /tmp/minio_downloads/transactions_234934986743.parquet -> @transactions stage
[2026-02-22T20:02:48.466+0000] {logging_mixin.py:188} INFO - Uploaded /tmp/minio_downloads/transactions_234935069074.parquet -> @transactions stage
[2026-02-22T20:02:49.575+0000] {logging_mixin.py:188} INFO - Uploaded /tmp/minio_downloads/transactions_234935175949.parquet -> @transactions stage
[2026-02-22T20:02:49.820+0000] {logging_mixin.py:188} INFO - Uploaded /tmp/minio_downloads/transactions_234935272437.parquet -> @transactions stage
[2026-02-22T20:02:49.986+0000] {logging_mixin.py:188} INFO - Uploaded /tmp/minio_downloads/transactions_234935370154.parquet -> @transactions stage
[2026-02-22T20:02:50.173+0000] {logging_mixin.py:188} INFO - Uploaded /tmp/minio_downloads/transactions_234935847189.parquet -> @transactions stage
[2026-02-22T20:02:50.383+0000] {logging_mixin.py:188} INFO - Uploaded /tmp/minio_downloads/transactions_234935955264.parquet -> @transactions stage
[2026-02-22T20:02:52.202+0000] {logging_mixin.py:188} INFO - Uploaded /tmp/minio_downloads/transactions_234936056628.parquet -> @transactions stage
[2026-02-22T20:02:52.378+0000] {logging_mixin.py:188} INFO - Uploaded /tmp/minio_downloads/transactions_234936151468.parquet -> @transactions stage
[2026-02-22T20:02:52.558+0000] {logging_mixin.py:188} INFO - Uploaded /tmp/minio_downloads/transactions_234936251977.parquet -> @transactions stage
[2026-02-22T20:02:52.721+0000] {logging_mixin.py:188} INFO - Uploaded /tmp/minio_downloads/transactions_234936345504.parquet -> @transactions stage
[2026-02-22T20:02:52.899+0000] {logging_mixin.py:188} INFO - Uploaded /tmp/minio_downloads/transactions_234936830532.parquet -> @transactions stage
[2026-02-22T20:02:53.075+0000] {logging_mixin.py:188} INFO - Uploaded /tmp/minio_downloads/transactions_234936940213.parquet -> @transactions stage
[2026-02-22T20:02:53.286+0000] {logging_mixin.py:188} INFO - Uploaded /tmp/minio_downloads/transactions_234937044510.parquet -> @transactions stage
[2026-02-22T20:02:53.531+0000] {logging_mixin.py:188} INFO - Uploaded /tmp/minio_downloads/transactions_234937144436.parquet -> @transactions stage
[2026-02-22T20:02:53.713+0000] {logging_mixin.py:188} INFO - Uploaded /tmp/minio_downloads/transactions_234937237946.parquet -> @transactions stage
[2026-02-22T20:02:53.887+0000] {logging_mixin.py:188} INFO - Uploaded /tmp/minio_downloads/transactions_234937327317.parquet -> @transactions stage
[2026-02-22T20:02:54.163+0000] {logging_mixin.py:188} INFO - Uploaded /tmp/minio_downloads/transactions_234937424237.parquet -> @transactions stage
[2026-02-22T20:02:54.331+0000] {logging_mixin.py:188} INFO - Uploaded /tmp/minio_downloads/transactions_234938006589.parquet -> @transactions stage
[2026-02-22T20:02:54.488+0000] {logging_mixin.py:188} INFO - Uploaded /tmp/minio_downloads/transactions_234938102664.parquet -> @transactions stage
[2026-02-22T20:02:54.660+0000] {logging_mixin.py:188} INFO - Uploaded /tmp/minio_downloads/transactions_234938199199.parquet -> @transactions stage
[2026-02-22T20:02:54.893+0000] {logging_mixin.py:188} INFO - Uploaded /tmp/minio_downloads/transactions_234938297827.parquet -> @transactions stage
[2026-02-22T20:02:55.070+0000] {logging_mixin.py:188} INFO - Uploaded /tmp/minio_downloads/transactions_234938389864.parquet -> @transactions stage
[2026-02-22T20:02:55.238+0000] {logging_mixin.py:188} INFO - Uploaded /tmp/minio_downloads/transactions_234938497275.parquet -> @transactions stage
[2026-02-22T20:02:55.768+0000] {logging_mixin.py:188} INFO - Uploaded /tmp/minio_downloads/transactions_234938991890.parquet -> @transactions stage
[2026-02-22T20:02:55.938+0000] {logging_mixin.py:188} INFO - Uploaded /tmp/minio_downloads/transactions_234939081021.parquet -> @transactions stage
[2026-02-22T20:02:56.106+0000] {logging_mixin.py:188} INFO - Uploaded /tmp/minio_downloads/transactions_234939176644.parquet -> @transactions stage
[2026-02-22T20:02:56.259+0000] {logging_mixin.py:188} INFO - Uploaded /tmp/minio_downloads/transactions_234939278372.parquet -> @transactions stage
[2026-02-22T20:02:56.507+0000] {logging_mixin.py:188} INFO - Uploaded /tmp/minio_downloads/transactions_234939374490.parquet -> @transactions stage
[2026-02-22T20:02:56.745+0000] {logging_mixin.py:188} INFO - Uploaded /tmp/minio_downloads/transactions_234939468089.parquet -> @transactions stage
[2026-02-22T20:02:57.013+0000] {logging_mixin.py:188} INFO - Uploaded /tmp/minio_downloads/transactions_234939997340.parquet -> @transactions stage
[2026-02-22T20:02:57.178+0000] {logging_mixin.py:188} INFO - Uploaded /tmp/minio_downloads/transactions_234940104868.parquet -> @transactions stage
[2026-02-22T20:02:57.349+0000] {logging_mixin.py:188} INFO - Uploaded /tmp/minio_downloads/transactions_234940244694.parquet -> @transactions stage
[2026-02-22T20:02:57.580+0000] {logging_mixin.py:188} INFO - Uploaded /tmp/minio_downloads/transactions_234940358602.parquet -> @transactions stage
[2026-02-22T20:02:57.854+0000] {logging_mixin.py:188} INFO - Uploaded /tmp/minio_downloads/transactions_234940452543.parquet -> @transactions stage
[2026-02-22T20:02:58.131+0000] {logging_mixin.py:188} INFO - Uploaded /tmp/minio_downloads/transactions_234940557059.parquet -> @transactions stage
[2026-02-22T20:02:58.349+0000] {logging_mixin.py:188} INFO - Uploaded /tmp/minio_downloads/transactions_234940659936.parquet -> @transactions stage
[2026-02-22T20:02:58.534+0000] {logging_mixin.py:188} INFO - Uploaded /tmp/minio_downloads/transactions_234941163970.parquet -> @transactions stage
[2026-02-22T20:02:58.763+0000] {logging_mixin.py:188} INFO - Uploaded /tmp/minio_downloads/transactions_234941259224.parquet -> @transactions stage
[2026-02-22T20:02:59.022+0000] {logging_mixin.py:188} INFO - Uploaded /tmp/minio_downloads/transactions_234941365406.parquet -> @transactions stage
[2026-02-22T20:02:59.301+0000] {logging_mixin.py:188} INFO - Uploaded /tmp/minio_downloads/transactions_234941467795.parquet -> @transactions stage
[2026-02-22T20:02:59.519+0000] {logging_mixin.py:188} INFO - Uploaded /tmp/minio_downloads/transactions_234941573322.parquet -> @transactions stage
[2026-02-22T20:02:59.795+0000] {logging_mixin.py:188} INFO - Uploaded /tmp/minio_downloads/transactions_234941662407.parquet -> @transactions stage
[2026-02-22T20:02:59.997+0000] {logging_mixin.py:188} INFO - Uploaded /tmp/minio_downloads/transactions_234942160253.parquet -> @transactions stage
[2026-02-22T20:03:00.172+0000] {logging_mixin.py:188} INFO - Uploaded /tmp/minio_downloads/transactions_234942253356.parquet -> @transactions stage
[2026-02-22T20:03:00.378+0000] {logging_mixin.py:188} INFO - Uploaded /tmp/minio_downloads/transactions_234942350222.parquet -> @transactions stage
[2026-02-22T20:03:00.581+0000] {logging_mixin.py:188} INFO - Uploaded /tmp/minio_downloads/transactions_234942449378.parquet -> @transactions stage
[2026-02-22T20:03:00.746+0000] {logging_mixin.py:188} INFO - Uploaded /tmp/minio_downloads/transactions_234942596005.parquet -> @transactions stage
[2026-02-22T20:03:00.924+0000] {logging_mixin.py:188} INFO - Uploaded /tmp/minio_downloads/transactions_234942682137.parquet -> @transactions stage
[2026-02-22T20:03:01.168+0000] {logging_mixin.py:188} INFO - Uploaded /tmp/minio_downloads/transactions_234943096893.parquet -> @transactions stage
[2026-02-22T20:03:01.349+0000] {logging_mixin.py:188} INFO - Uploaded /tmp/minio_downloads/transactions_234943561718.parquet -> @transactions stage
[2026-02-22T20:03:01.532+0000] {logging_mixin.py:188} INFO - Uploaded /tmp/minio_downloads/transactions_234943780106.parquet -> @transactions stage
[2026-02-22T20:03:01.733+0000] {logging_mixin.py:188} INFO - Uploaded /tmp/minio_downloads/transactions_234943901825.parquet -> @transactions stage
[2026-02-22T20:03:01.966+0000] {logging_mixin.py:188} INFO - Uploaded /tmp/minio_downloads/transactions_234944014291.parquet -> @transactions stage
[2026-02-22T20:03:02.131+0000] {logging_mixin.py:188} INFO - Uploaded /tmp/minio_downloads/transactions_234944140004.parquet -> @transactions stage
[2026-02-22T20:03:02.537+0000] {logging_mixin.py:188} INFO - Data loaded into transactions
[2026-02-22T20:03:02.690+0000] {python.py:237} INFO - Done. Returned value was: None
[2026-02-22T20:03:02.691+0000] {taskinstance.py:441} INFO - ::group::Post task execution logs
[2026-02-22T20:03:02.709+0000] {taskinstance.py:1206} INFO - Marking task as SUCCESS. dag_id=minio_to_snowflake_banking, task_id=load_snowflake, run_id=scheduled__2026-02-22T20:01:00+00:00, execution_date=20260222T200100, start_date=20260222T200219, end_date=20260222T200302
[2026-02-22T20:03:02.743+0000] {local_task_job_runner.py:243} INFO - Task exited with return code 0
[2026-02-22T20:03:02.762+0000] {taskinstance.py:3503} INFO - 0 downstream tasks scheduled from follow-on schedule check
[2026-02-22T20:03:02.767+0000] {local_task_job_runner.py:222} INFO - ::endgroup::
