[2026-02-22T12:26:14.132+0000] {local_task_job_runner.py:120} INFO - ::group::Pre task execution logs
[2026-02-22T12:26:14.168+0000] {taskinstance.py:2076} INFO - Dependencies all met for dep_context=non-requeueable deps ti=<TaskInstance: minio_to_snowflake_banking.load_snowflake scheduled__2026-02-22T12:25:00+00:00 [queued]>
[2026-02-22T12:26:14.178+0000] {taskinstance.py:2076} INFO - Dependencies all met for dep_context=requeueable deps ti=<TaskInstance: minio_to_snowflake_banking.load_snowflake scheduled__2026-02-22T12:25:00+00:00 [queued]>
[2026-02-22T12:26:14.179+0000] {taskinstance.py:2306} INFO - Starting attempt 1 of 2
[2026-02-22T12:26:14.195+0000] {taskinstance.py:2330} INFO - Executing <Task(PythonOperator): load_snowflake> on 2026-02-22 12:25:00+00:00
[2026-02-22T12:26:14.205+0000] {standard_task_runner.py:90} INFO - Running: ['***', 'tasks', 'run', 'minio_to_snowflake_banking', 'load_snowflake', 'scheduled__2026-02-22T12:25:00+00:00', '--job-id', '428', '--raw', '--subdir', 'DAGS_FOLDER/minio_to_snowflake_dag.py', '--cfg-path', '/tmp/tmpwfn4sla_']
[2026-02-22T12:26:14.208+0000] {standard_task_runner.py:91} INFO - Job 428: Subtask load_snowflake
[2026-02-22T12:26:14.209+0000] {logging_mixin.py:188} WARNING - /home/***/.local/lib/python3.12/site-packages/***/task/task_runner/standard_task_runner.py:62 DeprecationWarning: This process (pid=6283) is multi-threaded, use of fork() may lead to deadlocks in the child.
[2026-02-22T12:26:14.211+0000] {standard_task_runner.py:64} INFO - Started process 6295 to run task
[2026-02-22T12:26:14.289+0000] {task_command.py:426} INFO - Running <TaskInstance: minio_to_snowflake_banking.load_snowflake scheduled__2026-02-22T12:25:00+00:00 [running]> on host f2d9c9e2564d
[2026-02-22T12:26:14.411+0000] {taskinstance.py:2648} INFO - Exporting env vars: AIRFLOW_CTX_DAG_OWNER='***' AIRFLOW_CTX_DAG_ID='minio_to_snowflake_banking' AIRFLOW_CTX_TASK_ID='load_snowflake' AIRFLOW_CTX_EXECUTION_DATE='2026-02-22T12:25:00+00:00' AIRFLOW_CTX_TRY_NUMBER='1' AIRFLOW_CTX_DAG_RUN_ID='scheduled__2026-02-22T12:25:00+00:00'
[2026-02-22T12:26:14.412+0000] {taskinstance.py:430} INFO - ::endgroup::
[2026-02-22T12:26:14.441+0000] {connection.py:613} INFO - Snowflake Connector for Python Version: 4.3.0, Python Version: 3.12.4, Platform: Linux-6.6.87.2-microsoft-standard-WSL2-x86_64-with-glibc2.36
[2026-02-22T12:26:14.443+0000] {connection.py:1709} INFO - Connecting to GLOBAL Snowflake domain
[2026-02-22T12:26:16.809+0000] {logging_mixin.py:188} INFO - Uploaded /tmp/minio_downloads/customers_234918105812.parquet -> @customers stage
[2026-02-22T12:26:17.012+0000] {logging_mixin.py:188} INFO - Uploaded /tmp/minio_downloads/customers_234918437151.parquet -> @customers stage
[2026-02-22T12:26:17.171+0000] {logging_mixin.py:188} INFO - Uploaded /tmp/minio_downloads/customers_234918561960.parquet -> @customers stage
[2026-02-22T12:26:17.346+0000] {logging_mixin.py:188} INFO - Uploaded /tmp/minio_downloads/customers_234918669711.parquet -> @customers stage
[2026-02-22T12:26:17.528+0000] {logging_mixin.py:188} INFO - Uploaded /tmp/minio_downloads/customers_234918803581.parquet -> @customers stage
[2026-02-22T12:26:17.748+0000] {logging_mixin.py:188} INFO - Uploaded /tmp/minio_downloads/customers_234918923394.parquet -> @customers stage
[2026-02-22T12:26:17.929+0000] {logging_mixin.py:188} INFO - Uploaded /tmp/minio_downloads/customers_234919120182.parquet -> @customers stage
[2026-02-22T12:26:18.118+0000] {logging_mixin.py:188} INFO - Uploaded /tmp/minio_downloads/customers_234921665207.parquet -> @customers stage
[2026-02-22T12:26:18.297+0000] {logging_mixin.py:188} INFO - Uploaded /tmp/minio_downloads/customers_234921758110.parquet -> @customers stage
[2026-02-22T12:26:18.478+0000] {logging_mixin.py:188} INFO - Uploaded /tmp/minio_downloads/customers_234921847149.parquet -> @customers stage
[2026-02-22T12:26:18.648+0000] {logging_mixin.py:188} INFO - Uploaded /tmp/minio_downloads/customers_234921926178.parquet -> @customers stage
[2026-02-22T12:26:18.822+0000] {logging_mixin.py:188} INFO - Uploaded /tmp/minio_downloads/customers_234922007518.parquet -> @customers stage
[2026-02-22T12:26:19.012+0000] {logging_mixin.py:188} INFO - Uploaded /tmp/minio_downloads/customers_234922078160.parquet -> @customers stage
[2026-02-22T12:26:19.183+0000] {logging_mixin.py:188} INFO - Uploaded /tmp/minio_downloads/customers_234922162590.parquet -> @customers stage
[2026-02-22T12:26:19.374+0000] {logging_mixin.py:188} INFO - Uploaded /tmp/minio_downloads/customers_234922744865.parquet -> @customers stage
[2026-02-22T12:26:19.554+0000] {logging_mixin.py:188} INFO - Uploaded /tmp/minio_downloads/customers_234922834985.parquet -> @customers stage
[2026-02-22T12:26:19.720+0000] {logging_mixin.py:188} INFO - Uploaded /tmp/minio_downloads/customers_234922932607.parquet -> @customers stage
[2026-02-22T12:26:19.904+0000] {logging_mixin.py:188} INFO - Uploaded /tmp/minio_downloads/customers_234923025974.parquet -> @customers stage
[2026-02-22T12:26:20.074+0000] {logging_mixin.py:188} INFO - Uploaded /tmp/minio_downloads/customers_234923111005.parquet -> @customers stage
[2026-02-22T12:26:20.258+0000] {logging_mixin.py:188} INFO - Uploaded /tmp/minio_downloads/customers_234923205643.parquet -> @customers stage
[2026-02-22T12:26:20.615+0000] {logging_mixin.py:188} INFO - Data loaded into customers
[2026-02-22T12:26:20.834+0000] {logging_mixin.py:188} INFO - Uploaded /tmp/minio_downloads/accounts_234919229379.parquet -> @accounts stage
[2026-02-22T12:26:21.044+0000] {logging_mixin.py:188} INFO - Uploaded /tmp/minio_downloads/accounts_234919339290.parquet -> @accounts stage
[2026-02-22T12:26:21.243+0000] {logging_mixin.py:188} INFO - Uploaded /tmp/minio_downloads/accounts_234920053429.parquet -> @accounts stage
[2026-02-22T12:26:21.417+0000] {logging_mixin.py:188} INFO - Uploaded /tmp/minio_downloads/accounts_234920162262.parquet -> @accounts stage
[2026-02-22T12:26:21.585+0000] {logging_mixin.py:188} INFO - Uploaded /tmp/minio_downloads/accounts_234920297803.parquet -> @accounts stage
[2026-02-22T12:26:21.753+0000] {logging_mixin.py:188} INFO - Uploaded /tmp/minio_downloads/accounts_234920394646.parquet -> @accounts stage
[2026-02-22T12:26:21.962+0000] {logging_mixin.py:188} INFO - Uploaded /tmp/minio_downloads/accounts_234923335866.parquet -> @accounts stage
[2026-02-22T12:26:22.145+0000] {logging_mixin.py:188} INFO - Uploaded /tmp/minio_downloads/accounts_234923452458.parquet -> @accounts stage
[2026-02-22T12:26:22.353+0000] {logging_mixin.py:188} INFO - Uploaded /tmp/minio_downloads/accounts_234923816025.parquet -> @accounts stage
[2026-02-22T12:26:22.560+0000] {logging_mixin.py:188} INFO - Uploaded /tmp/minio_downloads/accounts_234923976275.parquet -> @accounts stage
[2026-02-22T12:26:22.737+0000] {logging_mixin.py:188} INFO - Uploaded /tmp/minio_downloads/accounts_234924694842.parquet -> @accounts stage
[2026-02-22T12:26:22.919+0000] {logging_mixin.py:188} INFO - Uploaded /tmp/minio_downloads/accounts_234924793702.parquet -> @accounts stage
[2026-02-22T12:26:23.074+0000] {logging_mixin.py:188} INFO - Uploaded /tmp/minio_downloads/accounts_234924894453.parquet -> @accounts stage
[2026-02-22T12:26:23.246+0000] {logging_mixin.py:188} INFO - Uploaded /tmp/minio_downloads/accounts_234926222060.parquet -> @accounts stage
[2026-02-22T12:26:23.438+0000] {logging_mixin.py:188} INFO - Uploaded /tmp/minio_downloads/accounts_234926321807.parquet -> @accounts stage
[2026-02-22T12:26:23.636+0000] {logging_mixin.py:188} INFO - Uploaded /tmp/minio_downloads/accounts_234926416924.parquet -> @accounts stage
[2026-02-22T12:26:23.834+0000] {logging_mixin.py:188} INFO - Uploaded /tmp/minio_downloads/accounts_234926499851.parquet -> @accounts stage
[2026-02-22T12:26:24.116+0000] {logging_mixin.py:188} INFO - Uploaded /tmp/minio_downloads/accounts_234926596272.parquet -> @accounts stage
[2026-02-22T12:26:24.310+0000] {logging_mixin.py:188} INFO - Uploaded /tmp/minio_downloads/accounts_234926697438.parquet -> @accounts stage
[2026-02-22T12:26:24.489+0000] {logging_mixin.py:188} INFO - Uploaded /tmp/minio_downloads/accounts_234926792866.parquet -> @accounts stage
[2026-02-22T12:26:24.640+0000] {logging_mixin.py:188} INFO - Uploaded /tmp/minio_downloads/accounts_234928114151.parquet -> @accounts stage
[2026-02-22T12:26:24.809+0000] {logging_mixin.py:188} INFO - Uploaded /tmp/minio_downloads/accounts_234928202943.parquet -> @accounts stage
[2026-02-22T12:26:24.972+0000] {logging_mixin.py:188} INFO - Uploaded /tmp/minio_downloads/accounts_234928287885.parquet -> @accounts stage
[2026-02-22T12:26:25.142+0000] {logging_mixin.py:188} INFO - Uploaded /tmp/minio_downloads/accounts_234928371185.parquet -> @accounts stage
[2026-02-22T12:26:25.346+0000] {logging_mixin.py:188} INFO - Uploaded /tmp/minio_downloads/accounts_234928457421.parquet -> @accounts stage
[2026-02-22T12:26:25.526+0000] {logging_mixin.py:188} INFO - Uploaded /tmp/minio_downloads/accounts_234928550187.parquet -> @accounts stage
[2026-02-22T12:26:25.682+0000] {logging_mixin.py:188} INFO - Uploaded /tmp/minio_downloads/accounts_234929152701.parquet -> @accounts stage
[2026-02-22T12:26:25.836+0000] {logging_mixin.py:188} INFO - Uploaded /tmp/minio_downloads/accounts_234929241696.parquet -> @accounts stage
[2026-02-22T12:26:26.030+0000] {logging_mixin.py:188} INFO - Uploaded /tmp/minio_downloads/accounts_234929332029.parquet -> @accounts stage
[2026-02-22T12:26:26.226+0000] {logging_mixin.py:188} INFO - Uploaded /tmp/minio_downloads/accounts_234929417192.parquet -> @accounts stage
[2026-02-22T12:26:26.410+0000] {logging_mixin.py:188} INFO - Uploaded /tmp/minio_downloads/accounts_234929507568.parquet -> @accounts stage
[2026-02-22T12:26:26.584+0000] {logging_mixin.py:188} INFO - Uploaded /tmp/minio_downloads/accounts_234929633147.parquet -> @accounts stage
[2026-02-22T12:26:26.768+0000] {logging_mixin.py:188} INFO - Uploaded /tmp/minio_downloads/accounts_234929729800.parquet -> @accounts stage
[2026-02-22T12:26:26.923+0000] {logging_mixin.py:188} INFO - Uploaded /tmp/minio_downloads/accounts_234931169046.parquet -> @accounts stage
[2026-02-22T12:26:27.084+0000] {logging_mixin.py:188} INFO - Uploaded /tmp/minio_downloads/accounts_234931258522.parquet -> @accounts stage
[2026-02-22T12:26:27.234+0000] {logging_mixin.py:188} INFO - Uploaded /tmp/minio_downloads/accounts_234931343394.parquet -> @accounts stage
[2026-02-22T12:26:27.386+0000] {logging_mixin.py:188} INFO - Uploaded /tmp/minio_downloads/accounts_234931436645.parquet -> @accounts stage
[2026-02-22T12:26:27.587+0000] {logging_mixin.py:188} INFO - Uploaded /tmp/minio_downloads/accounts_234931535175.parquet -> @accounts stage
[2026-02-22T12:26:27.753+0000] {logging_mixin.py:188} INFO - Uploaded /tmp/minio_downloads/accounts_234931630343.parquet -> @accounts stage
[2026-02-22T12:26:27.912+0000] {logging_mixin.py:188} INFO - Uploaded /tmp/minio_downloads/accounts_234931720633.parquet -> @accounts stage
[2026-02-22T12:26:28.284+0000] {logging_mixin.py:188} INFO - Data loaded into accounts
[2026-02-22T12:26:28.487+0000] {logging_mixin.py:188} INFO - Uploaded /tmp/minio_downloads/transactions_234920527637.parquet -> @transactions stage
[2026-02-22T12:26:28.786+0000] {logging_mixin.py:188} INFO - Uploaded /tmp/minio_downloads/transactions_234920620288.parquet -> @transactions stage
[2026-02-22T12:26:28.960+0000] {logging_mixin.py:188} INFO - Uploaded /tmp/minio_downloads/transactions_234920743953.parquet -> @transactions stage
[2026-02-22T12:26:29.150+0000] {logging_mixin.py:188} INFO - Uploaded /tmp/minio_downloads/transactions_234920848936.parquet -> @transactions stage
[2026-02-22T12:26:29.310+0000] {logging_mixin.py:188} INFO - Uploaded /tmp/minio_downloads/transactions_234920995769.parquet -> @transactions stage
[2026-02-22T12:26:29.489+0000] {logging_mixin.py:188} INFO - Uploaded /tmp/minio_downloads/transactions_234921095960.parquet -> @transactions stage
[2026-02-22T12:26:29.684+0000] {logging_mixin.py:188} INFO - Uploaded /tmp/minio_downloads/transactions_234925010888.parquet -> @transactions stage
[2026-02-22T12:26:29.860+0000] {logging_mixin.py:188} INFO - Uploaded /tmp/minio_downloads/transactions_234925110210.parquet -> @transactions stage
[2026-02-22T12:26:30.088+0000] {logging_mixin.py:188} INFO - Uploaded /tmp/minio_downloads/transactions_234925202968.parquet -> @transactions stage
[2026-02-22T12:26:30.376+0000] {logging_mixin.py:188} INFO - Uploaded /tmp/minio_downloads/transactions_234925307206.parquet -> @transactions stage
[2026-02-22T12:26:30.536+0000] {logging_mixin.py:188} INFO - Uploaded /tmp/minio_downloads/transactions_234925401792.parquet -> @transactions stage
[2026-02-22T12:26:30.696+0000] {logging_mixin.py:188} INFO - Uploaded /tmp/minio_downloads/transactions_234925495946.parquet -> @transactions stage
[2026-02-22T12:26:30.887+0000] {logging_mixin.py:188} INFO - Uploaded /tmp/minio_downloads/transactions_234926886678.parquet -> @transactions stage
[2026-02-22T12:26:31.071+0000] {logging_mixin.py:188} INFO - Uploaded /tmp/minio_downloads/transactions_234926984193.parquet -> @transactions stage
[2026-02-22T12:26:31.261+0000] {logging_mixin.py:188} INFO - Uploaded /tmp/minio_downloads/transactions_234927074926.parquet -> @transactions stage
[2026-02-22T12:26:31.462+0000] {logging_mixin.py:188} INFO - Uploaded /tmp/minio_downloads/transactions_234927434757.parquet -> @transactions stage
[2026-02-22T12:26:31.676+0000] {logging_mixin.py:188} INFO - Uploaded /tmp/minio_downloads/transactions_234927538594.parquet -> @transactions stage
[2026-02-22T12:26:31.853+0000] {logging_mixin.py:188} INFO - Uploaded /tmp/minio_downloads/transactions_234927639183.parquet -> @transactions stage
[2026-02-22T12:26:32.048+0000] {logging_mixin.py:188} INFO - Uploaded /tmp/minio_downloads/transactions_234929827495.parquet -> @transactions stage
[2026-02-22T12:26:32.234+0000] {logging_mixin.py:188} INFO - Uploaded /tmp/minio_downloads/transactions_234929936899.parquet -> @transactions stage
[2026-02-22T12:26:32.413+0000] {logging_mixin.py:188} INFO - Uploaded /tmp/minio_downloads/transactions_234930133392.parquet -> @transactions stage
[2026-02-22T12:26:32.582+0000] {logging_mixin.py:188} INFO - Uploaded /tmp/minio_downloads/transactions_234930278006.parquet -> @transactions stage
[2026-02-22T12:26:32.760+0000] {logging_mixin.py:188} INFO - Uploaded /tmp/minio_downloads/transactions_234930573943.parquet -> @transactions stage
[2026-02-22T12:26:32.964+0000] {logging_mixin.py:188} INFO - Uploaded /tmp/minio_downloads/transactions_234930673583.parquet -> @transactions stage
[2026-02-22T12:26:33.142+0000] {logging_mixin.py:188} INFO - Uploaded /tmp/minio_downloads/transactions_234930765189.parquet -> @transactions stage
[2026-02-22T12:26:33.342+0000] {logging_mixin.py:188} INFO - Uploaded /tmp/minio_downloads/transactions_234932114660.parquet -> @transactions stage
[2026-02-22T12:26:33.524+0000] {logging_mixin.py:188} INFO - Uploaded /tmp/minio_downloads/transactions_234932192755.parquet -> @transactions stage
[2026-02-22T12:26:33.693+0000] {logging_mixin.py:188} INFO - Uploaded /tmp/minio_downloads/transactions_234932278168.parquet -> @transactions stage
[2026-02-22T12:26:33.851+0000] {logging_mixin.py:188} INFO - Uploaded /tmp/minio_downloads/transactions_234932358103.parquet -> @transactions stage
[2026-02-22T12:26:34.014+0000] {logging_mixin.py:188} INFO - Uploaded /tmp/minio_downloads/transactions_234932442441.parquet -> @transactions stage
[2026-02-22T12:26:34.188+0000] {logging_mixin.py:188} INFO - Uploaded /tmp/minio_downloads/transactions_234932522727.parquet -> @transactions stage
[2026-02-22T12:26:34.363+0000] {logging_mixin.py:188} INFO - Uploaded /tmp/minio_downloads/transactions_234932921552.parquet -> @transactions stage
[2026-02-22T12:26:34.514+0000] {logging_mixin.py:188} INFO - Uploaded /tmp/minio_downloads/transactions_234933016230.parquet -> @transactions stage
[2026-02-22T12:26:34.707+0000] {logging_mixin.py:188} INFO - Uploaded /tmp/minio_downloads/transactions_234933111052.parquet -> @transactions stage
[2026-02-22T12:26:34.938+0000] {logging_mixin.py:188} INFO - Uploaded /tmp/minio_downloads/transactions_234933198316.parquet -> @transactions stage
[2026-02-22T12:26:35.136+0000] {logging_mixin.py:188} INFO - Uploaded /tmp/minio_downloads/transactions_234933278851.parquet -> @transactions stage
[2026-02-22T12:26:35.359+0000] {logging_mixin.py:188} INFO - Uploaded /tmp/minio_downloads/transactions_234933369230.parquet -> @transactions stage
[2026-02-22T12:26:35.538+0000] {logging_mixin.py:188} INFO - Uploaded /tmp/minio_downloads/transactions_234933925204.parquet -> @transactions stage
[2026-02-22T12:26:35.726+0000] {logging_mixin.py:188} INFO - Uploaded /tmp/minio_downloads/transactions_234934009718.parquet -> @transactions stage
[2026-02-22T12:26:35.924+0000] {logging_mixin.py:188} INFO - Uploaded /tmp/minio_downloads/transactions_234934102903.parquet -> @transactions stage
[2026-02-22T12:26:36.320+0000] {logging_mixin.py:188} INFO - Uploaded /tmp/minio_downloads/transactions_234934196027.parquet -> @transactions stage
[2026-02-22T12:26:36.494+0000] {logging_mixin.py:188} INFO - Uploaded /tmp/minio_downloads/transactions_234934307523.parquet -> @transactions stage
[2026-02-22T12:26:36.666+0000] {logging_mixin.py:188} INFO - Uploaded /tmp/minio_downloads/transactions_234934396633.parquet -> @transactions stage
[2026-02-22T12:26:36.844+0000] {logging_mixin.py:188} INFO - Uploaded /tmp/minio_downloads/transactions_234934488117.parquet -> @transactions stage
[2026-02-22T12:26:37.050+0000] {logging_mixin.py:188} INFO - Uploaded /tmp/minio_downloads/transactions_234934894146.parquet -> @transactions stage
[2026-02-22T12:26:37.218+0000] {logging_mixin.py:188} INFO - Uploaded /tmp/minio_downloads/transactions_234934986743.parquet -> @transactions stage
[2026-02-22T12:26:37.419+0000] {logging_mixin.py:188} INFO - Uploaded /tmp/minio_downloads/transactions_234935069074.parquet -> @transactions stage
[2026-02-22T12:26:37.596+0000] {logging_mixin.py:188} INFO - Uploaded /tmp/minio_downloads/transactions_234935175949.parquet -> @transactions stage
[2026-02-22T12:26:37.779+0000] {logging_mixin.py:188} INFO - Uploaded /tmp/minio_downloads/transactions_234935272437.parquet -> @transactions stage
[2026-02-22T12:26:37.983+0000] {logging_mixin.py:188} INFO - Uploaded /tmp/minio_downloads/transactions_234935370154.parquet -> @transactions stage
[2026-02-22T12:26:38.177+0000] {logging_mixin.py:188} INFO - Uploaded /tmp/minio_downloads/transactions_234935847189.parquet -> @transactions stage
[2026-02-22T12:26:38.349+0000] {logging_mixin.py:188} INFO - Uploaded /tmp/minio_downloads/transactions_234935955264.parquet -> @transactions stage
[2026-02-22T12:26:38.545+0000] {logging_mixin.py:188} INFO - Uploaded /tmp/minio_downloads/transactions_234936056628.parquet -> @transactions stage
[2026-02-22T12:26:38.725+0000] {logging_mixin.py:188} INFO - Uploaded /tmp/minio_downloads/transactions_234936151468.parquet -> @transactions stage
[2026-02-22T12:26:38.909+0000] {logging_mixin.py:188} INFO - Uploaded /tmp/minio_downloads/transactions_234936251977.parquet -> @transactions stage
[2026-02-22T12:26:39.059+0000] {logging_mixin.py:188} INFO - Uploaded /tmp/minio_downloads/transactions_234936345504.parquet -> @transactions stage
[2026-02-22T12:26:39.236+0000] {logging_mixin.py:188} INFO - Uploaded /tmp/minio_downloads/transactions_234936830532.parquet -> @transactions stage
[2026-02-22T12:26:39.403+0000] {logging_mixin.py:188} INFO - Uploaded /tmp/minio_downloads/transactions_234936940213.parquet -> @transactions stage
[2026-02-22T12:26:39.601+0000] {logging_mixin.py:188} INFO - Uploaded /tmp/minio_downloads/transactions_234937044510.parquet -> @transactions stage
[2026-02-22T12:26:39.802+0000] {logging_mixin.py:188} INFO - Uploaded /tmp/minio_downloads/transactions_234937144436.parquet -> @transactions stage
[2026-02-22T12:26:39.998+0000] {logging_mixin.py:188} INFO - Uploaded /tmp/minio_downloads/transactions_234937237946.parquet -> @transactions stage
[2026-02-22T12:26:40.160+0000] {logging_mixin.py:188} INFO - Uploaded /tmp/minio_downloads/transactions_234937327317.parquet -> @transactions stage
[2026-02-22T12:26:40.339+0000] {logging_mixin.py:188} INFO - Uploaded /tmp/minio_downloads/transactions_234937424237.parquet -> @transactions stage
[2026-02-22T12:26:40.581+0000] {logging_mixin.py:188} INFO - Uploaded /tmp/minio_downloads/transactions_234938006589.parquet -> @transactions stage
[2026-02-22T12:26:40.791+0000] {logging_mixin.py:188} INFO - Uploaded /tmp/minio_downloads/transactions_234938102664.parquet -> @transactions stage
[2026-02-22T12:26:40.985+0000] {logging_mixin.py:188} INFO - Uploaded /tmp/minio_downloads/transactions_234938199199.parquet -> @transactions stage
[2026-02-22T12:26:41.193+0000] {logging_mixin.py:188} INFO - Uploaded /tmp/minio_downloads/transactions_234938297827.parquet -> @transactions stage
[2026-02-22T12:26:41.359+0000] {logging_mixin.py:188} INFO - Uploaded /tmp/minio_downloads/transactions_234938389864.parquet -> @transactions stage
[2026-02-22T12:26:41.587+0000] {logging_mixin.py:188} INFO - Uploaded /tmp/minio_downloads/transactions_234938497275.parquet -> @transactions stage
[2026-02-22T12:26:41.802+0000] {logging_mixin.py:188} INFO - Uploaded /tmp/minio_downloads/transactions_234938991890.parquet -> @transactions stage
[2026-02-22T12:26:42.029+0000] {logging_mixin.py:188} INFO - Uploaded /tmp/minio_downloads/transactions_234939081021.parquet -> @transactions stage
[2026-02-22T12:26:42.189+0000] {logging_mixin.py:188} INFO - Uploaded /tmp/minio_downloads/transactions_234939176644.parquet -> @transactions stage
[2026-02-22T12:26:42.354+0000] {logging_mixin.py:188} INFO - Uploaded /tmp/minio_downloads/transactions_234939278372.parquet -> @transactions stage
[2026-02-22T12:26:42.548+0000] {logging_mixin.py:188} INFO - Uploaded /tmp/minio_downloads/transactions_234939374490.parquet -> @transactions stage
[2026-02-22T12:26:42.804+0000] {logging_mixin.py:188} INFO - Uploaded /tmp/minio_downloads/transactions_234939468089.parquet -> @transactions stage
[2026-02-22T12:26:42.960+0000] {logging_mixin.py:188} INFO - Uploaded /tmp/minio_downloads/transactions_234939997340.parquet -> @transactions stage
[2026-02-22T12:26:43.126+0000] {logging_mixin.py:188} INFO - Uploaded /tmp/minio_downloads/transactions_234940104868.parquet -> @transactions stage
[2026-02-22T12:26:43.402+0000] {logging_mixin.py:188} INFO - Uploaded /tmp/minio_downloads/transactions_234940244694.parquet -> @transactions stage
[2026-02-22T12:26:43.601+0000] {logging_mixin.py:188} INFO - Uploaded /tmp/minio_downloads/transactions_234940358602.parquet -> @transactions stage
[2026-02-22T12:26:43.842+0000] {logging_mixin.py:188} INFO - Uploaded /tmp/minio_downloads/transactions_234940452543.parquet -> @transactions stage
[2026-02-22T12:26:44.005+0000] {logging_mixin.py:188} INFO - Uploaded /tmp/minio_downloads/transactions_234940557059.parquet -> @transactions stage
[2026-02-22T12:26:44.217+0000] {logging_mixin.py:188} INFO - Uploaded /tmp/minio_downloads/transactions_234940659936.parquet -> @transactions stage
[2026-02-22T12:26:44.379+0000] {logging_mixin.py:188} INFO - Uploaded /tmp/minio_downloads/transactions_234941163970.parquet -> @transactions stage
[2026-02-22T12:26:44.641+0000] {logging_mixin.py:188} INFO - Uploaded /tmp/minio_downloads/transactions_234941259224.parquet -> @transactions stage
[2026-02-22T12:26:44.818+0000] {logging_mixin.py:188} INFO - Uploaded /tmp/minio_downloads/transactions_234941365406.parquet -> @transactions stage
[2026-02-22T12:26:45.051+0000] {logging_mixin.py:188} INFO - Uploaded /tmp/minio_downloads/transactions_234941467795.parquet -> @transactions stage
[2026-02-22T12:26:45.257+0000] {logging_mixin.py:188} INFO - Uploaded /tmp/minio_downloads/transactions_234941573322.parquet -> @transactions stage
[2026-02-22T12:26:45.498+0000] {logging_mixin.py:188} INFO - Uploaded /tmp/minio_downloads/transactions_234941662407.parquet -> @transactions stage
[2026-02-22T12:26:45.756+0000] {logging_mixin.py:188} INFO - Uploaded /tmp/minio_downloads/transactions_234942160253.parquet -> @transactions stage
[2026-02-22T12:26:46.041+0000] {logging_mixin.py:188} INFO - Uploaded /tmp/minio_downloads/transactions_234942253356.parquet -> @transactions stage
[2026-02-22T12:26:46.203+0000] {logging_mixin.py:188} INFO - Uploaded /tmp/minio_downloads/transactions_234942350222.parquet -> @transactions stage
[2026-02-22T12:26:46.485+0000] {logging_mixin.py:188} INFO - Uploaded /tmp/minio_downloads/transactions_234942449378.parquet -> @transactions stage
[2026-02-22T12:26:46.731+0000] {logging_mixin.py:188} INFO - Uploaded /tmp/minio_downloads/transactions_234942596005.parquet -> @transactions stage
[2026-02-22T12:26:46.961+0000] {logging_mixin.py:188} INFO - Uploaded /tmp/minio_downloads/transactions_234942682137.parquet -> @transactions stage
[2026-02-22T12:26:47.141+0000] {logging_mixin.py:188} INFO - Uploaded /tmp/minio_downloads/transactions_234943096893.parquet -> @transactions stage
[2026-02-22T12:26:47.314+0000] {logging_mixin.py:188} INFO - Uploaded /tmp/minio_downloads/transactions_234943561718.parquet -> @transactions stage
[2026-02-22T12:26:47.516+0000] {logging_mixin.py:188} INFO - Uploaded /tmp/minio_downloads/transactions_234943780106.parquet -> @transactions stage
[2026-02-22T12:26:47.837+0000] {logging_mixin.py:188} INFO - Uploaded /tmp/minio_downloads/transactions_234943901825.parquet -> @transactions stage
[2026-02-22T12:26:48.002+0000] {logging_mixin.py:188} INFO - Uploaded /tmp/minio_downloads/transactions_234944014291.parquet -> @transactions stage
[2026-02-22T12:26:48.194+0000] {logging_mixin.py:188} INFO - Uploaded /tmp/minio_downloads/transactions_234944140004.parquet -> @transactions stage
[2026-02-22T12:26:48.548+0000] {logging_mixin.py:188} INFO - Data loaded into transactions
[2026-02-22T12:26:48.689+0000] {python.py:237} INFO - Done. Returned value was: None
[2026-02-22T12:26:48.691+0000] {taskinstance.py:441} INFO - ::group::Post task execution logs
[2026-02-22T12:26:48.709+0000] {taskinstance.py:1206} INFO - Marking task as SUCCESS. dag_id=minio_to_snowflake_banking, task_id=load_snowflake, run_id=scheduled__2026-02-22T12:25:00+00:00, execution_date=20260222T122500, start_date=20260222T122614, end_date=20260222T122648
[2026-02-22T12:26:48.749+0000] {local_task_job_runner.py:243} INFO - Task exited with return code 0
[2026-02-22T12:26:48.769+0000] {taskinstance.py:3503} INFO - 0 downstream tasks scheduled from follow-on schedule check
[2026-02-22T12:26:48.774+0000] {local_task_job_runner.py:222} INFO - ::endgroup::
