[2026-02-22T19:56:03.785+0000] {local_task_job_runner.py:120} INFO - ::group::Pre task execution logs
[2026-02-22T19:56:03.816+0000] {taskinstance.py:2076} INFO - Dependencies all met for dep_context=non-requeueable deps ti=<TaskInstance: minio_to_snowflake_banking.download_minio scheduled__2026-02-22T19:55:00+00:00 [queued]>
[2026-02-22T19:56:03.823+0000] {taskinstance.py:2076} INFO - Dependencies all met for dep_context=requeueable deps ti=<TaskInstance: minio_to_snowflake_banking.download_minio scheduled__2026-02-22T19:55:00+00:00 [queued]>
[2026-02-22T19:56:03.826+0000] {taskinstance.py:2306} INFO - Starting attempt 1 of 2
[2026-02-22T19:56:03.841+0000] {taskinstance.py:2330} INFO - Executing <Task(PythonOperator): download_minio> on 2026-02-22 19:55:00+00:00
[2026-02-22T19:56:03.850+0000] {standard_task_runner.py:90} INFO - Running: ['***', 'tasks', 'run', 'minio_to_snowflake_banking', 'download_minio', 'scheduled__2026-02-22T19:55:00+00:00', '--job-id', '1332', '--raw', '--subdir', 'DAGS_FOLDER/minio_to_snowflake_dag.py', '--cfg-path', '/tmp/tmpa8bzbgke']
[2026-02-22T19:56:03.854+0000] {standard_task_runner.py:91} INFO - Job 1332: Subtask download_minio
[2026-02-22T19:56:03.854+0000] {logging_mixin.py:188} WARNING - /home/***/.local/lib/python3.12/site-packages/***/task/task_runner/standard_task_runner.py:62 DeprecationWarning: This process (pid=40457) is multi-threaded, use of fork() may lead to deadlocks in the child.
[2026-02-22T19:56:03.855+0000] {standard_task_runner.py:64} INFO - Started process 40469 to run task
[2026-02-22T19:56:04.065+0000] {task_command.py:426} INFO - Running <TaskInstance: minio_to_snowflake_banking.download_minio scheduled__2026-02-22T19:55:00+00:00 [running]> on host f2d9c9e2564d
[2026-02-22T19:56:04.190+0000] {taskinstance.py:2648} INFO - Exporting env vars: AIRFLOW_CTX_DAG_OWNER='***' AIRFLOW_CTX_DAG_ID='minio_to_snowflake_banking' AIRFLOW_CTX_TASK_ID='download_minio' AIRFLOW_CTX_EXECUTION_DATE='2026-02-22T19:55:00+00:00' AIRFLOW_CTX_TRY_NUMBER='1' AIRFLOW_CTX_DAG_RUN_ID='scheduled__2026-02-22T19:55:00+00:00'
[2026-02-22T19:56:04.192+0000] {taskinstance.py:430} INFO - ::endgroup::
[2026-02-22T19:56:04.626+0000] {logging_mixin.py:188} INFO - Downloaded customers/date=2026-02-20/customers_234918105812.parquet -> /tmp/minio_downloads/customers_234918105812.parquet
[2026-02-22T19:56:04.647+0000] {logging_mixin.py:188} INFO - Downloaded customers/date=2026-02-20/customers_234918437151.parquet -> /tmp/minio_downloads/customers_234918437151.parquet
[2026-02-22T19:56:04.666+0000] {logging_mixin.py:188} INFO - Downloaded customers/date=2026-02-20/customers_234918561960.parquet -> /tmp/minio_downloads/customers_234918561960.parquet
[2026-02-22T19:56:04.688+0000] {logging_mixin.py:188} INFO - Downloaded customers/date=2026-02-20/customers_234918669711.parquet -> /tmp/minio_downloads/customers_234918669711.parquet
[2026-02-22T19:56:04.705+0000] {logging_mixin.py:188} INFO - Downloaded customers/date=2026-02-20/customers_234918803581.parquet -> /tmp/minio_downloads/customers_234918803581.parquet
[2026-02-22T19:56:04.721+0000] {logging_mixin.py:188} INFO - Downloaded customers/date=2026-02-20/customers_234918923394.parquet -> /tmp/minio_downloads/customers_234918923394.parquet
[2026-02-22T19:56:04.739+0000] {logging_mixin.py:188} INFO - Downloaded customers/date=2026-02-20/customers_234919120182.parquet -> /tmp/minio_downloads/customers_234919120182.parquet
[2026-02-22T19:56:04.757+0000] {logging_mixin.py:188} INFO - Downloaded customers/date=2026-02-20/customers_234921665207.parquet -> /tmp/minio_downloads/customers_234921665207.parquet
[2026-02-22T19:56:04.775+0000] {logging_mixin.py:188} INFO - Downloaded customers/date=2026-02-20/customers_234921758110.parquet -> /tmp/minio_downloads/customers_234921758110.parquet
[2026-02-22T19:56:04.795+0000] {logging_mixin.py:188} INFO - Downloaded customers/date=2026-02-20/customers_234921847149.parquet -> /tmp/minio_downloads/customers_234921847149.parquet
[2026-02-22T19:56:04.813+0000] {logging_mixin.py:188} INFO - Downloaded customers/date=2026-02-20/customers_234921926178.parquet -> /tmp/minio_downloads/customers_234921926178.parquet
[2026-02-22T19:56:04.831+0000] {logging_mixin.py:188} INFO - Downloaded customers/date=2026-02-20/customers_234922007518.parquet -> /tmp/minio_downloads/customers_234922007518.parquet
[2026-02-22T19:56:04.848+0000] {logging_mixin.py:188} INFO - Downloaded customers/date=2026-02-20/customers_234922078160.parquet -> /tmp/minio_downloads/customers_234922078160.parquet
[2026-02-22T19:56:04.866+0000] {logging_mixin.py:188} INFO - Downloaded customers/date=2026-02-20/customers_234922162590.parquet -> /tmp/minio_downloads/customers_234922162590.parquet
[2026-02-22T19:56:04.886+0000] {logging_mixin.py:188} INFO - Downloaded customers/date=2026-02-20/customers_234922744865.parquet -> /tmp/minio_downloads/customers_234922744865.parquet
[2026-02-22T19:56:04.905+0000] {logging_mixin.py:188} INFO - Downloaded customers/date=2026-02-20/customers_234922834985.parquet -> /tmp/minio_downloads/customers_234922834985.parquet
[2026-02-22T19:56:04.923+0000] {logging_mixin.py:188} INFO - Downloaded customers/date=2026-02-20/customers_234922932607.parquet -> /tmp/minio_downloads/customers_234922932607.parquet
[2026-02-22T19:56:04.940+0000] {logging_mixin.py:188} INFO - Downloaded customers/date=2026-02-20/customers_234923025974.parquet -> /tmp/minio_downloads/customers_234923025974.parquet
[2026-02-22T19:56:04.959+0000] {logging_mixin.py:188} INFO - Downloaded customers/date=2026-02-20/customers_234923111005.parquet -> /tmp/minio_downloads/customers_234923111005.parquet
[2026-02-22T19:56:04.976+0000] {logging_mixin.py:188} INFO - Downloaded customers/date=2026-02-20/customers_234923205643.parquet -> /tmp/minio_downloads/customers_234923205643.parquet
[2026-02-22T19:56:05.147+0000] {logging_mixin.py:188} INFO - Downloaded accounts/date=2026-02-20/accounts_234919229379.parquet -> /tmp/minio_downloads/accounts_234919229379.parquet
[2026-02-22T19:56:05.166+0000] {logging_mixin.py:188} INFO - Downloaded accounts/date=2026-02-20/accounts_234919339290.parquet -> /tmp/minio_downloads/accounts_234919339290.parquet
[2026-02-22T19:56:05.186+0000] {logging_mixin.py:188} INFO - Downloaded accounts/date=2026-02-20/accounts_234920053429.parquet -> /tmp/minio_downloads/accounts_234920053429.parquet
[2026-02-22T19:56:05.204+0000] {logging_mixin.py:188} INFO - Downloaded accounts/date=2026-02-20/accounts_234920162262.parquet -> /tmp/minio_downloads/accounts_234920162262.parquet
[2026-02-22T19:56:05.222+0000] {logging_mixin.py:188} INFO - Downloaded accounts/date=2026-02-20/accounts_234920297803.parquet -> /tmp/minio_downloads/accounts_234920297803.parquet
[2026-02-22T19:56:05.239+0000] {logging_mixin.py:188} INFO - Downloaded accounts/date=2026-02-20/accounts_234920394646.parquet -> /tmp/minio_downloads/accounts_234920394646.parquet
[2026-02-22T19:56:05.254+0000] {logging_mixin.py:188} INFO - Downloaded accounts/date=2026-02-20/accounts_234923335866.parquet -> /tmp/minio_downloads/accounts_234923335866.parquet
[2026-02-22T19:56:05.275+0000] {logging_mixin.py:188} INFO - Downloaded accounts/date=2026-02-20/accounts_234923452458.parquet -> /tmp/minio_downloads/accounts_234923452458.parquet
[2026-02-22T19:56:05.295+0000] {logging_mixin.py:188} INFO - Downloaded accounts/date=2026-02-20/accounts_234923816025.parquet -> /tmp/minio_downloads/accounts_234923816025.parquet
[2026-02-22T19:56:05.312+0000] {logging_mixin.py:188} INFO - Downloaded accounts/date=2026-02-20/accounts_234923976275.parquet -> /tmp/minio_downloads/accounts_234923976275.parquet
[2026-02-22T19:56:05.328+0000] {logging_mixin.py:188} INFO - Downloaded accounts/date=2026-02-20/accounts_234924694842.parquet -> /tmp/minio_downloads/accounts_234924694842.parquet
[2026-02-22T19:56:05.348+0000] {logging_mixin.py:188} INFO - Downloaded accounts/date=2026-02-20/accounts_234924793702.parquet -> /tmp/minio_downloads/accounts_234924793702.parquet
[2026-02-22T19:56:05.366+0000] {logging_mixin.py:188} INFO - Downloaded accounts/date=2026-02-20/accounts_234924894453.parquet -> /tmp/minio_downloads/accounts_234924894453.parquet
[2026-02-22T19:56:05.386+0000] {logging_mixin.py:188} INFO - Downloaded accounts/date=2026-02-20/accounts_234926222060.parquet -> /tmp/minio_downloads/accounts_234926222060.parquet
[2026-02-22T19:56:05.406+0000] {logging_mixin.py:188} INFO - Downloaded accounts/date=2026-02-20/accounts_234926321807.parquet -> /tmp/minio_downloads/accounts_234926321807.parquet
[2026-02-22T19:56:05.425+0000] {logging_mixin.py:188} INFO - Downloaded accounts/date=2026-02-20/accounts_234926416924.parquet -> /tmp/minio_downloads/accounts_234926416924.parquet
[2026-02-22T19:56:05.441+0000] {logging_mixin.py:188} INFO - Downloaded accounts/date=2026-02-20/accounts_234926499851.parquet -> /tmp/minio_downloads/accounts_234926499851.parquet
[2026-02-22T19:56:05.457+0000] {logging_mixin.py:188} INFO - Downloaded accounts/date=2026-02-20/accounts_234926596272.parquet -> /tmp/minio_downloads/accounts_234926596272.parquet
[2026-02-22T19:56:05.474+0000] {logging_mixin.py:188} INFO - Downloaded accounts/date=2026-02-20/accounts_234926697438.parquet -> /tmp/minio_downloads/accounts_234926697438.parquet
[2026-02-22T19:56:05.491+0000] {logging_mixin.py:188} INFO - Downloaded accounts/date=2026-02-20/accounts_234926792866.parquet -> /tmp/minio_downloads/accounts_234926792866.parquet
[2026-02-22T19:56:05.509+0000] {logging_mixin.py:188} INFO - Downloaded accounts/date=2026-02-20/accounts_234928114151.parquet -> /tmp/minio_downloads/accounts_234928114151.parquet
[2026-02-22T19:56:05.529+0000] {logging_mixin.py:188} INFO - Downloaded accounts/date=2026-02-20/accounts_234928202943.parquet -> /tmp/minio_downloads/accounts_234928202943.parquet
[2026-02-22T19:56:05.547+0000] {logging_mixin.py:188} INFO - Downloaded accounts/date=2026-02-20/accounts_234928287885.parquet -> /tmp/minio_downloads/accounts_234928287885.parquet
[2026-02-22T19:56:05.564+0000] {logging_mixin.py:188} INFO - Downloaded accounts/date=2026-02-20/accounts_234928371185.parquet -> /tmp/minio_downloads/accounts_234928371185.parquet
[2026-02-22T19:56:05.584+0000] {logging_mixin.py:188} INFO - Downloaded accounts/date=2026-02-20/accounts_234928457421.parquet -> /tmp/minio_downloads/accounts_234928457421.parquet
[2026-02-22T19:56:05.604+0000] {logging_mixin.py:188} INFO - Downloaded accounts/date=2026-02-20/accounts_234928550187.parquet -> /tmp/minio_downloads/accounts_234928550187.parquet
[2026-02-22T19:56:05.622+0000] {logging_mixin.py:188} INFO - Downloaded accounts/date=2026-02-20/accounts_234929152701.parquet -> /tmp/minio_downloads/accounts_234929152701.parquet
[2026-02-22T19:56:05.641+0000] {logging_mixin.py:188} INFO - Downloaded accounts/date=2026-02-20/accounts_234929241696.parquet -> /tmp/minio_downloads/accounts_234929241696.parquet
[2026-02-22T19:56:05.661+0000] {logging_mixin.py:188} INFO - Downloaded accounts/date=2026-02-20/accounts_234929332029.parquet -> /tmp/minio_downloads/accounts_234929332029.parquet
[2026-02-22T19:56:05.678+0000] {logging_mixin.py:188} INFO - Downloaded accounts/date=2026-02-20/accounts_234929417192.parquet -> /tmp/minio_downloads/accounts_234929417192.parquet
[2026-02-22T19:56:05.695+0000] {logging_mixin.py:188} INFO - Downloaded accounts/date=2026-02-20/accounts_234929507568.parquet -> /tmp/minio_downloads/accounts_234929507568.parquet
[2026-02-22T19:56:05.715+0000] {logging_mixin.py:188} INFO - Downloaded accounts/date=2026-02-20/accounts_234929633147.parquet -> /tmp/minio_downloads/accounts_234929633147.parquet
[2026-02-22T19:56:05.730+0000] {logging_mixin.py:188} INFO - Downloaded accounts/date=2026-02-20/accounts_234929729800.parquet -> /tmp/minio_downloads/accounts_234929729800.parquet
[2026-02-22T19:56:05.747+0000] {logging_mixin.py:188} INFO - Downloaded accounts/date=2026-02-20/accounts_234931169046.parquet -> /tmp/minio_downloads/accounts_234931169046.parquet
[2026-02-22T19:56:05.766+0000] {logging_mixin.py:188} INFO - Downloaded accounts/date=2026-02-20/accounts_234931258522.parquet -> /tmp/minio_downloads/accounts_234931258522.parquet
[2026-02-22T19:56:05.783+0000] {logging_mixin.py:188} INFO - Downloaded accounts/date=2026-02-20/accounts_234931343394.parquet -> /tmp/minio_downloads/accounts_234931343394.parquet
[2026-02-22T19:56:05.802+0000] {logging_mixin.py:188} INFO - Downloaded accounts/date=2026-02-20/accounts_234931436645.parquet -> /tmp/minio_downloads/accounts_234931436645.parquet
[2026-02-22T19:56:05.818+0000] {logging_mixin.py:188} INFO - Downloaded accounts/date=2026-02-20/accounts_234931535175.parquet -> /tmp/minio_downloads/accounts_234931535175.parquet
[2026-02-22T19:56:05.834+0000] {logging_mixin.py:188} INFO - Downloaded accounts/date=2026-02-20/accounts_234931630343.parquet -> /tmp/minio_downloads/accounts_234931630343.parquet
[2026-02-22T19:56:05.856+0000] {logging_mixin.py:188} INFO - Downloaded accounts/date=2026-02-20/accounts_234931720633.parquet -> /tmp/minio_downloads/accounts_234931720633.parquet
[2026-02-22T19:56:06.233+0000] {logging_mixin.py:188} INFO - Downloaded transactions/date=2026-02-20/transactions_234920527637.parquet -> /tmp/minio_downloads/transactions_234920527637.parquet
[2026-02-22T19:56:06.254+0000] {logging_mixin.py:188} INFO - Downloaded transactions/date=2026-02-20/transactions_234920620288.parquet -> /tmp/minio_downloads/transactions_234920620288.parquet
[2026-02-22T19:56:06.271+0000] {logging_mixin.py:188} INFO - Downloaded transactions/date=2026-02-20/transactions_234920743953.parquet -> /tmp/minio_downloads/transactions_234920743953.parquet
[2026-02-22T19:56:06.288+0000] {logging_mixin.py:188} INFO - Downloaded transactions/date=2026-02-20/transactions_234920848936.parquet -> /tmp/minio_downloads/transactions_234920848936.parquet
[2026-02-22T19:56:06.304+0000] {logging_mixin.py:188} INFO - Downloaded transactions/date=2026-02-20/transactions_234920995769.parquet -> /tmp/minio_downloads/transactions_234920995769.parquet
[2026-02-22T19:56:06.321+0000] {logging_mixin.py:188} INFO - Downloaded transactions/date=2026-02-20/transactions_234921095960.parquet -> /tmp/minio_downloads/transactions_234921095960.parquet
[2026-02-22T19:56:06.338+0000] {logging_mixin.py:188} INFO - Downloaded transactions/date=2026-02-20/transactions_234925010888.parquet -> /tmp/minio_downloads/transactions_234925010888.parquet
[2026-02-22T19:56:06.354+0000] {logging_mixin.py:188} INFO - Downloaded transactions/date=2026-02-20/transactions_234925110210.parquet -> /tmp/minio_downloads/transactions_234925110210.parquet
[2026-02-22T19:56:06.371+0000] {logging_mixin.py:188} INFO - Downloaded transactions/date=2026-02-20/transactions_234925202968.parquet -> /tmp/minio_downloads/transactions_234925202968.parquet
[2026-02-22T19:56:06.387+0000] {logging_mixin.py:188} INFO - Downloaded transactions/date=2026-02-20/transactions_234925307206.parquet -> /tmp/minio_downloads/transactions_234925307206.parquet
[2026-02-22T19:56:06.405+0000] {logging_mixin.py:188} INFO - Downloaded transactions/date=2026-02-20/transactions_234925401792.parquet -> /tmp/minio_downloads/transactions_234925401792.parquet
[2026-02-22T19:56:06.423+0000] {logging_mixin.py:188} INFO - Downloaded transactions/date=2026-02-20/transactions_234925495946.parquet -> /tmp/minio_downloads/transactions_234925495946.parquet
[2026-02-22T19:56:06.443+0000] {logging_mixin.py:188} INFO - Downloaded transactions/date=2026-02-20/transactions_234926886678.parquet -> /tmp/minio_downloads/transactions_234926886678.parquet
[2026-02-22T19:56:06.463+0000] {logging_mixin.py:188} INFO - Downloaded transactions/date=2026-02-20/transactions_234926984193.parquet -> /tmp/minio_downloads/transactions_234926984193.parquet
[2026-02-22T19:56:06.482+0000] {logging_mixin.py:188} INFO - Downloaded transactions/date=2026-02-20/transactions_234927074926.parquet -> /tmp/minio_downloads/transactions_234927074926.parquet
[2026-02-22T19:56:06.499+0000] {logging_mixin.py:188} INFO - Downloaded transactions/date=2026-02-20/transactions_234927434757.parquet -> /tmp/minio_downloads/transactions_234927434757.parquet
[2026-02-22T19:56:06.516+0000] {logging_mixin.py:188} INFO - Downloaded transactions/date=2026-02-20/transactions_234927538594.parquet -> /tmp/minio_downloads/transactions_234927538594.parquet
[2026-02-22T19:56:06.535+0000] {logging_mixin.py:188} INFO - Downloaded transactions/date=2026-02-20/transactions_234927639183.parquet -> /tmp/minio_downloads/transactions_234927639183.parquet
[2026-02-22T19:56:06.552+0000] {logging_mixin.py:188} INFO - Downloaded transactions/date=2026-02-20/transactions_234929827495.parquet -> /tmp/minio_downloads/transactions_234929827495.parquet
[2026-02-22T19:56:06.573+0000] {logging_mixin.py:188} INFO - Downloaded transactions/date=2026-02-20/transactions_234929936899.parquet -> /tmp/minio_downloads/transactions_234929936899.parquet
[2026-02-22T19:56:06.591+0000] {logging_mixin.py:188} INFO - Downloaded transactions/date=2026-02-20/transactions_234930133392.parquet -> /tmp/minio_downloads/transactions_234930133392.parquet
[2026-02-22T19:56:06.607+0000] {logging_mixin.py:188} INFO - Downloaded transactions/date=2026-02-20/transactions_234930278006.parquet -> /tmp/minio_downloads/transactions_234930278006.parquet
[2026-02-22T19:56:06.626+0000] {logging_mixin.py:188} INFO - Downloaded transactions/date=2026-02-20/transactions_234930573943.parquet -> /tmp/minio_downloads/transactions_234930573943.parquet
[2026-02-22T19:56:06.644+0000] {logging_mixin.py:188} INFO - Downloaded transactions/date=2026-02-20/transactions_234930673583.parquet -> /tmp/minio_downloads/transactions_234930673583.parquet
[2026-02-22T19:56:06.665+0000] {logging_mixin.py:188} INFO - Downloaded transactions/date=2026-02-20/transactions_234930765189.parquet -> /tmp/minio_downloads/transactions_234930765189.parquet
[2026-02-22T19:56:06.684+0000] {logging_mixin.py:188} INFO - Downloaded transactions/date=2026-02-20/transactions_234932114660.parquet -> /tmp/minio_downloads/transactions_234932114660.parquet
[2026-02-22T19:56:06.702+0000] {logging_mixin.py:188} INFO - Downloaded transactions/date=2026-02-20/transactions_234932192755.parquet -> /tmp/minio_downloads/transactions_234932192755.parquet
[2026-02-22T19:56:06.720+0000] {logging_mixin.py:188} INFO - Downloaded transactions/date=2026-02-20/transactions_234932278168.parquet -> /tmp/minio_downloads/transactions_234932278168.parquet
[2026-02-22T19:56:06.737+0000] {logging_mixin.py:188} INFO - Downloaded transactions/date=2026-02-20/transactions_234932358103.parquet -> /tmp/minio_downloads/transactions_234932358103.parquet
[2026-02-22T19:56:06.755+0000] {logging_mixin.py:188} INFO - Downloaded transactions/date=2026-02-20/transactions_234932442441.parquet -> /tmp/minio_downloads/transactions_234932442441.parquet
[2026-02-22T19:56:06.774+0000] {logging_mixin.py:188} INFO - Downloaded transactions/date=2026-02-20/transactions_234932522727.parquet -> /tmp/minio_downloads/transactions_234932522727.parquet
[2026-02-22T19:56:06.790+0000] {logging_mixin.py:188} INFO - Downloaded transactions/date=2026-02-20/transactions_234932921552.parquet -> /tmp/minio_downloads/transactions_234932921552.parquet
[2026-02-22T19:56:06.810+0000] {logging_mixin.py:188} INFO - Downloaded transactions/date=2026-02-20/transactions_234933016230.parquet -> /tmp/minio_downloads/transactions_234933016230.parquet
[2026-02-22T19:56:06.829+0000] {logging_mixin.py:188} INFO - Downloaded transactions/date=2026-02-20/transactions_234933111052.parquet -> /tmp/minio_downloads/transactions_234933111052.parquet
[2026-02-22T19:56:06.847+0000] {logging_mixin.py:188} INFO - Downloaded transactions/date=2026-02-20/transactions_234933198316.parquet -> /tmp/minio_downloads/transactions_234933198316.parquet
[2026-02-22T19:56:06.864+0000] {logging_mixin.py:188} INFO - Downloaded transactions/date=2026-02-20/transactions_234933278851.parquet -> /tmp/minio_downloads/transactions_234933278851.parquet
[2026-02-22T19:56:06.882+0000] {logging_mixin.py:188} INFO - Downloaded transactions/date=2026-02-20/transactions_234933369230.parquet -> /tmp/minio_downloads/transactions_234933369230.parquet
[2026-02-22T19:56:06.898+0000] {logging_mixin.py:188} INFO - Downloaded transactions/date=2026-02-20/transactions_234933925204.parquet -> /tmp/minio_downloads/transactions_234933925204.parquet
[2026-02-22T19:56:06.915+0000] {logging_mixin.py:188} INFO - Downloaded transactions/date=2026-02-20/transactions_234934009718.parquet -> /tmp/minio_downloads/transactions_234934009718.parquet
[2026-02-22T19:56:06.934+0000] {logging_mixin.py:188} INFO - Downloaded transactions/date=2026-02-20/transactions_234934102903.parquet -> /tmp/minio_downloads/transactions_234934102903.parquet
[2026-02-22T19:56:06.950+0000] {logging_mixin.py:188} INFO - Downloaded transactions/date=2026-02-20/transactions_234934196027.parquet -> /tmp/minio_downloads/transactions_234934196027.parquet
[2026-02-22T19:56:06.967+0000] {logging_mixin.py:188} INFO - Downloaded transactions/date=2026-02-20/transactions_234934307523.parquet -> /tmp/minio_downloads/transactions_234934307523.parquet
[2026-02-22T19:56:06.985+0000] {logging_mixin.py:188} INFO - Downloaded transactions/date=2026-02-20/transactions_234934396633.parquet -> /tmp/minio_downloads/transactions_234934396633.parquet
[2026-02-22T19:56:07.002+0000] {logging_mixin.py:188} INFO - Downloaded transactions/date=2026-02-20/transactions_234934488117.parquet -> /tmp/minio_downloads/transactions_234934488117.parquet
[2026-02-22T19:56:07.020+0000] {logging_mixin.py:188} INFO - Downloaded transactions/date=2026-02-20/transactions_234934894146.parquet -> /tmp/minio_downloads/transactions_234934894146.parquet
[2026-02-22T19:56:07.036+0000] {logging_mixin.py:188} INFO - Downloaded transactions/date=2026-02-20/transactions_234934986743.parquet -> /tmp/minio_downloads/transactions_234934986743.parquet
[2026-02-22T19:56:07.053+0000] {logging_mixin.py:188} INFO - Downloaded transactions/date=2026-02-20/transactions_234935069074.parquet -> /tmp/minio_downloads/transactions_234935069074.parquet
[2026-02-22T19:56:07.068+0000] {logging_mixin.py:188} INFO - Downloaded transactions/date=2026-02-20/transactions_234935175949.parquet -> /tmp/minio_downloads/transactions_234935175949.parquet
[2026-02-22T19:56:07.086+0000] {logging_mixin.py:188} INFO - Downloaded transactions/date=2026-02-20/transactions_234935272437.parquet -> /tmp/minio_downloads/transactions_234935272437.parquet
[2026-02-22T19:56:07.105+0000] {logging_mixin.py:188} INFO - Downloaded transactions/date=2026-02-20/transactions_234935370154.parquet -> /tmp/minio_downloads/transactions_234935370154.parquet
[2026-02-22T19:56:07.123+0000] {logging_mixin.py:188} INFO - Downloaded transactions/date=2026-02-20/transactions_234935847189.parquet -> /tmp/minio_downloads/transactions_234935847189.parquet
[2026-02-22T19:56:07.141+0000] {logging_mixin.py:188} INFO - Downloaded transactions/date=2026-02-20/transactions_234935955264.parquet -> /tmp/minio_downloads/transactions_234935955264.parquet
[2026-02-22T19:56:07.159+0000] {logging_mixin.py:188} INFO - Downloaded transactions/date=2026-02-20/transactions_234936056628.parquet -> /tmp/minio_downloads/transactions_234936056628.parquet
[2026-02-22T19:56:07.177+0000] {logging_mixin.py:188} INFO - Downloaded transactions/date=2026-02-20/transactions_234936151468.parquet -> /tmp/minio_downloads/transactions_234936151468.parquet
[2026-02-22T19:56:07.195+0000] {logging_mixin.py:188} INFO - Downloaded transactions/date=2026-02-20/transactions_234936251977.parquet -> /tmp/minio_downloads/transactions_234936251977.parquet
[2026-02-22T19:56:07.212+0000] {logging_mixin.py:188} INFO - Downloaded transactions/date=2026-02-20/transactions_234936345504.parquet -> /tmp/minio_downloads/transactions_234936345504.parquet
[2026-02-22T19:56:07.229+0000] {logging_mixin.py:188} INFO - Downloaded transactions/date=2026-02-20/transactions_234936830532.parquet -> /tmp/minio_downloads/transactions_234936830532.parquet
[2026-02-22T19:56:07.248+0000] {logging_mixin.py:188} INFO - Downloaded transactions/date=2026-02-20/transactions_234936940213.parquet -> /tmp/minio_downloads/transactions_234936940213.parquet
[2026-02-22T19:56:07.265+0000] {logging_mixin.py:188} INFO - Downloaded transactions/date=2026-02-20/transactions_234937044510.parquet -> /tmp/minio_downloads/transactions_234937044510.parquet
[2026-02-22T19:56:07.282+0000] {logging_mixin.py:188} INFO - Downloaded transactions/date=2026-02-20/transactions_234937144436.parquet -> /tmp/minio_downloads/transactions_234937144436.parquet
[2026-02-22T19:56:07.302+0000] {logging_mixin.py:188} INFO - Downloaded transactions/date=2026-02-20/transactions_234937237946.parquet -> /tmp/minio_downloads/transactions_234937237946.parquet
[2026-02-22T19:56:07.321+0000] {logging_mixin.py:188} INFO - Downloaded transactions/date=2026-02-20/transactions_234937327317.parquet -> /tmp/minio_downloads/transactions_234937327317.parquet
[2026-02-22T19:56:07.338+0000] {logging_mixin.py:188} INFO - Downloaded transactions/date=2026-02-20/transactions_234937424237.parquet -> /tmp/minio_downloads/transactions_234937424237.parquet
[2026-02-22T19:56:07.358+0000] {logging_mixin.py:188} INFO - Downloaded transactions/date=2026-02-20/transactions_234938006589.parquet -> /tmp/minio_downloads/transactions_234938006589.parquet
[2026-02-22T19:56:07.376+0000] {logging_mixin.py:188} INFO - Downloaded transactions/date=2026-02-20/transactions_234938102664.parquet -> /tmp/minio_downloads/transactions_234938102664.parquet
[2026-02-22T19:56:07.393+0000] {logging_mixin.py:188} INFO - Downloaded transactions/date=2026-02-20/transactions_234938199199.parquet -> /tmp/minio_downloads/transactions_234938199199.parquet
[2026-02-22T19:56:07.410+0000] {logging_mixin.py:188} INFO - Downloaded transactions/date=2026-02-20/transactions_234938297827.parquet -> /tmp/minio_downloads/transactions_234938297827.parquet
[2026-02-22T19:56:07.427+0000] {logging_mixin.py:188} INFO - Downloaded transactions/date=2026-02-20/transactions_234938389864.parquet -> /tmp/minio_downloads/transactions_234938389864.parquet
[2026-02-22T19:56:07.445+0000] {logging_mixin.py:188} INFO - Downloaded transactions/date=2026-02-20/transactions_234938497275.parquet -> /tmp/minio_downloads/transactions_234938497275.parquet
[2026-02-22T19:56:07.463+0000] {logging_mixin.py:188} INFO - Downloaded transactions/date=2026-02-20/transactions_234938991890.parquet -> /tmp/minio_downloads/transactions_234938991890.parquet
[2026-02-22T19:56:07.480+0000] {logging_mixin.py:188} INFO - Downloaded transactions/date=2026-02-20/transactions_234939081021.parquet -> /tmp/minio_downloads/transactions_234939081021.parquet
[2026-02-22T19:56:07.498+0000] {logging_mixin.py:188} INFO - Downloaded transactions/date=2026-02-20/transactions_234939176644.parquet -> /tmp/minio_downloads/transactions_234939176644.parquet
[2026-02-22T19:56:07.514+0000] {logging_mixin.py:188} INFO - Downloaded transactions/date=2026-02-20/transactions_234939278372.parquet -> /tmp/minio_downloads/transactions_234939278372.parquet
[2026-02-22T19:56:07.533+0000] {logging_mixin.py:188} INFO - Downloaded transactions/date=2026-02-20/transactions_234939374490.parquet -> /tmp/minio_downloads/transactions_234939374490.parquet
[2026-02-22T19:56:07.548+0000] {logging_mixin.py:188} INFO - Downloaded transactions/date=2026-02-20/transactions_234939468089.parquet -> /tmp/minio_downloads/transactions_234939468089.parquet
[2026-02-22T19:56:07.566+0000] {logging_mixin.py:188} INFO - Downloaded transactions/date=2026-02-20/transactions_234939997340.parquet -> /tmp/minio_downloads/transactions_234939997340.parquet
[2026-02-22T19:56:07.585+0000] {logging_mixin.py:188} INFO - Downloaded transactions/date=2026-02-20/transactions_234940104868.parquet -> /tmp/minio_downloads/transactions_234940104868.parquet
[2026-02-22T19:56:07.604+0000] {logging_mixin.py:188} INFO - Downloaded transactions/date=2026-02-20/transactions_234940244694.parquet -> /tmp/minio_downloads/transactions_234940244694.parquet
[2026-02-22T19:56:07.623+0000] {logging_mixin.py:188} INFO - Downloaded transactions/date=2026-02-20/transactions_234940358602.parquet -> /tmp/minio_downloads/transactions_234940358602.parquet
[2026-02-22T19:56:07.639+0000] {logging_mixin.py:188} INFO - Downloaded transactions/date=2026-02-20/transactions_234940452543.parquet -> /tmp/minio_downloads/transactions_234940452543.parquet
[2026-02-22T19:56:07.658+0000] {logging_mixin.py:188} INFO - Downloaded transactions/date=2026-02-20/transactions_234940557059.parquet -> /tmp/minio_downloads/transactions_234940557059.parquet
[2026-02-22T19:56:07.676+0000] {logging_mixin.py:188} INFO - Downloaded transactions/date=2026-02-20/transactions_234940659936.parquet -> /tmp/minio_downloads/transactions_234940659936.parquet
[2026-02-22T19:56:07.696+0000] {logging_mixin.py:188} INFO - Downloaded transactions/date=2026-02-20/transactions_234941163970.parquet -> /tmp/minio_downloads/transactions_234941163970.parquet
[2026-02-22T19:56:07.713+0000] {logging_mixin.py:188} INFO - Downloaded transactions/date=2026-02-20/transactions_234941259224.parquet -> /tmp/minio_downloads/transactions_234941259224.parquet
[2026-02-22T19:56:07.731+0000] {logging_mixin.py:188} INFO - Downloaded transactions/date=2026-02-20/transactions_234941365406.parquet -> /tmp/minio_downloads/transactions_234941365406.parquet
[2026-02-22T19:56:07.751+0000] {logging_mixin.py:188} INFO - Downloaded transactions/date=2026-02-20/transactions_234941467795.parquet -> /tmp/minio_downloads/transactions_234941467795.parquet
[2026-02-22T19:56:07.770+0000] {logging_mixin.py:188} INFO - Downloaded transactions/date=2026-02-20/transactions_234941573322.parquet -> /tmp/minio_downloads/transactions_234941573322.parquet
[2026-02-22T19:56:07.787+0000] {logging_mixin.py:188} INFO - Downloaded transactions/date=2026-02-20/transactions_234941662407.parquet -> /tmp/minio_downloads/transactions_234941662407.parquet
[2026-02-22T19:56:07.805+0000] {logging_mixin.py:188} INFO - Downloaded transactions/date=2026-02-20/transactions_234942160253.parquet -> /tmp/minio_downloads/transactions_234942160253.parquet
[2026-02-22T19:56:07.825+0000] {logging_mixin.py:188} INFO - Downloaded transactions/date=2026-02-20/transactions_234942253356.parquet -> /tmp/minio_downloads/transactions_234942253356.parquet
[2026-02-22T19:56:07.842+0000] {logging_mixin.py:188} INFO - Downloaded transactions/date=2026-02-20/transactions_234942350222.parquet -> /tmp/minio_downloads/transactions_234942350222.parquet
[2026-02-22T19:56:07.861+0000] {logging_mixin.py:188} INFO - Downloaded transactions/date=2026-02-20/transactions_234942449378.parquet -> /tmp/minio_downloads/transactions_234942449378.parquet
[2026-02-22T19:56:07.881+0000] {logging_mixin.py:188} INFO - Downloaded transactions/date=2026-02-20/transactions_234942596005.parquet -> /tmp/minio_downloads/transactions_234942596005.parquet
[2026-02-22T19:56:07.901+0000] {logging_mixin.py:188} INFO - Downloaded transactions/date=2026-02-20/transactions_234942682137.parquet -> /tmp/minio_downloads/transactions_234942682137.parquet
[2026-02-22T19:56:07.920+0000] {logging_mixin.py:188} INFO - Downloaded transactions/date=2026-02-20/transactions_234943096893.parquet -> /tmp/minio_downloads/transactions_234943096893.parquet
[2026-02-22T19:56:07.940+0000] {logging_mixin.py:188} INFO - Downloaded transactions/date=2026-02-20/transactions_234943561718.parquet -> /tmp/minio_downloads/transactions_234943561718.parquet
[2026-02-22T19:56:07.960+0000] {logging_mixin.py:188} INFO - Downloaded transactions/date=2026-02-20/transactions_234943780106.parquet -> /tmp/minio_downloads/transactions_234943780106.parquet
[2026-02-22T19:56:07.978+0000] {logging_mixin.py:188} INFO - Downloaded transactions/date=2026-02-20/transactions_234943901825.parquet -> /tmp/minio_downloads/transactions_234943901825.parquet
[2026-02-22T19:56:07.997+0000] {logging_mixin.py:188} INFO - Downloaded transactions/date=2026-02-20/transactions_234944014291.parquet -> /tmp/minio_downloads/transactions_234944014291.parquet
[2026-02-22T19:56:08.017+0000] {logging_mixin.py:188} INFO - Downloaded transactions/date=2026-02-20/transactions_234944140004.parquet -> /tmp/minio_downloads/transactions_234944140004.parquet
[2026-02-22T19:56:08.018+0000] {python.py:237} INFO - Done. Returned value was: {'customers': ['/tmp/minio_downloads/customers_234918105812.parquet', '/tmp/minio_downloads/customers_234918437151.parquet', '/tmp/minio_downloads/customers_234918561960.parquet', '/tmp/minio_downloads/customers_234918669711.parquet', '/tmp/minio_downloads/customers_234918803581.parquet', '/tmp/minio_downloads/customers_234918923394.parquet', '/tmp/minio_downloads/customers_234919120182.parquet', '/tmp/minio_downloads/customers_234921665207.parquet', '/tmp/minio_downloads/customers_234921758110.parquet', '/tmp/minio_downloads/customers_234921847149.parquet', '/tmp/minio_downloads/customers_234921926178.parquet', '/tmp/minio_downloads/customers_234922007518.parquet', '/tmp/minio_downloads/customers_234922078160.parquet', '/tmp/minio_downloads/customers_234922162590.parquet', '/tmp/minio_downloads/customers_234922744865.parquet', '/tmp/minio_downloads/customers_234922834985.parquet', '/tmp/minio_downloads/customers_234922932607.parquet', '/tmp/minio_downloads/customers_234923025974.parquet', '/tmp/minio_downloads/customers_234923111005.parquet', '/tmp/minio_downloads/customers_234923205643.parquet'], 'accounts': ['/tmp/minio_downloads/accounts_234919229379.parquet', '/tmp/minio_downloads/accounts_234919339290.parquet', '/tmp/minio_downloads/accounts_234920053429.parquet', '/tmp/minio_downloads/accounts_234920162262.parquet', '/tmp/minio_downloads/accounts_234920297803.parquet', '/tmp/minio_downloads/accounts_234920394646.parquet', '/tmp/minio_downloads/accounts_234923335866.parquet', '/tmp/minio_downloads/accounts_234923452458.parquet', '/tmp/minio_downloads/accounts_234923816025.parquet', '/tmp/minio_downloads/accounts_234923976275.parquet', '/tmp/minio_downloads/accounts_234924694842.parquet', '/tmp/minio_downloads/accounts_234924793702.parquet', '/tmp/minio_downloads/accounts_234924894453.parquet', '/tmp/minio_downloads/accounts_234926222060.parquet', '/tmp/minio_downloads/accounts_234926321807.parquet', '/tmp/minio_downloads/accounts_234926416924.parquet', '/tmp/minio_downloads/accounts_234926499851.parquet', '/tmp/minio_downloads/accounts_234926596272.parquet', '/tmp/minio_downloads/accounts_234926697438.parquet', '/tmp/minio_downloads/accounts_234926792866.parquet', '/tmp/minio_downloads/accounts_234928114151.parquet', '/tmp/minio_downloads/accounts_234928202943.parquet', '/tmp/minio_downloads/accounts_234928287885.parquet', '/tmp/minio_downloads/accounts_234928371185.parquet', '/tmp/minio_downloads/accounts_234928457421.parquet', '/tmp/minio_downloads/accounts_234928550187.parquet', '/tmp/minio_downloads/accounts_234929152701.parquet', '/tmp/minio_downloads/accounts_234929241696.parquet', '/tmp/minio_downloads/accounts_234929332029.parquet', '/tmp/minio_downloads/accounts_234929417192.parquet', '/tmp/minio_downloads/accounts_234929507568.parquet', '/tmp/minio_downloads/accounts_234929633147.parquet', '/tmp/minio_downloads/accounts_234929729800.parquet', '/tmp/minio_downloads/accounts_234931169046.parquet', '/tmp/minio_downloads/accounts_234931258522.parquet', '/tmp/minio_downloads/accounts_234931343394.parquet', '/tmp/minio_downloads/accounts_234931436645.parquet', '/tmp/minio_downloads/accounts_234931535175.parquet', '/tmp/minio_downloads/accounts_234931630343.parquet', '/tmp/minio_downloads/accounts_234931720633.parquet'], 'transactions': ['/tmp/minio_downloads/transactions_234920527637.parquet', '/tmp/minio_downloads/transactions_234920620288.parquet', '/tmp/minio_downloads/transactions_234920743953.parquet', '/tmp/minio_downloads/transactions_234920848936.parquet', '/tmp/minio_downloads/transactions_234920995769.parquet', '/tmp/minio_downloads/transactions_234921095960.parquet', '/tmp/minio_downloads/transactions_234925010888.parquet', '/tmp/minio_downloads/transactions_234925110210.parquet', '/tmp/minio_downloads/transactions_234925202968.parquet', '/tmp/minio_downloads/transactions_234925307206.parquet', '/tmp/minio_downloads/transactions_234925401792.parquet', '/tmp/minio_downloads/transactions_234925495946.parquet', '/tmp/minio_downloads/transactions_234926886678.parquet', '/tmp/minio_downloads/transactions_234926984193.parquet', '/tmp/minio_downloads/transactions_234927074926.parquet', '/tmp/minio_downloads/transactions_234927434757.parquet', '/tmp/minio_downloads/transactions_234927538594.parquet', '/tmp/minio_downloads/transactions_234927639183.parquet', '/tmp/minio_downloads/transactions_234929827495.parquet', '/tmp/minio_downloads/transactions_234929936899.parquet', '/tmp/minio_downloads/transactions_234930133392.parquet', '/tmp/minio_downloads/transactions_234930278006.parquet', '/tmp/minio_downloads/transactions_234930573943.parquet', '/tmp/minio_downloads/transactions_234930673583.parquet', '/tmp/minio_downloads/transactions_234930765189.parquet', '/tmp/minio_downloads/transactions_234932114660.parquet', '/tmp/minio_downloads/transactions_234932192755.parquet', '/tmp/minio_downloads/transactions_234932278168.parquet', '/tmp/minio_downloads/transactions_234932358103.parquet', '/tmp/minio_downloads/transactions_234932442441.parquet', '/tmp/minio_downloads/transactions_234932522727.parquet', '/tmp/minio_downloads/transactions_234932921552.parquet', '/tmp/minio_downloads/transactions_234933016230.parquet', '/tmp/minio_downloads/transactions_234933111052.parquet', '/tmp/minio_downloads/transactions_234933198316.parquet', '/tmp/minio_downloads/transactions_234933278851.parquet', '/tmp/minio_downloads/transactions_234933369230.parquet', '/tmp/minio_downloads/transactions_234933925204.parquet', '/tmp/minio_downloads/transactions_234934009718.parquet', '/tmp/minio_downloads/transactions_234934102903.parquet', '/tmp/minio_downloads/transactions_234934196027.parquet', '/tmp/minio_downloads/transactions_234934307523.parquet', '/tmp/minio_downloads/transactions_234934396633.parquet', '/tmp/minio_downloads/transactions_234934488117.parquet', '/tmp/minio_downloads/transactions_234934894146.parquet', '/tmp/minio_downloads/transactions_234934986743.parquet', '/tmp/minio_downloads/transactions_234935069074.parquet', '/tmp/minio_downloads/transactions_234935175949.parquet', '/tmp/minio_downloads/transactions_234935272437.parquet', '/tmp/minio_downloads/transactions_234935370154.parquet', '/tmp/minio_downloads/transactions_234935847189.parquet', '/tmp/minio_downloads/transactions_234935955264.parquet', '/tmp/minio_downloads/transactions_234936056628.parquet', '/tmp/minio_downloads/transactions_234936151468.parquet', '/tmp/minio_downloads/transactions_234936251977.parquet', '/tmp/minio_downloads/transactions_234936345504.parquet', '/tmp/minio_downloads/transactions_234936830532.parquet', '/tmp/minio_downloads/transactions_234936940213.parquet', '/tmp/minio_downloads/transactions_234937044510.parquet', '/tmp/minio_downloads/transactions_234937144436.parquet', '/tmp/minio_downloads/transactions_234937237946.parquet', '/tmp/minio_downloads/transactions_234937327317.parquet', '/tmp/minio_downloads/transactions_234937424237.parquet', '/tmp/minio_downloads/transactions_234938006589.parquet', '/tmp/minio_downloads/transactions_234938102664.parquet', '/tmp/minio_downloads/transactions_234938199199.parquet', '/tmp/minio_downloads/transactions_234938297827.parquet', '/tmp/minio_downloads/transactions_234938389864.parquet', '/tmp/minio_downloads/transactions_234938497275.parquet', '/tmp/minio_downloads/transactions_234938991890.parquet', '/tmp/minio_downloads/transactions_234939081021.parquet', '/tmp/minio_downloads/transactions_234939176644.parquet', '/tmp/minio_downloads/transactions_234939278372.parquet', '/tmp/minio_downloads/transactions_234939374490.parquet', '/tmp/minio_downloads/transactions_234939468089.parquet', '/tmp/minio_downloads/transactions_234939997340.parquet', '/tmp/minio_downloads/transactions_234940104868.parquet', '/tmp/minio_downloads/transactions_234940244694.parquet', '/tmp/minio_downloads/transactions_234940358602.parquet', '/tmp/minio_downloads/transactions_234940452543.parquet', '/tmp/minio_downloads/transactions_234940557059.parquet', '/tmp/minio_downloads/transactions_234940659936.parquet', '/tmp/minio_downloads/transactions_234941163970.parquet', '/tmp/minio_downloads/transactions_234941259224.parquet', '/tmp/minio_downloads/transactions_234941365406.parquet', '/tmp/minio_downloads/transactions_234941467795.parquet', '/tmp/minio_downloads/transactions_234941573322.parquet', '/tmp/minio_downloads/transactions_234941662407.parquet', '/tmp/minio_downloads/transactions_234942160253.parquet', '/tmp/minio_downloads/transactions_234942253356.parquet', '/tmp/minio_downloads/transactions_234942350222.parquet', '/tmp/minio_downloads/transactions_234942449378.parquet', '/tmp/minio_downloads/transactions_234942596005.parquet', '/tmp/minio_downloads/transactions_234942682137.parquet', '/tmp/minio_downloads/transactions_234943096893.parquet', '/tmp/minio_downloads/transactions_234943561718.parquet', '/tmp/minio_downloads/transactions_234943780106.parquet', '/tmp/minio_downloads/transactions_234943901825.parquet', '/tmp/minio_downloads/transactions_234944014291.parquet', '/tmp/minio_downloads/transactions_234944140004.parquet']}
[2026-02-22T19:56:08.020+0000] {taskinstance.py:441} INFO - ::group::Post task execution logs
[2026-02-22T19:56:08.055+0000] {taskinstance.py:1206} INFO - Marking task as SUCCESS. dag_id=minio_to_snowflake_banking, task_id=download_minio, run_id=scheduled__2026-02-22T19:55:00+00:00, execution_date=20260222T195500, start_date=20260222T195603, end_date=20260222T195608
[2026-02-22T19:56:08.100+0000] {local_task_job_runner.py:243} INFO - Task exited with return code 0
[2026-02-22T19:56:08.133+0000] {taskinstance.py:3503} INFO - 1 downstream tasks scheduled from follow-on schedule check
[2026-02-22T19:56:08.138+0000] {local_task_job_runner.py:222} INFO - ::endgroup::
