[2026-02-22T18:38:13.891+0000] {local_task_job_runner.py:120} INFO - ::group::Pre task execution logs
[2026-02-22T18:38:13.928+0000] {taskinstance.py:2076} INFO - Dependencies all met for dep_context=non-requeueable deps ti=<TaskInstance: minio_to_snowflake_banking.load_snowflake scheduled__2026-02-22T18:37:00+00:00 [queued]>
[2026-02-22T18:38:13.941+0000] {taskinstance.py:2076} INFO - Dependencies all met for dep_context=requeueable deps ti=<TaskInstance: minio_to_snowflake_banking.load_snowflake scheduled__2026-02-22T18:37:00+00:00 [queued]>
[2026-02-22T18:38:13.943+0000] {taskinstance.py:2306} INFO - Starting attempt 1 of 2
[2026-02-22T18:38:13.961+0000] {taskinstance.py:2330} INFO - Executing <Task(PythonOperator): load_snowflake> on 2026-02-22 18:37:00+00:00
[2026-02-22T18:38:13.972+0000] {standard_task_runner.py:90} INFO - Running: ['***', 'tasks', 'run', 'minio_to_snowflake_banking', 'load_snowflake', 'scheduled__2026-02-22T18:37:00+00:00', '--job-id', '1177', '--raw', '--subdir', 'DAGS_FOLDER/minio_to_snowflake_dag.py', '--cfg-path', '/tmp/tmpn0380fo0']
[2026-02-22T18:38:13.977+0000] {standard_task_runner.py:91} INFO - Job 1177: Subtask load_snowflake
[2026-02-22T18:38:13.977+0000] {logging_mixin.py:188} WARNING - /home/***/.local/lib/python3.12/site-packages/***/task/task_runner/standard_task_runner.py:62 DeprecationWarning: This process (pid=99865) is multi-threaded, use of fork() may lead to deadlocks in the child.
[2026-02-22T18:38:13.978+0000] {standard_task_runner.py:64} INFO - Started process 99877 to run task
[2026-02-22T18:38:14.065+0000] {task_command.py:426} INFO - Running <TaskInstance: minio_to_snowflake_banking.load_snowflake scheduled__2026-02-22T18:37:00+00:00 [running]> on host f2d9c9e2564d
[2026-02-22T18:38:14.211+0000] {taskinstance.py:2648} INFO - Exporting env vars: AIRFLOW_CTX_DAG_OWNER='***' AIRFLOW_CTX_DAG_ID='minio_to_snowflake_banking' AIRFLOW_CTX_TASK_ID='load_snowflake' AIRFLOW_CTX_EXECUTION_DATE='2026-02-22T18:37:00+00:00' AIRFLOW_CTX_TRY_NUMBER='1' AIRFLOW_CTX_DAG_RUN_ID='scheduled__2026-02-22T18:37:00+00:00'
[2026-02-22T18:38:14.212+0000] {taskinstance.py:430} INFO - ::endgroup::
[2026-02-22T18:38:14.242+0000] {connection.py:613} INFO - Snowflake Connector for Python Version: 4.3.0, Python Version: 3.12.4, Platform: Linux-6.6.87.2-microsoft-standard-WSL2-x86_64-with-glibc2.36
[2026-02-22T18:38:14.243+0000] {connection.py:1709} INFO - Connecting to GLOBAL Snowflake domain
[2026-02-22T18:38:16.740+0000] {logging_mixin.py:188} INFO - Uploaded /tmp/minio_downloads/customers_234918105812.parquet -> @customers stage
[2026-02-22T18:38:16.904+0000] {logging_mixin.py:188} INFO - Uploaded /tmp/minio_downloads/customers_234918437151.parquet -> @customers stage
[2026-02-22T18:38:17.119+0000] {logging_mixin.py:188} INFO - Uploaded /tmp/minio_downloads/customers_234918561960.parquet -> @customers stage
[2026-02-22T18:38:17.308+0000] {logging_mixin.py:188} INFO - Uploaded /tmp/minio_downloads/customers_234918669711.parquet -> @customers stage
[2026-02-22T18:38:17.508+0000] {logging_mixin.py:188} INFO - Uploaded /tmp/minio_downloads/customers_234918803581.parquet -> @customers stage
[2026-02-22T18:38:17.718+0000] {logging_mixin.py:188} INFO - Uploaded /tmp/minio_downloads/customers_234918923394.parquet -> @customers stage
[2026-02-22T18:38:17.915+0000] {logging_mixin.py:188} INFO - Uploaded /tmp/minio_downloads/customers_234919120182.parquet -> @customers stage
[2026-02-22T18:38:18.140+0000] {logging_mixin.py:188} INFO - Uploaded /tmp/minio_downloads/customers_234921665207.parquet -> @customers stage
[2026-02-22T18:38:18.326+0000] {logging_mixin.py:188} INFO - Uploaded /tmp/minio_downloads/customers_234921758110.parquet -> @customers stage
[2026-02-22T18:38:18.486+0000] {logging_mixin.py:188} INFO - Uploaded /tmp/minio_downloads/customers_234921847149.parquet -> @customers stage
[2026-02-22T18:38:18.660+0000] {logging_mixin.py:188} INFO - Uploaded /tmp/minio_downloads/customers_234921926178.parquet -> @customers stage
[2026-02-22T18:38:18.835+0000] {logging_mixin.py:188} INFO - Uploaded /tmp/minio_downloads/customers_234922007518.parquet -> @customers stage
[2026-02-22T18:38:19.031+0000] {logging_mixin.py:188} INFO - Uploaded /tmp/minio_downloads/customers_234922078160.parquet -> @customers stage
[2026-02-22T18:38:19.208+0000] {logging_mixin.py:188} INFO - Uploaded /tmp/minio_downloads/customers_234922162590.parquet -> @customers stage
[2026-02-22T18:38:19.402+0000] {logging_mixin.py:188} INFO - Uploaded /tmp/minio_downloads/customers_234922744865.parquet -> @customers stage
[2026-02-22T18:38:19.591+0000] {logging_mixin.py:188} INFO - Uploaded /tmp/minio_downloads/customers_234922834985.parquet -> @customers stage
[2026-02-22T18:38:19.762+0000] {logging_mixin.py:188} INFO - Uploaded /tmp/minio_downloads/customers_234922932607.parquet -> @customers stage
[2026-02-22T18:38:19.927+0000] {logging_mixin.py:188} INFO - Uploaded /tmp/minio_downloads/customers_234923025974.parquet -> @customers stage
[2026-02-22T18:38:20.106+0000] {logging_mixin.py:188} INFO - Uploaded /tmp/minio_downloads/customers_234923111005.parquet -> @customers stage
[2026-02-22T18:38:20.272+0000] {logging_mixin.py:188} INFO - Uploaded /tmp/minio_downloads/customers_234923205643.parquet -> @customers stage
[2026-02-22T18:38:20.729+0000] {logging_mixin.py:188} INFO - Data loaded into customers
[2026-02-22T18:38:20.954+0000] {logging_mixin.py:188} INFO - Uploaded /tmp/minio_downloads/accounts_234919229379.parquet -> @accounts stage
[2026-02-22T18:38:21.122+0000] {logging_mixin.py:188} INFO - Uploaded /tmp/minio_downloads/accounts_234919339290.parquet -> @accounts stage
[2026-02-22T18:38:21.333+0000] {logging_mixin.py:188} INFO - Uploaded /tmp/minio_downloads/accounts_234920053429.parquet -> @accounts stage
[2026-02-22T18:38:21.520+0000] {logging_mixin.py:188} INFO - Uploaded /tmp/minio_downloads/accounts_234920162262.parquet -> @accounts stage
[2026-02-22T18:38:21.700+0000] {logging_mixin.py:188} INFO - Uploaded /tmp/minio_downloads/accounts_234920297803.parquet -> @accounts stage
[2026-02-22T18:38:21.881+0000] {logging_mixin.py:188} INFO - Uploaded /tmp/minio_downloads/accounts_234920394646.parquet -> @accounts stage
[2026-02-22T18:38:22.071+0000] {logging_mixin.py:188} INFO - Uploaded /tmp/minio_downloads/accounts_234923335866.parquet -> @accounts stage
[2026-02-22T18:38:22.250+0000] {logging_mixin.py:188} INFO - Uploaded /tmp/minio_downloads/accounts_234923452458.parquet -> @accounts stage
[2026-02-22T18:38:22.445+0000] {logging_mixin.py:188} INFO - Uploaded /tmp/minio_downloads/accounts_234923816025.parquet -> @accounts stage
[2026-02-22T18:38:22.627+0000] {logging_mixin.py:188} INFO - Uploaded /tmp/minio_downloads/accounts_234923976275.parquet -> @accounts stage
[2026-02-22T18:38:22.815+0000] {logging_mixin.py:188} INFO - Uploaded /tmp/minio_downloads/accounts_234924694842.parquet -> @accounts stage
[2026-02-22T18:38:23.011+0000] {logging_mixin.py:188} INFO - Uploaded /tmp/minio_downloads/accounts_234924793702.parquet -> @accounts stage
[2026-02-22T18:38:23.201+0000] {logging_mixin.py:188} INFO - Uploaded /tmp/minio_downloads/accounts_234924894453.parquet -> @accounts stage
[2026-02-22T18:38:23.380+0000] {logging_mixin.py:188} INFO - Uploaded /tmp/minio_downloads/accounts_234926222060.parquet -> @accounts stage
[2026-02-22T18:38:23.555+0000] {logging_mixin.py:188} INFO - Uploaded /tmp/minio_downloads/accounts_234926321807.parquet -> @accounts stage
[2026-02-22T18:38:23.725+0000] {logging_mixin.py:188} INFO - Uploaded /tmp/minio_downloads/accounts_234926416924.parquet -> @accounts stage
[2026-02-22T18:38:23.882+0000] {logging_mixin.py:188} INFO - Uploaded /tmp/minio_downloads/accounts_234926499851.parquet -> @accounts stage
[2026-02-22T18:38:24.045+0000] {logging_mixin.py:188} INFO - Uploaded /tmp/minio_downloads/accounts_234926596272.parquet -> @accounts stage
[2026-02-22T18:38:24.194+0000] {logging_mixin.py:188} INFO - Uploaded /tmp/minio_downloads/accounts_234926697438.parquet -> @accounts stage
[2026-02-22T18:38:24.355+0000] {logging_mixin.py:188} INFO - Uploaded /tmp/minio_downloads/accounts_234926792866.parquet -> @accounts stage
[2026-02-22T18:38:24.518+0000] {logging_mixin.py:188} INFO - Uploaded /tmp/minio_downloads/accounts_234928114151.parquet -> @accounts stage
[2026-02-22T18:38:24.727+0000] {logging_mixin.py:188} INFO - Uploaded /tmp/minio_downloads/accounts_234928202943.parquet -> @accounts stage
[2026-02-22T18:38:24.907+0000] {logging_mixin.py:188} INFO - Uploaded /tmp/minio_downloads/accounts_234928287885.parquet -> @accounts stage
[2026-02-22T18:38:25.102+0000] {logging_mixin.py:188} INFO - Uploaded /tmp/minio_downloads/accounts_234928371185.parquet -> @accounts stage
[2026-02-22T18:38:25.266+0000] {logging_mixin.py:188} INFO - Uploaded /tmp/minio_downloads/accounts_234928457421.parquet -> @accounts stage
[2026-02-22T18:38:25.431+0000] {logging_mixin.py:188} INFO - Uploaded /tmp/minio_downloads/accounts_234928550187.parquet -> @accounts stage
[2026-02-22T18:38:25.614+0000] {logging_mixin.py:188} INFO - Uploaded /tmp/minio_downloads/accounts_234929152701.parquet -> @accounts stage
[2026-02-22T18:38:25.790+0000] {logging_mixin.py:188} INFO - Uploaded /tmp/minio_downloads/accounts_234929241696.parquet -> @accounts stage
[2026-02-22T18:38:25.977+0000] {logging_mixin.py:188} INFO - Uploaded /tmp/minio_downloads/accounts_234929332029.parquet -> @accounts stage
[2026-02-22T18:38:26.161+0000] {logging_mixin.py:188} INFO - Uploaded /tmp/minio_downloads/accounts_234929417192.parquet -> @accounts stage
[2026-02-22T18:38:26.320+0000] {logging_mixin.py:188} INFO - Uploaded /tmp/minio_downloads/accounts_234929507568.parquet -> @accounts stage
[2026-02-22T18:38:26.499+0000] {logging_mixin.py:188} INFO - Uploaded /tmp/minio_downloads/accounts_234929633147.parquet -> @accounts stage
[2026-02-22T18:38:26.671+0000] {logging_mixin.py:188} INFO - Uploaded /tmp/minio_downloads/accounts_234929729800.parquet -> @accounts stage
[2026-02-22T18:38:26.833+0000] {logging_mixin.py:188} INFO - Uploaded /tmp/minio_downloads/accounts_234931169046.parquet -> @accounts stage
[2026-02-22T18:38:26.999+0000] {logging_mixin.py:188} INFO - Uploaded /tmp/minio_downloads/accounts_234931258522.parquet -> @accounts stage
[2026-02-22T18:38:27.165+0000] {logging_mixin.py:188} INFO - Uploaded /tmp/minio_downloads/accounts_234931343394.parquet -> @accounts stage
[2026-02-22T18:38:27.322+0000] {logging_mixin.py:188} INFO - Uploaded /tmp/minio_downloads/accounts_234931436645.parquet -> @accounts stage
[2026-02-22T18:38:27.495+0000] {logging_mixin.py:188} INFO - Uploaded /tmp/minio_downloads/accounts_234931535175.parquet -> @accounts stage
[2026-02-22T18:38:27.674+0000] {logging_mixin.py:188} INFO - Uploaded /tmp/minio_downloads/accounts_234931630343.parquet -> @accounts stage
[2026-02-22T18:38:27.832+0000] {logging_mixin.py:188} INFO - Uploaded /tmp/minio_downloads/accounts_234931720633.parquet -> @accounts stage
[2026-02-22T18:38:28.186+0000] {logging_mixin.py:188} INFO - Data loaded into accounts
[2026-02-22T18:38:28.378+0000] {logging_mixin.py:188} INFO - Uploaded /tmp/minio_downloads/transactions_234920527637.parquet -> @transactions stage
[2026-02-22T18:38:28.533+0000] {logging_mixin.py:188} INFO - Uploaded /tmp/minio_downloads/transactions_234920620288.parquet -> @transactions stage
[2026-02-22T18:38:28.692+0000] {logging_mixin.py:188} INFO - Uploaded /tmp/minio_downloads/transactions_234920743953.parquet -> @transactions stage
[2026-02-22T18:38:28.861+0000] {logging_mixin.py:188} INFO - Uploaded /tmp/minio_downloads/transactions_234920848936.parquet -> @transactions stage
[2026-02-22T18:38:29.056+0000] {logging_mixin.py:188} INFO - Uploaded /tmp/minio_downloads/transactions_234920995769.parquet -> @transactions stage
[2026-02-22T18:38:29.237+0000] {logging_mixin.py:188} INFO - Uploaded /tmp/minio_downloads/transactions_234921095960.parquet -> @transactions stage
[2026-02-22T18:38:29.400+0000] {logging_mixin.py:188} INFO - Uploaded /tmp/minio_downloads/transactions_234925010888.parquet -> @transactions stage
[2026-02-22T18:38:29.592+0000] {logging_mixin.py:188} INFO - Uploaded /tmp/minio_downloads/transactions_234925110210.parquet -> @transactions stage
[2026-02-22T18:38:29.752+0000] {logging_mixin.py:188} INFO - Uploaded /tmp/minio_downloads/transactions_234925202968.parquet -> @transactions stage
[2026-02-22T18:38:29.911+0000] {logging_mixin.py:188} INFO - Uploaded /tmp/minio_downloads/transactions_234925307206.parquet -> @transactions stage
[2026-02-22T18:38:30.079+0000] {logging_mixin.py:188} INFO - Uploaded /tmp/minio_downloads/transactions_234925401792.parquet -> @transactions stage
[2026-02-22T18:38:30.256+0000] {logging_mixin.py:188} INFO - Uploaded /tmp/minio_downloads/transactions_234925495946.parquet -> @transactions stage
[2026-02-22T18:38:30.465+0000] {logging_mixin.py:188} INFO - Uploaded /tmp/minio_downloads/transactions_234926886678.parquet -> @transactions stage
[2026-02-22T18:38:30.650+0000] {logging_mixin.py:188} INFO - Uploaded /tmp/minio_downloads/transactions_234926984193.parquet -> @transactions stage
[2026-02-22T18:38:30.836+0000] {logging_mixin.py:188} INFO - Uploaded /tmp/minio_downloads/transactions_234927074926.parquet -> @transactions stage
[2026-02-22T18:38:30.996+0000] {logging_mixin.py:188} INFO - Uploaded /tmp/minio_downloads/transactions_234927434757.parquet -> @transactions stage
[2026-02-22T18:38:31.165+0000] {logging_mixin.py:188} INFO - Uploaded /tmp/minio_downloads/transactions_234927538594.parquet -> @transactions stage
[2026-02-22T18:38:31.335+0000] {logging_mixin.py:188} INFO - Uploaded /tmp/minio_downloads/transactions_234927639183.parquet -> @transactions stage
[2026-02-22T18:38:31.494+0000] {logging_mixin.py:188} INFO - Uploaded /tmp/minio_downloads/transactions_234929827495.parquet -> @transactions stage
[2026-02-22T18:38:31.679+0000] {logging_mixin.py:188} INFO - Uploaded /tmp/minio_downloads/transactions_234929936899.parquet -> @transactions stage
[2026-02-22T18:38:31.851+0000] {logging_mixin.py:188} INFO - Uploaded /tmp/minio_downloads/transactions_234930133392.parquet -> @transactions stage
[2026-02-22T18:38:32.018+0000] {logging_mixin.py:188} INFO - Uploaded /tmp/minio_downloads/transactions_234930278006.parquet -> @transactions stage
[2026-02-22T18:38:32.183+0000] {logging_mixin.py:188} INFO - Uploaded /tmp/minio_downloads/transactions_234930573943.parquet -> @transactions stage
[2026-02-22T18:38:32.358+0000] {logging_mixin.py:188} INFO - Uploaded /tmp/minio_downloads/transactions_234930673583.parquet -> @transactions stage
[2026-02-22T18:38:32.529+0000] {logging_mixin.py:188} INFO - Uploaded /tmp/minio_downloads/transactions_234930765189.parquet -> @transactions stage
[2026-02-22T18:38:32.716+0000] {logging_mixin.py:188} INFO - Uploaded /tmp/minio_downloads/transactions_234932114660.parquet -> @transactions stage
[2026-02-22T18:38:32.901+0000] {logging_mixin.py:188} INFO - Uploaded /tmp/minio_downloads/transactions_234932192755.parquet -> @transactions stage
[2026-02-22T18:38:33.065+0000] {logging_mixin.py:188} INFO - Uploaded /tmp/minio_downloads/transactions_234932278168.parquet -> @transactions stage
[2026-02-22T18:38:33.242+0000] {logging_mixin.py:188} INFO - Uploaded /tmp/minio_downloads/transactions_234932358103.parquet -> @transactions stage
[2026-02-22T18:38:33.412+0000] {logging_mixin.py:188} INFO - Uploaded /tmp/minio_downloads/transactions_234932442441.parquet -> @transactions stage
[2026-02-22T18:38:33.583+0000] {logging_mixin.py:188} INFO - Uploaded /tmp/minio_downloads/transactions_234932522727.parquet -> @transactions stage
[2026-02-22T18:38:33.758+0000] {logging_mixin.py:188} INFO - Uploaded /tmp/minio_downloads/transactions_234932921552.parquet -> @transactions stage
[2026-02-22T18:38:33.930+0000] {logging_mixin.py:188} INFO - Uploaded /tmp/minio_downloads/transactions_234933016230.parquet -> @transactions stage
[2026-02-22T18:38:34.088+0000] {logging_mixin.py:188} INFO - Uploaded /tmp/minio_downloads/transactions_234933111052.parquet -> @transactions stage
[2026-02-22T18:38:34.242+0000] {logging_mixin.py:188} INFO - Uploaded /tmp/minio_downloads/transactions_234933198316.parquet -> @transactions stage
[2026-02-22T18:38:34.392+0000] {logging_mixin.py:188} INFO - Uploaded /tmp/minio_downloads/transactions_234933278851.parquet -> @transactions stage
[2026-02-22T18:38:34.575+0000] {logging_mixin.py:188} INFO - Uploaded /tmp/minio_downloads/transactions_234933369230.parquet -> @transactions stage
[2026-02-22T18:38:34.749+0000] {logging_mixin.py:188} INFO - Uploaded /tmp/minio_downloads/transactions_234933925204.parquet -> @transactions stage
[2026-02-22T18:38:34.952+0000] {logging_mixin.py:188} INFO - Uploaded /tmp/minio_downloads/transactions_234934009718.parquet -> @transactions stage
[2026-02-22T18:38:35.112+0000] {logging_mixin.py:188} INFO - Uploaded /tmp/minio_downloads/transactions_234934102903.parquet -> @transactions stage
[2026-02-22T18:38:35.520+0000] {logging_mixin.py:188} INFO - Uploaded /tmp/minio_downloads/transactions_234934196027.parquet -> @transactions stage
[2026-02-22T18:38:35.707+0000] {logging_mixin.py:188} INFO - Uploaded /tmp/minio_downloads/transactions_234934307523.parquet -> @transactions stage
[2026-02-22T18:38:35.872+0000] {logging_mixin.py:188} INFO - Uploaded /tmp/minio_downloads/transactions_234934396633.parquet -> @transactions stage
[2026-02-22T18:38:36.057+0000] {logging_mixin.py:188} INFO - Uploaded /tmp/minio_downloads/transactions_234934488117.parquet -> @transactions stage
[2026-02-22T18:38:36.240+0000] {logging_mixin.py:188} INFO - Uploaded /tmp/minio_downloads/transactions_234934894146.parquet -> @transactions stage
[2026-02-22T18:38:36.428+0000] {logging_mixin.py:188} INFO - Uploaded /tmp/minio_downloads/transactions_234934986743.parquet -> @transactions stage
[2026-02-22T18:38:36.599+0000] {logging_mixin.py:188} INFO - Uploaded /tmp/minio_downloads/transactions_234935069074.parquet -> @transactions stage
[2026-02-22T18:38:36.759+0000] {logging_mixin.py:188} INFO - Uploaded /tmp/minio_downloads/transactions_234935175949.parquet -> @transactions stage
[2026-02-22T18:38:36.916+0000] {logging_mixin.py:188} INFO - Uploaded /tmp/minio_downloads/transactions_234935272437.parquet -> @transactions stage
[2026-02-22T18:38:37.115+0000] {logging_mixin.py:188} INFO - Uploaded /tmp/minio_downloads/transactions_234935370154.parquet -> @transactions stage
[2026-02-22T18:38:37.310+0000] {logging_mixin.py:188} INFO - Uploaded /tmp/minio_downloads/transactions_234935847189.parquet -> @transactions stage
[2026-02-22T18:38:37.505+0000] {logging_mixin.py:188} INFO - Uploaded /tmp/minio_downloads/transactions_234935955264.parquet -> @transactions stage
[2026-02-22T18:38:37.700+0000] {logging_mixin.py:188} INFO - Uploaded /tmp/minio_downloads/transactions_234936056628.parquet -> @transactions stage
[2026-02-22T18:38:37.870+0000] {logging_mixin.py:188} INFO - Uploaded /tmp/minio_downloads/transactions_234936151468.parquet -> @transactions stage
[2026-02-22T18:38:38.034+0000] {logging_mixin.py:188} INFO - Uploaded /tmp/minio_downloads/transactions_234936251977.parquet -> @transactions stage
[2026-02-22T18:38:38.227+0000] {logging_mixin.py:188} INFO - Uploaded /tmp/minio_downloads/transactions_234936345504.parquet -> @transactions stage
[2026-02-22T18:38:38.399+0000] {logging_mixin.py:188} INFO - Uploaded /tmp/minio_downloads/transactions_234936830532.parquet -> @transactions stage
[2026-02-22T18:38:38.559+0000] {logging_mixin.py:188} INFO - Uploaded /tmp/minio_downloads/transactions_234936940213.parquet -> @transactions stage
[2026-02-22T18:38:38.717+0000] {logging_mixin.py:188} INFO - Uploaded /tmp/minio_downloads/transactions_234937044510.parquet -> @transactions stage
[2026-02-22T18:38:38.880+0000] {logging_mixin.py:188} INFO - Uploaded /tmp/minio_downloads/transactions_234937144436.parquet -> @transactions stage
[2026-02-22T18:38:39.050+0000] {logging_mixin.py:188} INFO - Uploaded /tmp/minio_downloads/transactions_234937237946.parquet -> @transactions stage
[2026-02-22T18:38:39.216+0000] {logging_mixin.py:188} INFO - Uploaded /tmp/minio_downloads/transactions_234937327317.parquet -> @transactions stage
[2026-02-22T18:38:39.373+0000] {logging_mixin.py:188} INFO - Uploaded /tmp/minio_downloads/transactions_234937424237.parquet -> @transactions stage
[2026-02-22T18:38:39.546+0000] {logging_mixin.py:188} INFO - Uploaded /tmp/minio_downloads/transactions_234938006589.parquet -> @transactions stage
[2026-02-22T18:38:39.720+0000] {logging_mixin.py:188} INFO - Uploaded /tmp/minio_downloads/transactions_234938102664.parquet -> @transactions stage
[2026-02-22T18:38:39.888+0000] {logging_mixin.py:188} INFO - Uploaded /tmp/minio_downloads/transactions_234938199199.parquet -> @transactions stage
[2026-02-22T18:38:40.069+0000] {logging_mixin.py:188} INFO - Uploaded /tmp/minio_downloads/transactions_234938297827.parquet -> @transactions stage
[2026-02-22T18:38:40.251+0000] {logging_mixin.py:188} INFO - Uploaded /tmp/minio_downloads/transactions_234938389864.parquet -> @transactions stage
[2026-02-22T18:38:40.424+0000] {logging_mixin.py:188} INFO - Uploaded /tmp/minio_downloads/transactions_234938497275.parquet -> @transactions stage
[2026-02-22T18:38:40.583+0000] {logging_mixin.py:188} INFO - Uploaded /tmp/minio_downloads/transactions_234938991890.parquet -> @transactions stage
[2026-02-22T18:38:40.754+0000] {logging_mixin.py:188} INFO - Uploaded /tmp/minio_downloads/transactions_234939081021.parquet -> @transactions stage
[2026-02-22T18:38:40.925+0000] {logging_mixin.py:188} INFO - Uploaded /tmp/minio_downloads/transactions_234939176644.parquet -> @transactions stage
[2026-02-22T18:38:41.104+0000] {logging_mixin.py:188} INFO - Uploaded /tmp/minio_downloads/transactions_234939278372.parquet -> @transactions stage
[2026-02-22T18:38:41.277+0000] {logging_mixin.py:188} INFO - Uploaded /tmp/minio_downloads/transactions_234939374490.parquet -> @transactions stage
[2026-02-22T18:38:41.459+0000] {logging_mixin.py:188} INFO - Uploaded /tmp/minio_downloads/transactions_234939468089.parquet -> @transactions stage
[2026-02-22T18:38:41.640+0000] {logging_mixin.py:188} INFO - Uploaded /tmp/minio_downloads/transactions_234939997340.parquet -> @transactions stage
[2026-02-22T18:38:41.803+0000] {logging_mixin.py:188} INFO - Uploaded /tmp/minio_downloads/transactions_234940104868.parquet -> @transactions stage
[2026-02-22T18:38:41.972+0000] {logging_mixin.py:188} INFO - Uploaded /tmp/minio_downloads/transactions_234940244694.parquet -> @transactions stage
[2026-02-22T18:38:42.140+0000] {logging_mixin.py:188} INFO - Uploaded /tmp/minio_downloads/transactions_234940358602.parquet -> @transactions stage
[2026-02-22T18:38:42.317+0000] {logging_mixin.py:188} INFO - Uploaded /tmp/minio_downloads/transactions_234940452543.parquet -> @transactions stage
[2026-02-22T18:38:42.499+0000] {logging_mixin.py:188} INFO - Uploaded /tmp/minio_downloads/transactions_234940557059.parquet -> @transactions stage
[2026-02-22T18:38:42.686+0000] {logging_mixin.py:188} INFO - Uploaded /tmp/minio_downloads/transactions_234940659936.parquet -> @transactions stage
[2026-02-22T18:38:42.864+0000] {logging_mixin.py:188} INFO - Uploaded /tmp/minio_downloads/transactions_234941163970.parquet -> @transactions stage
[2026-02-22T18:38:43.047+0000] {logging_mixin.py:188} INFO - Uploaded /tmp/minio_downloads/transactions_234941259224.parquet -> @transactions stage
[2026-02-22T18:38:43.216+0000] {logging_mixin.py:188} INFO - Uploaded /tmp/minio_downloads/transactions_234941365406.parquet -> @transactions stage
[2026-02-22T18:38:43.393+0000] {logging_mixin.py:188} INFO - Uploaded /tmp/minio_downloads/transactions_234941467795.parquet -> @transactions stage
[2026-02-22T18:38:43.561+0000] {logging_mixin.py:188} INFO - Uploaded /tmp/minio_downloads/transactions_234941573322.parquet -> @transactions stage
[2026-02-22T18:38:43.732+0000] {logging_mixin.py:188} INFO - Uploaded /tmp/minio_downloads/transactions_234941662407.parquet -> @transactions stage
[2026-02-22T18:38:43.908+0000] {logging_mixin.py:188} INFO - Uploaded /tmp/minio_downloads/transactions_234942160253.parquet -> @transactions stage
[2026-02-22T18:38:44.077+0000] {logging_mixin.py:188} INFO - Uploaded /tmp/minio_downloads/transactions_234942253356.parquet -> @transactions stage
[2026-02-22T18:38:44.272+0000] {logging_mixin.py:188} INFO - Uploaded /tmp/minio_downloads/transactions_234942350222.parquet -> @transactions stage
[2026-02-22T18:38:44.459+0000] {logging_mixin.py:188} INFO - Uploaded /tmp/minio_downloads/transactions_234942449378.parquet -> @transactions stage
[2026-02-22T18:38:44.633+0000] {logging_mixin.py:188} INFO - Uploaded /tmp/minio_downloads/transactions_234942596005.parquet -> @transactions stage
[2026-02-22T18:38:44.814+0000] {logging_mixin.py:188} INFO - Uploaded /tmp/minio_downloads/transactions_234942682137.parquet -> @transactions stage
[2026-02-22T18:38:44.974+0000] {logging_mixin.py:188} INFO - Uploaded /tmp/minio_downloads/transactions_234943096893.parquet -> @transactions stage
[2026-02-22T18:38:45.133+0000] {logging_mixin.py:188} INFO - Uploaded /tmp/minio_downloads/transactions_234943561718.parquet -> @transactions stage
[2026-02-22T18:38:45.336+0000] {logging_mixin.py:188} INFO - Uploaded /tmp/minio_downloads/transactions_234943780106.parquet -> @transactions stage
[2026-02-22T18:38:45.501+0000] {logging_mixin.py:188} INFO - Uploaded /tmp/minio_downloads/transactions_234943901825.parquet -> @transactions stage
[2026-02-22T18:38:45.673+0000] {logging_mixin.py:188} INFO - Uploaded /tmp/minio_downloads/transactions_234944014291.parquet -> @transactions stage
[2026-02-22T18:38:45.852+0000] {logging_mixin.py:188} INFO - Uploaded /tmp/minio_downloads/transactions_234944140004.parquet -> @transactions stage
[2026-02-22T18:38:46.439+0000] {logging_mixin.py:188} INFO - Data loaded into transactions
[2026-02-22T18:38:46.584+0000] {python.py:237} INFO - Done. Returned value was: None
[2026-02-22T18:38:46.586+0000] {taskinstance.py:441} INFO - ::group::Post task execution logs
[2026-02-22T18:38:46.604+0000] {taskinstance.py:1206} INFO - Marking task as SUCCESS. dag_id=minio_to_snowflake_banking, task_id=load_snowflake, run_id=scheduled__2026-02-22T18:37:00+00:00, execution_date=20260222T183700, start_date=20260222T183813, end_date=20260222T183846
[2026-02-22T18:38:46.650+0000] {local_task_job_runner.py:243} INFO - Task exited with return code 0
[2026-02-22T18:38:46.682+0000] {taskinstance.py:3503} INFO - 0 downstream tasks scheduled from follow-on schedule check
[2026-02-22T18:38:46.689+0000] {local_task_job_runner.py:222} INFO - ::endgroup::
