[2026-02-22T19:42:05.271+0000] {local_task_job_runner.py:120} INFO - ::group::Pre task execution logs
[2026-02-22T19:42:05.309+0000] {taskinstance.py:2076} INFO - Dependencies all met for dep_context=non-requeueable deps ti=<TaskInstance: minio_to_snowflake_banking.download_minio scheduled__2026-02-22T19:41:00+00:00 [queued]>
[2026-02-22T19:42:05.318+0000] {taskinstance.py:2076} INFO - Dependencies all met for dep_context=requeueable deps ti=<TaskInstance: minio_to_snowflake_banking.download_minio scheduled__2026-02-22T19:41:00+00:00 [queued]>
[2026-02-22T19:42:05.320+0000] {taskinstance.py:2306} INFO - Starting attempt 1 of 2
[2026-02-22T19:42:05.337+0000] {taskinstance.py:2330} INFO - Executing <Task(PythonOperator): download_minio> on 2026-02-22 19:41:00+00:00
[2026-02-22T19:42:05.346+0000] {standard_task_runner.py:90} INFO - Running: ['***', 'tasks', 'run', 'minio_to_snowflake_banking', 'download_minio', 'scheduled__2026-02-22T19:41:00+00:00', '--job-id', '1304', '--raw', '--subdir', 'DAGS_FOLDER/minio_to_snowflake_dag.py', '--cfg-path', '/tmp/tmpcd4idfam']
[2026-02-22T19:42:05.349+0000] {standard_task_runner.py:91} INFO - Job 1304: Subtask download_minio
[2026-02-22T19:42:05.351+0000] {logging_mixin.py:188} WARNING - /home/***/.local/lib/python3.12/site-packages/***/task/task_runner/standard_task_runner.py:62 DeprecationWarning: This process (pid=33166) is multi-threaded, use of fork() may lead to deadlocks in the child.
[2026-02-22T19:42:05.352+0000] {standard_task_runner.py:64} INFO - Started process 33183 to run task
[2026-02-22T19:42:05.439+0000] {task_command.py:426} INFO - Running <TaskInstance: minio_to_snowflake_banking.download_minio scheduled__2026-02-22T19:41:00+00:00 [running]> on host f2d9c9e2564d
[2026-02-22T19:42:05.570+0000] {taskinstance.py:2648} INFO - Exporting env vars: AIRFLOW_CTX_DAG_OWNER='***' AIRFLOW_CTX_DAG_ID='minio_to_snowflake_banking' AIRFLOW_CTX_TASK_ID='download_minio' AIRFLOW_CTX_EXECUTION_DATE='2026-02-22T19:41:00+00:00' AIRFLOW_CTX_TRY_NUMBER='1' AIRFLOW_CTX_DAG_RUN_ID='scheduled__2026-02-22T19:41:00+00:00'
[2026-02-22T19:42:05.572+0000] {taskinstance.py:430} INFO - ::endgroup::
[2026-02-22T19:42:06.063+0000] {logging_mixin.py:188} INFO - Downloaded customers/date=2026-02-20/customers_234918105812.parquet -> /tmp/minio_downloads/customers_234918105812.parquet
[2026-02-22T19:42:06.084+0000] {logging_mixin.py:188} INFO - Downloaded customers/date=2026-02-20/customers_234918437151.parquet -> /tmp/minio_downloads/customers_234918437151.parquet
[2026-02-22T19:42:06.104+0000] {logging_mixin.py:188} INFO - Downloaded customers/date=2026-02-20/customers_234918561960.parquet -> /tmp/minio_downloads/customers_234918561960.parquet
[2026-02-22T19:42:06.125+0000] {logging_mixin.py:188} INFO - Downloaded customers/date=2026-02-20/customers_234918669711.parquet -> /tmp/minio_downloads/customers_234918669711.parquet
[2026-02-22T19:42:06.145+0000] {logging_mixin.py:188} INFO - Downloaded customers/date=2026-02-20/customers_234918803581.parquet -> /tmp/minio_downloads/customers_234918803581.parquet
[2026-02-22T19:42:06.168+0000] {logging_mixin.py:188} INFO - Downloaded customers/date=2026-02-20/customers_234918923394.parquet -> /tmp/minio_downloads/customers_234918923394.parquet
[2026-02-22T19:42:06.190+0000] {logging_mixin.py:188} INFO - Downloaded customers/date=2026-02-20/customers_234919120182.parquet -> /tmp/minio_downloads/customers_234919120182.parquet
[2026-02-22T19:42:06.210+0000] {logging_mixin.py:188} INFO - Downloaded customers/date=2026-02-20/customers_234921665207.parquet -> /tmp/minio_downloads/customers_234921665207.parquet
[2026-02-22T19:42:06.232+0000] {logging_mixin.py:188} INFO - Downloaded customers/date=2026-02-20/customers_234921758110.parquet -> /tmp/minio_downloads/customers_234921758110.parquet
[2026-02-22T19:42:06.252+0000] {logging_mixin.py:188} INFO - Downloaded customers/date=2026-02-20/customers_234921847149.parquet -> /tmp/minio_downloads/customers_234921847149.parquet
[2026-02-22T19:42:06.271+0000] {logging_mixin.py:188} INFO - Downloaded customers/date=2026-02-20/customers_234921926178.parquet -> /tmp/minio_downloads/customers_234921926178.parquet
[2026-02-22T19:42:06.292+0000] {logging_mixin.py:188} INFO - Downloaded customers/date=2026-02-20/customers_234922007518.parquet -> /tmp/minio_downloads/customers_234922007518.parquet
[2026-02-22T19:42:06.312+0000] {logging_mixin.py:188} INFO - Downloaded customers/date=2026-02-20/customers_234922078160.parquet -> /tmp/minio_downloads/customers_234922078160.parquet
[2026-02-22T19:42:06.332+0000] {logging_mixin.py:188} INFO - Downloaded customers/date=2026-02-20/customers_234922162590.parquet -> /tmp/minio_downloads/customers_234922162590.parquet
[2026-02-22T19:42:06.352+0000] {logging_mixin.py:188} INFO - Downloaded customers/date=2026-02-20/customers_234922744865.parquet -> /tmp/minio_downloads/customers_234922744865.parquet
[2026-02-22T19:42:06.371+0000] {logging_mixin.py:188} INFO - Downloaded customers/date=2026-02-20/customers_234922834985.parquet -> /tmp/minio_downloads/customers_234922834985.parquet
[2026-02-22T19:42:06.390+0000] {logging_mixin.py:188} INFO - Downloaded customers/date=2026-02-20/customers_234922932607.parquet -> /tmp/minio_downloads/customers_234922932607.parquet
[2026-02-22T19:42:06.410+0000] {logging_mixin.py:188} INFO - Downloaded customers/date=2026-02-20/customers_234923025974.parquet -> /tmp/minio_downloads/customers_234923025974.parquet
[2026-02-22T19:42:06.430+0000] {logging_mixin.py:188} INFO - Downloaded customers/date=2026-02-20/customers_234923111005.parquet -> /tmp/minio_downloads/customers_234923111005.parquet
[2026-02-22T19:42:06.450+0000] {logging_mixin.py:188} INFO - Downloaded customers/date=2026-02-20/customers_234923205643.parquet -> /tmp/minio_downloads/customers_234923205643.parquet
[2026-02-22T19:42:06.655+0000] {logging_mixin.py:188} INFO - Downloaded accounts/date=2026-02-20/accounts_234919229379.parquet -> /tmp/minio_downloads/accounts_234919229379.parquet
[2026-02-22T19:42:06.675+0000] {logging_mixin.py:188} INFO - Downloaded accounts/date=2026-02-20/accounts_234919339290.parquet -> /tmp/minio_downloads/accounts_234919339290.parquet
[2026-02-22T19:42:06.696+0000] {logging_mixin.py:188} INFO - Downloaded accounts/date=2026-02-20/accounts_234920053429.parquet -> /tmp/minio_downloads/accounts_234920053429.parquet
[2026-02-22T19:42:06.718+0000] {logging_mixin.py:188} INFO - Downloaded accounts/date=2026-02-20/accounts_234920162262.parquet -> /tmp/minio_downloads/accounts_234920162262.parquet
[2026-02-22T19:42:06.738+0000] {logging_mixin.py:188} INFO - Downloaded accounts/date=2026-02-20/accounts_234920297803.parquet -> /tmp/minio_downloads/accounts_234920297803.parquet
[2026-02-22T19:42:06.760+0000] {logging_mixin.py:188} INFO - Downloaded accounts/date=2026-02-20/accounts_234920394646.parquet -> /tmp/minio_downloads/accounts_234920394646.parquet
[2026-02-22T19:42:06.781+0000] {logging_mixin.py:188} INFO - Downloaded accounts/date=2026-02-20/accounts_234923335866.parquet -> /tmp/minio_downloads/accounts_234923335866.parquet
[2026-02-22T19:42:06.799+0000] {logging_mixin.py:188} INFO - Downloaded accounts/date=2026-02-20/accounts_234923452458.parquet -> /tmp/minio_downloads/accounts_234923452458.parquet
[2026-02-22T19:42:06.820+0000] {logging_mixin.py:188} INFO - Downloaded accounts/date=2026-02-20/accounts_234923816025.parquet -> /tmp/minio_downloads/accounts_234923816025.parquet
[2026-02-22T19:42:06.841+0000] {logging_mixin.py:188} INFO - Downloaded accounts/date=2026-02-20/accounts_234923976275.parquet -> /tmp/minio_downloads/accounts_234923976275.parquet
[2026-02-22T19:42:06.859+0000] {logging_mixin.py:188} INFO - Downloaded accounts/date=2026-02-20/accounts_234924694842.parquet -> /tmp/minio_downloads/accounts_234924694842.parquet
[2026-02-22T19:42:06.879+0000] {logging_mixin.py:188} INFO - Downloaded accounts/date=2026-02-20/accounts_234924793702.parquet -> /tmp/minio_downloads/accounts_234924793702.parquet
[2026-02-22T19:42:06.897+0000] {logging_mixin.py:188} INFO - Downloaded accounts/date=2026-02-20/accounts_234924894453.parquet -> /tmp/minio_downloads/accounts_234924894453.parquet
[2026-02-22T19:42:06.915+0000] {logging_mixin.py:188} INFO - Downloaded accounts/date=2026-02-20/accounts_234926222060.parquet -> /tmp/minio_downloads/accounts_234926222060.parquet
[2026-02-22T19:42:06.934+0000] {logging_mixin.py:188} INFO - Downloaded accounts/date=2026-02-20/accounts_234926321807.parquet -> /tmp/minio_downloads/accounts_234926321807.parquet
[2026-02-22T19:42:06.952+0000] {logging_mixin.py:188} INFO - Downloaded accounts/date=2026-02-20/accounts_234926416924.parquet -> /tmp/minio_downloads/accounts_234926416924.parquet
[2026-02-22T19:42:06.970+0000] {logging_mixin.py:188} INFO - Downloaded accounts/date=2026-02-20/accounts_234926499851.parquet -> /tmp/minio_downloads/accounts_234926499851.parquet
[2026-02-22T19:42:06.990+0000] {logging_mixin.py:188} INFO - Downloaded accounts/date=2026-02-20/accounts_234926596272.parquet -> /tmp/minio_downloads/accounts_234926596272.parquet
[2026-02-22T19:42:07.008+0000] {logging_mixin.py:188} INFO - Downloaded accounts/date=2026-02-20/accounts_234926697438.parquet -> /tmp/minio_downloads/accounts_234926697438.parquet
[2026-02-22T19:42:07.026+0000] {logging_mixin.py:188} INFO - Downloaded accounts/date=2026-02-20/accounts_234926792866.parquet -> /tmp/minio_downloads/accounts_234926792866.parquet
[2026-02-22T19:42:07.044+0000] {logging_mixin.py:188} INFO - Downloaded accounts/date=2026-02-20/accounts_234928114151.parquet -> /tmp/minio_downloads/accounts_234928114151.parquet
[2026-02-22T19:42:07.063+0000] {logging_mixin.py:188} INFO - Downloaded accounts/date=2026-02-20/accounts_234928202943.parquet -> /tmp/minio_downloads/accounts_234928202943.parquet
[2026-02-22T19:42:07.080+0000] {logging_mixin.py:188} INFO - Downloaded accounts/date=2026-02-20/accounts_234928287885.parquet -> /tmp/minio_downloads/accounts_234928287885.parquet
[2026-02-22T19:42:07.096+0000] {logging_mixin.py:188} INFO - Downloaded accounts/date=2026-02-20/accounts_234928371185.parquet -> /tmp/minio_downloads/accounts_234928371185.parquet
[2026-02-22T19:42:07.113+0000] {logging_mixin.py:188} INFO - Downloaded accounts/date=2026-02-20/accounts_234928457421.parquet -> /tmp/minio_downloads/accounts_234928457421.parquet
[2026-02-22T19:42:07.132+0000] {logging_mixin.py:188} INFO - Downloaded accounts/date=2026-02-20/accounts_234928550187.parquet -> /tmp/minio_downloads/accounts_234928550187.parquet
[2026-02-22T19:42:07.149+0000] {logging_mixin.py:188} INFO - Downloaded accounts/date=2026-02-20/accounts_234929152701.parquet -> /tmp/minio_downloads/accounts_234929152701.parquet
[2026-02-22T19:42:07.166+0000] {logging_mixin.py:188} INFO - Downloaded accounts/date=2026-02-20/accounts_234929241696.parquet -> /tmp/minio_downloads/accounts_234929241696.parquet
[2026-02-22T19:42:07.185+0000] {logging_mixin.py:188} INFO - Downloaded accounts/date=2026-02-20/accounts_234929332029.parquet -> /tmp/minio_downloads/accounts_234929332029.parquet
[2026-02-22T19:42:07.204+0000] {logging_mixin.py:188} INFO - Downloaded accounts/date=2026-02-20/accounts_234929417192.parquet -> /tmp/minio_downloads/accounts_234929417192.parquet
[2026-02-22T19:42:07.223+0000] {logging_mixin.py:188} INFO - Downloaded accounts/date=2026-02-20/accounts_234929507568.parquet -> /tmp/minio_downloads/accounts_234929507568.parquet
[2026-02-22T19:42:07.241+0000] {logging_mixin.py:188} INFO - Downloaded accounts/date=2026-02-20/accounts_234929633147.parquet -> /tmp/minio_downloads/accounts_234929633147.parquet
[2026-02-22T19:42:07.259+0000] {logging_mixin.py:188} INFO - Downloaded accounts/date=2026-02-20/accounts_234929729800.parquet -> /tmp/minio_downloads/accounts_234929729800.parquet
[2026-02-22T19:42:07.275+0000] {logging_mixin.py:188} INFO - Downloaded accounts/date=2026-02-20/accounts_234931169046.parquet -> /tmp/minio_downloads/accounts_234931169046.parquet
[2026-02-22T19:42:07.294+0000] {logging_mixin.py:188} INFO - Downloaded accounts/date=2026-02-20/accounts_234931258522.parquet -> /tmp/minio_downloads/accounts_234931258522.parquet
[2026-02-22T19:42:07.311+0000] {logging_mixin.py:188} INFO - Downloaded accounts/date=2026-02-20/accounts_234931343394.parquet -> /tmp/minio_downloads/accounts_234931343394.parquet
[2026-02-22T19:42:07.329+0000] {logging_mixin.py:188} INFO - Downloaded accounts/date=2026-02-20/accounts_234931436645.parquet -> /tmp/minio_downloads/accounts_234931436645.parquet
[2026-02-22T19:42:07.346+0000] {logging_mixin.py:188} INFO - Downloaded accounts/date=2026-02-20/accounts_234931535175.parquet -> /tmp/minio_downloads/accounts_234931535175.parquet
[2026-02-22T19:42:07.363+0000] {logging_mixin.py:188} INFO - Downloaded accounts/date=2026-02-20/accounts_234931630343.parquet -> /tmp/minio_downloads/accounts_234931630343.parquet
[2026-02-22T19:42:07.382+0000] {logging_mixin.py:188} INFO - Downloaded accounts/date=2026-02-20/accounts_234931720633.parquet -> /tmp/minio_downloads/accounts_234931720633.parquet
[2026-02-22T19:42:07.847+0000] {logging_mixin.py:188} INFO - Downloaded transactions/date=2026-02-20/transactions_234920527637.parquet -> /tmp/minio_downloads/transactions_234920527637.parquet
[2026-02-22T19:42:07.865+0000] {logging_mixin.py:188} INFO - Downloaded transactions/date=2026-02-20/transactions_234920620288.parquet -> /tmp/minio_downloads/transactions_234920620288.parquet
[2026-02-22T19:42:07.885+0000] {logging_mixin.py:188} INFO - Downloaded transactions/date=2026-02-20/transactions_234920743953.parquet -> /tmp/minio_downloads/transactions_234920743953.parquet
[2026-02-22T19:42:07.902+0000] {logging_mixin.py:188} INFO - Downloaded transactions/date=2026-02-20/transactions_234920848936.parquet -> /tmp/minio_downloads/transactions_234920848936.parquet
[2026-02-22T19:42:07.922+0000] {logging_mixin.py:188} INFO - Downloaded transactions/date=2026-02-20/transactions_234920995769.parquet -> /tmp/minio_downloads/transactions_234920995769.parquet
[2026-02-22T19:42:07.943+0000] {logging_mixin.py:188} INFO - Downloaded transactions/date=2026-02-20/transactions_234921095960.parquet -> /tmp/minio_downloads/transactions_234921095960.parquet
[2026-02-22T19:42:07.960+0000] {logging_mixin.py:188} INFO - Downloaded transactions/date=2026-02-20/transactions_234925010888.parquet -> /tmp/minio_downloads/transactions_234925010888.parquet
[2026-02-22T19:42:07.977+0000] {logging_mixin.py:188} INFO - Downloaded transactions/date=2026-02-20/transactions_234925110210.parquet -> /tmp/minio_downloads/transactions_234925110210.parquet
[2026-02-22T19:42:07.994+0000] {logging_mixin.py:188} INFO - Downloaded transactions/date=2026-02-20/transactions_234925202968.parquet -> /tmp/minio_downloads/transactions_234925202968.parquet
[2026-02-22T19:42:08.012+0000] {logging_mixin.py:188} INFO - Downloaded transactions/date=2026-02-20/transactions_234925307206.parquet -> /tmp/minio_downloads/transactions_234925307206.parquet
[2026-02-22T19:42:08.031+0000] {logging_mixin.py:188} INFO - Downloaded transactions/date=2026-02-20/transactions_234925401792.parquet -> /tmp/minio_downloads/transactions_234925401792.parquet
[2026-02-22T19:42:08.049+0000] {logging_mixin.py:188} INFO - Downloaded transactions/date=2026-02-20/transactions_234925495946.parquet -> /tmp/minio_downloads/transactions_234925495946.parquet
[2026-02-22T19:42:08.066+0000] {logging_mixin.py:188} INFO - Downloaded transactions/date=2026-02-20/transactions_234926886678.parquet -> /tmp/minio_downloads/transactions_234926886678.parquet
[2026-02-22T19:42:08.082+0000] {logging_mixin.py:188} INFO - Downloaded transactions/date=2026-02-20/transactions_234926984193.parquet -> /tmp/minio_downloads/transactions_234926984193.parquet
[2026-02-22T19:42:08.100+0000] {logging_mixin.py:188} INFO - Downloaded transactions/date=2026-02-20/transactions_234927074926.parquet -> /tmp/minio_downloads/transactions_234927074926.parquet
[2026-02-22T19:42:08.118+0000] {logging_mixin.py:188} INFO - Downloaded transactions/date=2026-02-20/transactions_234927434757.parquet -> /tmp/minio_downloads/transactions_234927434757.parquet
[2026-02-22T19:42:08.136+0000] {logging_mixin.py:188} INFO - Downloaded transactions/date=2026-02-20/transactions_234927538594.parquet -> /tmp/minio_downloads/transactions_234927538594.parquet
[2026-02-22T19:42:08.154+0000] {logging_mixin.py:188} INFO - Downloaded transactions/date=2026-02-20/transactions_234927639183.parquet -> /tmp/minio_downloads/transactions_234927639183.parquet
[2026-02-22T19:42:08.172+0000] {logging_mixin.py:188} INFO - Downloaded transactions/date=2026-02-20/transactions_234929827495.parquet -> /tmp/minio_downloads/transactions_234929827495.parquet
[2026-02-22T19:42:08.188+0000] {logging_mixin.py:188} INFO - Downloaded transactions/date=2026-02-20/transactions_234929936899.parquet -> /tmp/minio_downloads/transactions_234929936899.parquet
[2026-02-22T19:42:08.206+0000] {logging_mixin.py:188} INFO - Downloaded transactions/date=2026-02-20/transactions_234930133392.parquet -> /tmp/minio_downloads/transactions_234930133392.parquet
[2026-02-22T19:42:08.224+0000] {logging_mixin.py:188} INFO - Downloaded transactions/date=2026-02-20/transactions_234930278006.parquet -> /tmp/minio_downloads/transactions_234930278006.parquet
[2026-02-22T19:42:08.243+0000] {logging_mixin.py:188} INFO - Downloaded transactions/date=2026-02-20/transactions_234930573943.parquet -> /tmp/minio_downloads/transactions_234930573943.parquet
[2026-02-22T19:42:08.264+0000] {logging_mixin.py:188} INFO - Downloaded transactions/date=2026-02-20/transactions_234930673583.parquet -> /tmp/minio_downloads/transactions_234930673583.parquet
[2026-02-22T19:42:08.285+0000] {logging_mixin.py:188} INFO - Downloaded transactions/date=2026-02-20/transactions_234930765189.parquet -> /tmp/minio_downloads/transactions_234930765189.parquet
[2026-02-22T19:42:08.304+0000] {logging_mixin.py:188} INFO - Downloaded transactions/date=2026-02-20/transactions_234932114660.parquet -> /tmp/minio_downloads/transactions_234932114660.parquet
[2026-02-22T19:42:08.321+0000] {logging_mixin.py:188} INFO - Downloaded transactions/date=2026-02-20/transactions_234932192755.parquet -> /tmp/minio_downloads/transactions_234932192755.parquet
[2026-02-22T19:42:08.339+0000] {logging_mixin.py:188} INFO - Downloaded transactions/date=2026-02-20/transactions_234932278168.parquet -> /tmp/minio_downloads/transactions_234932278168.parquet
[2026-02-22T19:42:08.357+0000] {logging_mixin.py:188} INFO - Downloaded transactions/date=2026-02-20/transactions_234932358103.parquet -> /tmp/minio_downloads/transactions_234932358103.parquet
[2026-02-22T19:42:08.375+0000] {logging_mixin.py:188} INFO - Downloaded transactions/date=2026-02-20/transactions_234932442441.parquet -> /tmp/minio_downloads/transactions_234932442441.parquet
[2026-02-22T19:42:08.394+0000] {logging_mixin.py:188} INFO - Downloaded transactions/date=2026-02-20/transactions_234932522727.parquet -> /tmp/minio_downloads/transactions_234932522727.parquet
[2026-02-22T19:42:08.412+0000] {logging_mixin.py:188} INFO - Downloaded transactions/date=2026-02-20/transactions_234932921552.parquet -> /tmp/minio_downloads/transactions_234932921552.parquet
[2026-02-22T19:42:08.429+0000] {logging_mixin.py:188} INFO - Downloaded transactions/date=2026-02-20/transactions_234933016230.parquet -> /tmp/minio_downloads/transactions_234933016230.parquet
[2026-02-22T19:42:08.448+0000] {logging_mixin.py:188} INFO - Downloaded transactions/date=2026-02-20/transactions_234933111052.parquet -> /tmp/minio_downloads/transactions_234933111052.parquet
[2026-02-22T19:42:08.466+0000] {logging_mixin.py:188} INFO - Downloaded transactions/date=2026-02-20/transactions_234933198316.parquet -> /tmp/minio_downloads/transactions_234933198316.parquet
[2026-02-22T19:42:08.485+0000] {logging_mixin.py:188} INFO - Downloaded transactions/date=2026-02-20/transactions_234933278851.parquet -> /tmp/minio_downloads/transactions_234933278851.parquet
[2026-02-22T19:42:08.503+0000] {logging_mixin.py:188} INFO - Downloaded transactions/date=2026-02-20/transactions_234933369230.parquet -> /tmp/minio_downloads/transactions_234933369230.parquet
[2026-02-22T19:42:08.522+0000] {logging_mixin.py:188} INFO - Downloaded transactions/date=2026-02-20/transactions_234933925204.parquet -> /tmp/minio_downloads/transactions_234933925204.parquet
[2026-02-22T19:42:08.540+0000] {logging_mixin.py:188} INFO - Downloaded transactions/date=2026-02-20/transactions_234934009718.parquet -> /tmp/minio_downloads/transactions_234934009718.parquet
[2026-02-22T19:42:08.557+0000] {logging_mixin.py:188} INFO - Downloaded transactions/date=2026-02-20/transactions_234934102903.parquet -> /tmp/minio_downloads/transactions_234934102903.parquet
[2026-02-22T19:42:08.578+0000] {logging_mixin.py:188} INFO - Downloaded transactions/date=2026-02-20/transactions_234934196027.parquet -> /tmp/minio_downloads/transactions_234934196027.parquet
[2026-02-22T19:42:08.598+0000] {logging_mixin.py:188} INFO - Downloaded transactions/date=2026-02-20/transactions_234934307523.parquet -> /tmp/minio_downloads/transactions_234934307523.parquet
[2026-02-22T19:42:08.614+0000] {logging_mixin.py:188} INFO - Downloaded transactions/date=2026-02-20/transactions_234934396633.parquet -> /tmp/minio_downloads/transactions_234934396633.parquet
[2026-02-22T19:42:08.631+0000] {logging_mixin.py:188} INFO - Downloaded transactions/date=2026-02-20/transactions_234934488117.parquet -> /tmp/minio_downloads/transactions_234934488117.parquet
[2026-02-22T19:42:08.648+0000] {logging_mixin.py:188} INFO - Downloaded transactions/date=2026-02-20/transactions_234934894146.parquet -> /tmp/minio_downloads/transactions_234934894146.parquet
[2026-02-22T19:42:08.666+0000] {logging_mixin.py:188} INFO - Downloaded transactions/date=2026-02-20/transactions_234934986743.parquet -> /tmp/minio_downloads/transactions_234934986743.parquet
[2026-02-22T19:42:08.683+0000] {logging_mixin.py:188} INFO - Downloaded transactions/date=2026-02-20/transactions_234935069074.parquet -> /tmp/minio_downloads/transactions_234935069074.parquet
[2026-02-22T19:42:08.700+0000] {logging_mixin.py:188} INFO - Downloaded transactions/date=2026-02-20/transactions_234935175949.parquet -> /tmp/minio_downloads/transactions_234935175949.parquet
[2026-02-22T19:42:08.719+0000] {logging_mixin.py:188} INFO - Downloaded transactions/date=2026-02-20/transactions_234935272437.parquet -> /tmp/minio_downloads/transactions_234935272437.parquet
[2026-02-22T19:42:08.737+0000] {logging_mixin.py:188} INFO - Downloaded transactions/date=2026-02-20/transactions_234935370154.parquet -> /tmp/minio_downloads/transactions_234935370154.parquet
[2026-02-22T19:42:08.755+0000] {logging_mixin.py:188} INFO - Downloaded transactions/date=2026-02-20/transactions_234935847189.parquet -> /tmp/minio_downloads/transactions_234935847189.parquet
[2026-02-22T19:42:08.776+0000] {logging_mixin.py:188} INFO - Downloaded transactions/date=2026-02-20/transactions_234935955264.parquet -> /tmp/minio_downloads/transactions_234935955264.parquet
[2026-02-22T19:42:08.795+0000] {logging_mixin.py:188} INFO - Downloaded transactions/date=2026-02-20/transactions_234936056628.parquet -> /tmp/minio_downloads/transactions_234936056628.parquet
[2026-02-22T19:42:08.812+0000] {logging_mixin.py:188} INFO - Downloaded transactions/date=2026-02-20/transactions_234936151468.parquet -> /tmp/minio_downloads/transactions_234936151468.parquet
[2026-02-22T19:42:08.830+0000] {logging_mixin.py:188} INFO - Downloaded transactions/date=2026-02-20/transactions_234936251977.parquet -> /tmp/minio_downloads/transactions_234936251977.parquet
[2026-02-22T19:42:08.847+0000] {logging_mixin.py:188} INFO - Downloaded transactions/date=2026-02-20/transactions_234936345504.parquet -> /tmp/minio_downloads/transactions_234936345504.parquet
[2026-02-22T19:42:08.864+0000] {logging_mixin.py:188} INFO - Downloaded transactions/date=2026-02-20/transactions_234936830532.parquet -> /tmp/minio_downloads/transactions_234936830532.parquet
[2026-02-22T19:42:08.882+0000] {logging_mixin.py:188} INFO - Downloaded transactions/date=2026-02-20/transactions_234936940213.parquet -> /tmp/minio_downloads/transactions_234936940213.parquet
[2026-02-22T19:42:08.898+0000] {logging_mixin.py:188} INFO - Downloaded transactions/date=2026-02-20/transactions_234937044510.parquet -> /tmp/minio_downloads/transactions_234937044510.parquet
[2026-02-22T19:42:08.915+0000] {logging_mixin.py:188} INFO - Downloaded transactions/date=2026-02-20/transactions_234937144436.parquet -> /tmp/minio_downloads/transactions_234937144436.parquet
[2026-02-22T19:42:08.935+0000] {logging_mixin.py:188} INFO - Downloaded transactions/date=2026-02-20/transactions_234937237946.parquet -> /tmp/minio_downloads/transactions_234937237946.parquet
[2026-02-22T19:42:08.955+0000] {logging_mixin.py:188} INFO - Downloaded transactions/date=2026-02-20/transactions_234937327317.parquet -> /tmp/minio_downloads/transactions_234937327317.parquet
[2026-02-22T19:42:08.977+0000] {logging_mixin.py:188} INFO - Downloaded transactions/date=2026-02-20/transactions_234937424237.parquet -> /tmp/minio_downloads/transactions_234937424237.parquet
[2026-02-22T19:42:08.997+0000] {logging_mixin.py:188} INFO - Downloaded transactions/date=2026-02-20/transactions_234938006589.parquet -> /tmp/minio_downloads/transactions_234938006589.parquet
[2026-02-22T19:42:09.017+0000] {logging_mixin.py:188} INFO - Downloaded transactions/date=2026-02-20/transactions_234938102664.parquet -> /tmp/minio_downloads/transactions_234938102664.parquet
[2026-02-22T19:42:09.039+0000] {logging_mixin.py:188} INFO - Downloaded transactions/date=2026-02-20/transactions_234938199199.parquet -> /tmp/minio_downloads/transactions_234938199199.parquet
[2026-02-22T19:42:09.058+0000] {logging_mixin.py:188} INFO - Downloaded transactions/date=2026-02-20/transactions_234938297827.parquet -> /tmp/minio_downloads/transactions_234938297827.parquet
[2026-02-22T19:42:09.079+0000] {logging_mixin.py:188} INFO - Downloaded transactions/date=2026-02-20/transactions_234938389864.parquet -> /tmp/minio_downloads/transactions_234938389864.parquet
[2026-02-22T19:42:09.100+0000] {logging_mixin.py:188} INFO - Downloaded transactions/date=2026-02-20/transactions_234938497275.parquet -> /tmp/minio_downloads/transactions_234938497275.parquet
[2026-02-22T19:42:09.121+0000] {logging_mixin.py:188} INFO - Downloaded transactions/date=2026-02-20/transactions_234938991890.parquet -> /tmp/minio_downloads/transactions_234938991890.parquet
[2026-02-22T19:42:09.140+0000] {logging_mixin.py:188} INFO - Downloaded transactions/date=2026-02-20/transactions_234939081021.parquet -> /tmp/minio_downloads/transactions_234939081021.parquet
[2026-02-22T19:42:09.156+0000] {logging_mixin.py:188} INFO - Downloaded transactions/date=2026-02-20/transactions_234939176644.parquet -> /tmp/minio_downloads/transactions_234939176644.parquet
[2026-02-22T19:42:09.170+0000] {logging_mixin.py:188} INFO - Downloaded transactions/date=2026-02-20/transactions_234939278372.parquet -> /tmp/minio_downloads/transactions_234939278372.parquet
[2026-02-22T19:42:09.187+0000] {logging_mixin.py:188} INFO - Downloaded transactions/date=2026-02-20/transactions_234939374490.parquet -> /tmp/minio_downloads/transactions_234939374490.parquet
[2026-02-22T19:42:09.201+0000] {logging_mixin.py:188} INFO - Downloaded transactions/date=2026-02-20/transactions_234939468089.parquet -> /tmp/minio_downloads/transactions_234939468089.parquet
[2026-02-22T19:42:09.218+0000] {logging_mixin.py:188} INFO - Downloaded transactions/date=2026-02-20/transactions_234939997340.parquet -> /tmp/minio_downloads/transactions_234939997340.parquet
[2026-02-22T19:42:09.234+0000] {logging_mixin.py:188} INFO - Downloaded transactions/date=2026-02-20/transactions_234940104868.parquet -> /tmp/minio_downloads/transactions_234940104868.parquet
[2026-02-22T19:42:09.254+0000] {logging_mixin.py:188} INFO - Downloaded transactions/date=2026-02-20/transactions_234940244694.parquet -> /tmp/minio_downloads/transactions_234940244694.parquet
[2026-02-22T19:42:09.272+0000] {logging_mixin.py:188} INFO - Downloaded transactions/date=2026-02-20/transactions_234940358602.parquet -> /tmp/minio_downloads/transactions_234940358602.parquet
[2026-02-22T19:42:09.293+0000] {logging_mixin.py:188} INFO - Downloaded transactions/date=2026-02-20/transactions_234940452543.parquet -> /tmp/minio_downloads/transactions_234940452543.parquet
[2026-02-22T19:42:09.313+0000] {logging_mixin.py:188} INFO - Downloaded transactions/date=2026-02-20/transactions_234940557059.parquet -> /tmp/minio_downloads/transactions_234940557059.parquet
[2026-02-22T19:42:09.332+0000] {logging_mixin.py:188} INFO - Downloaded transactions/date=2026-02-20/transactions_234940659936.parquet -> /tmp/minio_downloads/transactions_234940659936.parquet
[2026-02-22T19:42:09.351+0000] {logging_mixin.py:188} INFO - Downloaded transactions/date=2026-02-20/transactions_234941163970.parquet -> /tmp/minio_downloads/transactions_234941163970.parquet
[2026-02-22T19:42:09.371+0000] {logging_mixin.py:188} INFO - Downloaded transactions/date=2026-02-20/transactions_234941259224.parquet -> /tmp/minio_downloads/transactions_234941259224.parquet
[2026-02-22T19:42:09.390+0000] {logging_mixin.py:188} INFO - Downloaded transactions/date=2026-02-20/transactions_234941365406.parquet -> /tmp/minio_downloads/transactions_234941365406.parquet
[2026-02-22T19:42:09.409+0000] {logging_mixin.py:188} INFO - Downloaded transactions/date=2026-02-20/transactions_234941467795.parquet -> /tmp/minio_downloads/transactions_234941467795.parquet
[2026-02-22T19:42:09.428+0000] {logging_mixin.py:188} INFO - Downloaded transactions/date=2026-02-20/transactions_234941573322.parquet -> /tmp/minio_downloads/transactions_234941573322.parquet
[2026-02-22T19:42:09.446+0000] {logging_mixin.py:188} INFO - Downloaded transactions/date=2026-02-20/transactions_234941662407.parquet -> /tmp/minio_downloads/transactions_234941662407.parquet
[2026-02-22T19:42:09.463+0000] {logging_mixin.py:188} INFO - Downloaded transactions/date=2026-02-20/transactions_234942160253.parquet -> /tmp/minio_downloads/transactions_234942160253.parquet
[2026-02-22T19:42:09.483+0000] {logging_mixin.py:188} INFO - Downloaded transactions/date=2026-02-20/transactions_234942253356.parquet -> /tmp/minio_downloads/transactions_234942253356.parquet
[2026-02-22T19:42:09.500+0000] {logging_mixin.py:188} INFO - Downloaded transactions/date=2026-02-20/transactions_234942350222.parquet -> /tmp/minio_downloads/transactions_234942350222.parquet
[2026-02-22T19:42:09.518+0000] {logging_mixin.py:188} INFO - Downloaded transactions/date=2026-02-20/transactions_234942449378.parquet -> /tmp/minio_downloads/transactions_234942449378.parquet
[2026-02-22T19:42:09.536+0000] {logging_mixin.py:188} INFO - Downloaded transactions/date=2026-02-20/transactions_234942596005.parquet -> /tmp/minio_downloads/transactions_234942596005.parquet
[2026-02-22T19:42:09.554+0000] {logging_mixin.py:188} INFO - Downloaded transactions/date=2026-02-20/transactions_234942682137.parquet -> /tmp/minio_downloads/transactions_234942682137.parquet
[2026-02-22T19:42:09.573+0000] {logging_mixin.py:188} INFO - Downloaded transactions/date=2026-02-20/transactions_234943096893.parquet -> /tmp/minio_downloads/transactions_234943096893.parquet
[2026-02-22T19:42:09.600+0000] {logging_mixin.py:188} INFO - Downloaded transactions/date=2026-02-20/transactions_234943561718.parquet -> /tmp/minio_downloads/transactions_234943561718.parquet
[2026-02-22T19:42:09.620+0000] {logging_mixin.py:188} INFO - Downloaded transactions/date=2026-02-20/transactions_234943780106.parquet -> /tmp/minio_downloads/transactions_234943780106.parquet
[2026-02-22T19:42:09.638+0000] {logging_mixin.py:188} INFO - Downloaded transactions/date=2026-02-20/transactions_234943901825.parquet -> /tmp/minio_downloads/transactions_234943901825.parquet
[2026-02-22T19:42:09.653+0000] {logging_mixin.py:188} INFO - Downloaded transactions/date=2026-02-20/transactions_234944014291.parquet -> /tmp/minio_downloads/transactions_234944014291.parquet
[2026-02-22T19:42:09.670+0000] {logging_mixin.py:188} INFO - Downloaded transactions/date=2026-02-20/transactions_234944140004.parquet -> /tmp/minio_downloads/transactions_234944140004.parquet
[2026-02-22T19:42:09.671+0000] {python.py:237} INFO - Done. Returned value was: {'customers': ['/tmp/minio_downloads/customers_234918105812.parquet', '/tmp/minio_downloads/customers_234918437151.parquet', '/tmp/minio_downloads/customers_234918561960.parquet', '/tmp/minio_downloads/customers_234918669711.parquet', '/tmp/minio_downloads/customers_234918803581.parquet', '/tmp/minio_downloads/customers_234918923394.parquet', '/tmp/minio_downloads/customers_234919120182.parquet', '/tmp/minio_downloads/customers_234921665207.parquet', '/tmp/minio_downloads/customers_234921758110.parquet', '/tmp/minio_downloads/customers_234921847149.parquet', '/tmp/minio_downloads/customers_234921926178.parquet', '/tmp/minio_downloads/customers_234922007518.parquet', '/tmp/minio_downloads/customers_234922078160.parquet', '/tmp/minio_downloads/customers_234922162590.parquet', '/tmp/minio_downloads/customers_234922744865.parquet', '/tmp/minio_downloads/customers_234922834985.parquet', '/tmp/minio_downloads/customers_234922932607.parquet', '/tmp/minio_downloads/customers_234923025974.parquet', '/tmp/minio_downloads/customers_234923111005.parquet', '/tmp/minio_downloads/customers_234923205643.parquet'], 'accounts': ['/tmp/minio_downloads/accounts_234919229379.parquet', '/tmp/minio_downloads/accounts_234919339290.parquet', '/tmp/minio_downloads/accounts_234920053429.parquet', '/tmp/minio_downloads/accounts_234920162262.parquet', '/tmp/minio_downloads/accounts_234920297803.parquet', '/tmp/minio_downloads/accounts_234920394646.parquet', '/tmp/minio_downloads/accounts_234923335866.parquet', '/tmp/minio_downloads/accounts_234923452458.parquet', '/tmp/minio_downloads/accounts_234923816025.parquet', '/tmp/minio_downloads/accounts_234923976275.parquet', '/tmp/minio_downloads/accounts_234924694842.parquet', '/tmp/minio_downloads/accounts_234924793702.parquet', '/tmp/minio_downloads/accounts_234924894453.parquet', '/tmp/minio_downloads/accounts_234926222060.parquet', '/tmp/minio_downloads/accounts_234926321807.parquet', '/tmp/minio_downloads/accounts_234926416924.parquet', '/tmp/minio_downloads/accounts_234926499851.parquet', '/tmp/minio_downloads/accounts_234926596272.parquet', '/tmp/minio_downloads/accounts_234926697438.parquet', '/tmp/minio_downloads/accounts_234926792866.parquet', '/tmp/minio_downloads/accounts_234928114151.parquet', '/tmp/minio_downloads/accounts_234928202943.parquet', '/tmp/minio_downloads/accounts_234928287885.parquet', '/tmp/minio_downloads/accounts_234928371185.parquet', '/tmp/minio_downloads/accounts_234928457421.parquet', '/tmp/minio_downloads/accounts_234928550187.parquet', '/tmp/minio_downloads/accounts_234929152701.parquet', '/tmp/minio_downloads/accounts_234929241696.parquet', '/tmp/minio_downloads/accounts_234929332029.parquet', '/tmp/minio_downloads/accounts_234929417192.parquet', '/tmp/minio_downloads/accounts_234929507568.parquet', '/tmp/minio_downloads/accounts_234929633147.parquet', '/tmp/minio_downloads/accounts_234929729800.parquet', '/tmp/minio_downloads/accounts_234931169046.parquet', '/tmp/minio_downloads/accounts_234931258522.parquet', '/tmp/minio_downloads/accounts_234931343394.parquet', '/tmp/minio_downloads/accounts_234931436645.parquet', '/tmp/minio_downloads/accounts_234931535175.parquet', '/tmp/minio_downloads/accounts_234931630343.parquet', '/tmp/minio_downloads/accounts_234931720633.parquet'], 'transactions': ['/tmp/minio_downloads/transactions_234920527637.parquet', '/tmp/minio_downloads/transactions_234920620288.parquet', '/tmp/minio_downloads/transactions_234920743953.parquet', '/tmp/minio_downloads/transactions_234920848936.parquet', '/tmp/minio_downloads/transactions_234920995769.parquet', '/tmp/minio_downloads/transactions_234921095960.parquet', '/tmp/minio_downloads/transactions_234925010888.parquet', '/tmp/minio_downloads/transactions_234925110210.parquet', '/tmp/minio_downloads/transactions_234925202968.parquet', '/tmp/minio_downloads/transactions_234925307206.parquet', '/tmp/minio_downloads/transactions_234925401792.parquet', '/tmp/minio_downloads/transactions_234925495946.parquet', '/tmp/minio_downloads/transactions_234926886678.parquet', '/tmp/minio_downloads/transactions_234926984193.parquet', '/tmp/minio_downloads/transactions_234927074926.parquet', '/tmp/minio_downloads/transactions_234927434757.parquet', '/tmp/minio_downloads/transactions_234927538594.parquet', '/tmp/minio_downloads/transactions_234927639183.parquet', '/tmp/minio_downloads/transactions_234929827495.parquet', '/tmp/minio_downloads/transactions_234929936899.parquet', '/tmp/minio_downloads/transactions_234930133392.parquet', '/tmp/minio_downloads/transactions_234930278006.parquet', '/tmp/minio_downloads/transactions_234930573943.parquet', '/tmp/minio_downloads/transactions_234930673583.parquet', '/tmp/minio_downloads/transactions_234930765189.parquet', '/tmp/minio_downloads/transactions_234932114660.parquet', '/tmp/minio_downloads/transactions_234932192755.parquet', '/tmp/minio_downloads/transactions_234932278168.parquet', '/tmp/minio_downloads/transactions_234932358103.parquet', '/tmp/minio_downloads/transactions_234932442441.parquet', '/tmp/minio_downloads/transactions_234932522727.parquet', '/tmp/minio_downloads/transactions_234932921552.parquet', '/tmp/minio_downloads/transactions_234933016230.parquet', '/tmp/minio_downloads/transactions_234933111052.parquet', '/tmp/minio_downloads/transactions_234933198316.parquet', '/tmp/minio_downloads/transactions_234933278851.parquet', '/tmp/minio_downloads/transactions_234933369230.parquet', '/tmp/minio_downloads/transactions_234933925204.parquet', '/tmp/minio_downloads/transactions_234934009718.parquet', '/tmp/minio_downloads/transactions_234934102903.parquet', '/tmp/minio_downloads/transactions_234934196027.parquet', '/tmp/minio_downloads/transactions_234934307523.parquet', '/tmp/minio_downloads/transactions_234934396633.parquet', '/tmp/minio_downloads/transactions_234934488117.parquet', '/tmp/minio_downloads/transactions_234934894146.parquet', '/tmp/minio_downloads/transactions_234934986743.parquet', '/tmp/minio_downloads/transactions_234935069074.parquet', '/tmp/minio_downloads/transactions_234935175949.parquet', '/tmp/minio_downloads/transactions_234935272437.parquet', '/tmp/minio_downloads/transactions_234935370154.parquet', '/tmp/minio_downloads/transactions_234935847189.parquet', '/tmp/minio_downloads/transactions_234935955264.parquet', '/tmp/minio_downloads/transactions_234936056628.parquet', '/tmp/minio_downloads/transactions_234936151468.parquet', '/tmp/minio_downloads/transactions_234936251977.parquet', '/tmp/minio_downloads/transactions_234936345504.parquet', '/tmp/minio_downloads/transactions_234936830532.parquet', '/tmp/minio_downloads/transactions_234936940213.parquet', '/tmp/minio_downloads/transactions_234937044510.parquet', '/tmp/minio_downloads/transactions_234937144436.parquet', '/tmp/minio_downloads/transactions_234937237946.parquet', '/tmp/minio_downloads/transactions_234937327317.parquet', '/tmp/minio_downloads/transactions_234937424237.parquet', '/tmp/minio_downloads/transactions_234938006589.parquet', '/tmp/minio_downloads/transactions_234938102664.parquet', '/tmp/minio_downloads/transactions_234938199199.parquet', '/tmp/minio_downloads/transactions_234938297827.parquet', '/tmp/minio_downloads/transactions_234938389864.parquet', '/tmp/minio_downloads/transactions_234938497275.parquet', '/tmp/minio_downloads/transactions_234938991890.parquet', '/tmp/minio_downloads/transactions_234939081021.parquet', '/tmp/minio_downloads/transactions_234939176644.parquet', '/tmp/minio_downloads/transactions_234939278372.parquet', '/tmp/minio_downloads/transactions_234939374490.parquet', '/tmp/minio_downloads/transactions_234939468089.parquet', '/tmp/minio_downloads/transactions_234939997340.parquet', '/tmp/minio_downloads/transactions_234940104868.parquet', '/tmp/minio_downloads/transactions_234940244694.parquet', '/tmp/minio_downloads/transactions_234940358602.parquet', '/tmp/minio_downloads/transactions_234940452543.parquet', '/tmp/minio_downloads/transactions_234940557059.parquet', '/tmp/minio_downloads/transactions_234940659936.parquet', '/tmp/minio_downloads/transactions_234941163970.parquet', '/tmp/minio_downloads/transactions_234941259224.parquet', '/tmp/minio_downloads/transactions_234941365406.parquet', '/tmp/minio_downloads/transactions_234941467795.parquet', '/tmp/minio_downloads/transactions_234941573322.parquet', '/tmp/minio_downloads/transactions_234941662407.parquet', '/tmp/minio_downloads/transactions_234942160253.parquet', '/tmp/minio_downloads/transactions_234942253356.parquet', '/tmp/minio_downloads/transactions_234942350222.parquet', '/tmp/minio_downloads/transactions_234942449378.parquet', '/tmp/minio_downloads/transactions_234942596005.parquet', '/tmp/minio_downloads/transactions_234942682137.parquet', '/tmp/minio_downloads/transactions_234943096893.parquet', '/tmp/minio_downloads/transactions_234943561718.parquet', '/tmp/minio_downloads/transactions_234943780106.parquet', '/tmp/minio_downloads/transactions_234943901825.parquet', '/tmp/minio_downloads/transactions_234944014291.parquet', '/tmp/minio_downloads/transactions_234944140004.parquet']}
[2026-02-22T19:42:09.672+0000] {taskinstance.py:441} INFO - ::group::Post task execution logs
[2026-02-22T19:42:09.703+0000] {taskinstance.py:1206} INFO - Marking task as SUCCESS. dag_id=minio_to_snowflake_banking, task_id=download_minio, run_id=scheduled__2026-02-22T19:41:00+00:00, execution_date=20260222T194100, start_date=20260222T194205, end_date=20260222T194209
[2026-02-22T19:42:09.748+0000] {local_task_job_runner.py:243} INFO - Task exited with return code 0
[2026-02-22T19:42:09.771+0000] {taskinstance.py:3503} INFO - 1 downstream tasks scheduled from follow-on schedule check
[2026-02-22T19:42:09.776+0000] {local_task_job_runner.py:222} INFO - ::endgroup::
