[2026-02-22T10:02:04.433+0000] {local_task_job_runner.py:120} INFO - ::group::Pre task execution logs
[2026-02-22T10:02:04.474+0000] {taskinstance.py:2076} INFO - Dependencies all met for dep_context=non-requeueable deps ti=<TaskInstance: minio_to_snowflake_banking.download_minio scheduled__2026-02-22T10:01:00+00:00 [queued]>
[2026-02-22T10:02:04.483+0000] {taskinstance.py:2076} INFO - Dependencies all met for dep_context=requeueable deps ti=<TaskInstance: minio_to_snowflake_banking.download_minio scheduled__2026-02-22T10:01:00+00:00 [queued]>
[2026-02-22T10:02:04.485+0000] {taskinstance.py:2306} INFO - Starting attempt 1 of 2
[2026-02-22T10:02:04.504+0000] {taskinstance.py:2330} INFO - Executing <Task(PythonOperator): download_minio> on 2026-02-22 10:01:00+00:00
[2026-02-22T10:02:04.516+0000] {standard_task_runner.py:90} INFO - Running: ['***', 'tasks', 'run', 'minio_to_snowflake_banking', 'download_minio', 'scheduled__2026-02-22T10:01:00+00:00', '--job-id', '139', '--raw', '--subdir', 'DAGS_FOLDER/minio_to_snowflake_dag.py', '--cfg-path', '/tmp/tmp8beibreb']
[2026-02-22T10:02:04.520+0000] {standard_task_runner.py:91} INFO - Job 139: Subtask download_minio
[2026-02-22T10:02:04.521+0000] {logging_mixin.py:188} WARNING - /home/***/.local/lib/python3.12/site-packages/***/task/task_runner/standard_task_runner.py:62 DeprecationWarning: This process (pid=30636) is multi-threaded, use of fork() may lead to deadlocks in the child.
[2026-02-22T10:02:04.522+0000] {standard_task_runner.py:64} INFO - Started process 30648 to run task
[2026-02-22T10:02:04.623+0000] {task_command.py:426} INFO - Running <TaskInstance: minio_to_snowflake_banking.download_minio scheduled__2026-02-22T10:01:00+00:00 [running]> on host f2d9c9e2564d
[2026-02-22T10:02:04.765+0000] {taskinstance.py:2648} INFO - Exporting env vars: AIRFLOW_CTX_DAG_OWNER='***' AIRFLOW_CTX_DAG_ID='minio_to_snowflake_banking' AIRFLOW_CTX_TASK_ID='download_minio' AIRFLOW_CTX_EXECUTION_DATE='2026-02-22T10:01:00+00:00' AIRFLOW_CTX_TRY_NUMBER='1' AIRFLOW_CTX_DAG_RUN_ID='scheduled__2026-02-22T10:01:00+00:00'
[2026-02-22T10:02:04.767+0000] {taskinstance.py:430} INFO - ::endgroup::
[2026-02-22T10:02:05.303+0000] {logging_mixin.py:188} INFO - Downloaded customers/date=2026-02-20/customers_234918105812.parquet -> /tmp/minio_downloads/customers_234918105812.parquet
[2026-02-22T10:02:05.329+0000] {logging_mixin.py:188} INFO - Downloaded customers/date=2026-02-20/customers_234918437151.parquet -> /tmp/minio_downloads/customers_234918437151.parquet
[2026-02-22T10:02:05.353+0000] {logging_mixin.py:188} INFO - Downloaded customers/date=2026-02-20/customers_234918561960.parquet -> /tmp/minio_downloads/customers_234918561960.parquet
[2026-02-22T10:02:05.376+0000] {logging_mixin.py:188} INFO - Downloaded customers/date=2026-02-20/customers_234918669711.parquet -> /tmp/minio_downloads/customers_234918669711.parquet
[2026-02-22T10:02:05.399+0000] {logging_mixin.py:188} INFO - Downloaded customers/date=2026-02-20/customers_234918803581.parquet -> /tmp/minio_downloads/customers_234918803581.parquet
[2026-02-22T10:02:05.422+0000] {logging_mixin.py:188} INFO - Downloaded customers/date=2026-02-20/customers_234918923394.parquet -> /tmp/minio_downloads/customers_234918923394.parquet
[2026-02-22T10:02:05.447+0000] {logging_mixin.py:188} INFO - Downloaded customers/date=2026-02-20/customers_234919120182.parquet -> /tmp/minio_downloads/customers_234919120182.parquet
[2026-02-22T10:02:05.471+0000] {logging_mixin.py:188} INFO - Downloaded customers/date=2026-02-20/customers_234921665207.parquet -> /tmp/minio_downloads/customers_234921665207.parquet
[2026-02-22T10:02:05.498+0000] {logging_mixin.py:188} INFO - Downloaded customers/date=2026-02-20/customers_234921758110.parquet -> /tmp/minio_downloads/customers_234921758110.parquet
[2026-02-22T10:02:05.521+0000] {logging_mixin.py:188} INFO - Downloaded customers/date=2026-02-20/customers_234921847149.parquet -> /tmp/minio_downloads/customers_234921847149.parquet
[2026-02-22T10:02:05.544+0000] {logging_mixin.py:188} INFO - Downloaded customers/date=2026-02-20/customers_234921926178.parquet -> /tmp/minio_downloads/customers_234921926178.parquet
[2026-02-22T10:02:05.567+0000] {logging_mixin.py:188} INFO - Downloaded customers/date=2026-02-20/customers_234922007518.parquet -> /tmp/minio_downloads/customers_234922007518.parquet
[2026-02-22T10:02:05.593+0000] {logging_mixin.py:188} INFO - Downloaded customers/date=2026-02-20/customers_234922078160.parquet -> /tmp/minio_downloads/customers_234922078160.parquet
[2026-02-22T10:02:05.618+0000] {logging_mixin.py:188} INFO - Downloaded customers/date=2026-02-20/customers_234922162590.parquet -> /tmp/minio_downloads/customers_234922162590.parquet
[2026-02-22T10:02:05.642+0000] {logging_mixin.py:188} INFO - Downloaded customers/date=2026-02-20/customers_234922744865.parquet -> /tmp/minio_downloads/customers_234922744865.parquet
[2026-02-22T10:02:05.665+0000] {logging_mixin.py:188} INFO - Downloaded customers/date=2026-02-20/customers_234922834985.parquet -> /tmp/minio_downloads/customers_234922834985.parquet
[2026-02-22T10:02:05.686+0000] {logging_mixin.py:188} INFO - Downloaded customers/date=2026-02-20/customers_234922932607.parquet -> /tmp/minio_downloads/customers_234922932607.parquet
[2026-02-22T10:02:05.708+0000] {logging_mixin.py:188} INFO - Downloaded customers/date=2026-02-20/customers_234923025974.parquet -> /tmp/minio_downloads/customers_234923025974.parquet
[2026-02-22T10:02:05.732+0000] {logging_mixin.py:188} INFO - Downloaded customers/date=2026-02-20/customers_234923111005.parquet -> /tmp/minio_downloads/customers_234923111005.parquet
[2026-02-22T10:02:05.756+0000] {logging_mixin.py:188} INFO - Downloaded customers/date=2026-02-20/customers_234923205643.parquet -> /tmp/minio_downloads/customers_234923205643.parquet
[2026-02-22T10:02:06.068+0000] {logging_mixin.py:188} INFO - Downloaded accounts/date=2026-02-20/accounts_234919229379.parquet -> /tmp/minio_downloads/accounts_234919229379.parquet
[2026-02-22T10:02:06.090+0000] {logging_mixin.py:188} INFO - Downloaded accounts/date=2026-02-20/accounts_234919339290.parquet -> /tmp/minio_downloads/accounts_234919339290.parquet
[2026-02-22T10:02:06.112+0000] {logging_mixin.py:188} INFO - Downloaded accounts/date=2026-02-20/accounts_234920053429.parquet -> /tmp/minio_downloads/accounts_234920053429.parquet
[2026-02-22T10:02:06.135+0000] {logging_mixin.py:188} INFO - Downloaded accounts/date=2026-02-20/accounts_234920162262.parquet -> /tmp/minio_downloads/accounts_234920162262.parquet
[2026-02-22T10:02:06.158+0000] {logging_mixin.py:188} INFO - Downloaded accounts/date=2026-02-20/accounts_234920297803.parquet -> /tmp/minio_downloads/accounts_234920297803.parquet
[2026-02-22T10:02:06.182+0000] {logging_mixin.py:188} INFO - Downloaded accounts/date=2026-02-20/accounts_234920394646.parquet -> /tmp/minio_downloads/accounts_234920394646.parquet
[2026-02-22T10:02:06.207+0000] {logging_mixin.py:188} INFO - Downloaded accounts/date=2026-02-20/accounts_234923335866.parquet -> /tmp/minio_downloads/accounts_234923335866.parquet
[2026-02-22T10:02:06.228+0000] {logging_mixin.py:188} INFO - Downloaded accounts/date=2026-02-20/accounts_234923452458.parquet -> /tmp/minio_downloads/accounts_234923452458.parquet
[2026-02-22T10:02:06.251+0000] {logging_mixin.py:188} INFO - Downloaded accounts/date=2026-02-20/accounts_234923816025.parquet -> /tmp/minio_downloads/accounts_234923816025.parquet
[2026-02-22T10:02:06.274+0000] {logging_mixin.py:188} INFO - Downloaded accounts/date=2026-02-20/accounts_234923976275.parquet -> /tmp/minio_downloads/accounts_234923976275.parquet
[2026-02-22T10:02:06.297+0000] {logging_mixin.py:188} INFO - Downloaded accounts/date=2026-02-20/accounts_234924694842.parquet -> /tmp/minio_downloads/accounts_234924694842.parquet
[2026-02-22T10:02:06.321+0000] {logging_mixin.py:188} INFO - Downloaded accounts/date=2026-02-20/accounts_234924793702.parquet -> /tmp/minio_downloads/accounts_234924793702.parquet
[2026-02-22T10:02:06.343+0000] {logging_mixin.py:188} INFO - Downloaded accounts/date=2026-02-20/accounts_234924894453.parquet -> /tmp/minio_downloads/accounts_234924894453.parquet
[2026-02-22T10:02:06.364+0000] {logging_mixin.py:188} INFO - Downloaded accounts/date=2026-02-20/accounts_234926222060.parquet -> /tmp/minio_downloads/accounts_234926222060.parquet
[2026-02-22T10:02:06.387+0000] {logging_mixin.py:188} INFO - Downloaded accounts/date=2026-02-20/accounts_234926321807.parquet -> /tmp/minio_downloads/accounts_234926321807.parquet
[2026-02-22T10:02:06.411+0000] {logging_mixin.py:188} INFO - Downloaded accounts/date=2026-02-20/accounts_234926416924.parquet -> /tmp/minio_downloads/accounts_234926416924.parquet
[2026-02-22T10:02:06.435+0000] {logging_mixin.py:188} INFO - Downloaded accounts/date=2026-02-20/accounts_234926499851.parquet -> /tmp/minio_downloads/accounts_234926499851.parquet
[2026-02-22T10:02:06.459+0000] {logging_mixin.py:188} INFO - Downloaded accounts/date=2026-02-20/accounts_234926596272.parquet -> /tmp/minio_downloads/accounts_234926596272.parquet
[2026-02-22T10:02:06.484+0000] {logging_mixin.py:188} INFO - Downloaded accounts/date=2026-02-20/accounts_234926697438.parquet -> /tmp/minio_downloads/accounts_234926697438.parquet
[2026-02-22T10:02:06.508+0000] {logging_mixin.py:188} INFO - Downloaded accounts/date=2026-02-20/accounts_234926792866.parquet -> /tmp/minio_downloads/accounts_234926792866.parquet
[2026-02-22T10:02:06.535+0000] {logging_mixin.py:188} INFO - Downloaded accounts/date=2026-02-20/accounts_234928114151.parquet -> /tmp/minio_downloads/accounts_234928114151.parquet
[2026-02-22T10:02:06.561+0000] {logging_mixin.py:188} INFO - Downloaded accounts/date=2026-02-20/accounts_234928202943.parquet -> /tmp/minio_downloads/accounts_234928202943.parquet
[2026-02-22T10:02:06.586+0000] {logging_mixin.py:188} INFO - Downloaded accounts/date=2026-02-20/accounts_234928287885.parquet -> /tmp/minio_downloads/accounts_234928287885.parquet
[2026-02-22T10:02:06.611+0000] {logging_mixin.py:188} INFO - Downloaded accounts/date=2026-02-20/accounts_234928371185.parquet -> /tmp/minio_downloads/accounts_234928371185.parquet
[2026-02-22T10:02:06.638+0000] {logging_mixin.py:188} INFO - Downloaded accounts/date=2026-02-20/accounts_234928457421.parquet -> /tmp/minio_downloads/accounts_234928457421.parquet
[2026-02-22T10:02:06.661+0000] {logging_mixin.py:188} INFO - Downloaded accounts/date=2026-02-20/accounts_234928550187.parquet -> /tmp/minio_downloads/accounts_234928550187.parquet
[2026-02-22T10:02:06.688+0000] {logging_mixin.py:188} INFO - Downloaded accounts/date=2026-02-20/accounts_234929152701.parquet -> /tmp/minio_downloads/accounts_234929152701.parquet
[2026-02-22T10:02:06.715+0000] {logging_mixin.py:188} INFO - Downloaded accounts/date=2026-02-20/accounts_234929241696.parquet -> /tmp/minio_downloads/accounts_234929241696.parquet
[2026-02-22T10:02:06.740+0000] {logging_mixin.py:188} INFO - Downloaded accounts/date=2026-02-20/accounts_234929332029.parquet -> /tmp/minio_downloads/accounts_234929332029.parquet
[2026-02-22T10:02:06.766+0000] {logging_mixin.py:188} INFO - Downloaded accounts/date=2026-02-20/accounts_234929417192.parquet -> /tmp/minio_downloads/accounts_234929417192.parquet
[2026-02-22T10:02:06.791+0000] {logging_mixin.py:188} INFO - Downloaded accounts/date=2026-02-20/accounts_234929507568.parquet -> /tmp/minio_downloads/accounts_234929507568.parquet
[2026-02-22T10:02:06.815+0000] {logging_mixin.py:188} INFO - Downloaded accounts/date=2026-02-20/accounts_234929633147.parquet -> /tmp/minio_downloads/accounts_234929633147.parquet
[2026-02-22T10:02:06.839+0000] {logging_mixin.py:188} INFO - Downloaded accounts/date=2026-02-20/accounts_234929729800.parquet -> /tmp/minio_downloads/accounts_234929729800.parquet
[2026-02-22T10:02:06.865+0000] {logging_mixin.py:188} INFO - Downloaded accounts/date=2026-02-20/accounts_234931169046.parquet -> /tmp/minio_downloads/accounts_234931169046.parquet
[2026-02-22T10:02:06.889+0000] {logging_mixin.py:188} INFO - Downloaded accounts/date=2026-02-20/accounts_234931258522.parquet -> /tmp/minio_downloads/accounts_234931258522.parquet
[2026-02-22T10:02:06.914+0000] {logging_mixin.py:188} INFO - Downloaded accounts/date=2026-02-20/accounts_234931343394.parquet -> /tmp/minio_downloads/accounts_234931343394.parquet
[2026-02-22T10:02:06.938+0000] {logging_mixin.py:188} INFO - Downloaded accounts/date=2026-02-20/accounts_234931436645.parquet -> /tmp/minio_downloads/accounts_234931436645.parquet
[2026-02-22T10:02:06.961+0000] {logging_mixin.py:188} INFO - Downloaded accounts/date=2026-02-20/accounts_234931535175.parquet -> /tmp/minio_downloads/accounts_234931535175.parquet
[2026-02-22T10:02:06.985+0000] {logging_mixin.py:188} INFO - Downloaded accounts/date=2026-02-20/accounts_234931630343.parquet -> /tmp/minio_downloads/accounts_234931630343.parquet
[2026-02-22T10:02:07.009+0000] {logging_mixin.py:188} INFO - Downloaded accounts/date=2026-02-20/accounts_234931720633.parquet -> /tmp/minio_downloads/accounts_234931720633.parquet
[2026-02-22T10:02:07.638+0000] {logging_mixin.py:188} INFO - Downloaded transactions/date=2026-02-20/transactions_234920527637.parquet -> /tmp/minio_downloads/transactions_234920527637.parquet
[2026-02-22T10:02:07.662+0000] {logging_mixin.py:188} INFO - Downloaded transactions/date=2026-02-20/transactions_234920620288.parquet -> /tmp/minio_downloads/transactions_234920620288.parquet
[2026-02-22T10:02:07.687+0000] {logging_mixin.py:188} INFO - Downloaded transactions/date=2026-02-20/transactions_234920743953.parquet -> /tmp/minio_downloads/transactions_234920743953.parquet
[2026-02-22T10:02:07.712+0000] {logging_mixin.py:188} INFO - Downloaded transactions/date=2026-02-20/transactions_234920848936.parquet -> /tmp/minio_downloads/transactions_234920848936.parquet
[2026-02-22T10:02:07.736+0000] {logging_mixin.py:188} INFO - Downloaded transactions/date=2026-02-20/transactions_234920995769.parquet -> /tmp/minio_downloads/transactions_234920995769.parquet
[2026-02-22T10:02:07.758+0000] {logging_mixin.py:188} INFO - Downloaded transactions/date=2026-02-20/transactions_234921095960.parquet -> /tmp/minio_downloads/transactions_234921095960.parquet
[2026-02-22T10:02:07.783+0000] {logging_mixin.py:188} INFO - Downloaded transactions/date=2026-02-20/transactions_234925010888.parquet -> /tmp/minio_downloads/transactions_234925010888.parquet
[2026-02-22T10:02:07.812+0000] {logging_mixin.py:188} INFO - Downloaded transactions/date=2026-02-20/transactions_234925110210.parquet -> /tmp/minio_downloads/transactions_234925110210.parquet
[2026-02-22T10:02:07.837+0000] {logging_mixin.py:188} INFO - Downloaded transactions/date=2026-02-20/transactions_234925202968.parquet -> /tmp/minio_downloads/transactions_234925202968.parquet
[2026-02-22T10:02:07.862+0000] {logging_mixin.py:188} INFO - Downloaded transactions/date=2026-02-20/transactions_234925307206.parquet -> /tmp/minio_downloads/transactions_234925307206.parquet
[2026-02-22T10:02:07.894+0000] {logging_mixin.py:188} INFO - Downloaded transactions/date=2026-02-20/transactions_234925401792.parquet -> /tmp/minio_downloads/transactions_234925401792.parquet
[2026-02-22T10:02:07.926+0000] {logging_mixin.py:188} INFO - Downloaded transactions/date=2026-02-20/transactions_234925495946.parquet -> /tmp/minio_downloads/transactions_234925495946.parquet
[2026-02-22T10:02:07.954+0000] {logging_mixin.py:188} INFO - Downloaded transactions/date=2026-02-20/transactions_234926886678.parquet -> /tmp/minio_downloads/transactions_234926886678.parquet
[2026-02-22T10:02:07.979+0000] {logging_mixin.py:188} INFO - Downloaded transactions/date=2026-02-20/transactions_234926984193.parquet -> /tmp/minio_downloads/transactions_234926984193.parquet
[2026-02-22T10:02:08.026+0000] {logging_mixin.py:188} INFO - Downloaded transactions/date=2026-02-20/transactions_234927074926.parquet -> /tmp/minio_downloads/transactions_234927074926.parquet
[2026-02-22T10:02:08.072+0000] {logging_mixin.py:188} INFO - Downloaded transactions/date=2026-02-20/transactions_234927434757.parquet -> /tmp/minio_downloads/transactions_234927434757.parquet
[2026-02-22T10:02:08.120+0000] {logging_mixin.py:188} INFO - Downloaded transactions/date=2026-02-20/transactions_234927538594.parquet -> /tmp/minio_downloads/transactions_234927538594.parquet
[2026-02-22T10:02:08.157+0000] {logging_mixin.py:188} INFO - Downloaded transactions/date=2026-02-20/transactions_234927639183.parquet -> /tmp/minio_downloads/transactions_234927639183.parquet
[2026-02-22T10:02:08.197+0000] {logging_mixin.py:188} INFO - Downloaded transactions/date=2026-02-20/transactions_234929827495.parquet -> /tmp/minio_downloads/transactions_234929827495.parquet
[2026-02-22T10:02:08.226+0000] {logging_mixin.py:188} INFO - Downloaded transactions/date=2026-02-20/transactions_234929936899.parquet -> /tmp/minio_downloads/transactions_234929936899.parquet
[2026-02-22T10:02:08.250+0000] {logging_mixin.py:188} INFO - Downloaded transactions/date=2026-02-20/transactions_234930133392.parquet -> /tmp/minio_downloads/transactions_234930133392.parquet
[2026-02-22T10:02:08.273+0000] {logging_mixin.py:188} INFO - Downloaded transactions/date=2026-02-20/transactions_234930278006.parquet -> /tmp/minio_downloads/transactions_234930278006.parquet
[2026-02-22T10:02:08.296+0000] {logging_mixin.py:188} INFO - Downloaded transactions/date=2026-02-20/transactions_234930573943.parquet -> /tmp/minio_downloads/transactions_234930573943.parquet
[2026-02-22T10:02:08.319+0000] {logging_mixin.py:188} INFO - Downloaded transactions/date=2026-02-20/transactions_234930673583.parquet -> /tmp/minio_downloads/transactions_234930673583.parquet
[2026-02-22T10:02:08.342+0000] {logging_mixin.py:188} INFO - Downloaded transactions/date=2026-02-20/transactions_234930765189.parquet -> /tmp/minio_downloads/transactions_234930765189.parquet
[2026-02-22T10:02:08.367+0000] {logging_mixin.py:188} INFO - Downloaded transactions/date=2026-02-20/transactions_234932114660.parquet -> /tmp/minio_downloads/transactions_234932114660.parquet
[2026-02-22T10:02:08.390+0000] {logging_mixin.py:188} INFO - Downloaded transactions/date=2026-02-20/transactions_234932192755.parquet -> /tmp/minio_downloads/transactions_234932192755.parquet
[2026-02-22T10:02:08.415+0000] {logging_mixin.py:188} INFO - Downloaded transactions/date=2026-02-20/transactions_234932278168.parquet -> /tmp/minio_downloads/transactions_234932278168.parquet
[2026-02-22T10:02:08.444+0000] {logging_mixin.py:188} INFO - Downloaded transactions/date=2026-02-20/transactions_234932358103.parquet -> /tmp/minio_downloads/transactions_234932358103.parquet
[2026-02-22T10:02:08.468+0000] {logging_mixin.py:188} INFO - Downloaded transactions/date=2026-02-20/transactions_234932442441.parquet -> /tmp/minio_downloads/transactions_234932442441.parquet
[2026-02-22T10:02:08.494+0000] {logging_mixin.py:188} INFO - Downloaded transactions/date=2026-02-20/transactions_234932522727.parquet -> /tmp/minio_downloads/transactions_234932522727.parquet
[2026-02-22T10:02:08.523+0000] {logging_mixin.py:188} INFO - Downloaded transactions/date=2026-02-20/transactions_234932921552.parquet -> /tmp/minio_downloads/transactions_234932921552.parquet
[2026-02-22T10:02:08.551+0000] {logging_mixin.py:188} INFO - Downloaded transactions/date=2026-02-20/transactions_234933016230.parquet -> /tmp/minio_downloads/transactions_234933016230.parquet
[2026-02-22T10:02:08.583+0000] {logging_mixin.py:188} INFO - Downloaded transactions/date=2026-02-20/transactions_234933111052.parquet -> /tmp/minio_downloads/transactions_234933111052.parquet
[2026-02-22T10:02:08.611+0000] {logging_mixin.py:188} INFO - Downloaded transactions/date=2026-02-20/transactions_234933198316.parquet -> /tmp/minio_downloads/transactions_234933198316.parquet
[2026-02-22T10:02:08.649+0000] {logging_mixin.py:188} INFO - Downloaded transactions/date=2026-02-20/transactions_234933278851.parquet -> /tmp/minio_downloads/transactions_234933278851.parquet
[2026-02-22T10:02:08.677+0000] {logging_mixin.py:188} INFO - Downloaded transactions/date=2026-02-20/transactions_234933369230.parquet -> /tmp/minio_downloads/transactions_234933369230.parquet
[2026-02-22T10:02:08.706+0000] {logging_mixin.py:188} INFO - Downloaded transactions/date=2026-02-20/transactions_234933925204.parquet -> /tmp/minio_downloads/transactions_234933925204.parquet
[2026-02-22T10:02:08.735+0000] {logging_mixin.py:188} INFO - Downloaded transactions/date=2026-02-20/transactions_234934009718.parquet -> /tmp/minio_downloads/transactions_234934009718.parquet
[2026-02-22T10:02:08.765+0000] {logging_mixin.py:188} INFO - Downloaded transactions/date=2026-02-20/transactions_234934102903.parquet -> /tmp/minio_downloads/transactions_234934102903.parquet
[2026-02-22T10:02:08.792+0000] {logging_mixin.py:188} INFO - Downloaded transactions/date=2026-02-20/transactions_234934196027.parquet -> /tmp/minio_downloads/transactions_234934196027.parquet
[2026-02-22T10:02:08.819+0000] {logging_mixin.py:188} INFO - Downloaded transactions/date=2026-02-20/transactions_234934307523.parquet -> /tmp/minio_downloads/transactions_234934307523.parquet
[2026-02-22T10:02:08.851+0000] {logging_mixin.py:188} INFO - Downloaded transactions/date=2026-02-20/transactions_234934396633.parquet -> /tmp/minio_downloads/transactions_234934396633.parquet
[2026-02-22T10:02:08.878+0000] {logging_mixin.py:188} INFO - Downloaded transactions/date=2026-02-20/transactions_234934488117.parquet -> /tmp/minio_downloads/transactions_234934488117.parquet
[2026-02-22T10:02:08.905+0000] {logging_mixin.py:188} INFO - Downloaded transactions/date=2026-02-20/transactions_234934894146.parquet -> /tmp/minio_downloads/transactions_234934894146.parquet
[2026-02-22T10:02:08.934+0000] {logging_mixin.py:188} INFO - Downloaded transactions/date=2026-02-20/transactions_234934986743.parquet -> /tmp/minio_downloads/transactions_234934986743.parquet
[2026-02-22T10:02:08.964+0000] {logging_mixin.py:188} INFO - Downloaded transactions/date=2026-02-20/transactions_234935069074.parquet -> /tmp/minio_downloads/transactions_234935069074.parquet
[2026-02-22T10:02:08.994+0000] {logging_mixin.py:188} INFO - Downloaded transactions/date=2026-02-20/transactions_234935175949.parquet -> /tmp/minio_downloads/transactions_234935175949.parquet
[2026-02-22T10:02:09.024+0000] {logging_mixin.py:188} INFO - Downloaded transactions/date=2026-02-20/transactions_234935272437.parquet -> /tmp/minio_downloads/transactions_234935272437.parquet
[2026-02-22T10:02:09.055+0000] {logging_mixin.py:188} INFO - Downloaded transactions/date=2026-02-20/transactions_234935370154.parquet -> /tmp/minio_downloads/transactions_234935370154.parquet
[2026-02-22T10:02:09.081+0000] {logging_mixin.py:188} INFO - Downloaded transactions/date=2026-02-20/transactions_234935847189.parquet -> /tmp/minio_downloads/transactions_234935847189.parquet
[2026-02-22T10:02:09.108+0000] {logging_mixin.py:188} INFO - Downloaded transactions/date=2026-02-20/transactions_234935955264.parquet -> /tmp/minio_downloads/transactions_234935955264.parquet
[2026-02-22T10:02:09.135+0000] {logging_mixin.py:188} INFO - Downloaded transactions/date=2026-02-20/transactions_234936056628.parquet -> /tmp/minio_downloads/transactions_234936056628.parquet
[2026-02-22T10:02:09.180+0000] {logging_mixin.py:188} INFO - Downloaded transactions/date=2026-02-20/transactions_234936151468.parquet -> /tmp/minio_downloads/transactions_234936151468.parquet
[2026-02-22T10:02:09.220+0000] {logging_mixin.py:188} INFO - Downloaded transactions/date=2026-02-20/transactions_234936251977.parquet -> /tmp/minio_downloads/transactions_234936251977.parquet
[2026-02-22T10:02:09.249+0000] {logging_mixin.py:188} INFO - Downloaded transactions/date=2026-02-20/transactions_234936345504.parquet -> /tmp/minio_downloads/transactions_234936345504.parquet
[2026-02-22T10:02:09.275+0000] {logging_mixin.py:188} INFO - Downloaded transactions/date=2026-02-20/transactions_234936830532.parquet -> /tmp/minio_downloads/transactions_234936830532.parquet
[2026-02-22T10:02:09.303+0000] {logging_mixin.py:188} INFO - Downloaded transactions/date=2026-02-20/transactions_234936940213.parquet -> /tmp/minio_downloads/transactions_234936940213.parquet
[2026-02-22T10:02:09.331+0000] {logging_mixin.py:188} INFO - Downloaded transactions/date=2026-02-20/transactions_234937044510.parquet -> /tmp/minio_downloads/transactions_234937044510.parquet
[2026-02-22T10:02:09.359+0000] {logging_mixin.py:188} INFO - Downloaded transactions/date=2026-02-20/transactions_234937144436.parquet -> /tmp/minio_downloads/transactions_234937144436.parquet
[2026-02-22T10:02:09.388+0000] {logging_mixin.py:188} INFO - Downloaded transactions/date=2026-02-20/transactions_234937237946.parquet -> /tmp/minio_downloads/transactions_234937237946.parquet
[2026-02-22T10:02:09.416+0000] {logging_mixin.py:188} INFO - Downloaded transactions/date=2026-02-20/transactions_234937327317.parquet -> /tmp/minio_downloads/transactions_234937327317.parquet
[2026-02-22T10:02:09.441+0000] {logging_mixin.py:188} INFO - Downloaded transactions/date=2026-02-20/transactions_234937424237.parquet -> /tmp/minio_downloads/transactions_234937424237.parquet
[2026-02-22T10:02:09.469+0000] {logging_mixin.py:188} INFO - Downloaded transactions/date=2026-02-20/transactions_234938006589.parquet -> /tmp/minio_downloads/transactions_234938006589.parquet
[2026-02-22T10:02:09.496+0000] {logging_mixin.py:188} INFO - Downloaded transactions/date=2026-02-20/transactions_234938102664.parquet -> /tmp/minio_downloads/transactions_234938102664.parquet
[2026-02-22T10:02:09.526+0000] {logging_mixin.py:188} INFO - Downloaded transactions/date=2026-02-20/transactions_234938199199.parquet -> /tmp/minio_downloads/transactions_234938199199.parquet
[2026-02-22T10:02:09.554+0000] {logging_mixin.py:188} INFO - Downloaded transactions/date=2026-02-20/transactions_234938297827.parquet -> /tmp/minio_downloads/transactions_234938297827.parquet
[2026-02-22T10:02:09.583+0000] {logging_mixin.py:188} INFO - Downloaded transactions/date=2026-02-20/transactions_234938389864.parquet -> /tmp/minio_downloads/transactions_234938389864.parquet
[2026-02-22T10:02:09.618+0000] {logging_mixin.py:188} INFO - Downloaded transactions/date=2026-02-20/transactions_234938497275.parquet -> /tmp/minio_downloads/transactions_234938497275.parquet
[2026-02-22T10:02:09.644+0000] {logging_mixin.py:188} INFO - Downloaded transactions/date=2026-02-20/transactions_234938991890.parquet -> /tmp/minio_downloads/transactions_234938991890.parquet
[2026-02-22T10:02:09.673+0000] {logging_mixin.py:188} INFO - Downloaded transactions/date=2026-02-20/transactions_234939081021.parquet -> /tmp/minio_downloads/transactions_234939081021.parquet
[2026-02-22T10:02:09.700+0000] {logging_mixin.py:188} INFO - Downloaded transactions/date=2026-02-20/transactions_234939176644.parquet -> /tmp/minio_downloads/transactions_234939176644.parquet
[2026-02-22T10:02:09.728+0000] {logging_mixin.py:188} INFO - Downloaded transactions/date=2026-02-20/transactions_234939278372.parquet -> /tmp/minio_downloads/transactions_234939278372.parquet
[2026-02-22T10:02:09.755+0000] {logging_mixin.py:188} INFO - Downloaded transactions/date=2026-02-20/transactions_234939374490.parquet -> /tmp/minio_downloads/transactions_234939374490.parquet
[2026-02-22T10:02:09.785+0000] {logging_mixin.py:188} INFO - Downloaded transactions/date=2026-02-20/transactions_234939468089.parquet -> /tmp/minio_downloads/transactions_234939468089.parquet
[2026-02-22T10:02:09.812+0000] {logging_mixin.py:188} INFO - Downloaded transactions/date=2026-02-20/transactions_234939997340.parquet -> /tmp/minio_downloads/transactions_234939997340.parquet
[2026-02-22T10:02:09.838+0000] {logging_mixin.py:188} INFO - Downloaded transactions/date=2026-02-20/transactions_234940104868.parquet -> /tmp/minio_downloads/transactions_234940104868.parquet
[2026-02-22T10:02:09.868+0000] {logging_mixin.py:188} INFO - Downloaded transactions/date=2026-02-20/transactions_234940244694.parquet -> /tmp/minio_downloads/transactions_234940244694.parquet
[2026-02-22T10:02:09.895+0000] {logging_mixin.py:188} INFO - Downloaded transactions/date=2026-02-20/transactions_234940358602.parquet -> /tmp/minio_downloads/transactions_234940358602.parquet
[2026-02-22T10:02:09.923+0000] {logging_mixin.py:188} INFO - Downloaded transactions/date=2026-02-20/transactions_234940452543.parquet -> /tmp/minio_downloads/transactions_234940452543.parquet
[2026-02-22T10:02:09.947+0000] {logging_mixin.py:188} INFO - Downloaded transactions/date=2026-02-20/transactions_234940557059.parquet -> /tmp/minio_downloads/transactions_234940557059.parquet
[2026-02-22T10:02:09.971+0000] {logging_mixin.py:188} INFO - Downloaded transactions/date=2026-02-20/transactions_234940659936.parquet -> /tmp/minio_downloads/transactions_234940659936.parquet
[2026-02-22T10:02:09.997+0000] {logging_mixin.py:188} INFO - Downloaded transactions/date=2026-02-20/transactions_234941163970.parquet -> /tmp/minio_downloads/transactions_234941163970.parquet
[2026-02-22T10:02:10.022+0000] {logging_mixin.py:188} INFO - Downloaded transactions/date=2026-02-20/transactions_234941259224.parquet -> /tmp/minio_downloads/transactions_234941259224.parquet
[2026-02-22T10:02:10.050+0000] {logging_mixin.py:188} INFO - Downloaded transactions/date=2026-02-20/transactions_234941365406.parquet -> /tmp/minio_downloads/transactions_234941365406.parquet
[2026-02-22T10:02:10.076+0000] {logging_mixin.py:188} INFO - Downloaded transactions/date=2026-02-20/transactions_234941467795.parquet -> /tmp/minio_downloads/transactions_234941467795.parquet
[2026-02-22T10:02:10.104+0000] {logging_mixin.py:188} INFO - Downloaded transactions/date=2026-02-20/transactions_234941573322.parquet -> /tmp/minio_downloads/transactions_234941573322.parquet
[2026-02-22T10:02:10.131+0000] {logging_mixin.py:188} INFO - Downloaded transactions/date=2026-02-20/transactions_234941662407.parquet -> /tmp/minio_downloads/transactions_234941662407.parquet
[2026-02-22T10:02:10.156+0000] {logging_mixin.py:188} INFO - Downloaded transactions/date=2026-02-20/transactions_234942160253.parquet -> /tmp/minio_downloads/transactions_234942160253.parquet
[2026-02-22T10:02:10.179+0000] {logging_mixin.py:188} INFO - Downloaded transactions/date=2026-02-20/transactions_234942253356.parquet -> /tmp/minio_downloads/transactions_234942253356.parquet
[2026-02-22T10:02:10.206+0000] {logging_mixin.py:188} INFO - Downloaded transactions/date=2026-02-20/transactions_234942350222.parquet -> /tmp/minio_downloads/transactions_234942350222.parquet
[2026-02-22T10:02:10.243+0000] {logging_mixin.py:188} INFO - Downloaded transactions/date=2026-02-20/transactions_234942449378.parquet -> /tmp/minio_downloads/transactions_234942449378.parquet
[2026-02-22T10:02:10.272+0000] {logging_mixin.py:188} INFO - Downloaded transactions/date=2026-02-20/transactions_234942596005.parquet -> /tmp/minio_downloads/transactions_234942596005.parquet
[2026-02-22T10:02:10.297+0000] {logging_mixin.py:188} INFO - Downloaded transactions/date=2026-02-20/transactions_234942682137.parquet -> /tmp/minio_downloads/transactions_234942682137.parquet
[2026-02-22T10:02:10.326+0000] {logging_mixin.py:188} INFO - Downloaded transactions/date=2026-02-20/transactions_234943096893.parquet -> /tmp/minio_downloads/transactions_234943096893.parquet
[2026-02-22T10:02:10.351+0000] {logging_mixin.py:188} INFO - Downloaded transactions/date=2026-02-20/transactions_234943561718.parquet -> /tmp/minio_downloads/transactions_234943561718.parquet
[2026-02-22T10:02:10.375+0000] {logging_mixin.py:188} INFO - Downloaded transactions/date=2026-02-20/transactions_234943780106.parquet -> /tmp/minio_downloads/transactions_234943780106.parquet
[2026-02-22T10:02:10.404+0000] {logging_mixin.py:188} INFO - Downloaded transactions/date=2026-02-20/transactions_234943901825.parquet -> /tmp/minio_downloads/transactions_234943901825.parquet
[2026-02-22T10:02:10.431+0000] {logging_mixin.py:188} INFO - Downloaded transactions/date=2026-02-20/transactions_234944014291.parquet -> /tmp/minio_downloads/transactions_234944014291.parquet
[2026-02-22T10:02:10.458+0000] {logging_mixin.py:188} INFO - Downloaded transactions/date=2026-02-20/transactions_234944140004.parquet -> /tmp/minio_downloads/transactions_234944140004.parquet
[2026-02-22T10:02:10.460+0000] {python.py:237} INFO - Done. Returned value was: {'customers': ['/tmp/minio_downloads/customers_234918105812.parquet', '/tmp/minio_downloads/customers_234918437151.parquet', '/tmp/minio_downloads/customers_234918561960.parquet', '/tmp/minio_downloads/customers_234918669711.parquet', '/tmp/minio_downloads/customers_234918803581.parquet', '/tmp/minio_downloads/customers_234918923394.parquet', '/tmp/minio_downloads/customers_234919120182.parquet', '/tmp/minio_downloads/customers_234921665207.parquet', '/tmp/minio_downloads/customers_234921758110.parquet', '/tmp/minio_downloads/customers_234921847149.parquet', '/tmp/minio_downloads/customers_234921926178.parquet', '/tmp/minio_downloads/customers_234922007518.parquet', '/tmp/minio_downloads/customers_234922078160.parquet', '/tmp/minio_downloads/customers_234922162590.parquet', '/tmp/minio_downloads/customers_234922744865.parquet', '/tmp/minio_downloads/customers_234922834985.parquet', '/tmp/minio_downloads/customers_234922932607.parquet', '/tmp/minio_downloads/customers_234923025974.parquet', '/tmp/minio_downloads/customers_234923111005.parquet', '/tmp/minio_downloads/customers_234923205643.parquet'], 'accounts': ['/tmp/minio_downloads/accounts_234919229379.parquet', '/tmp/minio_downloads/accounts_234919339290.parquet', '/tmp/minio_downloads/accounts_234920053429.parquet', '/tmp/minio_downloads/accounts_234920162262.parquet', '/tmp/minio_downloads/accounts_234920297803.parquet', '/tmp/minio_downloads/accounts_234920394646.parquet', '/tmp/minio_downloads/accounts_234923335866.parquet', '/tmp/minio_downloads/accounts_234923452458.parquet', '/tmp/minio_downloads/accounts_234923816025.parquet', '/tmp/minio_downloads/accounts_234923976275.parquet', '/tmp/minio_downloads/accounts_234924694842.parquet', '/tmp/minio_downloads/accounts_234924793702.parquet', '/tmp/minio_downloads/accounts_234924894453.parquet', '/tmp/minio_downloads/accounts_234926222060.parquet', '/tmp/minio_downloads/accounts_234926321807.parquet', '/tmp/minio_downloads/accounts_234926416924.parquet', '/tmp/minio_downloads/accounts_234926499851.parquet', '/tmp/minio_downloads/accounts_234926596272.parquet', '/tmp/minio_downloads/accounts_234926697438.parquet', '/tmp/minio_downloads/accounts_234926792866.parquet', '/tmp/minio_downloads/accounts_234928114151.parquet', '/tmp/minio_downloads/accounts_234928202943.parquet', '/tmp/minio_downloads/accounts_234928287885.parquet', '/tmp/minio_downloads/accounts_234928371185.parquet', '/tmp/minio_downloads/accounts_234928457421.parquet', '/tmp/minio_downloads/accounts_234928550187.parquet', '/tmp/minio_downloads/accounts_234929152701.parquet', '/tmp/minio_downloads/accounts_234929241696.parquet', '/tmp/minio_downloads/accounts_234929332029.parquet', '/tmp/minio_downloads/accounts_234929417192.parquet', '/tmp/minio_downloads/accounts_234929507568.parquet', '/tmp/minio_downloads/accounts_234929633147.parquet', '/tmp/minio_downloads/accounts_234929729800.parquet', '/tmp/minio_downloads/accounts_234931169046.parquet', '/tmp/minio_downloads/accounts_234931258522.parquet', '/tmp/minio_downloads/accounts_234931343394.parquet', '/tmp/minio_downloads/accounts_234931436645.parquet', '/tmp/minio_downloads/accounts_234931535175.parquet', '/tmp/minio_downloads/accounts_234931630343.parquet', '/tmp/minio_downloads/accounts_234931720633.parquet'], 'transactions': ['/tmp/minio_downloads/transactions_234920527637.parquet', '/tmp/minio_downloads/transactions_234920620288.parquet', '/tmp/minio_downloads/transactions_234920743953.parquet', '/tmp/minio_downloads/transactions_234920848936.parquet', '/tmp/minio_downloads/transactions_234920995769.parquet', '/tmp/minio_downloads/transactions_234921095960.parquet', '/tmp/minio_downloads/transactions_234925010888.parquet', '/tmp/minio_downloads/transactions_234925110210.parquet', '/tmp/minio_downloads/transactions_234925202968.parquet', '/tmp/minio_downloads/transactions_234925307206.parquet', '/tmp/minio_downloads/transactions_234925401792.parquet', '/tmp/minio_downloads/transactions_234925495946.parquet', '/tmp/minio_downloads/transactions_234926886678.parquet', '/tmp/minio_downloads/transactions_234926984193.parquet', '/tmp/minio_downloads/transactions_234927074926.parquet', '/tmp/minio_downloads/transactions_234927434757.parquet', '/tmp/minio_downloads/transactions_234927538594.parquet', '/tmp/minio_downloads/transactions_234927639183.parquet', '/tmp/minio_downloads/transactions_234929827495.parquet', '/tmp/minio_downloads/transactions_234929936899.parquet', '/tmp/minio_downloads/transactions_234930133392.parquet', '/tmp/minio_downloads/transactions_234930278006.parquet', '/tmp/minio_downloads/transactions_234930573943.parquet', '/tmp/minio_downloads/transactions_234930673583.parquet', '/tmp/minio_downloads/transactions_234930765189.parquet', '/tmp/minio_downloads/transactions_234932114660.parquet', '/tmp/minio_downloads/transactions_234932192755.parquet', '/tmp/minio_downloads/transactions_234932278168.parquet', '/tmp/minio_downloads/transactions_234932358103.parquet', '/tmp/minio_downloads/transactions_234932442441.parquet', '/tmp/minio_downloads/transactions_234932522727.parquet', '/tmp/minio_downloads/transactions_234932921552.parquet', '/tmp/minio_downloads/transactions_234933016230.parquet', '/tmp/minio_downloads/transactions_234933111052.parquet', '/tmp/minio_downloads/transactions_234933198316.parquet', '/tmp/minio_downloads/transactions_234933278851.parquet', '/tmp/minio_downloads/transactions_234933369230.parquet', '/tmp/minio_downloads/transactions_234933925204.parquet', '/tmp/minio_downloads/transactions_234934009718.parquet', '/tmp/minio_downloads/transactions_234934102903.parquet', '/tmp/minio_downloads/transactions_234934196027.parquet', '/tmp/minio_downloads/transactions_234934307523.parquet', '/tmp/minio_downloads/transactions_234934396633.parquet', '/tmp/minio_downloads/transactions_234934488117.parquet', '/tmp/minio_downloads/transactions_234934894146.parquet', '/tmp/minio_downloads/transactions_234934986743.parquet', '/tmp/minio_downloads/transactions_234935069074.parquet', '/tmp/minio_downloads/transactions_234935175949.parquet', '/tmp/minio_downloads/transactions_234935272437.parquet', '/tmp/minio_downloads/transactions_234935370154.parquet', '/tmp/minio_downloads/transactions_234935847189.parquet', '/tmp/minio_downloads/transactions_234935955264.parquet', '/tmp/minio_downloads/transactions_234936056628.parquet', '/tmp/minio_downloads/transactions_234936151468.parquet', '/tmp/minio_downloads/transactions_234936251977.parquet', '/tmp/minio_downloads/transactions_234936345504.parquet', '/tmp/minio_downloads/transactions_234936830532.parquet', '/tmp/minio_downloads/transactions_234936940213.parquet', '/tmp/minio_downloads/transactions_234937044510.parquet', '/tmp/minio_downloads/transactions_234937144436.parquet', '/tmp/minio_downloads/transactions_234937237946.parquet', '/tmp/minio_downloads/transactions_234937327317.parquet', '/tmp/minio_downloads/transactions_234937424237.parquet', '/tmp/minio_downloads/transactions_234938006589.parquet', '/tmp/minio_downloads/transactions_234938102664.parquet', '/tmp/minio_downloads/transactions_234938199199.parquet', '/tmp/minio_downloads/transactions_234938297827.parquet', '/tmp/minio_downloads/transactions_234938389864.parquet', '/tmp/minio_downloads/transactions_234938497275.parquet', '/tmp/minio_downloads/transactions_234938991890.parquet', '/tmp/minio_downloads/transactions_234939081021.parquet', '/tmp/minio_downloads/transactions_234939176644.parquet', '/tmp/minio_downloads/transactions_234939278372.parquet', '/tmp/minio_downloads/transactions_234939374490.parquet', '/tmp/minio_downloads/transactions_234939468089.parquet', '/tmp/minio_downloads/transactions_234939997340.parquet', '/tmp/minio_downloads/transactions_234940104868.parquet', '/tmp/minio_downloads/transactions_234940244694.parquet', '/tmp/minio_downloads/transactions_234940358602.parquet', '/tmp/minio_downloads/transactions_234940452543.parquet', '/tmp/minio_downloads/transactions_234940557059.parquet', '/tmp/minio_downloads/transactions_234940659936.parquet', '/tmp/minio_downloads/transactions_234941163970.parquet', '/tmp/minio_downloads/transactions_234941259224.parquet', '/tmp/minio_downloads/transactions_234941365406.parquet', '/tmp/minio_downloads/transactions_234941467795.parquet', '/tmp/minio_downloads/transactions_234941573322.parquet', '/tmp/minio_downloads/transactions_234941662407.parquet', '/tmp/minio_downloads/transactions_234942160253.parquet', '/tmp/minio_downloads/transactions_234942253356.parquet', '/tmp/minio_downloads/transactions_234942350222.parquet', '/tmp/minio_downloads/transactions_234942449378.parquet', '/tmp/minio_downloads/transactions_234942596005.parquet', '/tmp/minio_downloads/transactions_234942682137.parquet', '/tmp/minio_downloads/transactions_234943096893.parquet', '/tmp/minio_downloads/transactions_234943561718.parquet', '/tmp/minio_downloads/transactions_234943780106.parquet', '/tmp/minio_downloads/transactions_234943901825.parquet', '/tmp/minio_downloads/transactions_234944014291.parquet', '/tmp/minio_downloads/transactions_234944140004.parquet']}
[2026-02-22T10:02:10.462+0000] {taskinstance.py:441} INFO - ::group::Post task execution logs
[2026-02-22T10:02:10.507+0000] {taskinstance.py:1206} INFO - Marking task as SUCCESS. dag_id=minio_to_snowflake_banking, task_id=download_minio, run_id=scheduled__2026-02-22T10:01:00+00:00, execution_date=20260222T100100, start_date=20260222T100204, end_date=20260222T100210
[2026-02-22T10:02:10.562+0000] {local_task_job_runner.py:243} INFO - Task exited with return code 0
[2026-02-22T10:02:10.599+0000] {taskinstance.py:3503} INFO - 1 downstream tasks scheduled from follow-on schedule check
[2026-02-22T10:02:10.602+0000] {local_task_job_runner.py:222} INFO - ::endgroup::
