[2026-02-22T20:13:12.824+0000] {local_task_job_runner.py:120} INFO - ::group::Pre task execution logs
[2026-02-22T20:13:12.869+0000] {taskinstance.py:2076} INFO - Dependencies all met for dep_context=non-requeueable deps ti=<TaskInstance: minio_to_snowflake_banking.load_snowflake scheduled__2026-02-22T20:12:00+00:00 [queued]>
[2026-02-22T20:13:12.878+0000] {taskinstance.py:2076} INFO - Dependencies all met for dep_context=requeueable deps ti=<TaskInstance: minio_to_snowflake_banking.load_snowflake scheduled__2026-02-22T20:12:00+00:00 [queued]>
[2026-02-22T20:13:12.879+0000] {taskinstance.py:2306} INFO - Starting attempt 1 of 2
[2026-02-22T20:13:12.894+0000] {taskinstance.py:2330} INFO - Executing <Task(PythonOperator): load_snowflake> on 2026-02-22 20:12:00+00:00
[2026-02-22T20:13:12.904+0000] {standard_task_runner.py:90} INFO - Running: ['***', 'tasks', 'run', 'minio_to_snowflake_banking', 'load_snowflake', 'scheduled__2026-02-22T20:12:00+00:00', '--job-id', '1367', '--raw', '--subdir', 'DAGS_FOLDER/minio_to_snowflake_dag.py', '--cfg-path', '/tmp/tmpu8mrkmt8']
[2026-02-22T20:13:12.908+0000] {standard_task_runner.py:91} INFO - Job 1367: Subtask load_snowflake
[2026-02-22T20:13:12.909+0000] {logging_mixin.py:188} WARNING - /home/***/.local/lib/python3.12/site-packages/***/task/task_runner/standard_task_runner.py:62 DeprecationWarning: This process (pid=49647) is multi-threaded, use of fork() may lead to deadlocks in the child.
[2026-02-22T20:13:12.910+0000] {standard_task_runner.py:64} INFO - Started process 49659 to run task
[2026-02-22T20:13:12.986+0000] {task_command.py:426} INFO - Running <TaskInstance: minio_to_snowflake_banking.load_snowflake scheduled__2026-02-22T20:12:00+00:00 [running]> on host f2d9c9e2564d
[2026-02-22T20:13:13.116+0000] {taskinstance.py:2648} INFO - Exporting env vars: AIRFLOW_CTX_DAG_OWNER='***' AIRFLOW_CTX_DAG_ID='minio_to_snowflake_banking' AIRFLOW_CTX_TASK_ID='load_snowflake' AIRFLOW_CTX_EXECUTION_DATE='2026-02-22T20:12:00+00:00' AIRFLOW_CTX_TRY_NUMBER='1' AIRFLOW_CTX_DAG_RUN_ID='scheduled__2026-02-22T20:12:00+00:00'
[2026-02-22T20:13:13.120+0000] {taskinstance.py:430} INFO - ::endgroup::
[2026-02-22T20:13:13.162+0000] {connection.py:613} INFO - Snowflake Connector for Python Version: 4.3.0, Python Version: 3.12.4, Platform: Linux-6.6.87.2-microsoft-standard-WSL2-x86_64-with-glibc2.36
[2026-02-22T20:13:13.163+0000] {connection.py:1709} INFO - Connecting to GLOBAL Snowflake domain
[2026-02-22T20:13:15.649+0000] {logging_mixin.py:188} INFO - Uploaded /tmp/minio_downloads/customers_234918105812.parquet -> @customers stage
[2026-02-22T20:13:15.861+0000] {logging_mixin.py:188} INFO - Uploaded /tmp/minio_downloads/customers_234918437151.parquet -> @customers stage
[2026-02-22T20:13:16.121+0000] {logging_mixin.py:188} INFO - Uploaded /tmp/minio_downloads/customers_234918561960.parquet -> @customers stage
[2026-02-22T20:13:16.278+0000] {logging_mixin.py:188} INFO - Uploaded /tmp/minio_downloads/customers_234918669711.parquet -> @customers stage
[2026-02-22T20:13:16.449+0000] {logging_mixin.py:188} INFO - Uploaded /tmp/minio_downloads/customers_234918803581.parquet -> @customers stage
[2026-02-22T20:13:16.608+0000] {logging_mixin.py:188} INFO - Uploaded /tmp/minio_downloads/customers_234918923394.parquet -> @customers stage
[2026-02-22T20:13:16.756+0000] {logging_mixin.py:188} INFO - Uploaded /tmp/minio_downloads/customers_234919120182.parquet -> @customers stage
[2026-02-22T20:13:16.908+0000] {logging_mixin.py:188} INFO - Uploaded /tmp/minio_downloads/customers_234921665207.parquet -> @customers stage
[2026-02-22T20:13:17.066+0000] {logging_mixin.py:188} INFO - Uploaded /tmp/minio_downloads/customers_234921758110.parquet -> @customers stage
[2026-02-22T20:13:17.237+0000] {logging_mixin.py:188} INFO - Uploaded /tmp/minio_downloads/customers_234921847149.parquet -> @customers stage
[2026-02-22T20:13:17.404+0000] {logging_mixin.py:188} INFO - Uploaded /tmp/minio_downloads/customers_234921926178.parquet -> @customers stage
[2026-02-22T20:13:17.821+0000] {logging_mixin.py:188} INFO - Uploaded /tmp/minio_downloads/customers_234922007518.parquet -> @customers stage
[2026-02-22T20:13:17.988+0000] {logging_mixin.py:188} INFO - Uploaded /tmp/minio_downloads/customers_234922078160.parquet -> @customers stage
[2026-02-22T20:13:18.156+0000] {logging_mixin.py:188} INFO - Uploaded /tmp/minio_downloads/customers_234922162590.parquet -> @customers stage
[2026-02-22T20:13:18.321+0000] {logging_mixin.py:188} INFO - Uploaded /tmp/minio_downloads/customers_234922744865.parquet -> @customers stage
[2026-02-22T20:13:18.493+0000] {logging_mixin.py:188} INFO - Uploaded /tmp/minio_downloads/customers_234922834985.parquet -> @customers stage
[2026-02-22T20:13:18.671+0000] {logging_mixin.py:188} INFO - Uploaded /tmp/minio_downloads/customers_234922932607.parquet -> @customers stage
[2026-02-22T20:13:18.845+0000] {logging_mixin.py:188} INFO - Uploaded /tmp/minio_downloads/customers_234923025974.parquet -> @customers stage
[2026-02-22T20:13:19.009+0000] {logging_mixin.py:188} INFO - Uploaded /tmp/minio_downloads/customers_234923111005.parquet -> @customers stage
[2026-02-22T20:13:19.162+0000] {logging_mixin.py:188} INFO - Uploaded /tmp/minio_downloads/customers_234923205643.parquet -> @customers stage
[2026-02-22T20:13:19.488+0000] {logging_mixin.py:188} INFO - Data loaded into customers
[2026-02-22T20:13:19.703+0000] {logging_mixin.py:188} INFO - Uploaded /tmp/minio_downloads/accounts_234919229379.parquet -> @accounts stage
[2026-02-22T20:13:19.911+0000] {logging_mixin.py:188} INFO - Uploaded /tmp/minio_downloads/accounts_234919339290.parquet -> @accounts stage
[2026-02-22T20:13:20.543+0000] {logging_mixin.py:188} INFO - Uploaded /tmp/minio_downloads/accounts_234920053429.parquet -> @accounts stage
[2026-02-22T20:13:20.719+0000] {logging_mixin.py:188} INFO - Uploaded /tmp/minio_downloads/accounts_234920162262.parquet -> @accounts stage
[2026-02-22T20:13:20.923+0000] {logging_mixin.py:188} INFO - Uploaded /tmp/minio_downloads/accounts_234920297803.parquet -> @accounts stage
[2026-02-22T20:13:21.069+0000] {logging_mixin.py:188} INFO - Uploaded /tmp/minio_downloads/accounts_234920394646.parquet -> @accounts stage
[2026-02-22T20:13:21.223+0000] {logging_mixin.py:188} INFO - Uploaded /tmp/minio_downloads/accounts_234923335866.parquet -> @accounts stage
[2026-02-22T20:13:21.377+0000] {logging_mixin.py:188} INFO - Uploaded /tmp/minio_downloads/accounts_234923452458.parquet -> @accounts stage
[2026-02-22T20:13:21.539+0000] {logging_mixin.py:188} INFO - Uploaded /tmp/minio_downloads/accounts_234923816025.parquet -> @accounts stage
[2026-02-22T20:13:21.696+0000] {logging_mixin.py:188} INFO - Uploaded /tmp/minio_downloads/accounts_234923976275.parquet -> @accounts stage
[2026-02-22T20:13:21.881+0000] {logging_mixin.py:188} INFO - Uploaded /tmp/minio_downloads/accounts_234924694842.parquet -> @accounts stage
[2026-02-22T20:13:22.064+0000] {logging_mixin.py:188} INFO - Uploaded /tmp/minio_downloads/accounts_234924793702.parquet -> @accounts stage
[2026-02-22T20:13:22.250+0000] {logging_mixin.py:188} INFO - Uploaded /tmp/minio_downloads/accounts_234924894453.parquet -> @accounts stage
[2026-02-22T20:13:22.437+0000] {logging_mixin.py:188} INFO - Uploaded /tmp/minio_downloads/accounts_234926222060.parquet -> @accounts stage
[2026-02-22T20:13:22.616+0000] {logging_mixin.py:188} INFO - Uploaded /tmp/minio_downloads/accounts_234926321807.parquet -> @accounts stage
[2026-02-22T20:13:22.773+0000] {logging_mixin.py:188} INFO - Uploaded /tmp/minio_downloads/accounts_234926416924.parquet -> @accounts stage
[2026-02-22T20:13:22.947+0000] {logging_mixin.py:188} INFO - Uploaded /tmp/minio_downloads/accounts_234926499851.parquet -> @accounts stage
[2026-02-22T20:13:23.096+0000] {logging_mixin.py:188} INFO - Uploaded /tmp/minio_downloads/accounts_234926596272.parquet -> @accounts stage
[2026-02-22T20:13:23.297+0000] {logging_mixin.py:188} INFO - Uploaded /tmp/minio_downloads/accounts_234926697438.parquet -> @accounts stage
[2026-02-22T20:13:23.440+0000] {logging_mixin.py:188} INFO - Uploaded /tmp/minio_downloads/accounts_234926792866.parquet -> @accounts stage
[2026-02-22T20:13:23.606+0000] {logging_mixin.py:188} INFO - Uploaded /tmp/minio_downloads/accounts_234928114151.parquet -> @accounts stage
[2026-02-22T20:13:23.773+0000] {logging_mixin.py:188} INFO - Uploaded /tmp/minio_downloads/accounts_234928202943.parquet -> @accounts stage
[2026-02-22T20:13:23.946+0000] {logging_mixin.py:188} INFO - Uploaded /tmp/minio_downloads/accounts_234928287885.parquet -> @accounts stage
[2026-02-22T20:13:24.104+0000] {logging_mixin.py:188} INFO - Uploaded /tmp/minio_downloads/accounts_234928371185.parquet -> @accounts stage
[2026-02-22T20:13:24.282+0000] {logging_mixin.py:188} INFO - Uploaded /tmp/minio_downloads/accounts_234928457421.parquet -> @accounts stage
[2026-02-22T20:13:24.445+0000] {logging_mixin.py:188} INFO - Uploaded /tmp/minio_downloads/accounts_234928550187.parquet -> @accounts stage
[2026-02-22T20:13:24.621+0000] {logging_mixin.py:188} INFO - Uploaded /tmp/minio_downloads/accounts_234929152701.parquet -> @accounts stage
[2026-02-22T20:13:24.791+0000] {logging_mixin.py:188} INFO - Uploaded /tmp/minio_downloads/accounts_234929241696.parquet -> @accounts stage
[2026-02-22T20:13:24.962+0000] {logging_mixin.py:188} INFO - Uploaded /tmp/minio_downloads/accounts_234929332029.parquet -> @accounts stage
[2026-02-22T20:13:25.130+0000] {logging_mixin.py:188} INFO - Uploaded /tmp/minio_downloads/accounts_234929417192.parquet -> @accounts stage
[2026-02-22T20:13:25.313+0000] {logging_mixin.py:188} INFO - Uploaded /tmp/minio_downloads/accounts_234929507568.parquet -> @accounts stage
[2026-02-22T20:13:25.461+0000] {logging_mixin.py:188} INFO - Uploaded /tmp/minio_downloads/accounts_234929633147.parquet -> @accounts stage
[2026-02-22T20:13:25.618+0000] {logging_mixin.py:188} INFO - Uploaded /tmp/minio_downloads/accounts_234929729800.parquet -> @accounts stage
[2026-02-22T20:13:25.776+0000] {logging_mixin.py:188} INFO - Uploaded /tmp/minio_downloads/accounts_234931169046.parquet -> @accounts stage
[2026-02-22T20:13:25.930+0000] {logging_mixin.py:188} INFO - Uploaded /tmp/minio_downloads/accounts_234931258522.parquet -> @accounts stage
[2026-02-22T20:13:26.090+0000] {logging_mixin.py:188} INFO - Uploaded /tmp/minio_downloads/accounts_234931343394.parquet -> @accounts stage
[2026-02-22T20:13:26.247+0000] {logging_mixin.py:188} INFO - Uploaded /tmp/minio_downloads/accounts_234931436645.parquet -> @accounts stage
[2026-02-22T20:13:26.416+0000] {logging_mixin.py:188} INFO - Uploaded /tmp/minio_downloads/accounts_234931535175.parquet -> @accounts stage
[2026-02-22T20:13:26.591+0000] {logging_mixin.py:188} INFO - Uploaded /tmp/minio_downloads/accounts_234931630343.parquet -> @accounts stage
[2026-02-22T20:13:26.774+0000] {logging_mixin.py:188} INFO - Uploaded /tmp/minio_downloads/accounts_234931720633.parquet -> @accounts stage
[2026-02-22T20:13:27.276+0000] {logging_mixin.py:188} INFO - Data loaded into accounts
[2026-02-22T20:13:27.488+0000] {logging_mixin.py:188} INFO - Uploaded /tmp/minio_downloads/transactions_234920527637.parquet -> @transactions stage
[2026-02-22T20:13:27.699+0000] {logging_mixin.py:188} INFO - Uploaded /tmp/minio_downloads/transactions_234920620288.parquet -> @transactions stage
[2026-02-22T20:13:27.897+0000] {logging_mixin.py:188} INFO - Uploaded /tmp/minio_downloads/transactions_234920743953.parquet -> @transactions stage
[2026-02-22T20:13:28.044+0000] {logging_mixin.py:188} INFO - Uploaded /tmp/minio_downloads/transactions_234920848936.parquet -> @transactions stage
[2026-02-22T20:13:28.199+0000] {logging_mixin.py:188} INFO - Uploaded /tmp/minio_downloads/transactions_234920995769.parquet -> @transactions stage
[2026-02-22T20:13:28.378+0000] {logging_mixin.py:188} INFO - Uploaded /tmp/minio_downloads/transactions_234921095960.parquet -> @transactions stage
[2026-02-22T20:13:28.561+0000] {logging_mixin.py:188} INFO - Uploaded /tmp/minio_downloads/transactions_234925010888.parquet -> @transactions stage
[2026-02-22T20:13:28.715+0000] {logging_mixin.py:188} INFO - Uploaded /tmp/minio_downloads/transactions_234925110210.parquet -> @transactions stage
[2026-02-22T20:13:28.897+0000] {logging_mixin.py:188} INFO - Uploaded /tmp/minio_downloads/transactions_234925202968.parquet -> @transactions stage
[2026-02-22T20:13:29.041+0000] {logging_mixin.py:188} INFO - Uploaded /tmp/minio_downloads/transactions_234925307206.parquet -> @transactions stage
[2026-02-22T20:13:29.202+0000] {logging_mixin.py:188} INFO - Uploaded /tmp/minio_downloads/transactions_234925401792.parquet -> @transactions stage
[2026-02-22T20:13:29.370+0000] {logging_mixin.py:188} INFO - Uploaded /tmp/minio_downloads/transactions_234925495946.parquet -> @transactions stage
[2026-02-22T20:13:29.533+0000] {logging_mixin.py:188} INFO - Uploaded /tmp/minio_downloads/transactions_234926886678.parquet -> @transactions stage
[2026-02-22T20:13:29.731+0000] {logging_mixin.py:188} INFO - Uploaded /tmp/minio_downloads/transactions_234926984193.parquet -> @transactions stage
[2026-02-22T20:13:29.916+0000] {logging_mixin.py:188} INFO - Uploaded /tmp/minio_downloads/transactions_234927074926.parquet -> @transactions stage
[2026-02-22T20:13:30.085+0000] {logging_mixin.py:188} INFO - Uploaded /tmp/minio_downloads/transactions_234927434757.parquet -> @transactions stage
[2026-02-22T20:13:30.250+0000] {logging_mixin.py:188} INFO - Uploaded /tmp/minio_downloads/transactions_234927538594.parquet -> @transactions stage
[2026-02-22T20:13:30.408+0000] {logging_mixin.py:188} INFO - Uploaded /tmp/minio_downloads/transactions_234927639183.parquet -> @transactions stage
[2026-02-22T20:13:30.580+0000] {logging_mixin.py:188} INFO - Uploaded /tmp/minio_downloads/transactions_234929827495.parquet -> @transactions stage
[2026-02-22T20:13:30.730+0000] {logging_mixin.py:188} INFO - Uploaded /tmp/minio_downloads/transactions_234929936899.parquet -> @transactions stage
[2026-02-22T20:13:30.901+0000] {logging_mixin.py:188} INFO - Uploaded /tmp/minio_downloads/transactions_234930133392.parquet -> @transactions stage
[2026-02-22T20:13:31.060+0000] {logging_mixin.py:188} INFO - Uploaded /tmp/minio_downloads/transactions_234930278006.parquet -> @transactions stage
[2026-02-22T20:13:31.220+0000] {logging_mixin.py:188} INFO - Uploaded /tmp/minio_downloads/transactions_234930573943.parquet -> @transactions stage
[2026-02-22T20:13:31.401+0000] {logging_mixin.py:188} INFO - Uploaded /tmp/minio_downloads/transactions_234930673583.parquet -> @transactions stage
[2026-02-22T20:13:31.567+0000] {logging_mixin.py:188} INFO - Uploaded /tmp/minio_downloads/transactions_234930765189.parquet -> @transactions stage
[2026-02-22T20:13:31.710+0000] {logging_mixin.py:188} INFO - Uploaded /tmp/minio_downloads/transactions_234932114660.parquet -> @transactions stage
[2026-02-22T20:13:31.908+0000] {logging_mixin.py:188} INFO - Uploaded /tmp/minio_downloads/transactions_234932192755.parquet -> @transactions stage
[2026-02-22T20:13:32.084+0000] {logging_mixin.py:188} INFO - Uploaded /tmp/minio_downloads/transactions_234932278168.parquet -> @transactions stage
[2026-02-22T20:13:32.264+0000] {logging_mixin.py:188} INFO - Uploaded /tmp/minio_downloads/transactions_234932358103.parquet -> @transactions stage
[2026-02-22T20:13:32.428+0000] {logging_mixin.py:188} INFO - Uploaded /tmp/minio_downloads/transactions_234932442441.parquet -> @transactions stage
[2026-02-22T20:13:32.602+0000] {logging_mixin.py:188} INFO - Uploaded /tmp/minio_downloads/transactions_234932522727.parquet -> @transactions stage
[2026-02-22T20:13:32.761+0000] {logging_mixin.py:188} INFO - Uploaded /tmp/minio_downloads/transactions_234932921552.parquet -> @transactions stage
[2026-02-22T20:13:32.933+0000] {logging_mixin.py:188} INFO - Uploaded /tmp/minio_downloads/transactions_234933016230.parquet -> @transactions stage
[2026-02-22T20:13:33.107+0000] {logging_mixin.py:188} INFO - Uploaded /tmp/minio_downloads/transactions_234933111052.parquet -> @transactions stage
[2026-02-22T20:13:33.259+0000] {logging_mixin.py:188} INFO - Uploaded /tmp/minio_downloads/transactions_234933198316.parquet -> @transactions stage
[2026-02-22T20:13:33.408+0000] {logging_mixin.py:188} INFO - Uploaded /tmp/minio_downloads/transactions_234933278851.parquet -> @transactions stage
[2026-02-22T20:13:33.575+0000] {logging_mixin.py:188} INFO - Uploaded /tmp/minio_downloads/transactions_234933369230.parquet -> @transactions stage
[2026-02-22T20:13:33.755+0000] {logging_mixin.py:188} INFO - Uploaded /tmp/minio_downloads/transactions_234933925204.parquet -> @transactions stage
[2026-02-22T20:13:33.924+0000] {logging_mixin.py:188} INFO - Uploaded /tmp/minio_downloads/transactions_234934009718.parquet -> @transactions stage
[2026-02-22T20:13:34.097+0000] {logging_mixin.py:188} INFO - Uploaded /tmp/minio_downloads/transactions_234934102903.parquet -> @transactions stage
[2026-02-22T20:13:34.725+0000] {logging_mixin.py:188} INFO - Uploaded /tmp/minio_downloads/transactions_234934196027.parquet -> @transactions stage
[2026-02-22T20:13:34.906+0000] {logging_mixin.py:188} INFO - Uploaded /tmp/minio_downloads/transactions_234934307523.parquet -> @transactions stage
[2026-02-22T20:13:35.090+0000] {logging_mixin.py:188} INFO - Uploaded /tmp/minio_downloads/transactions_234934396633.parquet -> @transactions stage
[2026-02-22T20:13:35.242+0000] {logging_mixin.py:188} INFO - Uploaded /tmp/minio_downloads/transactions_234934488117.parquet -> @transactions stage
[2026-02-22T20:13:35.410+0000] {logging_mixin.py:188} INFO - Uploaded /tmp/minio_downloads/transactions_234934894146.parquet -> @transactions stage
[2026-02-22T20:13:35.588+0000] {logging_mixin.py:188} INFO - Uploaded /tmp/minio_downloads/transactions_234934986743.parquet -> @transactions stage
[2026-02-22T20:13:35.773+0000] {logging_mixin.py:188} INFO - Uploaded /tmp/minio_downloads/transactions_234935069074.parquet -> @transactions stage
[2026-02-22T20:13:35.938+0000] {logging_mixin.py:188} INFO - Uploaded /tmp/minio_downloads/transactions_234935175949.parquet -> @transactions stage
[2026-02-22T20:13:36.127+0000] {logging_mixin.py:188} INFO - Uploaded /tmp/minio_downloads/transactions_234935272437.parquet -> @transactions stage
[2026-02-22T20:13:36.305+0000] {logging_mixin.py:188} INFO - Uploaded /tmp/minio_downloads/transactions_234935370154.parquet -> @transactions stage
[2026-02-22T20:13:36.477+0000] {logging_mixin.py:188} INFO - Uploaded /tmp/minio_downloads/transactions_234935847189.parquet -> @transactions stage
[2026-02-22T20:13:36.661+0000] {logging_mixin.py:188} INFO - Uploaded /tmp/minio_downloads/transactions_234935955264.parquet -> @transactions stage
[2026-02-22T20:13:36.844+0000] {logging_mixin.py:188} INFO - Uploaded /tmp/minio_downloads/transactions_234936056628.parquet -> @transactions stage
[2026-02-22T20:13:37.015+0000] {logging_mixin.py:188} INFO - Uploaded /tmp/minio_downloads/transactions_234936151468.parquet -> @transactions stage
[2026-02-22T20:13:37.201+0000] {logging_mixin.py:188} INFO - Uploaded /tmp/minio_downloads/transactions_234936251977.parquet -> @transactions stage
[2026-02-22T20:13:37.371+0000] {logging_mixin.py:188} INFO - Uploaded /tmp/minio_downloads/transactions_234936345504.parquet -> @transactions stage
[2026-02-22T20:13:37.560+0000] {logging_mixin.py:188} INFO - Uploaded /tmp/minio_downloads/transactions_234936830532.parquet -> @transactions stage
[2026-02-22T20:13:37.741+0000] {logging_mixin.py:188} INFO - Uploaded /tmp/minio_downloads/transactions_234936940213.parquet -> @transactions stage
[2026-02-22T20:13:37.919+0000] {logging_mixin.py:188} INFO - Uploaded /tmp/minio_downloads/transactions_234937044510.parquet -> @transactions stage
[2026-02-22T20:13:38.080+0000] {logging_mixin.py:188} INFO - Uploaded /tmp/minio_downloads/transactions_234937144436.parquet -> @transactions stage
[2026-02-22T20:13:38.250+0000] {logging_mixin.py:188} INFO - Uploaded /tmp/minio_downloads/transactions_234937237946.parquet -> @transactions stage
[2026-02-22T20:13:38.555+0000] {logging_mixin.py:188} INFO - Uploaded /tmp/minio_downloads/transactions_234937327317.parquet -> @transactions stage
[2026-02-22T20:13:38.723+0000] {logging_mixin.py:188} INFO - Uploaded /tmp/minio_downloads/transactions_234937424237.parquet -> @transactions stage
[2026-02-22T20:13:38.899+0000] {logging_mixin.py:188} INFO - Uploaded /tmp/minio_downloads/transactions_234938006589.parquet -> @transactions stage
[2026-02-22T20:13:39.056+0000] {logging_mixin.py:188} INFO - Uploaded /tmp/minio_downloads/transactions_234938102664.parquet -> @transactions stage
[2026-02-22T20:13:39.229+0000] {logging_mixin.py:188} INFO - Uploaded /tmp/minio_downloads/transactions_234938199199.parquet -> @transactions stage
[2026-02-22T20:13:39.418+0000] {logging_mixin.py:188} INFO - Uploaded /tmp/minio_downloads/transactions_234938297827.parquet -> @transactions stage
[2026-02-22T20:13:39.584+0000] {logging_mixin.py:188} INFO - Uploaded /tmp/minio_downloads/transactions_234938389864.parquet -> @transactions stage
[2026-02-22T20:13:39.760+0000] {logging_mixin.py:188} INFO - Uploaded /tmp/minio_downloads/transactions_234938497275.parquet -> @transactions stage
[2026-02-22T20:13:39.935+0000] {logging_mixin.py:188} INFO - Uploaded /tmp/minio_downloads/transactions_234938991890.parquet -> @transactions stage
[2026-02-22T20:13:40.122+0000] {logging_mixin.py:188} INFO - Uploaded /tmp/minio_downloads/transactions_234939081021.parquet -> @transactions stage
[2026-02-22T20:13:40.304+0000] {logging_mixin.py:188} INFO - Uploaded /tmp/minio_downloads/transactions_234939176644.parquet -> @transactions stage
[2026-02-22T20:13:40.470+0000] {logging_mixin.py:188} INFO - Uploaded /tmp/minio_downloads/transactions_234939278372.parquet -> @transactions stage
[2026-02-22T20:13:40.648+0000] {logging_mixin.py:188} INFO - Uploaded /tmp/minio_downloads/transactions_234939374490.parquet -> @transactions stage
[2026-02-22T20:13:40.804+0000] {logging_mixin.py:188} INFO - Uploaded /tmp/minio_downloads/transactions_234939468089.parquet -> @transactions stage
[2026-02-22T20:13:40.978+0000] {logging_mixin.py:188} INFO - Uploaded /tmp/minio_downloads/transactions_234939997340.parquet -> @transactions stage
[2026-02-22T20:13:41.144+0000] {logging_mixin.py:188} INFO - Uploaded /tmp/minio_downloads/transactions_234940104868.parquet -> @transactions stage
[2026-02-22T20:13:41.321+0000] {logging_mixin.py:188} INFO - Uploaded /tmp/minio_downloads/transactions_234940244694.parquet -> @transactions stage
[2026-02-22T20:13:41.478+0000] {logging_mixin.py:188} INFO - Uploaded /tmp/minio_downloads/transactions_234940358602.parquet -> @transactions stage
[2026-02-22T20:13:41.662+0000] {logging_mixin.py:188} INFO - Uploaded /tmp/minio_downloads/transactions_234940452543.parquet -> @transactions stage
[2026-02-22T20:13:41.809+0000] {logging_mixin.py:188} INFO - Uploaded /tmp/minio_downloads/transactions_234940557059.parquet -> @transactions stage
[2026-02-22T20:13:41.970+0000] {logging_mixin.py:188} INFO - Uploaded /tmp/minio_downloads/transactions_234940659936.parquet -> @transactions stage
[2026-02-22T20:13:42.127+0000] {logging_mixin.py:188} INFO - Uploaded /tmp/minio_downloads/transactions_234941163970.parquet -> @transactions stage
[2026-02-22T20:13:42.284+0000] {logging_mixin.py:188} INFO - Uploaded /tmp/minio_downloads/transactions_234941259224.parquet -> @transactions stage
[2026-02-22T20:13:42.455+0000] {logging_mixin.py:188} INFO - Uploaded /tmp/minio_downloads/transactions_234941365406.parquet -> @transactions stage
[2026-02-22T20:13:42.631+0000] {logging_mixin.py:188} INFO - Uploaded /tmp/minio_downloads/transactions_234941467795.parquet -> @transactions stage
[2026-02-22T20:13:42.792+0000] {logging_mixin.py:188} INFO - Uploaded /tmp/minio_downloads/transactions_234941573322.parquet -> @transactions stage
[2026-02-22T20:13:42.965+0000] {logging_mixin.py:188} INFO - Uploaded /tmp/minio_downloads/transactions_234941662407.parquet -> @transactions stage
[2026-02-22T20:13:43.125+0000] {logging_mixin.py:188} INFO - Uploaded /tmp/minio_downloads/transactions_234942160253.parquet -> @transactions stage
[2026-02-22T20:13:43.288+0000] {logging_mixin.py:188} INFO - Uploaded /tmp/minio_downloads/transactions_234942253356.parquet -> @transactions stage
[2026-02-22T20:13:43.444+0000] {logging_mixin.py:188} INFO - Uploaded /tmp/minio_downloads/transactions_234942350222.parquet -> @transactions stage
[2026-02-22T20:13:43.636+0000] {logging_mixin.py:188} INFO - Uploaded /tmp/minio_downloads/transactions_234942449378.parquet -> @transactions stage
[2026-02-22T20:13:43.791+0000] {logging_mixin.py:188} INFO - Uploaded /tmp/minio_downloads/transactions_234942596005.parquet -> @transactions stage
[2026-02-22T20:13:43.963+0000] {logging_mixin.py:188} INFO - Uploaded /tmp/minio_downloads/transactions_234942682137.parquet -> @transactions stage
[2026-02-22T20:13:44.108+0000] {logging_mixin.py:188} INFO - Uploaded /tmp/minio_downloads/transactions_234943096893.parquet -> @transactions stage
[2026-02-22T20:13:44.275+0000] {logging_mixin.py:188} INFO - Uploaded /tmp/minio_downloads/transactions_234943561718.parquet -> @transactions stage
[2026-02-22T20:13:44.435+0000] {logging_mixin.py:188} INFO - Uploaded /tmp/minio_downloads/transactions_234943780106.parquet -> @transactions stage
[2026-02-22T20:13:44.602+0000] {logging_mixin.py:188} INFO - Uploaded /tmp/minio_downloads/transactions_234943901825.parquet -> @transactions stage
[2026-02-22T20:13:44.764+0000] {logging_mixin.py:188} INFO - Uploaded /tmp/minio_downloads/transactions_234944014291.parquet -> @transactions stage
[2026-02-22T20:13:44.924+0000] {logging_mixin.py:188} INFO - Uploaded /tmp/minio_downloads/transactions_234944140004.parquet -> @transactions stage
[2026-02-22T20:13:45.237+0000] {logging_mixin.py:188} INFO - Data loaded into transactions
[2026-02-22T20:13:45.365+0000] {python.py:237} INFO - Done. Returned value was: None
[2026-02-22T20:13:45.367+0000] {taskinstance.py:441} INFO - ::group::Post task execution logs
[2026-02-22T20:13:45.386+0000] {taskinstance.py:1206} INFO - Marking task as SUCCESS. dag_id=minio_to_snowflake_banking, task_id=load_snowflake, run_id=scheduled__2026-02-22T20:12:00+00:00, execution_date=20260222T201200, start_date=20260222T201312, end_date=20260222T201345
[2026-02-22T20:13:45.436+0000] {local_task_job_runner.py:243} INFO - Task exited with return code 0
[2026-02-22T20:13:45.457+0000] {taskinstance.py:3503} INFO - 0 downstream tasks scheduled from follow-on schedule check
[2026-02-22T20:13:45.460+0000] {local_task_job_runner.py:222} INFO - ::endgroup::
