[0m10:49:16.739585 [debug] [MainThread]: Sending event: {'category': 'dbt', 'action': 'invocation', 'label': 'start', 'context': [<snowplow_tracker.self_describing_json.SelfDescribingJson object at 0x0000013BC953D210>, <snowplow_tracker.self_describing_json.SelfDescribingJson object at 0x0000013BCDD22FD0>, <snowplow_tracker.self_describing_json.SelfDescribingJson object at 0x0000013BCC46DED0>]}


============================== 10:49:16.750970 | 09dce69b-c46e-482d-afcd-9bf717893cf5 ==============================
[0m10:49:16.750970 [info ] [MainThread]: Running with dbt=1.11.6
[0m10:49:16.753206 [debug] [MainThread]: running dbt with arguments {'static_parser': 'True', 'no_print': 'None', 'version_check': 'True', 'warn_error_options': 'WarnErrorOptionsV2(error=[], warn=[], silence=[])', 'target_path': 'None', 'printer_width': '80', 'write_json': 'True', 'introspect': 'True', 'log_cache_events': 'False', 'empty': 'None', 'cache_selected_only': 'False', 'fail_fast': 'False', 'debug': 'False', 'log_format': 'default', 'profiles_dir': 'C:\\Users\\Utilisateur\\.dbt', 'send_anonymous_usage_stats': 'True', 'quiet': 'False', 'warn_error': 'None', 'partial_parse': 'True', 'indirect_selection': 'eager', 'invocation_command': 'dbt init banking_dbt', 'use_colors': 'True', 'use_experimental_parser': 'False', 'log_path': 'logs'}
[0m10:49:16.799572 [info ] [MainThread]: Creating dbt configuration folder at C:\Users\Utilisateur\.dbt
[0m10:49:16.803453 [info ] [MainThread]: A project called banking_dbt already exists here.
[0m10:49:16.806229 [debug] [MainThread]: Command `dbt init` succeeded at 10:49:16.805670 after 0.27 seconds
[0m10:49:16.807334 [debug] [MainThread]: Sending event: {'category': 'dbt', 'action': 'invocation', 'label': 'end', 'context': [<snowplow_tracker.self_describing_json.SelfDescribingJson object at 0x0000013BCDD4EB90>, <snowplow_tracker.self_describing_json.SelfDescribingJson object at 0x0000013BCDCF5110>, <snowplow_tracker.self_describing_json.SelfDescribingJson object at 0x0000013BCDCF4150>]}
[0m10:49:16.808433 [debug] [MainThread]: Flushing usage events
[0m10:49:18.486709 [debug] [MainThread]: An error was encountered while trying to flush usage events
[0m10:56:22.889120 [debug] [MainThread]: Sending event: {'category': 'dbt', 'action': 'invocation', 'label': 'start', 'context': [<snowplow_tracker.self_describing_json.SelfDescribingJson object at 0x00000191A4673C50>, <snowplow_tracker.self_describing_json.SelfDescribingJson object at 0x00000191A696D790>, <snowplow_tracker.self_describing_json.SelfDescribingJson object at 0x00000191A8EB3D90>]}


============================== 10:56:22.899817 | f852d095-25fc-4ea1-9fec-7430c0c64a63 ==============================
[0m10:56:22.899817 [info ] [MainThread]: Running with dbt=1.11.6
[0m10:56:22.901476 [debug] [MainThread]: running dbt with arguments {'static_parser': 'True', 'no_print': 'None', 'version_check': 'True', 'target_path': 'None', 'warn_error_options': 'WarnErrorOptionsV2(error=[], warn=[], silence=[])', 'printer_width': '80', 'write_json': 'True', 'empty': 'None', 'log_cache_events': 'False', 'introspect': 'True', 'cache_selected_only': 'False', 'fail_fast': 'False', 'debug': 'False', 'log_format': 'default', 'partial_parse': 'True', 'send_anonymous_usage_stats': 'True', 'quiet': 'False', 'warn_error': 'None', 'profiles_dir': 'C:\\Users\\Utilisateur\\.dbt', 'use_colors': 'True', 'invocation_command': 'dbt init banking_dbt', 'indirect_selection': 'eager', 'use_experimental_parser': 'False', 'log_path': 'logs'}
[0m10:56:22.947236 [debug] [MainThread]: Starter project path: C:\Users\Utilisateur\banking-modern-datastack\.venv\Lib\site-packages\dbt\include\starter_project
[0m10:56:23.082964 [info ] [MainThread]: 
Your new dbt project "banking_dbt" was created!

For more information on how to configure the profiles.yml file,
please consult the dbt documentation here:

  https://docs.getdbt.com/docs/configure-your-profile

One more thing:

Need help? Don't hesitate to reach out to us via GitHub issues or on Slack:

  https://community.getdbt.com/

Happy modeling!

[0m10:56:23.084540 [info ] [MainThread]: Setting up your profile.
[0m10:56:30.800730 [debug] [MainThread]: Snowflake adapter: Setting snowflake.connector to ERROR (file logging only)
[0m10:56:30.802622 [debug] [MainThread]: Snowflake adapter: Setting botocore to ERROR (file logging only)
[0m10:56:30.803643 [debug] [MainThread]: Snowflake adapter: Setting boto3 to ERROR (file logging only)
[0m10:59:03.251014 [info ] [MainThread]: Profile banking_dbt written to C:\Users\Utilisateur\.dbt\profiles.yml using target's profile_template.yml and your supplied values. Run 'dbt debug' to validate the connection.
[0m10:59:03.253124 [debug] [MainThread]: Command `dbt init` succeeded at 10:59:03.253124 after 160.65 seconds
[0m10:59:03.253124 [debug] [MainThread]: Sending event: {'category': 'dbt', 'action': 'invocation', 'label': 'end', 'context': [<snowplow_tracker.self_describing_json.SelfDescribingJson object at 0x00000191A7E89750>, <snowplow_tracker.self_describing_json.SelfDescribingJson object at 0x00000191A7E80110>, <snowplow_tracker.self_describing_json.SelfDescribingJson object at 0x00000191A7E803D0>]}
[0m10:59:03.254647 [debug] [MainThread]: Flushing usage events
[0m10:59:04.341673 [debug] [MainThread]: An error was encountered while trying to flush usage events
[0m11:02:41.577022 [debug] [MainThread]: Sending event: {'category': 'dbt', 'action': 'invocation', 'label': 'start', 'context': [<snowplow_tracker.self_describing_json.SelfDescribingJson object at 0x000002375D8C2A10>, <snowplow_tracker.self_describing_json.SelfDescribingJson object at 0x000002375D544DD0>, <snowplow_tracker.self_describing_json.SelfDescribingJson object at 0x000002375D8F39D0>]}


============================== 11:02:41.583209 | aef02209-1d17-4b28-9f5d-482ffa7abcc6 ==============================
[0m11:02:41.583209 [info ] [MainThread]: Running with dbt=1.11.6
[0m11:02:41.585207 [debug] [MainThread]: running dbt with arguments {'static_parser': 'True', 'no_print': 'None', 'version_check': 'True', 'warn_error_options': 'WarnErrorOptionsV2(error=[], warn=[], silence=[])', 'target_path': 'None', 'printer_width': '80', 'write_json': 'True', 'empty': 'None', 'log_cache_events': 'False', 'introspect': 'True', 'cache_selected_only': 'False', 'log_format': 'default', 'debug': 'False', 'fail_fast': 'False', 'profiles_dir': 'C:\\Users\\Utilisateur\\.dbt', 'send_anonymous_usage_stats': 'True', 'quiet': 'False', 'warn_error': 'None', 'partial_parse': 'True', 'invocation_command': 'dbt debug', 'use_colors': 'True', 'indirect_selection': 'eager', 'use_experimental_parser': 'False', 'log_path': 'logs'}
[0m11:02:41.621138 [info ] [MainThread]: dbt version: 1.11.6
[0m11:02:41.622649 [info ] [MainThread]: python version: 3.11.6
[0m11:02:41.623697 [info ] [MainThread]: python path: C:\Users\Utilisateur\banking-modern-datastack\.venv\Scripts\python.exe
[0m11:02:41.623697 [info ] [MainThread]: os info: Windows-10-10.0.26200-SP0
[0m11:02:42.903560 [debug] [MainThread]: Snowflake adapter: Setting snowflake.connector to ERROR (file logging only)
[0m11:02:42.903560 [debug] [MainThread]: Snowflake adapter: Setting botocore to ERROR (file logging only)
[0m11:02:42.905064 [debug] [MainThread]: Snowflake adapter: Setting boto3 to ERROR (file logging only)
[0m11:02:43.000680 [info ] [MainThread]: Using profiles dir at C:\Users\Utilisateur\.dbt
[0m11:02:43.001678 [info ] [MainThread]: Using profiles.yml file at C:\Users\Utilisateur\.dbt\profiles.yml
[0m11:02:43.002682 [info ] [MainThread]: Using dbt_project.yml file at C:\Users\Utilisateur\banking-modern-datastack\dbt_project.yml
[0m11:02:43.004677 [info ] [MainThread]: adapter type: snowflake
[0m11:02:43.004677 [info ] [MainThread]: adapter version: 1.11.2
[0m11:02:43.006300 [info ] [MainThread]: Configuration:
[0m11:02:43.007308 [info ] [MainThread]:   profiles.yml file [[32mOK found and valid[0m]
[0m11:02:43.008315 [info ] [MainThread]:   dbt_project.yml file [[31mERROR not found[0m]
[0m11:02:43.009417 [info ] [MainThread]: Required dependencies:
[0m11:02:43.010754 [debug] [MainThread]: Executing "git --help"
[0m11:02:43.159190 [debug] [MainThread]: STDOUT: "b"usage: git [-v | --version] [-h | --help] [-C <path>] [-c <name>=<value>]\n           [--exec-path[=<path>]] [--html-path] [--man-path] [--info-path]\n           [-p | --paginate | -P | --no-pager] [--no-replace-objects] [--bare]\n           [--git-dir=<path>] [--work-tree=<path>] [--namespace=<name>]\n           [--config-env=<name>=<envvar>] <command> [<args>]\n\nThese are common Git commands used in various situations:\n\nstart a working area (see also: git help tutorial)\n   clone     Clone a repository into a new directory\n   init      Create an empty Git repository or reinitialize an existing one\n\nwork on the current change (see also: git help everyday)\n   add       Add file contents to the index\n   mv        Move or rename a file, a directory, or a symlink\n   restore   Restore working tree files\n   rm        Remove files from the working tree and from the index\n\nexamine the history and state (see also: git help revisions)\n   bisect    Use binary search to find the commit that introduced a bug\n   diff      Show changes between commits, commit and working tree, etc\n   grep      Print lines matching a pattern\n   log       Show commit logs\n   show      Show various types of objects\n   status    Show the working tree status\n\ngrow, mark and tweak your common history\n   branch    List, create, or delete branches\n   commit    Record changes to the repository\n   merge     Join two or more development histories together\n   rebase    Reapply commits on top of another base tip\n   reset     Reset current HEAD to the specified state\n   switch    Switch branches\n   tag       Create, list, delete or verify a tag object signed with GPG\n\ncollaborate (see also: git help workflows)\n   fetch     Download objects and refs from another repository\n   pull      Fetch from and integrate with another repository or a local branch\n   push      Update remote refs along with associated objects\n\n'git help -a' and 'git help -g' list available subcommands and some\nconcept guides. See 'git help <command>' or 'git help <concept>'\nto read about a specific subcommand or concept.\nSee 'git help git' for an overview of the system.\n""
[0m11:02:43.160381 [debug] [MainThread]: STDERR: "b''"
[0m11:02:43.161964 [info ] [MainThread]:  - git [[32mOK found[0m]

[0m11:02:43.162981 [info ] [MainThread]: Connection:
[0m11:02:43.164262 [info ] [MainThread]:   account: jd28428.eu-west-3.aws
[0m11:02:43.165259 [info ] [MainThread]:   user: Lewisb12237
[0m11:02:43.165769 [info ] [MainThread]:   database: banking
[0m11:02:43.166779 [info ] [MainThread]:   warehouse: COMPUTE_WH
[0m11:02:43.167971 [info ] [MainThread]:   role: accountadmin
[0m11:02:43.168975 [info ] [MainThread]:   schema: analytics
[0m11:02:43.170971 [info ] [MainThread]:   authenticator: None
[0m11:02:43.171975 [info ] [MainThread]:   oauth_client_id: None
[0m11:02:43.173148 [info ] [MainThread]:   query_tag: None
[0m11:02:43.174217 [info ] [MainThread]:   client_session_keep_alive: False
[0m11:02:43.175735 [info ] [MainThread]:   host: None
[0m11:02:43.176801 [info ] [MainThread]:   port: None
[0m11:02:43.178650 [info ] [MainThread]:   proxy_host: None
[0m11:02:43.180639 [info ] [MainThread]:   proxy_port: None
[0m11:02:43.181644 [info ] [MainThread]:   protocol: None
[0m11:02:43.183042 [info ] [MainThread]:   connect_retries: 1
[0m11:02:43.184070 [info ] [MainThread]:   connect_timeout: None
[0m11:02:43.185064 [info ] [MainThread]:   retry_on_database_errors: False
[0m11:02:43.186065 [info ] [MainThread]:   retry_all: False
[0m11:02:43.188525 [info ] [MainThread]:   insecure_mode: False
[0m11:02:43.189907 [info ] [MainThread]:   reuse_connections: True
[0m11:02:43.190908 [info ] [MainThread]:   s3_stage_vpce_dns_name: None
[0m11:02:43.191907 [info ] [MainThread]:   platform_detection_timeout_seconds: 0.0
[0m11:02:43.193541 [info ] [MainThread]: Registered adapter: snowflake=1.11.2
[0m11:02:44.065745 [debug] [MainThread]: Acquiring new snowflake connection 'debug'
[0m11:02:48.317109 [debug] [MainThread]: Using snowflake connection "debug"
[0m11:02:48.317109 [debug] [MainThread]: On debug: select 1 as id
[0m11:02:48.318619 [debug] [MainThread]: Opening a new connection, currently in state init
[0m11:02:50.847549 [debug] [MainThread]: SQL status: SUCCESS 1 in 2.528 seconds
[0m11:02:50.849559 [info ] [MainThread]:   Connection test: [[32mOK connection ok[0m]

[0m11:02:50.852222 [info ] [MainThread]: [31m1 check failed:[0m
[0m11:02:50.853588 [info ] [MainThread]: Project loading failed for the following reason:
 project path <C:\Users\Utilisateur\banking-modern-datastack\dbt_project.yml> not found

[0m11:02:50.857096 [debug] [MainThread]: Command `dbt debug` failed at 11:02:50.855579 after 9.43 seconds
[0m11:02:50.857096 [debug] [MainThread]: Connection 'debug' was left open.
[0m11:02:50.859939 [debug] [MainThread]: On debug: Close
[0m11:02:50.990963 [debug] [MainThread]: Sending event: {'category': 'dbt', 'action': 'invocation', 'label': 'end', 'context': [<snowplow_tracker.self_describing_json.SelfDescribingJson object at 0x000002375D890D90>, <snowplow_tracker.self_describing_json.SelfDescribingJson object at 0x0000023771622D90>, <snowplow_tracker.self_describing_json.SelfDescribingJson object at 0x0000023756D9FC10>]}
[0m11:02:50.991482 [debug] [MainThread]: Flushing usage events
[0m11:02:51.839153 [debug] [MainThread]: An error was encountered while trying to flush usage events
