[2026-02-22T18:17:04.487+0000] {local_task_job_runner.py:120} INFO - ::group::Pre task execution logs
[2026-02-22T18:17:04.519+0000] {taskinstance.py:2076} INFO - Dependencies all met for dep_context=non-requeueable deps ti=<TaskInstance: minio_to_snowflake_banking.download_minio scheduled__2026-02-22T18:16:00+00:00 [queued]>
[2026-02-22T18:17:04.528+0000] {taskinstance.py:2076} INFO - Dependencies all met for dep_context=requeueable deps ti=<TaskInstance: minio_to_snowflake_banking.download_minio scheduled__2026-02-22T18:16:00+00:00 [queued]>
[2026-02-22T18:17:04.530+0000] {taskinstance.py:2306} INFO - Starting attempt 1 of 2
[2026-02-22T18:17:04.546+0000] {taskinstance.py:2330} INFO - Executing <Task(PythonOperator): download_minio> on 2026-02-22 18:16:00+00:00
[2026-02-22T18:17:04.555+0000] {standard_task_runner.py:90} INFO - Running: ['***', 'tasks', 'run', 'minio_to_snowflake_banking', 'download_minio', 'scheduled__2026-02-22T18:16:00+00:00', '--job-id', '1134', '--raw', '--subdir', 'DAGS_FOLDER/minio_to_snowflake_dag.py', '--cfg-path', '/tmp/tmpe990z3zi']
[2026-02-22T18:17:04.559+0000] {standard_task_runner.py:91} INFO - Job 1134: Subtask download_minio
[2026-02-22T18:17:04.558+0000] {logging_mixin.py:188} WARNING - /home/***/.local/lib/python3.12/site-packages/***/task/task_runner/standard_task_runner.py:62 DeprecationWarning: This process (pid=88590) is multi-threaded, use of fork() may lead to deadlocks in the child.
[2026-02-22T18:17:04.560+0000] {standard_task_runner.py:64} INFO - Started process 88604 to run task
[2026-02-22T18:17:04.637+0000] {task_command.py:426} INFO - Running <TaskInstance: minio_to_snowflake_banking.download_minio scheduled__2026-02-22T18:16:00+00:00 [running]> on host f2d9c9e2564d
[2026-02-22T18:17:04.760+0000] {taskinstance.py:2648} INFO - Exporting env vars: AIRFLOW_CTX_DAG_OWNER='***' AIRFLOW_CTX_DAG_ID='minio_to_snowflake_banking' AIRFLOW_CTX_TASK_ID='download_minio' AIRFLOW_CTX_EXECUTION_DATE='2026-02-22T18:16:00+00:00' AIRFLOW_CTX_TRY_NUMBER='1' AIRFLOW_CTX_DAG_RUN_ID='scheduled__2026-02-22T18:16:00+00:00'
[2026-02-22T18:17:04.761+0000] {taskinstance.py:430} INFO - ::endgroup::
[2026-02-22T18:17:05.204+0000] {logging_mixin.py:188} INFO - Downloaded customers/date=2026-02-20/customers_234918105812.parquet -> /tmp/minio_downloads/customers_234918105812.parquet
[2026-02-22T18:17:05.225+0000] {logging_mixin.py:188} INFO - Downloaded customers/date=2026-02-20/customers_234918437151.parquet -> /tmp/minio_downloads/customers_234918437151.parquet
[2026-02-22T18:17:05.243+0000] {logging_mixin.py:188} INFO - Downloaded customers/date=2026-02-20/customers_234918561960.parquet -> /tmp/minio_downloads/customers_234918561960.parquet
[2026-02-22T18:17:05.260+0000] {logging_mixin.py:188} INFO - Downloaded customers/date=2026-02-20/customers_234918669711.parquet -> /tmp/minio_downloads/customers_234918669711.parquet
[2026-02-22T18:17:05.278+0000] {logging_mixin.py:188} INFO - Downloaded customers/date=2026-02-20/customers_234918803581.parquet -> /tmp/minio_downloads/customers_234918803581.parquet
[2026-02-22T18:17:05.297+0000] {logging_mixin.py:188} INFO - Downloaded customers/date=2026-02-20/customers_234918923394.parquet -> /tmp/minio_downloads/customers_234918923394.parquet
[2026-02-22T18:17:05.315+0000] {logging_mixin.py:188} INFO - Downloaded customers/date=2026-02-20/customers_234919120182.parquet -> /tmp/minio_downloads/customers_234919120182.parquet
[2026-02-22T18:17:05.332+0000] {logging_mixin.py:188} INFO - Downloaded customers/date=2026-02-20/customers_234921665207.parquet -> /tmp/minio_downloads/customers_234921665207.parquet
[2026-02-22T18:17:05.352+0000] {logging_mixin.py:188} INFO - Downloaded customers/date=2026-02-20/customers_234921758110.parquet -> /tmp/minio_downloads/customers_234921758110.parquet
[2026-02-22T18:17:05.369+0000] {logging_mixin.py:188} INFO - Downloaded customers/date=2026-02-20/customers_234921847149.parquet -> /tmp/minio_downloads/customers_234921847149.parquet
[2026-02-22T18:17:05.386+0000] {logging_mixin.py:188} INFO - Downloaded customers/date=2026-02-20/customers_234921926178.parquet -> /tmp/minio_downloads/customers_234921926178.parquet
[2026-02-22T18:17:05.405+0000] {logging_mixin.py:188} INFO - Downloaded customers/date=2026-02-20/customers_234922007518.parquet -> /tmp/minio_downloads/customers_234922007518.parquet
[2026-02-22T18:17:05.422+0000] {logging_mixin.py:188} INFO - Downloaded customers/date=2026-02-20/customers_234922078160.parquet -> /tmp/minio_downloads/customers_234922078160.parquet
[2026-02-22T18:17:05.440+0000] {logging_mixin.py:188} INFO - Downloaded customers/date=2026-02-20/customers_234922162590.parquet -> /tmp/minio_downloads/customers_234922162590.parquet
[2026-02-22T18:17:05.460+0000] {logging_mixin.py:188} INFO - Downloaded customers/date=2026-02-20/customers_234922744865.parquet -> /tmp/minio_downloads/customers_234922744865.parquet
[2026-02-22T18:17:05.479+0000] {logging_mixin.py:188} INFO - Downloaded customers/date=2026-02-20/customers_234922834985.parquet -> /tmp/minio_downloads/customers_234922834985.parquet
[2026-02-22T18:17:05.499+0000] {logging_mixin.py:188} INFO - Downloaded customers/date=2026-02-20/customers_234922932607.parquet -> /tmp/minio_downloads/customers_234922932607.parquet
[2026-02-22T18:17:05.519+0000] {logging_mixin.py:188} INFO - Downloaded customers/date=2026-02-20/customers_234923025974.parquet -> /tmp/minio_downloads/customers_234923025974.parquet
[2026-02-22T18:17:05.539+0000] {logging_mixin.py:188} INFO - Downloaded customers/date=2026-02-20/customers_234923111005.parquet -> /tmp/minio_downloads/customers_234923111005.parquet
[2026-02-22T18:17:05.560+0000] {logging_mixin.py:188} INFO - Downloaded customers/date=2026-02-20/customers_234923205643.parquet -> /tmp/minio_downloads/customers_234923205643.parquet
[2026-02-22T18:17:05.810+0000] {logging_mixin.py:188} INFO - Downloaded accounts/date=2026-02-20/accounts_234919229379.parquet -> /tmp/minio_downloads/accounts_234919229379.parquet
[2026-02-22T18:17:05.826+0000] {logging_mixin.py:188} INFO - Downloaded accounts/date=2026-02-20/accounts_234919339290.parquet -> /tmp/minio_downloads/accounts_234919339290.parquet
[2026-02-22T18:17:05.846+0000] {logging_mixin.py:188} INFO - Downloaded accounts/date=2026-02-20/accounts_234920053429.parquet -> /tmp/minio_downloads/accounts_234920053429.parquet
[2026-02-22T18:17:05.867+0000] {logging_mixin.py:188} INFO - Downloaded accounts/date=2026-02-20/accounts_234920162262.parquet -> /tmp/minio_downloads/accounts_234920162262.parquet
[2026-02-22T18:17:05.885+0000] {logging_mixin.py:188} INFO - Downloaded accounts/date=2026-02-20/accounts_234920297803.parquet -> /tmp/minio_downloads/accounts_234920297803.parquet
[2026-02-22T18:17:05.903+0000] {logging_mixin.py:188} INFO - Downloaded accounts/date=2026-02-20/accounts_234920394646.parquet -> /tmp/minio_downloads/accounts_234920394646.parquet
[2026-02-22T18:17:05.923+0000] {logging_mixin.py:188} INFO - Downloaded accounts/date=2026-02-20/accounts_234923335866.parquet -> /tmp/minio_downloads/accounts_234923335866.parquet
[2026-02-22T18:17:05.944+0000] {logging_mixin.py:188} INFO - Downloaded accounts/date=2026-02-20/accounts_234923452458.parquet -> /tmp/minio_downloads/accounts_234923452458.parquet
[2026-02-22T18:17:05.962+0000] {logging_mixin.py:188} INFO - Downloaded accounts/date=2026-02-20/accounts_234923816025.parquet -> /tmp/minio_downloads/accounts_234923816025.parquet
[2026-02-22T18:17:05.979+0000] {logging_mixin.py:188} INFO - Downloaded accounts/date=2026-02-20/accounts_234923976275.parquet -> /tmp/minio_downloads/accounts_234923976275.parquet
[2026-02-22T18:17:05.997+0000] {logging_mixin.py:188} INFO - Downloaded accounts/date=2026-02-20/accounts_234924694842.parquet -> /tmp/minio_downloads/accounts_234924694842.parquet
[2026-02-22T18:17:06.015+0000] {logging_mixin.py:188} INFO - Downloaded accounts/date=2026-02-20/accounts_234924793702.parquet -> /tmp/minio_downloads/accounts_234924793702.parquet
[2026-02-22T18:17:06.032+0000] {logging_mixin.py:188} INFO - Downloaded accounts/date=2026-02-20/accounts_234924894453.parquet -> /tmp/minio_downloads/accounts_234924894453.parquet
[2026-02-22T18:17:06.052+0000] {logging_mixin.py:188} INFO - Downloaded accounts/date=2026-02-20/accounts_234926222060.parquet -> /tmp/minio_downloads/accounts_234926222060.parquet
[2026-02-22T18:17:06.069+0000] {logging_mixin.py:188} INFO - Downloaded accounts/date=2026-02-20/accounts_234926321807.parquet -> /tmp/minio_downloads/accounts_234926321807.parquet
[2026-02-22T18:17:06.086+0000] {logging_mixin.py:188} INFO - Downloaded accounts/date=2026-02-20/accounts_234926416924.parquet -> /tmp/minio_downloads/accounts_234926416924.parquet
[2026-02-22T18:17:06.105+0000] {logging_mixin.py:188} INFO - Downloaded accounts/date=2026-02-20/accounts_234926499851.parquet -> /tmp/minio_downloads/accounts_234926499851.parquet
[2026-02-22T18:17:06.123+0000] {logging_mixin.py:188} INFO - Downloaded accounts/date=2026-02-20/accounts_234926596272.parquet -> /tmp/minio_downloads/accounts_234926596272.parquet
[2026-02-22T18:17:06.142+0000] {logging_mixin.py:188} INFO - Downloaded accounts/date=2026-02-20/accounts_234926697438.parquet -> /tmp/minio_downloads/accounts_234926697438.parquet
[2026-02-22T18:17:06.202+0000] {logging_mixin.py:188} INFO - Downloaded accounts/date=2026-02-20/accounts_234926792866.parquet -> /tmp/minio_downloads/accounts_234926792866.parquet
[2026-02-22T18:17:06.226+0000] {logging_mixin.py:188} INFO - Downloaded accounts/date=2026-02-20/accounts_234928114151.parquet -> /tmp/minio_downloads/accounts_234928114151.parquet
[2026-02-22T18:17:06.244+0000] {logging_mixin.py:188} INFO - Downloaded accounts/date=2026-02-20/accounts_234928202943.parquet -> /tmp/minio_downloads/accounts_234928202943.parquet
[2026-02-22T18:17:06.261+0000] {logging_mixin.py:188} INFO - Downloaded accounts/date=2026-02-20/accounts_234928287885.parquet -> /tmp/minio_downloads/accounts_234928287885.parquet
[2026-02-22T18:17:06.278+0000] {logging_mixin.py:188} INFO - Downloaded accounts/date=2026-02-20/accounts_234928371185.parquet -> /tmp/minio_downloads/accounts_234928371185.parquet
[2026-02-22T18:17:06.296+0000] {logging_mixin.py:188} INFO - Downloaded accounts/date=2026-02-20/accounts_234928457421.parquet -> /tmp/minio_downloads/accounts_234928457421.parquet
[2026-02-22T18:17:06.314+0000] {logging_mixin.py:188} INFO - Downloaded accounts/date=2026-02-20/accounts_234928550187.parquet -> /tmp/minio_downloads/accounts_234928550187.parquet
[2026-02-22T18:17:06.331+0000] {logging_mixin.py:188} INFO - Downloaded accounts/date=2026-02-20/accounts_234929152701.parquet -> /tmp/minio_downloads/accounts_234929152701.parquet
[2026-02-22T18:17:06.350+0000] {logging_mixin.py:188} INFO - Downloaded accounts/date=2026-02-20/accounts_234929241696.parquet -> /tmp/minio_downloads/accounts_234929241696.parquet
[2026-02-22T18:17:06.369+0000] {logging_mixin.py:188} INFO - Downloaded accounts/date=2026-02-20/accounts_234929332029.parquet -> /tmp/minio_downloads/accounts_234929332029.parquet
[2026-02-22T18:17:06.387+0000] {logging_mixin.py:188} INFO - Downloaded accounts/date=2026-02-20/accounts_234929417192.parquet -> /tmp/minio_downloads/accounts_234929417192.parquet
[2026-02-22T18:17:06.404+0000] {logging_mixin.py:188} INFO - Downloaded accounts/date=2026-02-20/accounts_234929507568.parquet -> /tmp/minio_downloads/accounts_234929507568.parquet
[2026-02-22T18:17:06.422+0000] {logging_mixin.py:188} INFO - Downloaded accounts/date=2026-02-20/accounts_234929633147.parquet -> /tmp/minio_downloads/accounts_234929633147.parquet
[2026-02-22T18:17:06.439+0000] {logging_mixin.py:188} INFO - Downloaded accounts/date=2026-02-20/accounts_234929729800.parquet -> /tmp/minio_downloads/accounts_234929729800.parquet
[2026-02-22T18:17:06.455+0000] {logging_mixin.py:188} INFO - Downloaded accounts/date=2026-02-20/accounts_234931169046.parquet -> /tmp/minio_downloads/accounts_234931169046.parquet
[2026-02-22T18:17:06.471+0000] {logging_mixin.py:188} INFO - Downloaded accounts/date=2026-02-20/accounts_234931258522.parquet -> /tmp/minio_downloads/accounts_234931258522.parquet
[2026-02-22T18:17:06.489+0000] {logging_mixin.py:188} INFO - Downloaded accounts/date=2026-02-20/accounts_234931343394.parquet -> /tmp/minio_downloads/accounts_234931343394.parquet
[2026-02-22T18:17:06.506+0000] {logging_mixin.py:188} INFO - Downloaded accounts/date=2026-02-20/accounts_234931436645.parquet -> /tmp/minio_downloads/accounts_234931436645.parquet
[2026-02-22T18:17:06.523+0000] {logging_mixin.py:188} INFO - Downloaded accounts/date=2026-02-20/accounts_234931535175.parquet -> /tmp/minio_downloads/accounts_234931535175.parquet
[2026-02-22T18:17:06.542+0000] {logging_mixin.py:188} INFO - Downloaded accounts/date=2026-02-20/accounts_234931630343.parquet -> /tmp/minio_downloads/accounts_234931630343.parquet
[2026-02-22T18:17:06.559+0000] {logging_mixin.py:188} INFO - Downloaded accounts/date=2026-02-20/accounts_234931720633.parquet -> /tmp/minio_downloads/accounts_234931720633.parquet
[2026-02-22T18:17:06.931+0000] {logging_mixin.py:188} INFO - Downloaded transactions/date=2026-02-20/transactions_234920527637.parquet -> /tmp/minio_downloads/transactions_234920527637.parquet
[2026-02-22T18:17:06.949+0000] {logging_mixin.py:188} INFO - Downloaded transactions/date=2026-02-20/transactions_234920620288.parquet -> /tmp/minio_downloads/transactions_234920620288.parquet
[2026-02-22T18:17:06.968+0000] {logging_mixin.py:188} INFO - Downloaded transactions/date=2026-02-20/transactions_234920743953.parquet -> /tmp/minio_downloads/transactions_234920743953.parquet
[2026-02-22T18:17:06.984+0000] {logging_mixin.py:188} INFO - Downloaded transactions/date=2026-02-20/transactions_234920848936.parquet -> /tmp/minio_downloads/transactions_234920848936.parquet
[2026-02-22T18:17:07.002+0000] {logging_mixin.py:188} INFO - Downloaded transactions/date=2026-02-20/transactions_234920995769.parquet -> /tmp/minio_downloads/transactions_234920995769.parquet
[2026-02-22T18:17:07.020+0000] {logging_mixin.py:188} INFO - Downloaded transactions/date=2026-02-20/transactions_234921095960.parquet -> /tmp/minio_downloads/transactions_234921095960.parquet
[2026-02-22T18:17:07.039+0000] {logging_mixin.py:188} INFO - Downloaded transactions/date=2026-02-20/transactions_234925010888.parquet -> /tmp/minio_downloads/transactions_234925010888.parquet
[2026-02-22T18:17:07.067+0000] {logging_mixin.py:188} INFO - Downloaded transactions/date=2026-02-20/transactions_234925110210.parquet -> /tmp/minio_downloads/transactions_234925110210.parquet
[2026-02-22T18:17:07.089+0000] {logging_mixin.py:188} INFO - Downloaded transactions/date=2026-02-20/transactions_234925202968.parquet -> /tmp/minio_downloads/transactions_234925202968.parquet
[2026-02-22T18:17:07.110+0000] {logging_mixin.py:188} INFO - Downloaded transactions/date=2026-02-20/transactions_234925307206.parquet -> /tmp/minio_downloads/transactions_234925307206.parquet
[2026-02-22T18:17:07.129+0000] {logging_mixin.py:188} INFO - Downloaded transactions/date=2026-02-20/transactions_234925401792.parquet -> /tmp/minio_downloads/transactions_234925401792.parquet
[2026-02-22T18:17:07.148+0000] {logging_mixin.py:188} INFO - Downloaded transactions/date=2026-02-20/transactions_234925495946.parquet -> /tmp/minio_downloads/transactions_234925495946.parquet
[2026-02-22T18:17:07.166+0000] {logging_mixin.py:188} INFO - Downloaded transactions/date=2026-02-20/transactions_234926886678.parquet -> /tmp/minio_downloads/transactions_234926886678.parquet
[2026-02-22T18:17:07.184+0000] {logging_mixin.py:188} INFO - Downloaded transactions/date=2026-02-20/transactions_234926984193.parquet -> /tmp/minio_downloads/transactions_234926984193.parquet
[2026-02-22T18:17:07.204+0000] {logging_mixin.py:188} INFO - Downloaded transactions/date=2026-02-20/transactions_234927074926.parquet -> /tmp/minio_downloads/transactions_234927074926.parquet
[2026-02-22T18:17:07.225+0000] {logging_mixin.py:188} INFO - Downloaded transactions/date=2026-02-20/transactions_234927434757.parquet -> /tmp/minio_downloads/transactions_234927434757.parquet
[2026-02-22T18:17:07.243+0000] {logging_mixin.py:188} INFO - Downloaded transactions/date=2026-02-20/transactions_234927538594.parquet -> /tmp/minio_downloads/transactions_234927538594.parquet
[2026-02-22T18:17:07.263+0000] {logging_mixin.py:188} INFO - Downloaded transactions/date=2026-02-20/transactions_234927639183.parquet -> /tmp/minio_downloads/transactions_234927639183.parquet
[2026-02-22T18:17:07.283+0000] {logging_mixin.py:188} INFO - Downloaded transactions/date=2026-02-20/transactions_234929827495.parquet -> /tmp/minio_downloads/transactions_234929827495.parquet
[2026-02-22T18:17:07.306+0000] {logging_mixin.py:188} INFO - Downloaded transactions/date=2026-02-20/transactions_234929936899.parquet -> /tmp/minio_downloads/transactions_234929936899.parquet
[2026-02-22T18:17:07.327+0000] {logging_mixin.py:188} INFO - Downloaded transactions/date=2026-02-20/transactions_234930133392.parquet -> /tmp/minio_downloads/transactions_234930133392.parquet
[2026-02-22T18:17:07.346+0000] {logging_mixin.py:188} INFO - Downloaded transactions/date=2026-02-20/transactions_234930278006.parquet -> /tmp/minio_downloads/transactions_234930278006.parquet
[2026-02-22T18:17:07.364+0000] {logging_mixin.py:188} INFO - Downloaded transactions/date=2026-02-20/transactions_234930573943.parquet -> /tmp/minio_downloads/transactions_234930573943.parquet
[2026-02-22T18:17:07.382+0000] {logging_mixin.py:188} INFO - Downloaded transactions/date=2026-02-20/transactions_234930673583.parquet -> /tmp/minio_downloads/transactions_234930673583.parquet
[2026-02-22T18:17:07.401+0000] {logging_mixin.py:188} INFO - Downloaded transactions/date=2026-02-20/transactions_234930765189.parquet -> /tmp/minio_downloads/transactions_234930765189.parquet
[2026-02-22T18:17:07.420+0000] {logging_mixin.py:188} INFO - Downloaded transactions/date=2026-02-20/transactions_234932114660.parquet -> /tmp/minio_downloads/transactions_234932114660.parquet
[2026-02-22T18:17:07.440+0000] {logging_mixin.py:188} INFO - Downloaded transactions/date=2026-02-20/transactions_234932192755.parquet -> /tmp/minio_downloads/transactions_234932192755.parquet
[2026-02-22T18:17:07.459+0000] {logging_mixin.py:188} INFO - Downloaded transactions/date=2026-02-20/transactions_234932278168.parquet -> /tmp/minio_downloads/transactions_234932278168.parquet
[2026-02-22T18:17:07.480+0000] {logging_mixin.py:188} INFO - Downloaded transactions/date=2026-02-20/transactions_234932358103.parquet -> /tmp/minio_downloads/transactions_234932358103.parquet
[2026-02-22T18:17:07.498+0000] {logging_mixin.py:188} INFO - Downloaded transactions/date=2026-02-20/transactions_234932442441.parquet -> /tmp/minio_downloads/transactions_234932442441.parquet
[2026-02-22T18:17:07.515+0000] {logging_mixin.py:188} INFO - Downloaded transactions/date=2026-02-20/transactions_234932522727.parquet -> /tmp/minio_downloads/transactions_234932522727.parquet
[2026-02-22T18:17:07.535+0000] {logging_mixin.py:188} INFO - Downloaded transactions/date=2026-02-20/transactions_234932921552.parquet -> /tmp/minio_downloads/transactions_234932921552.parquet
[2026-02-22T18:17:07.555+0000] {logging_mixin.py:188} INFO - Downloaded transactions/date=2026-02-20/transactions_234933016230.parquet -> /tmp/minio_downloads/transactions_234933016230.parquet
[2026-02-22T18:17:07.572+0000] {logging_mixin.py:188} INFO - Downloaded transactions/date=2026-02-20/transactions_234933111052.parquet -> /tmp/minio_downloads/transactions_234933111052.parquet
[2026-02-22T18:17:07.589+0000] {logging_mixin.py:188} INFO - Downloaded transactions/date=2026-02-20/transactions_234933198316.parquet -> /tmp/minio_downloads/transactions_234933198316.parquet
[2026-02-22T18:17:07.608+0000] {logging_mixin.py:188} INFO - Downloaded transactions/date=2026-02-20/transactions_234933278851.parquet -> /tmp/minio_downloads/transactions_234933278851.parquet
[2026-02-22T18:17:07.626+0000] {logging_mixin.py:188} INFO - Downloaded transactions/date=2026-02-20/transactions_234933369230.parquet -> /tmp/minio_downloads/transactions_234933369230.parquet
[2026-02-22T18:17:07.645+0000] {logging_mixin.py:188} INFO - Downloaded transactions/date=2026-02-20/transactions_234933925204.parquet -> /tmp/minio_downloads/transactions_234933925204.parquet
[2026-02-22T18:17:07.663+0000] {logging_mixin.py:188} INFO - Downloaded transactions/date=2026-02-20/transactions_234934009718.parquet -> /tmp/minio_downloads/transactions_234934009718.parquet
[2026-02-22T18:17:07.681+0000] {logging_mixin.py:188} INFO - Downloaded transactions/date=2026-02-20/transactions_234934102903.parquet -> /tmp/minio_downloads/transactions_234934102903.parquet
[2026-02-22T18:17:07.698+0000] {logging_mixin.py:188} INFO - Downloaded transactions/date=2026-02-20/transactions_234934196027.parquet -> /tmp/minio_downloads/transactions_234934196027.parquet
[2026-02-22T18:17:07.715+0000] {logging_mixin.py:188} INFO - Downloaded transactions/date=2026-02-20/transactions_234934307523.parquet -> /tmp/minio_downloads/transactions_234934307523.parquet
[2026-02-22T18:17:07.733+0000] {logging_mixin.py:188} INFO - Downloaded transactions/date=2026-02-20/transactions_234934396633.parquet -> /tmp/minio_downloads/transactions_234934396633.parquet
[2026-02-22T18:17:07.753+0000] {logging_mixin.py:188} INFO - Downloaded transactions/date=2026-02-20/transactions_234934488117.parquet -> /tmp/minio_downloads/transactions_234934488117.parquet
[2026-02-22T18:17:07.768+0000] {logging_mixin.py:188} INFO - Downloaded transactions/date=2026-02-20/transactions_234934894146.parquet -> /tmp/minio_downloads/transactions_234934894146.parquet
[2026-02-22T18:17:07.786+0000] {logging_mixin.py:188} INFO - Downloaded transactions/date=2026-02-20/transactions_234934986743.parquet -> /tmp/minio_downloads/transactions_234934986743.parquet
[2026-02-22T18:17:07.805+0000] {logging_mixin.py:188} INFO - Downloaded transactions/date=2026-02-20/transactions_234935069074.parquet -> /tmp/minio_downloads/transactions_234935069074.parquet
[2026-02-22T18:17:07.824+0000] {logging_mixin.py:188} INFO - Downloaded transactions/date=2026-02-20/transactions_234935175949.parquet -> /tmp/minio_downloads/transactions_234935175949.parquet
[2026-02-22T18:17:07.841+0000] {logging_mixin.py:188} INFO - Downloaded transactions/date=2026-02-20/transactions_234935272437.parquet -> /tmp/minio_downloads/transactions_234935272437.parquet
[2026-02-22T18:17:07.859+0000] {logging_mixin.py:188} INFO - Downloaded transactions/date=2026-02-20/transactions_234935370154.parquet -> /tmp/minio_downloads/transactions_234935370154.parquet
[2026-02-22T18:17:07.875+0000] {logging_mixin.py:188} INFO - Downloaded transactions/date=2026-02-20/transactions_234935847189.parquet -> /tmp/minio_downloads/transactions_234935847189.parquet
[2026-02-22T18:17:07.892+0000] {logging_mixin.py:188} INFO - Downloaded transactions/date=2026-02-20/transactions_234935955264.parquet -> /tmp/minio_downloads/transactions_234935955264.parquet
[2026-02-22T18:17:07.909+0000] {logging_mixin.py:188} INFO - Downloaded transactions/date=2026-02-20/transactions_234936056628.parquet -> /tmp/minio_downloads/transactions_234936056628.parquet
[2026-02-22T18:17:07.930+0000] {logging_mixin.py:188} INFO - Downloaded transactions/date=2026-02-20/transactions_234936151468.parquet -> /tmp/minio_downloads/transactions_234936151468.parquet
[2026-02-22T18:17:07.950+0000] {logging_mixin.py:188} INFO - Downloaded transactions/date=2026-02-20/transactions_234936251977.parquet -> /tmp/minio_downloads/transactions_234936251977.parquet
[2026-02-22T18:17:07.968+0000] {logging_mixin.py:188} INFO - Downloaded transactions/date=2026-02-20/transactions_234936345504.parquet -> /tmp/minio_downloads/transactions_234936345504.parquet
[2026-02-22T18:17:07.984+0000] {logging_mixin.py:188} INFO - Downloaded transactions/date=2026-02-20/transactions_234936830532.parquet -> /tmp/minio_downloads/transactions_234936830532.parquet
[2026-02-22T18:17:08.002+0000] {logging_mixin.py:188} INFO - Downloaded transactions/date=2026-02-20/transactions_234936940213.parquet -> /tmp/minio_downloads/transactions_234936940213.parquet
[2026-02-22T18:17:08.019+0000] {logging_mixin.py:188} INFO - Downloaded transactions/date=2026-02-20/transactions_234937044510.parquet -> /tmp/minio_downloads/transactions_234937044510.parquet
[2026-02-22T18:17:08.035+0000] {logging_mixin.py:188} INFO - Downloaded transactions/date=2026-02-20/transactions_234937144436.parquet -> /tmp/minio_downloads/transactions_234937144436.parquet
[2026-02-22T18:17:08.055+0000] {logging_mixin.py:188} INFO - Downloaded transactions/date=2026-02-20/transactions_234937237946.parquet -> /tmp/minio_downloads/transactions_234937237946.parquet
[2026-02-22T18:17:08.073+0000] {logging_mixin.py:188} INFO - Downloaded transactions/date=2026-02-20/transactions_234937327317.parquet -> /tmp/minio_downloads/transactions_234937327317.parquet
[2026-02-22T18:17:08.089+0000] {logging_mixin.py:188} INFO - Downloaded transactions/date=2026-02-20/transactions_234937424237.parquet -> /tmp/minio_downloads/transactions_234937424237.parquet
[2026-02-22T18:17:08.107+0000] {logging_mixin.py:188} INFO - Downloaded transactions/date=2026-02-20/transactions_234938006589.parquet -> /tmp/minio_downloads/transactions_234938006589.parquet
[2026-02-22T18:17:08.124+0000] {logging_mixin.py:188} INFO - Downloaded transactions/date=2026-02-20/transactions_234938102664.parquet -> /tmp/minio_downloads/transactions_234938102664.parquet
[2026-02-22T18:17:08.140+0000] {logging_mixin.py:188} INFO - Downloaded transactions/date=2026-02-20/transactions_234938199199.parquet -> /tmp/minio_downloads/transactions_234938199199.parquet
[2026-02-22T18:17:08.155+0000] {logging_mixin.py:188} INFO - Downloaded transactions/date=2026-02-20/transactions_234938297827.parquet -> /tmp/minio_downloads/transactions_234938297827.parquet
[2026-02-22T18:17:08.172+0000] {logging_mixin.py:188} INFO - Downloaded transactions/date=2026-02-20/transactions_234938389864.parquet -> /tmp/minio_downloads/transactions_234938389864.parquet
[2026-02-22T18:17:08.188+0000] {logging_mixin.py:188} INFO - Downloaded transactions/date=2026-02-20/transactions_234938497275.parquet -> /tmp/minio_downloads/transactions_234938497275.parquet
[2026-02-22T18:17:08.205+0000] {logging_mixin.py:188} INFO - Downloaded transactions/date=2026-02-20/transactions_234938991890.parquet -> /tmp/minio_downloads/transactions_234938991890.parquet
[2026-02-22T18:17:08.221+0000] {logging_mixin.py:188} INFO - Downloaded transactions/date=2026-02-20/transactions_234939081021.parquet -> /tmp/minio_downloads/transactions_234939081021.parquet
[2026-02-22T18:17:08.239+0000] {logging_mixin.py:188} INFO - Downloaded transactions/date=2026-02-20/transactions_234939176644.parquet -> /tmp/minio_downloads/transactions_234939176644.parquet
[2026-02-22T18:17:08.258+0000] {logging_mixin.py:188} INFO - Downloaded transactions/date=2026-02-20/transactions_234939278372.parquet -> /tmp/minio_downloads/transactions_234939278372.parquet
[2026-02-22T18:17:08.276+0000] {logging_mixin.py:188} INFO - Downloaded transactions/date=2026-02-20/transactions_234939374490.parquet -> /tmp/minio_downloads/transactions_234939374490.parquet
[2026-02-22T18:17:08.294+0000] {logging_mixin.py:188} INFO - Downloaded transactions/date=2026-02-20/transactions_234939468089.parquet -> /tmp/minio_downloads/transactions_234939468089.parquet
[2026-02-22T18:17:08.312+0000] {logging_mixin.py:188} INFO - Downloaded transactions/date=2026-02-20/transactions_234939997340.parquet -> /tmp/minio_downloads/transactions_234939997340.parquet
[2026-02-22T18:17:08.328+0000] {logging_mixin.py:188} INFO - Downloaded transactions/date=2026-02-20/transactions_234940104868.parquet -> /tmp/minio_downloads/transactions_234940104868.parquet
[2026-02-22T18:17:08.346+0000] {logging_mixin.py:188} INFO - Downloaded transactions/date=2026-02-20/transactions_234940244694.parquet -> /tmp/minio_downloads/transactions_234940244694.parquet
[2026-02-22T18:17:08.364+0000] {logging_mixin.py:188} INFO - Downloaded transactions/date=2026-02-20/transactions_234940358602.parquet -> /tmp/minio_downloads/transactions_234940358602.parquet
[2026-02-22T18:17:08.382+0000] {logging_mixin.py:188} INFO - Downloaded transactions/date=2026-02-20/transactions_234940452543.parquet -> /tmp/minio_downloads/transactions_234940452543.parquet
[2026-02-22T18:17:08.400+0000] {logging_mixin.py:188} INFO - Downloaded transactions/date=2026-02-20/transactions_234940557059.parquet -> /tmp/minio_downloads/transactions_234940557059.parquet
[2026-02-22T18:17:08.418+0000] {logging_mixin.py:188} INFO - Downloaded transactions/date=2026-02-20/transactions_234940659936.parquet -> /tmp/minio_downloads/transactions_234940659936.parquet
[2026-02-22T18:17:08.435+0000] {logging_mixin.py:188} INFO - Downloaded transactions/date=2026-02-20/transactions_234941163970.parquet -> /tmp/minio_downloads/transactions_234941163970.parquet
[2026-02-22T18:17:08.455+0000] {logging_mixin.py:188} INFO - Downloaded transactions/date=2026-02-20/transactions_234941259224.parquet -> /tmp/minio_downloads/transactions_234941259224.parquet
[2026-02-22T18:17:08.474+0000] {logging_mixin.py:188} INFO - Downloaded transactions/date=2026-02-20/transactions_234941365406.parquet -> /tmp/minio_downloads/transactions_234941365406.parquet
[2026-02-22T18:17:08.489+0000] {logging_mixin.py:188} INFO - Downloaded transactions/date=2026-02-20/transactions_234941467795.parquet -> /tmp/minio_downloads/transactions_234941467795.parquet
[2026-02-22T18:17:08.509+0000] {logging_mixin.py:188} INFO - Downloaded transactions/date=2026-02-20/transactions_234941573322.parquet -> /tmp/minio_downloads/transactions_234941573322.parquet
[2026-02-22T18:17:08.528+0000] {logging_mixin.py:188} INFO - Downloaded transactions/date=2026-02-20/transactions_234941662407.parquet -> /tmp/minio_downloads/transactions_234941662407.parquet
[2026-02-22T18:17:08.544+0000] {logging_mixin.py:188} INFO - Downloaded transactions/date=2026-02-20/transactions_234942160253.parquet -> /tmp/minio_downloads/transactions_234942160253.parquet
[2026-02-22T18:17:08.563+0000] {logging_mixin.py:188} INFO - Downloaded transactions/date=2026-02-20/transactions_234942253356.parquet -> /tmp/minio_downloads/transactions_234942253356.parquet
[2026-02-22T18:17:08.580+0000] {logging_mixin.py:188} INFO - Downloaded transactions/date=2026-02-20/transactions_234942350222.parquet -> /tmp/minio_downloads/transactions_234942350222.parquet
[2026-02-22T18:17:08.602+0000] {logging_mixin.py:188} INFO - Downloaded transactions/date=2026-02-20/transactions_234942449378.parquet -> /tmp/minio_downloads/transactions_234942449378.parquet
[2026-02-22T18:17:08.621+0000] {logging_mixin.py:188} INFO - Downloaded transactions/date=2026-02-20/transactions_234942596005.parquet -> /tmp/minio_downloads/transactions_234942596005.parquet
[2026-02-22T18:17:08.639+0000] {logging_mixin.py:188} INFO - Downloaded transactions/date=2026-02-20/transactions_234942682137.parquet -> /tmp/minio_downloads/transactions_234942682137.parquet
[2026-02-22T18:17:08.657+0000] {logging_mixin.py:188} INFO - Downloaded transactions/date=2026-02-20/transactions_234943096893.parquet -> /tmp/minio_downloads/transactions_234943096893.parquet
[2026-02-22T18:17:08.677+0000] {logging_mixin.py:188} INFO - Downloaded transactions/date=2026-02-20/transactions_234943561718.parquet -> /tmp/minio_downloads/transactions_234943561718.parquet
[2026-02-22T18:17:08.694+0000] {logging_mixin.py:188} INFO - Downloaded transactions/date=2026-02-20/transactions_234943780106.parquet -> /tmp/minio_downloads/transactions_234943780106.parquet
[2026-02-22T18:17:08.712+0000] {logging_mixin.py:188} INFO - Downloaded transactions/date=2026-02-20/transactions_234943901825.parquet -> /tmp/minio_downloads/transactions_234943901825.parquet
[2026-02-22T18:17:08.730+0000] {logging_mixin.py:188} INFO - Downloaded transactions/date=2026-02-20/transactions_234944014291.parquet -> /tmp/minio_downloads/transactions_234944014291.parquet
[2026-02-22T18:17:08.750+0000] {logging_mixin.py:188} INFO - Downloaded transactions/date=2026-02-20/transactions_234944140004.parquet -> /tmp/minio_downloads/transactions_234944140004.parquet
[2026-02-22T18:17:08.751+0000] {python.py:237} INFO - Done. Returned value was: {'customers': ['/tmp/minio_downloads/customers_234918105812.parquet', '/tmp/minio_downloads/customers_234918437151.parquet', '/tmp/minio_downloads/customers_234918561960.parquet', '/tmp/minio_downloads/customers_234918669711.parquet', '/tmp/minio_downloads/customers_234918803581.parquet', '/tmp/minio_downloads/customers_234918923394.parquet', '/tmp/minio_downloads/customers_234919120182.parquet', '/tmp/minio_downloads/customers_234921665207.parquet', '/tmp/minio_downloads/customers_234921758110.parquet', '/tmp/minio_downloads/customers_234921847149.parquet', '/tmp/minio_downloads/customers_234921926178.parquet', '/tmp/minio_downloads/customers_234922007518.parquet', '/tmp/minio_downloads/customers_234922078160.parquet', '/tmp/minio_downloads/customers_234922162590.parquet', '/tmp/minio_downloads/customers_234922744865.parquet', '/tmp/minio_downloads/customers_234922834985.parquet', '/tmp/minio_downloads/customers_234922932607.parquet', '/tmp/minio_downloads/customers_234923025974.parquet', '/tmp/minio_downloads/customers_234923111005.parquet', '/tmp/minio_downloads/customers_234923205643.parquet'], 'accounts': ['/tmp/minio_downloads/accounts_234919229379.parquet', '/tmp/minio_downloads/accounts_234919339290.parquet', '/tmp/minio_downloads/accounts_234920053429.parquet', '/tmp/minio_downloads/accounts_234920162262.parquet', '/tmp/minio_downloads/accounts_234920297803.parquet', '/tmp/minio_downloads/accounts_234920394646.parquet', '/tmp/minio_downloads/accounts_234923335866.parquet', '/tmp/minio_downloads/accounts_234923452458.parquet', '/tmp/minio_downloads/accounts_234923816025.parquet', '/tmp/minio_downloads/accounts_234923976275.parquet', '/tmp/minio_downloads/accounts_234924694842.parquet', '/tmp/minio_downloads/accounts_234924793702.parquet', '/tmp/minio_downloads/accounts_234924894453.parquet', '/tmp/minio_downloads/accounts_234926222060.parquet', '/tmp/minio_downloads/accounts_234926321807.parquet', '/tmp/minio_downloads/accounts_234926416924.parquet', '/tmp/minio_downloads/accounts_234926499851.parquet', '/tmp/minio_downloads/accounts_234926596272.parquet', '/tmp/minio_downloads/accounts_234926697438.parquet', '/tmp/minio_downloads/accounts_234926792866.parquet', '/tmp/minio_downloads/accounts_234928114151.parquet', '/tmp/minio_downloads/accounts_234928202943.parquet', '/tmp/minio_downloads/accounts_234928287885.parquet', '/tmp/minio_downloads/accounts_234928371185.parquet', '/tmp/minio_downloads/accounts_234928457421.parquet', '/tmp/minio_downloads/accounts_234928550187.parquet', '/tmp/minio_downloads/accounts_234929152701.parquet', '/tmp/minio_downloads/accounts_234929241696.parquet', '/tmp/minio_downloads/accounts_234929332029.parquet', '/tmp/minio_downloads/accounts_234929417192.parquet', '/tmp/minio_downloads/accounts_234929507568.parquet', '/tmp/minio_downloads/accounts_234929633147.parquet', '/tmp/minio_downloads/accounts_234929729800.parquet', '/tmp/minio_downloads/accounts_234931169046.parquet', '/tmp/minio_downloads/accounts_234931258522.parquet', '/tmp/minio_downloads/accounts_234931343394.parquet', '/tmp/minio_downloads/accounts_234931436645.parquet', '/tmp/minio_downloads/accounts_234931535175.parquet', '/tmp/minio_downloads/accounts_234931630343.parquet', '/tmp/minio_downloads/accounts_234931720633.parquet'], 'transactions': ['/tmp/minio_downloads/transactions_234920527637.parquet', '/tmp/minio_downloads/transactions_234920620288.parquet', '/tmp/minio_downloads/transactions_234920743953.parquet', '/tmp/minio_downloads/transactions_234920848936.parquet', '/tmp/minio_downloads/transactions_234920995769.parquet', '/tmp/minio_downloads/transactions_234921095960.parquet', '/tmp/minio_downloads/transactions_234925010888.parquet', '/tmp/minio_downloads/transactions_234925110210.parquet', '/tmp/minio_downloads/transactions_234925202968.parquet', '/tmp/minio_downloads/transactions_234925307206.parquet', '/tmp/minio_downloads/transactions_234925401792.parquet', '/tmp/minio_downloads/transactions_234925495946.parquet', '/tmp/minio_downloads/transactions_234926886678.parquet', '/tmp/minio_downloads/transactions_234926984193.parquet', '/tmp/minio_downloads/transactions_234927074926.parquet', '/tmp/minio_downloads/transactions_234927434757.parquet', '/tmp/minio_downloads/transactions_234927538594.parquet', '/tmp/minio_downloads/transactions_234927639183.parquet', '/tmp/minio_downloads/transactions_234929827495.parquet', '/tmp/minio_downloads/transactions_234929936899.parquet', '/tmp/minio_downloads/transactions_234930133392.parquet', '/tmp/minio_downloads/transactions_234930278006.parquet', '/tmp/minio_downloads/transactions_234930573943.parquet', '/tmp/minio_downloads/transactions_234930673583.parquet', '/tmp/minio_downloads/transactions_234930765189.parquet', '/tmp/minio_downloads/transactions_234932114660.parquet', '/tmp/minio_downloads/transactions_234932192755.parquet', '/tmp/minio_downloads/transactions_234932278168.parquet', '/tmp/minio_downloads/transactions_234932358103.parquet', '/tmp/minio_downloads/transactions_234932442441.parquet', '/tmp/minio_downloads/transactions_234932522727.parquet', '/tmp/minio_downloads/transactions_234932921552.parquet', '/tmp/minio_downloads/transactions_234933016230.parquet', '/tmp/minio_downloads/transactions_234933111052.parquet', '/tmp/minio_downloads/transactions_234933198316.parquet', '/tmp/minio_downloads/transactions_234933278851.parquet', '/tmp/minio_downloads/transactions_234933369230.parquet', '/tmp/minio_downloads/transactions_234933925204.parquet', '/tmp/minio_downloads/transactions_234934009718.parquet', '/tmp/minio_downloads/transactions_234934102903.parquet', '/tmp/minio_downloads/transactions_234934196027.parquet', '/tmp/minio_downloads/transactions_234934307523.parquet', '/tmp/minio_downloads/transactions_234934396633.parquet', '/tmp/minio_downloads/transactions_234934488117.parquet', '/tmp/minio_downloads/transactions_234934894146.parquet', '/tmp/minio_downloads/transactions_234934986743.parquet', '/tmp/minio_downloads/transactions_234935069074.parquet', '/tmp/minio_downloads/transactions_234935175949.parquet', '/tmp/minio_downloads/transactions_234935272437.parquet', '/tmp/minio_downloads/transactions_234935370154.parquet', '/tmp/minio_downloads/transactions_234935847189.parquet', '/tmp/minio_downloads/transactions_234935955264.parquet', '/tmp/minio_downloads/transactions_234936056628.parquet', '/tmp/minio_downloads/transactions_234936151468.parquet', '/tmp/minio_downloads/transactions_234936251977.parquet', '/tmp/minio_downloads/transactions_234936345504.parquet', '/tmp/minio_downloads/transactions_234936830532.parquet', '/tmp/minio_downloads/transactions_234936940213.parquet', '/tmp/minio_downloads/transactions_234937044510.parquet', '/tmp/minio_downloads/transactions_234937144436.parquet', '/tmp/minio_downloads/transactions_234937237946.parquet', '/tmp/minio_downloads/transactions_234937327317.parquet', '/tmp/minio_downloads/transactions_234937424237.parquet', '/tmp/minio_downloads/transactions_234938006589.parquet', '/tmp/minio_downloads/transactions_234938102664.parquet', '/tmp/minio_downloads/transactions_234938199199.parquet', '/tmp/minio_downloads/transactions_234938297827.parquet', '/tmp/minio_downloads/transactions_234938389864.parquet', '/tmp/minio_downloads/transactions_234938497275.parquet', '/tmp/minio_downloads/transactions_234938991890.parquet', '/tmp/minio_downloads/transactions_234939081021.parquet', '/tmp/minio_downloads/transactions_234939176644.parquet', '/tmp/minio_downloads/transactions_234939278372.parquet', '/tmp/minio_downloads/transactions_234939374490.parquet', '/tmp/minio_downloads/transactions_234939468089.parquet', '/tmp/minio_downloads/transactions_234939997340.parquet', '/tmp/minio_downloads/transactions_234940104868.parquet', '/tmp/minio_downloads/transactions_234940244694.parquet', '/tmp/minio_downloads/transactions_234940358602.parquet', '/tmp/minio_downloads/transactions_234940452543.parquet', '/tmp/minio_downloads/transactions_234940557059.parquet', '/tmp/minio_downloads/transactions_234940659936.parquet', '/tmp/minio_downloads/transactions_234941163970.parquet', '/tmp/minio_downloads/transactions_234941259224.parquet', '/tmp/minio_downloads/transactions_234941365406.parquet', '/tmp/minio_downloads/transactions_234941467795.parquet', '/tmp/minio_downloads/transactions_234941573322.parquet', '/tmp/minio_downloads/transactions_234941662407.parquet', '/tmp/minio_downloads/transactions_234942160253.parquet', '/tmp/minio_downloads/transactions_234942253356.parquet', '/tmp/minio_downloads/transactions_234942350222.parquet', '/tmp/minio_downloads/transactions_234942449378.parquet', '/tmp/minio_downloads/transactions_234942596005.parquet', '/tmp/minio_downloads/transactions_234942682137.parquet', '/tmp/minio_downloads/transactions_234943096893.parquet', '/tmp/minio_downloads/transactions_234943561718.parquet', '/tmp/minio_downloads/transactions_234943780106.parquet', '/tmp/minio_downloads/transactions_234943901825.parquet', '/tmp/minio_downloads/transactions_234944014291.parquet', '/tmp/minio_downloads/transactions_234944140004.parquet']}
[2026-02-22T18:17:08.752+0000] {taskinstance.py:441} INFO - ::group::Post task execution logs
[2026-02-22T18:17:08.784+0000] {taskinstance.py:1206} INFO - Marking task as SUCCESS. dag_id=minio_to_snowflake_banking, task_id=download_minio, run_id=scheduled__2026-02-22T18:16:00+00:00, execution_date=20260222T181600, start_date=20260222T181704, end_date=20260222T181708
[2026-02-22T18:17:08.828+0000] {local_task_job_runner.py:243} INFO - Task exited with return code 0
[2026-02-22T18:17:08.861+0000] {taskinstance.py:3503} INFO - 1 downstream tasks scheduled from follow-on schedule check
[2026-02-22T18:17:08.866+0000] {local_task_job_runner.py:222} INFO - ::endgroup::
