[2026-02-22T19:05:13.762+0000] {local_task_job_runner.py:120} INFO - ::group::Pre task execution logs
[2026-02-22T19:05:13.794+0000] {taskinstance.py:2076} INFO - Dependencies all met for dep_context=non-requeueable deps ti=<TaskInstance: minio_to_snowflake_banking.load_snowflake scheduled__2026-02-22T19:04:00+00:00 [queued]>
[2026-02-22T19:05:13.802+0000] {taskinstance.py:2076} INFO - Dependencies all met for dep_context=requeueable deps ti=<TaskInstance: minio_to_snowflake_banking.load_snowflake scheduled__2026-02-22T19:04:00+00:00 [queued]>
[2026-02-22T19:05:13.804+0000] {taskinstance.py:2306} INFO - Starting attempt 1 of 2
[2026-02-22T19:05:13.821+0000] {taskinstance.py:2330} INFO - Executing <Task(PythonOperator): load_snowflake> on 2026-02-22 19:04:00+00:00
[2026-02-22T19:05:13.831+0000] {standard_task_runner.py:90} INFO - Running: ['***', 'tasks', 'run', 'minio_to_snowflake_banking', 'load_snowflake', 'scheduled__2026-02-22T19:04:00+00:00', '--job-id', '1231', '--raw', '--subdir', 'DAGS_FOLDER/minio_to_snowflake_dag.py', '--cfg-path', '/tmp/tmpg_n1yo5k']
[2026-02-22T19:05:13.834+0000] {standard_task_runner.py:91} INFO - Job 1231: Subtask load_snowflake
[2026-02-22T19:05:13.837+0000] {logging_mixin.py:188} WARNING - /home/***/.local/lib/python3.12/site-packages/***/task/task_runner/standard_task_runner.py:62 DeprecationWarning: This process (pid=14237) is multi-threaded, use of fork() may lead to deadlocks in the child.
[2026-02-22T19:05:13.838+0000] {standard_task_runner.py:64} INFO - Started process 14249 to run task
[2026-02-22T19:05:13.912+0000] {task_command.py:426} INFO - Running <TaskInstance: minio_to_snowflake_banking.load_snowflake scheduled__2026-02-22T19:04:00+00:00 [running]> on host f2d9c9e2564d
[2026-02-22T19:05:14.032+0000] {taskinstance.py:2648} INFO - Exporting env vars: AIRFLOW_CTX_DAG_OWNER='***' AIRFLOW_CTX_DAG_ID='minio_to_snowflake_banking' AIRFLOW_CTX_TASK_ID='load_snowflake' AIRFLOW_CTX_EXECUTION_DATE='2026-02-22T19:04:00+00:00' AIRFLOW_CTX_TRY_NUMBER='1' AIRFLOW_CTX_DAG_RUN_ID='scheduled__2026-02-22T19:04:00+00:00'
[2026-02-22T19:05:14.034+0000] {taskinstance.py:430} INFO - ::endgroup::
[2026-02-22T19:05:14.061+0000] {connection.py:613} INFO - Snowflake Connector for Python Version: 4.3.0, Python Version: 3.12.4, Platform: Linux-6.6.87.2-microsoft-standard-WSL2-x86_64-with-glibc2.36
[2026-02-22T19:05:14.062+0000] {connection.py:1709} INFO - Connecting to GLOBAL Snowflake domain
[2026-02-22T19:05:16.767+0000] {logging_mixin.py:188} INFO - Uploaded /tmp/minio_downloads/customers_234918105812.parquet -> @customers stage
[2026-02-22T19:05:16.968+0000] {logging_mixin.py:188} INFO - Uploaded /tmp/minio_downloads/customers_234918437151.parquet -> @customers stage
[2026-02-22T19:05:17.189+0000] {logging_mixin.py:188} INFO - Uploaded /tmp/minio_downloads/customers_234918561960.parquet -> @customers stage
[2026-02-22T19:05:17.380+0000] {logging_mixin.py:188} INFO - Uploaded /tmp/minio_downloads/customers_234918669711.parquet -> @customers stage
[2026-02-22T19:05:17.584+0000] {logging_mixin.py:188} INFO - Uploaded /tmp/minio_downloads/customers_234918803581.parquet -> @customers stage
[2026-02-22T19:05:17.746+0000] {logging_mixin.py:188} INFO - Uploaded /tmp/minio_downloads/customers_234918923394.parquet -> @customers stage
[2026-02-22T19:05:17.923+0000] {logging_mixin.py:188} INFO - Uploaded /tmp/minio_downloads/customers_234919120182.parquet -> @customers stage
[2026-02-22T19:05:18.089+0000] {logging_mixin.py:188} INFO - Uploaded /tmp/minio_downloads/customers_234921665207.parquet -> @customers stage
[2026-02-22T19:05:18.297+0000] {logging_mixin.py:188} INFO - Uploaded /tmp/minio_downloads/customers_234921758110.parquet -> @customers stage
[2026-02-22T19:05:18.466+0000] {logging_mixin.py:188} INFO - Uploaded /tmp/minio_downloads/customers_234921847149.parquet -> @customers stage
[2026-02-22T19:05:18.631+0000] {logging_mixin.py:188} INFO - Uploaded /tmp/minio_downloads/customers_234921926178.parquet -> @customers stage
[2026-02-22T19:05:18.805+0000] {logging_mixin.py:188} INFO - Uploaded /tmp/minio_downloads/customers_234922007518.parquet -> @customers stage
[2026-02-22T19:05:18.971+0000] {logging_mixin.py:188} INFO - Uploaded /tmp/minio_downloads/customers_234922078160.parquet -> @customers stage
[2026-02-22T19:05:19.135+0000] {logging_mixin.py:188} INFO - Uploaded /tmp/minio_downloads/customers_234922162590.parquet -> @customers stage
[2026-02-22T19:05:19.304+0000] {logging_mixin.py:188} INFO - Uploaded /tmp/minio_downloads/customers_234922744865.parquet -> @customers stage
[2026-02-22T19:05:19.497+0000] {logging_mixin.py:188} INFO - Uploaded /tmp/minio_downloads/customers_234922834985.parquet -> @customers stage
[2026-02-22T19:05:19.686+0000] {logging_mixin.py:188} INFO - Uploaded /tmp/minio_downloads/customers_234922932607.parquet -> @customers stage
[2026-02-22T19:05:19.867+0000] {logging_mixin.py:188} INFO - Uploaded /tmp/minio_downloads/customers_234923025974.parquet -> @customers stage
[2026-02-22T19:05:20.036+0000] {logging_mixin.py:188} INFO - Uploaded /tmp/minio_downloads/customers_234923111005.parquet -> @customers stage
[2026-02-22T19:05:20.207+0000] {logging_mixin.py:188} INFO - Uploaded /tmp/minio_downloads/customers_234923205643.parquet -> @customers stage
[2026-02-22T19:05:20.602+0000] {logging_mixin.py:188} INFO - Data loaded into customers
[2026-02-22T19:05:20.815+0000] {logging_mixin.py:188} INFO - Uploaded /tmp/minio_downloads/accounts_234919229379.parquet -> @accounts stage
[2026-02-22T19:05:20.980+0000] {logging_mixin.py:188} INFO - Uploaded /tmp/minio_downloads/accounts_234919339290.parquet -> @accounts stage
[2026-02-22T19:05:21.145+0000] {logging_mixin.py:188} INFO - Uploaded /tmp/minio_downloads/accounts_234920053429.parquet -> @accounts stage
[2026-02-22T19:05:21.317+0000] {logging_mixin.py:188} INFO - Uploaded /tmp/minio_downloads/accounts_234920162262.parquet -> @accounts stage
[2026-02-22T19:05:21.474+0000] {logging_mixin.py:188} INFO - Uploaded /tmp/minio_downloads/accounts_234920297803.parquet -> @accounts stage
[2026-02-22T19:05:21.663+0000] {logging_mixin.py:188} INFO - Uploaded /tmp/minio_downloads/accounts_234920394646.parquet -> @accounts stage
[2026-02-22T19:05:21.832+0000] {logging_mixin.py:188} INFO - Uploaded /tmp/minio_downloads/accounts_234923335866.parquet -> @accounts stage
[2026-02-22T19:05:21.998+0000] {logging_mixin.py:188} INFO - Uploaded /tmp/minio_downloads/accounts_234923452458.parquet -> @accounts stage
[2026-02-22T19:05:22.241+0000] {logging_mixin.py:188} INFO - Uploaded /tmp/minio_downloads/accounts_234923816025.parquet -> @accounts stage
[2026-02-22T19:05:22.423+0000] {logging_mixin.py:188} INFO - Uploaded /tmp/minio_downloads/accounts_234923976275.parquet -> @accounts stage
[2026-02-22T19:05:22.614+0000] {logging_mixin.py:188} INFO - Uploaded /tmp/minio_downloads/accounts_234924694842.parquet -> @accounts stage
[2026-02-22T19:05:22.802+0000] {logging_mixin.py:188} INFO - Uploaded /tmp/minio_downloads/accounts_234924793702.parquet -> @accounts stage
[2026-02-22T19:05:22.976+0000] {logging_mixin.py:188} INFO - Uploaded /tmp/minio_downloads/accounts_234924894453.parquet -> @accounts stage
[2026-02-22T19:05:23.183+0000] {logging_mixin.py:188} INFO - Uploaded /tmp/minio_downloads/accounts_234926222060.parquet -> @accounts stage
[2026-02-22T19:05:23.377+0000] {logging_mixin.py:188} INFO - Uploaded /tmp/minio_downloads/accounts_234926321807.parquet -> @accounts stage
[2026-02-22T19:05:23.557+0000] {logging_mixin.py:188} INFO - Uploaded /tmp/minio_downloads/accounts_234926416924.parquet -> @accounts stage
[2026-02-22T19:05:23.737+0000] {logging_mixin.py:188} INFO - Uploaded /tmp/minio_downloads/accounts_234926499851.parquet -> @accounts stage
[2026-02-22T19:05:24.167+0000] {logging_mixin.py:188} INFO - Uploaded /tmp/minio_downloads/accounts_234926596272.parquet -> @accounts stage
[2026-02-22T19:05:24.353+0000] {logging_mixin.py:188} INFO - Uploaded /tmp/minio_downloads/accounts_234926697438.parquet -> @accounts stage
[2026-02-22T19:05:24.533+0000] {logging_mixin.py:188} INFO - Uploaded /tmp/minio_downloads/accounts_234926792866.parquet -> @accounts stage
[2026-02-22T19:05:24.713+0000] {logging_mixin.py:188} INFO - Uploaded /tmp/minio_downloads/accounts_234928114151.parquet -> @accounts stage
[2026-02-22T19:05:24.896+0000] {logging_mixin.py:188} INFO - Uploaded /tmp/minio_downloads/accounts_234928202943.parquet -> @accounts stage
[2026-02-22T19:05:25.075+0000] {logging_mixin.py:188} INFO - Uploaded /tmp/minio_downloads/accounts_234928287885.parquet -> @accounts stage
[2026-02-22T19:05:25.253+0000] {logging_mixin.py:188} INFO - Uploaded /tmp/minio_downloads/accounts_234928371185.parquet -> @accounts stage
[2026-02-22T19:05:25.425+0000] {logging_mixin.py:188} INFO - Uploaded /tmp/minio_downloads/accounts_234928457421.parquet -> @accounts stage
[2026-02-22T19:05:25.576+0000] {logging_mixin.py:188} INFO - Uploaded /tmp/minio_downloads/accounts_234928550187.parquet -> @accounts stage
[2026-02-22T19:05:25.759+0000] {logging_mixin.py:188} INFO - Uploaded /tmp/minio_downloads/accounts_234929152701.parquet -> @accounts stage
[2026-02-22T19:05:25.937+0000] {logging_mixin.py:188} INFO - Uploaded /tmp/minio_downloads/accounts_234929241696.parquet -> @accounts stage
[2026-02-22T19:05:26.115+0000] {logging_mixin.py:188} INFO - Uploaded /tmp/minio_downloads/accounts_234929332029.parquet -> @accounts stage
[2026-02-22T19:05:26.294+0000] {logging_mixin.py:188} INFO - Uploaded /tmp/minio_downloads/accounts_234929417192.parquet -> @accounts stage
[2026-02-22T19:05:27.081+0000] {logging_mixin.py:188} INFO - Uploaded /tmp/minio_downloads/accounts_234929507568.parquet -> @accounts stage
[2026-02-22T19:05:27.272+0000] {logging_mixin.py:188} INFO - Uploaded /tmp/minio_downloads/accounts_234929633147.parquet -> @accounts stage
[2026-02-22T19:05:27.461+0000] {logging_mixin.py:188} INFO - Uploaded /tmp/minio_downloads/accounts_234929729800.parquet -> @accounts stage
[2026-02-22T19:05:27.648+0000] {logging_mixin.py:188} INFO - Uploaded /tmp/minio_downloads/accounts_234931169046.parquet -> @accounts stage
[2026-02-22T19:05:27.834+0000] {logging_mixin.py:188} INFO - Uploaded /tmp/minio_downloads/accounts_234931258522.parquet -> @accounts stage
[2026-02-22T19:05:27.993+0000] {logging_mixin.py:188} INFO - Uploaded /tmp/minio_downloads/accounts_234931343394.parquet -> @accounts stage
[2026-02-22T19:05:28.154+0000] {logging_mixin.py:188} INFO - Uploaded /tmp/minio_downloads/accounts_234931436645.parquet -> @accounts stage
[2026-02-22T19:05:28.324+0000] {logging_mixin.py:188} INFO - Uploaded /tmp/minio_downloads/accounts_234931535175.parquet -> @accounts stage
[2026-02-22T19:05:28.516+0000] {logging_mixin.py:188} INFO - Uploaded /tmp/minio_downloads/accounts_234931630343.parquet -> @accounts stage
[2026-02-22T19:05:28.694+0000] {logging_mixin.py:188} INFO - Uploaded /tmp/minio_downloads/accounts_234931720633.parquet -> @accounts stage
[2026-02-22T19:05:29.205+0000] {logging_mixin.py:188} INFO - Data loaded into accounts
[2026-02-22T19:05:29.412+0000] {logging_mixin.py:188} INFO - Uploaded /tmp/minio_downloads/transactions_234920527637.parquet -> @transactions stage
[2026-02-22T19:05:29.594+0000] {logging_mixin.py:188} INFO - Uploaded /tmp/minio_downloads/transactions_234920620288.parquet -> @transactions stage
[2026-02-22T19:05:29.750+0000] {logging_mixin.py:188} INFO - Uploaded /tmp/minio_downloads/transactions_234920743953.parquet -> @transactions stage
[2026-02-22T19:05:29.918+0000] {logging_mixin.py:188} INFO - Uploaded /tmp/minio_downloads/transactions_234920848936.parquet -> @transactions stage
[2026-02-22T19:05:30.073+0000] {logging_mixin.py:188} INFO - Uploaded /tmp/minio_downloads/transactions_234920995769.parquet -> @transactions stage
[2026-02-22T19:05:30.234+0000] {logging_mixin.py:188} INFO - Uploaded /tmp/minio_downloads/transactions_234921095960.parquet -> @transactions stage
[2026-02-22T19:05:30.400+0000] {logging_mixin.py:188} INFO - Uploaded /tmp/minio_downloads/transactions_234925010888.parquet -> @transactions stage
[2026-02-22T19:05:30.576+0000] {logging_mixin.py:188} INFO - Uploaded /tmp/minio_downloads/transactions_234925110210.parquet -> @transactions stage
[2026-02-22T19:05:30.747+0000] {logging_mixin.py:188} INFO - Uploaded /tmp/minio_downloads/transactions_234925202968.parquet -> @transactions stage
[2026-02-22T19:05:30.925+0000] {logging_mixin.py:188} INFO - Uploaded /tmp/minio_downloads/transactions_234925307206.parquet -> @transactions stage
[2026-02-22T19:05:31.179+0000] {logging_mixin.py:188} INFO - Uploaded /tmp/minio_downloads/transactions_234925401792.parquet -> @transactions stage
[2026-02-22T19:05:31.339+0000] {logging_mixin.py:188} INFO - Uploaded /tmp/minio_downloads/transactions_234925495946.parquet -> @transactions stage
[2026-02-22T19:05:31.487+0000] {logging_mixin.py:188} INFO - Uploaded /tmp/minio_downloads/transactions_234926886678.parquet -> @transactions stage
[2026-02-22T19:05:31.632+0000] {logging_mixin.py:188} INFO - Uploaded /tmp/minio_downloads/transactions_234926984193.parquet -> @transactions stage
[2026-02-22T19:05:31.775+0000] {logging_mixin.py:188} INFO - Uploaded /tmp/minio_downloads/transactions_234927074926.parquet -> @transactions stage
[2026-02-22T19:05:31.931+0000] {logging_mixin.py:188} INFO - Uploaded /tmp/minio_downloads/transactions_234927434757.parquet -> @transactions stage
[2026-02-22T19:05:32.087+0000] {logging_mixin.py:188} INFO - Uploaded /tmp/minio_downloads/transactions_234927538594.parquet -> @transactions stage
[2026-02-22T19:05:32.239+0000] {logging_mixin.py:188} INFO - Uploaded /tmp/minio_downloads/transactions_234927639183.parquet -> @transactions stage
[2026-02-22T19:05:32.405+0000] {logging_mixin.py:188} INFO - Uploaded /tmp/minio_downloads/transactions_234929827495.parquet -> @transactions stage
[2026-02-22T19:05:32.583+0000] {logging_mixin.py:188} INFO - Uploaded /tmp/minio_downloads/transactions_234929936899.parquet -> @transactions stage
[2026-02-22T19:05:32.787+0000] {logging_mixin.py:188} INFO - Uploaded /tmp/minio_downloads/transactions_234930133392.parquet -> @transactions stage
[2026-02-22T19:05:32.940+0000] {logging_mixin.py:188} INFO - Uploaded /tmp/minio_downloads/transactions_234930278006.parquet -> @transactions stage
[2026-02-22T19:05:33.088+0000] {logging_mixin.py:188} INFO - Uploaded /tmp/minio_downloads/transactions_234930573943.parquet -> @transactions stage
[2026-02-22T19:05:33.234+0000] {logging_mixin.py:188} INFO - Uploaded /tmp/minio_downloads/transactions_234930673583.parquet -> @transactions stage
[2026-02-22T19:05:33.417+0000] {logging_mixin.py:188} INFO - Uploaded /tmp/minio_downloads/transactions_234930765189.parquet -> @transactions stage
[2026-02-22T19:05:33.601+0000] {logging_mixin.py:188} INFO - Uploaded /tmp/minio_downloads/transactions_234932114660.parquet -> @transactions stage
[2026-02-22T19:05:33.786+0000] {logging_mixin.py:188} INFO - Uploaded /tmp/minio_downloads/transactions_234932192755.parquet -> @transactions stage
[2026-02-22T19:05:33.977+0000] {logging_mixin.py:188} INFO - Uploaded /tmp/minio_downloads/transactions_234932278168.parquet -> @transactions stage
[2026-02-22T19:05:34.142+0000] {logging_mixin.py:188} INFO - Uploaded /tmp/minio_downloads/transactions_234932358103.parquet -> @transactions stage
[2026-02-22T19:05:34.306+0000] {logging_mixin.py:188} INFO - Uploaded /tmp/minio_downloads/transactions_234932442441.parquet -> @transactions stage
[2026-02-22T19:05:34.475+0000] {logging_mixin.py:188} INFO - Uploaded /tmp/minio_downloads/transactions_234932522727.parquet -> @transactions stage
[2026-02-22T19:05:34.660+0000] {logging_mixin.py:188} INFO - Uploaded /tmp/minio_downloads/transactions_234932921552.parquet -> @transactions stage
[2026-02-22T19:05:34.839+0000] {logging_mixin.py:188} INFO - Uploaded /tmp/minio_downloads/transactions_234933016230.parquet -> @transactions stage
[2026-02-22T19:05:35.000+0000] {logging_mixin.py:188} INFO - Uploaded /tmp/minio_downloads/transactions_234933111052.parquet -> @transactions stage
[2026-02-22T19:05:35.180+0000] {logging_mixin.py:188} INFO - Uploaded /tmp/minio_downloads/transactions_234933198316.parquet -> @transactions stage
[2026-02-22T19:05:35.365+0000] {logging_mixin.py:188} INFO - Uploaded /tmp/minio_downloads/transactions_234933278851.parquet -> @transactions stage
[2026-02-22T19:05:35.537+0000] {logging_mixin.py:188} INFO - Uploaded /tmp/minio_downloads/transactions_234933369230.parquet -> @transactions stage
[2026-02-22T19:05:35.689+0000] {logging_mixin.py:188} INFO - Uploaded /tmp/minio_downloads/transactions_234933925204.parquet -> @transactions stage
[2026-02-22T19:05:35.869+0000] {logging_mixin.py:188} INFO - Uploaded /tmp/minio_downloads/transactions_234934009718.parquet -> @transactions stage
[2026-02-22T19:05:36.042+0000] {logging_mixin.py:188} INFO - Uploaded /tmp/minio_downloads/transactions_234934102903.parquet -> @transactions stage
[2026-02-22T19:05:36.396+0000] {logging_mixin.py:188} INFO - Uploaded /tmp/minio_downloads/transactions_234934196027.parquet -> @transactions stage
[2026-02-22T19:05:36.582+0000] {logging_mixin.py:188} INFO - Uploaded /tmp/minio_downloads/transactions_234934307523.parquet -> @transactions stage
[2026-02-22T19:05:36.744+0000] {logging_mixin.py:188} INFO - Uploaded /tmp/minio_downloads/transactions_234934396633.parquet -> @transactions stage
[2026-02-22T19:05:36.910+0000] {logging_mixin.py:188} INFO - Uploaded /tmp/minio_downloads/transactions_234934488117.parquet -> @transactions stage
[2026-02-22T19:05:37.073+0000] {logging_mixin.py:188} INFO - Uploaded /tmp/minio_downloads/transactions_234934894146.parquet -> @transactions stage
[2026-02-22T19:05:37.251+0000] {logging_mixin.py:188} INFO - Uploaded /tmp/minio_downloads/transactions_234934986743.parquet -> @transactions stage
[2026-02-22T19:05:37.410+0000] {logging_mixin.py:188} INFO - Uploaded /tmp/minio_downloads/transactions_234935069074.parquet -> @transactions stage
[2026-02-22T19:05:37.583+0000] {logging_mixin.py:188} INFO - Uploaded /tmp/minio_downloads/transactions_234935175949.parquet -> @transactions stage
[2026-02-22T19:05:37.740+0000] {logging_mixin.py:188} INFO - Uploaded /tmp/minio_downloads/transactions_234935272437.parquet -> @transactions stage
[2026-02-22T19:05:37.913+0000] {logging_mixin.py:188} INFO - Uploaded /tmp/minio_downloads/transactions_234935370154.parquet -> @transactions stage
[2026-02-22T19:05:38.076+0000] {logging_mixin.py:188} INFO - Uploaded /tmp/minio_downloads/transactions_234935847189.parquet -> @transactions stage
[2026-02-22T19:05:38.242+0000] {logging_mixin.py:188} INFO - Uploaded /tmp/minio_downloads/transactions_234935955264.parquet -> @transactions stage
[2026-02-22T19:05:38.547+0000] {logging_mixin.py:188} INFO - Uploaded /tmp/minio_downloads/transactions_234936056628.parquet -> @transactions stage
[2026-02-22T19:05:38.714+0000] {logging_mixin.py:188} INFO - Uploaded /tmp/minio_downloads/transactions_234936151468.parquet -> @transactions stage
[2026-02-22T19:05:38.896+0000] {logging_mixin.py:188} INFO - Uploaded /tmp/minio_downloads/transactions_234936251977.parquet -> @transactions stage
[2026-02-22T19:05:39.089+0000] {logging_mixin.py:188} INFO - Uploaded /tmp/minio_downloads/transactions_234936345504.parquet -> @transactions stage
[2026-02-22T19:05:39.283+0000] {logging_mixin.py:188} INFO - Uploaded /tmp/minio_downloads/transactions_234936830532.parquet -> @transactions stage
[2026-02-22T19:05:39.464+0000] {logging_mixin.py:188} INFO - Uploaded /tmp/minio_downloads/transactions_234936940213.parquet -> @transactions stage
[2026-02-22T19:05:39.641+0000] {logging_mixin.py:188} INFO - Uploaded /tmp/minio_downloads/transactions_234937044510.parquet -> @transactions stage
[2026-02-22T19:05:39.813+0000] {logging_mixin.py:188} INFO - Uploaded /tmp/minio_downloads/transactions_234937144436.parquet -> @transactions stage
[2026-02-22T19:05:39.998+0000] {logging_mixin.py:188} INFO - Uploaded /tmp/minio_downloads/transactions_234937237946.parquet -> @transactions stage
[2026-02-22T19:05:40.166+0000] {logging_mixin.py:188} INFO - Uploaded /tmp/minio_downloads/transactions_234937327317.parquet -> @transactions stage
[2026-02-22T19:05:40.321+0000] {logging_mixin.py:188} INFO - Uploaded /tmp/minio_downloads/transactions_234937424237.parquet -> @transactions stage
[2026-02-22T19:05:40.529+0000] {logging_mixin.py:188} INFO - Uploaded /tmp/minio_downloads/transactions_234938006589.parquet -> @transactions stage
[2026-02-22T19:05:40.714+0000] {logging_mixin.py:188} INFO - Uploaded /tmp/minio_downloads/transactions_234938102664.parquet -> @transactions stage
[2026-02-22T19:05:40.884+0000] {logging_mixin.py:188} INFO - Uploaded /tmp/minio_downloads/transactions_234938199199.parquet -> @transactions stage
[2026-02-22T19:05:41.069+0000] {logging_mixin.py:188} INFO - Uploaded /tmp/minio_downloads/transactions_234938297827.parquet -> @transactions stage
[2026-02-22T19:05:41.237+0000] {logging_mixin.py:188} INFO - Uploaded /tmp/minio_downloads/transactions_234938389864.parquet -> @transactions stage
[2026-02-22T19:05:41.404+0000] {logging_mixin.py:188} INFO - Uploaded /tmp/minio_downloads/transactions_234938497275.parquet -> @transactions stage
[2026-02-22T19:05:41.594+0000] {logging_mixin.py:188} INFO - Uploaded /tmp/minio_downloads/transactions_234938991890.parquet -> @transactions stage
[2026-02-22T19:05:41.801+0000] {logging_mixin.py:188} INFO - Uploaded /tmp/minio_downloads/transactions_234939081021.parquet -> @transactions stage
[2026-02-22T19:05:41.952+0000] {logging_mixin.py:188} INFO - Uploaded /tmp/minio_downloads/transactions_234939176644.parquet -> @transactions stage
[2026-02-22T19:05:42.111+0000] {logging_mixin.py:188} INFO - Uploaded /tmp/minio_downloads/transactions_234939278372.parquet -> @transactions stage
[2026-02-22T19:05:42.326+0000] {logging_mixin.py:188} INFO - Uploaded /tmp/minio_downloads/transactions_234939374490.parquet -> @transactions stage
[2026-02-22T19:05:42.505+0000] {logging_mixin.py:188} INFO - Uploaded /tmp/minio_downloads/transactions_234939468089.parquet -> @transactions stage
[2026-02-22T19:05:42.676+0000] {logging_mixin.py:188} INFO - Uploaded /tmp/minio_downloads/transactions_234939997340.parquet -> @transactions stage
[2026-02-22T19:05:42.842+0000] {logging_mixin.py:188} INFO - Uploaded /tmp/minio_downloads/transactions_234940104868.parquet -> @transactions stage
[2026-02-22T19:05:43.012+0000] {logging_mixin.py:188} INFO - Uploaded /tmp/minio_downloads/transactions_234940244694.parquet -> @transactions stage
[2026-02-22T19:05:43.180+0000] {logging_mixin.py:188} INFO - Uploaded /tmp/minio_downloads/transactions_234940358602.parquet -> @transactions stage
[2026-02-22T19:05:43.357+0000] {logging_mixin.py:188} INFO - Uploaded /tmp/minio_downloads/transactions_234940452543.parquet -> @transactions stage
[2026-02-22T19:05:43.540+0000] {logging_mixin.py:188} INFO - Uploaded /tmp/minio_downloads/transactions_234940557059.parquet -> @transactions stage
[2026-02-22T19:05:43.709+0000] {logging_mixin.py:188} INFO - Uploaded /tmp/minio_downloads/transactions_234940659936.parquet -> @transactions stage
[2026-02-22T19:05:43.882+0000] {logging_mixin.py:188} INFO - Uploaded /tmp/minio_downloads/transactions_234941163970.parquet -> @transactions stage
[2026-02-22T19:05:44.083+0000] {logging_mixin.py:188} INFO - Uploaded /tmp/minio_downloads/transactions_234941259224.parquet -> @transactions stage
[2026-02-22T19:05:44.251+0000] {logging_mixin.py:188} INFO - Uploaded /tmp/minio_downloads/transactions_234941365406.parquet -> @transactions stage
[2026-02-22T19:05:44.402+0000] {logging_mixin.py:188} INFO - Uploaded /tmp/minio_downloads/transactions_234941467795.parquet -> @transactions stage
[2026-02-22T19:05:44.580+0000] {logging_mixin.py:188} INFO - Uploaded /tmp/minio_downloads/transactions_234941573322.parquet -> @transactions stage
[2026-02-22T19:05:44.753+0000] {logging_mixin.py:188} INFO - Uploaded /tmp/minio_downloads/transactions_234941662407.parquet -> @transactions stage
[2026-02-22T19:05:44.950+0000] {logging_mixin.py:188} INFO - Uploaded /tmp/minio_downloads/transactions_234942160253.parquet -> @transactions stage
[2026-02-22T19:05:45.137+0000] {logging_mixin.py:188} INFO - Uploaded /tmp/minio_downloads/transactions_234942253356.parquet -> @transactions stage
[2026-02-22T19:05:45.303+0000] {logging_mixin.py:188} INFO - Uploaded /tmp/minio_downloads/transactions_234942350222.parquet -> @transactions stage
[2026-02-22T19:05:45.476+0000] {logging_mixin.py:188} INFO - Uploaded /tmp/minio_downloads/transactions_234942449378.parquet -> @transactions stage
[2026-02-22T19:05:45.617+0000] {logging_mixin.py:188} INFO - Uploaded /tmp/minio_downloads/transactions_234942596005.parquet -> @transactions stage
[2026-02-22T19:05:45.798+0000] {logging_mixin.py:188} INFO - Uploaded /tmp/minio_downloads/transactions_234942682137.parquet -> @transactions stage
[2026-02-22T19:05:45.973+0000] {logging_mixin.py:188} INFO - Uploaded /tmp/minio_downloads/transactions_234943096893.parquet -> @transactions stage
[2026-02-22T19:05:46.146+0000] {logging_mixin.py:188} INFO - Uploaded /tmp/minio_downloads/transactions_234943561718.parquet -> @transactions stage
[2026-02-22T19:05:46.310+0000] {logging_mixin.py:188} INFO - Uploaded /tmp/minio_downloads/transactions_234943780106.parquet -> @transactions stage
[2026-02-22T19:05:46.485+0000] {logging_mixin.py:188} INFO - Uploaded /tmp/minio_downloads/transactions_234943901825.parquet -> @transactions stage
[2026-02-22T19:05:46.656+0000] {logging_mixin.py:188} INFO - Uploaded /tmp/minio_downloads/transactions_234944014291.parquet -> @transactions stage
[2026-02-22T19:05:46.818+0000] {logging_mixin.py:188} INFO - Uploaded /tmp/minio_downloads/transactions_234944140004.parquet -> @transactions stage
[2026-02-22T19:05:47.192+0000] {logging_mixin.py:188} INFO - Data loaded into transactions
[2026-02-22T19:05:47.327+0000] {python.py:237} INFO - Done. Returned value was: None
[2026-02-22T19:05:47.330+0000] {taskinstance.py:441} INFO - ::group::Post task execution logs
[2026-02-22T19:05:47.366+0000] {taskinstance.py:1206} INFO - Marking task as SUCCESS. dag_id=minio_to_snowflake_banking, task_id=load_snowflake, run_id=scheduled__2026-02-22T19:04:00+00:00, execution_date=20260222T190400, start_date=20260222T190513, end_date=20260222T190547
[2026-02-22T19:05:47.414+0000] {local_task_job_runner.py:243} INFO - Task exited with return code 0
[2026-02-22T19:05:47.435+0000] {taskinstance.py:3503} INFO - 0 downstream tasks scheduled from follow-on schedule check
[2026-02-22T19:05:47.440+0000] {local_task_job_runner.py:222} INFO - ::endgroup::
