[2026-02-22T20:37:57.468+0000] {local_task_job_runner.py:120} INFO - ::group::Pre task execution logs
[2026-02-22T20:37:57.502+0000] {taskinstance.py:2076} INFO - Dependencies all met for dep_context=non-requeueable deps ti=<TaskInstance: SCD2_snapshots.dbt_run_marts scheduled__2026-02-21T00:00:00+00:00 [queued]>
[2026-02-22T20:37:57.511+0000] {taskinstance.py:2076} INFO - Dependencies all met for dep_context=requeueable deps ti=<TaskInstance: SCD2_snapshots.dbt_run_marts scheduled__2026-02-21T00:00:00+00:00 [queued]>
[2026-02-22T20:37:57.513+0000] {taskinstance.py:2306} INFO - Starting attempt 1 of 2
[2026-02-22T20:37:57.530+0000] {taskinstance.py:2330} INFO - Executing <Task(BashOperator): dbt_run_marts> on 2026-02-21 00:00:00+00:00
[2026-02-22T20:37:57.534+0000] {standard_task_runner.py:64} INFO - Started process 61742 to run task
[2026-02-22T20:37:57.537+0000] {standard_task_runner.py:90} INFO - Running: ['***', 'tasks', 'run', 'SCD2_snapshots', 'dbt_run_marts', 'scheduled__2026-02-21T00:00:00+00:00', '--job-id', '1417', '--raw', '--subdir', 'DAGS_FOLDER/scd_snapshots.py', '--cfg-path', '/tmp/tmprvpf3wa5']
[2026-02-22T20:37:57.539+0000] {standard_task_runner.py:91} INFO - Job 1417: Subtask dbt_run_marts
[2026-02-22T20:37:57.625+0000] {task_command.py:426} INFO - Running <TaskInstance: SCD2_snapshots.dbt_run_marts scheduled__2026-02-21T00:00:00+00:00 [running]> on host f2d9c9e2564d
[2026-02-22T20:37:57.749+0000] {taskinstance.py:2648} INFO - Exporting env vars: AIRFLOW_CTX_DAG_OWNER='***' AIRFLOW_CTX_DAG_ID='SCD2_snapshots' AIRFLOW_CTX_TASK_ID='dbt_run_marts' AIRFLOW_CTX_EXECUTION_DATE='2026-02-21T00:00:00+00:00' AIRFLOW_CTX_TRY_NUMBER='1' AIRFLOW_CTX_DAG_RUN_ID='scheduled__2026-02-21T00:00:00+00:00'
[2026-02-22T20:37:57.751+0000] {taskinstance.py:430} INFO - ::endgroup::
[2026-02-22T20:37:57.770+0000] {subprocess.py:63} INFO - Tmp dir root location: /tmp
[2026-02-22T20:37:57.771+0000] {subprocess.py:75} INFO - Running command: ['/usr/bin/bash', '-c', 'cd /opt/***/banking_dbt && dbt run --select marts --profiles-dir /home/***/.dbt']
[2026-02-22T20:37:57.780+0000] {subprocess.py:86} INFO - Output:
[2026-02-22T20:38:02.326+0000] {subprocess.py:93} INFO - [0m20:38:02  Running with dbt=1.11.6
[2026-02-22T20:38:04.033+0000] {subprocess.py:93} INFO - [0m20:38:04  Registered adapter: snowflake=1.11.2
[2026-02-22T20:38:04.420+0000] {subprocess.py:93} INFO - [0m20:38:04  Unable to do partial parsing because a project config has changed
[2026-02-22T20:38:07.453+0000] {subprocess.py:93} INFO - [0m20:38:07  [[33mWARNING[0m]: Configuration paths exist in your dbt_project.yml file which do not apply to any resources.
[2026-02-22T20:38:07.454+0000] {subprocess.py:93} INFO - There are 1 unused configuration paths:
[2026-02-22T20:38:07.455+0000] {subprocess.py:93} INFO - - models.banking_dbt.example
[2026-02-22T20:38:07.811+0000] {subprocess.py:93} INFO - [0m20:38:07  Found 6 models, 2 snapshots, 3 sources, 522 macros
[2026-02-22T20:38:07.819+0000] {subprocess.py:93} INFO - [0m20:38:07
[2026-02-22T20:38:07.821+0000] {subprocess.py:93} INFO - [0m20:38:07  Concurrency: 4 threads (target='dev')
[2026-02-22T20:38:07.824+0000] {subprocess.py:93} INFO - [0m20:38:07
[2026-02-22T20:38:10.228+0000] {subprocess.py:93} INFO - [0m20:38:10  1 of 3 START sql table model analytics.dim_accounts ............................ [RUN]
[2026-02-22T20:38:10.231+0000] {subprocess.py:93} INFO - [0m20:38:10  2 of 3 START sql table model analytics.dim_customers ........................... [RUN]
[2026-02-22T20:38:10.233+0000] {subprocess.py:93} INFO - [0m20:38:10  3 of 3 START sql incremental model analytics.fact_transactions ................. [RUN]
[2026-02-22T20:38:11.247+0000] {subprocess.py:93} INFO - [0m20:38:11  1 of 3 OK created sql table model analytics.dim_accounts ....................... [[32mSUCCESS 2000[0m in 1.00s]
[2026-02-22T20:38:11.250+0000] {subprocess.py:93} INFO - [0m20:38:11  2 of 3 OK created sql table model analytics.dim_customers ...................... [[32mSUCCESS 1000[0m in 1.00s]
[2026-02-22T20:38:13.066+0000] {subprocess.py:93} INFO - [0m20:38:13  3 of 3 OK created sql incremental model analytics.fact_transactions ............ [[32mSUCCESS 5000[0m in 2.82s]
[2026-02-22T20:38:13.624+0000] {subprocess.py:93} INFO - [0m20:38:13
[2026-02-22T20:38:13.627+0000] {subprocess.py:93} INFO - [0m20:38:13  Finished running 1 incremental model, 2 table models in 0 hours 0 minutes and 5.80 seconds (5.80s).
[2026-02-22T20:38:13.727+0000] {subprocess.py:93} INFO - [0m20:38:13
[2026-02-22T20:38:13.729+0000] {subprocess.py:93} INFO - [0m20:38:13  [32mCompleted successfully[0m
[2026-02-22T20:38:13.730+0000] {subprocess.py:93} INFO - [0m20:38:13
[2026-02-22T20:38:13.732+0000] {subprocess.py:93} INFO - [0m20:38:13  Done. PASS=3 WARN=0 ERROR=0 SKIP=0 NO-OP=0 TOTAL=3
[2026-02-22T20:38:15.229+0000] {subprocess.py:97} INFO - Command exited with return code 0
[2026-02-22T20:38:15.230+0000] {taskinstance.py:441} INFO - ::group::Post task execution logs
[2026-02-22T20:38:15.268+0000] {taskinstance.py:1206} INFO - Marking task as SUCCESS. dag_id=SCD2_snapshots, task_id=dbt_run_marts, run_id=scheduled__2026-02-21T00:00:00+00:00, execution_date=20260221T000000, start_date=20260222T203757, end_date=20260222T203815
[2026-02-22T20:38:15.302+0000] {local_task_job_runner.py:243} INFO - Task exited with return code 0
[2026-02-22T20:38:15.326+0000] {taskinstance.py:3503} INFO - 0 downstream tasks scheduled from follow-on schedule check
[2026-02-22T20:38:15.330+0000] {local_task_job_runner.py:222} INFO - ::endgroup::
