[2026-02-22T14:23:35.598+0000] {local_task_job_runner.py:120} INFO - ::group::Pre task execution logs
[2026-02-22T14:23:35.651+0000] {taskinstance.py:2076} INFO - Dependencies all met for dep_context=non-requeueable deps ti=<TaskInstance: minio_to_snowflake_banking.download_minio scheduled__2026-02-22T14:22:00+00:00 [queued]>
[2026-02-22T14:23:35.665+0000] {taskinstance.py:2076} INFO - Dependencies all met for dep_context=requeueable deps ti=<TaskInstance: minio_to_snowflake_banking.download_minio scheduled__2026-02-22T14:22:00+00:00 [queued]>
[2026-02-22T14:23:35.671+0000] {taskinstance.py:2306} INFO - Starting attempt 1 of 2
[2026-02-22T14:23:35.693+0000] {taskinstance.py:2330} INFO - Executing <Task(PythonOperator): download_minio> on 2026-02-22 14:22:00+00:00
[2026-02-22T14:23:35.708+0000] {standard_task_runner.py:90} INFO - Running: ['***', 'tasks', 'run', 'minio_to_snowflake_banking', 'download_minio', 'scheduled__2026-02-22T14:22:00+00:00', '--job-id', '661', '--raw', '--subdir', 'DAGS_FOLDER/minio_to_snowflake_dag.py', '--cfg-path', '/tmp/tmpzycvrtt5']
[2026-02-22T14:23:35.715+0000] {logging_mixin.py:188} WARNING - /home/***/.local/lib/python3.12/site-packages/***/task/task_runner/standard_task_runner.py:62 DeprecationWarning: This process (pid=66904) is multi-threaded, use of fork() may lead to deadlocks in the child.
[2026-02-22T14:23:35.716+0000] {standard_task_runner.py:91} INFO - Job 661: Subtask download_minio
[2026-02-22T14:23:35.717+0000] {standard_task_runner.py:64} INFO - Started process 66916 to run task
[2026-02-22T14:23:35.851+0000] {task_command.py:426} INFO - Running <TaskInstance: minio_to_snowflake_banking.download_minio scheduled__2026-02-22T14:22:00+00:00 [running]> on host f2d9c9e2564d
[2026-02-22T14:23:36.061+0000] {taskinstance.py:2648} INFO - Exporting env vars: AIRFLOW_CTX_DAG_OWNER='***' AIRFLOW_CTX_DAG_ID='minio_to_snowflake_banking' AIRFLOW_CTX_TASK_ID='download_minio' AIRFLOW_CTX_EXECUTION_DATE='2026-02-22T14:22:00+00:00' AIRFLOW_CTX_TRY_NUMBER='1' AIRFLOW_CTX_DAG_RUN_ID='scheduled__2026-02-22T14:22:00+00:00'
[2026-02-22T14:23:36.064+0000] {taskinstance.py:430} INFO - ::endgroup::
[2026-02-22T14:23:36.876+0000] {logging_mixin.py:188} INFO - Downloaded customers/date=2026-02-20/customers_234918105812.parquet -> /tmp/minio_downloads/customers_234918105812.parquet
[2026-02-22T14:23:36.910+0000] {logging_mixin.py:188} INFO - Downloaded customers/date=2026-02-20/customers_234918437151.parquet -> /tmp/minio_downloads/customers_234918437151.parquet
[2026-02-22T14:23:36.943+0000] {logging_mixin.py:188} INFO - Downloaded customers/date=2026-02-20/customers_234918561960.parquet -> /tmp/minio_downloads/customers_234918561960.parquet
[2026-02-22T14:23:36.976+0000] {logging_mixin.py:188} INFO - Downloaded customers/date=2026-02-20/customers_234918669711.parquet -> /tmp/minio_downloads/customers_234918669711.parquet
[2026-02-22T14:23:37.009+0000] {logging_mixin.py:188} INFO - Downloaded customers/date=2026-02-20/customers_234918803581.parquet -> /tmp/minio_downloads/customers_234918803581.parquet
[2026-02-22T14:23:37.042+0000] {logging_mixin.py:188} INFO - Downloaded customers/date=2026-02-20/customers_234918923394.parquet -> /tmp/minio_downloads/customers_234918923394.parquet
[2026-02-22T14:23:37.075+0000] {logging_mixin.py:188} INFO - Downloaded customers/date=2026-02-20/customers_234919120182.parquet -> /tmp/minio_downloads/customers_234919120182.parquet
[2026-02-22T14:23:37.111+0000] {logging_mixin.py:188} INFO - Downloaded customers/date=2026-02-20/customers_234921665207.parquet -> /tmp/minio_downloads/customers_234921665207.parquet
[2026-02-22T14:23:37.148+0000] {logging_mixin.py:188} INFO - Downloaded customers/date=2026-02-20/customers_234921758110.parquet -> /tmp/minio_downloads/customers_234921758110.parquet
[2026-02-22T14:23:37.183+0000] {logging_mixin.py:188} INFO - Downloaded customers/date=2026-02-20/customers_234921847149.parquet -> /tmp/minio_downloads/customers_234921847149.parquet
[2026-02-22T14:23:37.219+0000] {logging_mixin.py:188} INFO - Downloaded customers/date=2026-02-20/customers_234921926178.parquet -> /tmp/minio_downloads/customers_234921926178.parquet
[2026-02-22T14:23:37.254+0000] {logging_mixin.py:188} INFO - Downloaded customers/date=2026-02-20/customers_234922007518.parquet -> /tmp/minio_downloads/customers_234922007518.parquet
[2026-02-22T14:23:37.288+0000] {logging_mixin.py:188} INFO - Downloaded customers/date=2026-02-20/customers_234922078160.parquet -> /tmp/minio_downloads/customers_234922078160.parquet
[2026-02-22T14:23:37.324+0000] {logging_mixin.py:188} INFO - Downloaded customers/date=2026-02-20/customers_234922162590.parquet -> /tmp/minio_downloads/customers_234922162590.parquet
[2026-02-22T14:23:37.358+0000] {logging_mixin.py:188} INFO - Downloaded customers/date=2026-02-20/customers_234922744865.parquet -> /tmp/minio_downloads/customers_234922744865.parquet
[2026-02-22T14:23:37.393+0000] {logging_mixin.py:188} INFO - Downloaded customers/date=2026-02-20/customers_234922834985.parquet -> /tmp/minio_downloads/customers_234922834985.parquet
[2026-02-22T14:23:37.428+0000] {logging_mixin.py:188} INFO - Downloaded customers/date=2026-02-20/customers_234922932607.parquet -> /tmp/minio_downloads/customers_234922932607.parquet
[2026-02-22T14:23:37.460+0000] {logging_mixin.py:188} INFO - Downloaded customers/date=2026-02-20/customers_234923025974.parquet -> /tmp/minio_downloads/customers_234923025974.parquet
[2026-02-22T14:23:37.493+0000] {logging_mixin.py:188} INFO - Downloaded customers/date=2026-02-20/customers_234923111005.parquet -> /tmp/minio_downloads/customers_234923111005.parquet
[2026-02-22T14:23:37.531+0000] {logging_mixin.py:188} INFO - Downloaded customers/date=2026-02-20/customers_234923205643.parquet -> /tmp/minio_downloads/customers_234923205643.parquet
[2026-02-22T14:23:38.036+0000] {logging_mixin.py:188} INFO - Downloaded accounts/date=2026-02-20/accounts_234919229379.parquet -> /tmp/minio_downloads/accounts_234919229379.parquet
[2026-02-22T14:23:38.072+0000] {logging_mixin.py:188} INFO - Downloaded accounts/date=2026-02-20/accounts_234919339290.parquet -> /tmp/minio_downloads/accounts_234919339290.parquet
[2026-02-22T14:23:38.107+0000] {logging_mixin.py:188} INFO - Downloaded accounts/date=2026-02-20/accounts_234920053429.parquet -> /tmp/minio_downloads/accounts_234920053429.parquet
[2026-02-22T14:23:38.141+0000] {logging_mixin.py:188} INFO - Downloaded accounts/date=2026-02-20/accounts_234920162262.parquet -> /tmp/minio_downloads/accounts_234920162262.parquet
[2026-02-22T14:23:38.190+0000] {logging_mixin.py:188} INFO - Downloaded accounts/date=2026-02-20/accounts_234920297803.parquet -> /tmp/minio_downloads/accounts_234920297803.parquet
[2026-02-22T14:23:38.227+0000] {logging_mixin.py:188} INFO - Downloaded accounts/date=2026-02-20/accounts_234920394646.parquet -> /tmp/minio_downloads/accounts_234920394646.parquet
[2026-02-22T14:23:38.266+0000] {logging_mixin.py:188} INFO - Downloaded accounts/date=2026-02-20/accounts_234923335866.parquet -> /tmp/minio_downloads/accounts_234923335866.parquet
[2026-02-22T14:23:38.301+0000] {logging_mixin.py:188} INFO - Downloaded accounts/date=2026-02-20/accounts_234923452458.parquet -> /tmp/minio_downloads/accounts_234923452458.parquet
[2026-02-22T14:23:38.339+0000] {logging_mixin.py:188} INFO - Downloaded accounts/date=2026-02-20/accounts_234923816025.parquet -> /tmp/minio_downloads/accounts_234923816025.parquet
[2026-02-22T14:23:38.376+0000] {logging_mixin.py:188} INFO - Downloaded accounts/date=2026-02-20/accounts_234923976275.parquet -> /tmp/minio_downloads/accounts_234923976275.parquet
[2026-02-22T14:23:38.412+0000] {logging_mixin.py:188} INFO - Downloaded accounts/date=2026-02-20/accounts_234924694842.parquet -> /tmp/minio_downloads/accounts_234924694842.parquet
[2026-02-22T14:23:38.452+0000] {logging_mixin.py:188} INFO - Downloaded accounts/date=2026-02-20/accounts_234924793702.parquet -> /tmp/minio_downloads/accounts_234924793702.parquet
[2026-02-22T14:23:38.488+0000] {logging_mixin.py:188} INFO - Downloaded accounts/date=2026-02-20/accounts_234924894453.parquet -> /tmp/minio_downloads/accounts_234924894453.parquet
[2026-02-22T14:23:38.523+0000] {logging_mixin.py:188} INFO - Downloaded accounts/date=2026-02-20/accounts_234926222060.parquet -> /tmp/minio_downloads/accounts_234926222060.parquet
[2026-02-22T14:23:38.559+0000] {logging_mixin.py:188} INFO - Downloaded accounts/date=2026-02-20/accounts_234926321807.parquet -> /tmp/minio_downloads/accounts_234926321807.parquet
[2026-02-22T14:23:38.595+0000] {logging_mixin.py:188} INFO - Downloaded accounts/date=2026-02-20/accounts_234926416924.parquet -> /tmp/minio_downloads/accounts_234926416924.parquet
[2026-02-22T14:23:38.633+0000] {logging_mixin.py:188} INFO - Downloaded accounts/date=2026-02-20/accounts_234926499851.parquet -> /tmp/minio_downloads/accounts_234926499851.parquet
[2026-02-22T14:23:38.668+0000] {logging_mixin.py:188} INFO - Downloaded accounts/date=2026-02-20/accounts_234926596272.parquet -> /tmp/minio_downloads/accounts_234926596272.parquet
[2026-02-22T14:23:38.704+0000] {logging_mixin.py:188} INFO - Downloaded accounts/date=2026-02-20/accounts_234926697438.parquet -> /tmp/minio_downloads/accounts_234926697438.parquet
[2026-02-22T14:23:38.742+0000] {logging_mixin.py:188} INFO - Downloaded accounts/date=2026-02-20/accounts_234926792866.parquet -> /tmp/minio_downloads/accounts_234926792866.parquet
[2026-02-22T14:23:38.779+0000] {logging_mixin.py:188} INFO - Downloaded accounts/date=2026-02-20/accounts_234928114151.parquet -> /tmp/minio_downloads/accounts_234928114151.parquet
[2026-02-22T14:23:38.817+0000] {logging_mixin.py:188} INFO - Downloaded accounts/date=2026-02-20/accounts_234928202943.parquet -> /tmp/minio_downloads/accounts_234928202943.parquet
[2026-02-22T14:23:38.853+0000] {logging_mixin.py:188} INFO - Downloaded accounts/date=2026-02-20/accounts_234928287885.parquet -> /tmp/minio_downloads/accounts_234928287885.parquet
[2026-02-22T14:23:38.890+0000] {logging_mixin.py:188} INFO - Downloaded accounts/date=2026-02-20/accounts_234928371185.parquet -> /tmp/minio_downloads/accounts_234928371185.parquet
[2026-02-22T14:23:38.927+0000] {logging_mixin.py:188} INFO - Downloaded accounts/date=2026-02-20/accounts_234928457421.parquet -> /tmp/minio_downloads/accounts_234928457421.parquet
[2026-02-22T14:23:38.962+0000] {logging_mixin.py:188} INFO - Downloaded accounts/date=2026-02-20/accounts_234928550187.parquet -> /tmp/minio_downloads/accounts_234928550187.parquet
[2026-02-22T14:23:38.994+0000] {logging_mixin.py:188} INFO - Downloaded accounts/date=2026-02-20/accounts_234929152701.parquet -> /tmp/minio_downloads/accounts_234929152701.parquet
[2026-02-22T14:23:39.030+0000] {logging_mixin.py:188} INFO - Downloaded accounts/date=2026-02-20/accounts_234929241696.parquet -> /tmp/minio_downloads/accounts_234929241696.parquet
[2026-02-22T14:23:39.066+0000] {logging_mixin.py:188} INFO - Downloaded accounts/date=2026-02-20/accounts_234929332029.parquet -> /tmp/minio_downloads/accounts_234929332029.parquet
[2026-02-22T14:23:39.098+0000] {logging_mixin.py:188} INFO - Downloaded accounts/date=2026-02-20/accounts_234929417192.parquet -> /tmp/minio_downloads/accounts_234929417192.parquet
[2026-02-22T14:23:39.128+0000] {logging_mixin.py:188} INFO - Downloaded accounts/date=2026-02-20/accounts_234929507568.parquet -> /tmp/minio_downloads/accounts_234929507568.parquet
[2026-02-22T14:23:39.159+0000] {logging_mixin.py:188} INFO - Downloaded accounts/date=2026-02-20/accounts_234929633147.parquet -> /tmp/minio_downloads/accounts_234929633147.parquet
[2026-02-22T14:23:39.192+0000] {logging_mixin.py:188} INFO - Downloaded accounts/date=2026-02-20/accounts_234929729800.parquet -> /tmp/minio_downloads/accounts_234929729800.parquet
[2026-02-22T14:23:39.227+0000] {logging_mixin.py:188} INFO - Downloaded accounts/date=2026-02-20/accounts_234931169046.parquet -> /tmp/minio_downloads/accounts_234931169046.parquet
[2026-02-22T14:23:39.258+0000] {logging_mixin.py:188} INFO - Downloaded accounts/date=2026-02-20/accounts_234931258522.parquet -> /tmp/minio_downloads/accounts_234931258522.parquet
[2026-02-22T14:23:39.290+0000] {logging_mixin.py:188} INFO - Downloaded accounts/date=2026-02-20/accounts_234931343394.parquet -> /tmp/minio_downloads/accounts_234931343394.parquet
[2026-02-22T14:23:39.327+0000] {logging_mixin.py:188} INFO - Downloaded accounts/date=2026-02-20/accounts_234931436645.parquet -> /tmp/minio_downloads/accounts_234931436645.parquet
[2026-02-22T14:23:39.360+0000] {logging_mixin.py:188} INFO - Downloaded accounts/date=2026-02-20/accounts_234931535175.parquet -> /tmp/minio_downloads/accounts_234931535175.parquet
[2026-02-22T14:23:39.394+0000] {logging_mixin.py:188} INFO - Downloaded accounts/date=2026-02-20/accounts_234931630343.parquet -> /tmp/minio_downloads/accounts_234931630343.parquet
[2026-02-22T14:23:39.428+0000] {logging_mixin.py:188} INFO - Downloaded accounts/date=2026-02-20/accounts_234931720633.parquet -> /tmp/minio_downloads/accounts_234931720633.parquet
[2026-02-22T14:23:40.828+0000] {logging_mixin.py:188} INFO - Downloaded transactions/date=2026-02-20/transactions_234920527637.parquet -> /tmp/minio_downloads/transactions_234920527637.parquet
[2026-02-22T14:23:40.863+0000] {logging_mixin.py:188} INFO - Downloaded transactions/date=2026-02-20/transactions_234920620288.parquet -> /tmp/minio_downloads/transactions_234920620288.parquet
[2026-02-22T14:23:40.900+0000] {logging_mixin.py:188} INFO - Downloaded transactions/date=2026-02-20/transactions_234920743953.parquet -> /tmp/minio_downloads/transactions_234920743953.parquet
[2026-02-22T14:23:40.937+0000] {logging_mixin.py:188} INFO - Downloaded transactions/date=2026-02-20/transactions_234920848936.parquet -> /tmp/minio_downloads/transactions_234920848936.parquet
[2026-02-22T14:23:40.973+0000] {logging_mixin.py:188} INFO - Downloaded transactions/date=2026-02-20/transactions_234920995769.parquet -> /tmp/minio_downloads/transactions_234920995769.parquet
[2026-02-22T14:23:41.009+0000] {logging_mixin.py:188} INFO - Downloaded transactions/date=2026-02-20/transactions_234921095960.parquet -> /tmp/minio_downloads/transactions_234921095960.parquet
[2026-02-22T14:23:41.046+0000] {logging_mixin.py:188} INFO - Downloaded transactions/date=2026-02-20/transactions_234925010888.parquet -> /tmp/minio_downloads/transactions_234925010888.parquet
[2026-02-22T14:23:41.081+0000] {logging_mixin.py:188} INFO - Downloaded transactions/date=2026-02-20/transactions_234925110210.parquet -> /tmp/minio_downloads/transactions_234925110210.parquet
[2026-02-22T14:23:41.117+0000] {logging_mixin.py:188} INFO - Downloaded transactions/date=2026-02-20/transactions_234925202968.parquet -> /tmp/minio_downloads/transactions_234925202968.parquet
[2026-02-22T14:23:41.152+0000] {logging_mixin.py:188} INFO - Downloaded transactions/date=2026-02-20/transactions_234925307206.parquet -> /tmp/minio_downloads/transactions_234925307206.parquet
[2026-02-22T14:23:41.193+0000] {logging_mixin.py:188} INFO - Downloaded transactions/date=2026-02-20/transactions_234925401792.parquet -> /tmp/minio_downloads/transactions_234925401792.parquet
[2026-02-22T14:23:41.237+0000] {logging_mixin.py:188} INFO - Downloaded transactions/date=2026-02-20/transactions_234925495946.parquet -> /tmp/minio_downloads/transactions_234925495946.parquet
[2026-02-22T14:23:41.281+0000] {logging_mixin.py:188} INFO - Downloaded transactions/date=2026-02-20/transactions_234926886678.parquet -> /tmp/minio_downloads/transactions_234926886678.parquet
[2026-02-22T14:23:41.327+0000] {logging_mixin.py:188} INFO - Downloaded transactions/date=2026-02-20/transactions_234926984193.parquet -> /tmp/minio_downloads/transactions_234926984193.parquet
[2026-02-22T14:23:41.369+0000] {logging_mixin.py:188} INFO - Downloaded transactions/date=2026-02-20/transactions_234927074926.parquet -> /tmp/minio_downloads/transactions_234927074926.parquet
[2026-02-22T14:23:41.400+0000] {logging_mixin.py:188} INFO - Downloaded transactions/date=2026-02-20/transactions_234927434757.parquet -> /tmp/minio_downloads/transactions_234927434757.parquet
[2026-02-22T14:23:41.427+0000] {logging_mixin.py:188} INFO - Downloaded transactions/date=2026-02-20/transactions_234927538594.parquet -> /tmp/minio_downloads/transactions_234927538594.parquet
[2026-02-22T14:23:41.453+0000] {logging_mixin.py:188} INFO - Downloaded transactions/date=2026-02-20/transactions_234927639183.parquet -> /tmp/minio_downloads/transactions_234927639183.parquet
[2026-02-22T14:23:41.488+0000] {logging_mixin.py:188} INFO - Downloaded transactions/date=2026-02-20/transactions_234929827495.parquet -> /tmp/minio_downloads/transactions_234929827495.parquet
[2026-02-22T14:23:41.523+0000] {logging_mixin.py:188} INFO - Downloaded transactions/date=2026-02-20/transactions_234929936899.parquet -> /tmp/minio_downloads/transactions_234929936899.parquet
[2026-02-22T14:23:41.557+0000] {logging_mixin.py:188} INFO - Downloaded transactions/date=2026-02-20/transactions_234930133392.parquet -> /tmp/minio_downloads/transactions_234930133392.parquet
[2026-02-22T14:23:41.638+0000] {logging_mixin.py:188} INFO - Downloaded transactions/date=2026-02-20/transactions_234930278006.parquet -> /tmp/minio_downloads/transactions_234930278006.parquet
[2026-02-22T14:23:41.673+0000] {logging_mixin.py:188} INFO - Downloaded transactions/date=2026-02-20/transactions_234930573943.parquet -> /tmp/minio_downloads/transactions_234930573943.parquet
[2026-02-22T14:23:41.709+0000] {logging_mixin.py:188} INFO - Downloaded transactions/date=2026-02-20/transactions_234930673583.parquet -> /tmp/minio_downloads/transactions_234930673583.parquet
[2026-02-22T14:23:41.745+0000] {logging_mixin.py:188} INFO - Downloaded transactions/date=2026-02-20/transactions_234930765189.parquet -> /tmp/minio_downloads/transactions_234930765189.parquet
[2026-02-22T14:23:41.780+0000] {logging_mixin.py:188} INFO - Downloaded transactions/date=2026-02-20/transactions_234932114660.parquet -> /tmp/minio_downloads/transactions_234932114660.parquet
[2026-02-22T14:23:41.817+0000] {logging_mixin.py:188} INFO - Downloaded transactions/date=2026-02-20/transactions_234932192755.parquet -> /tmp/minio_downloads/transactions_234932192755.parquet
[2026-02-22T14:23:41.853+0000] {logging_mixin.py:188} INFO - Downloaded transactions/date=2026-02-20/transactions_234932278168.parquet -> /tmp/minio_downloads/transactions_234932278168.parquet
[2026-02-22T14:23:41.895+0000] {logging_mixin.py:188} INFO - Downloaded transactions/date=2026-02-20/transactions_234932358103.parquet -> /tmp/minio_downloads/transactions_234932358103.parquet
[2026-02-22T14:23:41.930+0000] {logging_mixin.py:188} INFO - Downloaded transactions/date=2026-02-20/transactions_234932442441.parquet -> /tmp/minio_downloads/transactions_234932442441.parquet
[2026-02-22T14:23:41.966+0000] {logging_mixin.py:188} INFO - Downloaded transactions/date=2026-02-20/transactions_234932522727.parquet -> /tmp/minio_downloads/transactions_234932522727.parquet
[2026-02-22T14:23:42.002+0000] {logging_mixin.py:188} INFO - Downloaded transactions/date=2026-02-20/transactions_234932921552.parquet -> /tmp/minio_downloads/transactions_234932921552.parquet
[2026-02-22T14:23:42.038+0000] {logging_mixin.py:188} INFO - Downloaded transactions/date=2026-02-20/transactions_234933016230.parquet -> /tmp/minio_downloads/transactions_234933016230.parquet
[2026-02-22T14:23:42.074+0000] {logging_mixin.py:188} INFO - Downloaded transactions/date=2026-02-20/transactions_234933111052.parquet -> /tmp/minio_downloads/transactions_234933111052.parquet
[2026-02-22T14:23:42.113+0000] {logging_mixin.py:188} INFO - Downloaded transactions/date=2026-02-20/transactions_234933198316.parquet -> /tmp/minio_downloads/transactions_234933198316.parquet
[2026-02-22T14:23:42.153+0000] {logging_mixin.py:188} INFO - Downloaded transactions/date=2026-02-20/transactions_234933278851.parquet -> /tmp/minio_downloads/transactions_234933278851.parquet
[2026-02-22T14:23:42.199+0000] {logging_mixin.py:188} INFO - Downloaded transactions/date=2026-02-20/transactions_234933369230.parquet -> /tmp/minio_downloads/transactions_234933369230.parquet
[2026-02-22T14:23:42.246+0000] {logging_mixin.py:188} INFO - Downloaded transactions/date=2026-02-20/transactions_234933925204.parquet -> /tmp/minio_downloads/transactions_234933925204.parquet
[2026-02-22T14:23:42.295+0000] {logging_mixin.py:188} INFO - Downloaded transactions/date=2026-02-20/transactions_234934009718.parquet -> /tmp/minio_downloads/transactions_234934009718.parquet
[2026-02-22T14:23:42.340+0000] {logging_mixin.py:188} INFO - Downloaded transactions/date=2026-02-20/transactions_234934102903.parquet -> /tmp/minio_downloads/transactions_234934102903.parquet
[2026-02-22T14:23:42.382+0000] {logging_mixin.py:188} INFO - Downloaded transactions/date=2026-02-20/transactions_234934196027.parquet -> /tmp/minio_downloads/transactions_234934196027.parquet
[2026-02-22T14:23:42.418+0000] {logging_mixin.py:188} INFO - Downloaded transactions/date=2026-02-20/transactions_234934307523.parquet -> /tmp/minio_downloads/transactions_234934307523.parquet
[2026-02-22T14:23:42.452+0000] {logging_mixin.py:188} INFO - Downloaded transactions/date=2026-02-20/transactions_234934396633.parquet -> /tmp/minio_downloads/transactions_234934396633.parquet
[2026-02-22T14:23:42.487+0000] {logging_mixin.py:188} INFO - Downloaded transactions/date=2026-02-20/transactions_234934488117.parquet -> /tmp/minio_downloads/transactions_234934488117.parquet
[2026-02-22T14:23:42.522+0000] {logging_mixin.py:188} INFO - Downloaded transactions/date=2026-02-20/transactions_234934894146.parquet -> /tmp/minio_downloads/transactions_234934894146.parquet
[2026-02-22T14:23:42.555+0000] {logging_mixin.py:188} INFO - Downloaded transactions/date=2026-02-20/transactions_234934986743.parquet -> /tmp/minio_downloads/transactions_234934986743.parquet
[2026-02-22T14:23:42.591+0000] {logging_mixin.py:188} INFO - Downloaded transactions/date=2026-02-20/transactions_234935069074.parquet -> /tmp/minio_downloads/transactions_234935069074.parquet
[2026-02-22T14:23:42.638+0000] {logging_mixin.py:188} INFO - Downloaded transactions/date=2026-02-20/transactions_234935175949.parquet -> /tmp/minio_downloads/transactions_234935175949.parquet
[2026-02-22T14:23:42.685+0000] {logging_mixin.py:188} INFO - Downloaded transactions/date=2026-02-20/transactions_234935272437.parquet -> /tmp/minio_downloads/transactions_234935272437.parquet
[2026-02-22T14:23:42.734+0000] {logging_mixin.py:188} INFO - Downloaded transactions/date=2026-02-20/transactions_234935370154.parquet -> /tmp/minio_downloads/transactions_234935370154.parquet
[2026-02-22T14:23:42.781+0000] {logging_mixin.py:188} INFO - Downloaded transactions/date=2026-02-20/transactions_234935847189.parquet -> /tmp/minio_downloads/transactions_234935847189.parquet
[2026-02-22T14:23:42.825+0000] {logging_mixin.py:188} INFO - Downloaded transactions/date=2026-02-20/transactions_234935955264.parquet -> /tmp/minio_downloads/transactions_234935955264.parquet
[2026-02-22T14:23:42.872+0000] {logging_mixin.py:188} INFO - Downloaded transactions/date=2026-02-20/transactions_234936056628.parquet -> /tmp/minio_downloads/transactions_234936056628.parquet
[2026-02-22T14:23:42.921+0000] {logging_mixin.py:188} INFO - Downloaded transactions/date=2026-02-20/transactions_234936151468.parquet -> /tmp/minio_downloads/transactions_234936151468.parquet
[2026-02-22T14:23:42.968+0000] {logging_mixin.py:188} INFO - Downloaded transactions/date=2026-02-20/transactions_234936251977.parquet -> /tmp/minio_downloads/transactions_234936251977.parquet
[2026-02-22T14:23:43.016+0000] {logging_mixin.py:188} INFO - Downloaded transactions/date=2026-02-20/transactions_234936345504.parquet -> /tmp/minio_downloads/transactions_234936345504.parquet
[2026-02-22T14:23:43.063+0000] {logging_mixin.py:188} INFO - Downloaded transactions/date=2026-02-20/transactions_234936830532.parquet -> /tmp/minio_downloads/transactions_234936830532.parquet
[2026-02-22T14:23:43.110+0000] {logging_mixin.py:188} INFO - Downloaded transactions/date=2026-02-20/transactions_234936940213.parquet -> /tmp/minio_downloads/transactions_234936940213.parquet
[2026-02-22T14:23:43.155+0000] {logging_mixin.py:188} INFO - Downloaded transactions/date=2026-02-20/transactions_234937044510.parquet -> /tmp/minio_downloads/transactions_234937044510.parquet
[2026-02-22T14:23:43.201+0000] {logging_mixin.py:188} INFO - Downloaded transactions/date=2026-02-20/transactions_234937144436.parquet -> /tmp/minio_downloads/transactions_234937144436.parquet
[2026-02-22T14:23:43.248+0000] {logging_mixin.py:188} INFO - Downloaded transactions/date=2026-02-20/transactions_234937237946.parquet -> /tmp/minio_downloads/transactions_234937237946.parquet
[2026-02-22T14:23:43.294+0000] {logging_mixin.py:188} INFO - Downloaded transactions/date=2026-02-20/transactions_234937327317.parquet -> /tmp/minio_downloads/transactions_234937327317.parquet
[2026-02-22T14:23:43.341+0000] {logging_mixin.py:188} INFO - Downloaded transactions/date=2026-02-20/transactions_234937424237.parquet -> /tmp/minio_downloads/transactions_234937424237.parquet
[2026-02-22T14:23:43.390+0000] {logging_mixin.py:188} INFO - Downloaded transactions/date=2026-02-20/transactions_234938006589.parquet -> /tmp/minio_downloads/transactions_234938006589.parquet
[2026-02-22T14:23:43.453+0000] {logging_mixin.py:188} INFO - Downloaded transactions/date=2026-02-20/transactions_234938102664.parquet -> /tmp/minio_downloads/transactions_234938102664.parquet
[2026-02-22T14:23:43.499+0000] {logging_mixin.py:188} INFO - Downloaded transactions/date=2026-02-20/transactions_234938199199.parquet -> /tmp/minio_downloads/transactions_234938199199.parquet
[2026-02-22T14:23:43.536+0000] {logging_mixin.py:188} INFO - Downloaded transactions/date=2026-02-20/transactions_234938297827.parquet -> /tmp/minio_downloads/transactions_234938297827.parquet
[2026-02-22T14:23:43.574+0000] {logging_mixin.py:188} INFO - Downloaded transactions/date=2026-02-20/transactions_234938389864.parquet -> /tmp/minio_downloads/transactions_234938389864.parquet
[2026-02-22T14:23:43.609+0000] {logging_mixin.py:188} INFO - Downloaded transactions/date=2026-02-20/transactions_234938497275.parquet -> /tmp/minio_downloads/transactions_234938497275.parquet
[2026-02-22T14:23:43.650+0000] {logging_mixin.py:188} INFO - Downloaded transactions/date=2026-02-20/transactions_234938991890.parquet -> /tmp/minio_downloads/transactions_234938991890.parquet
[2026-02-22T14:23:43.686+0000] {logging_mixin.py:188} INFO - Downloaded transactions/date=2026-02-20/transactions_234939081021.parquet -> /tmp/minio_downloads/transactions_234939081021.parquet
[2026-02-22T14:23:43.724+0000] {logging_mixin.py:188} INFO - Downloaded transactions/date=2026-02-20/transactions_234939176644.parquet -> /tmp/minio_downloads/transactions_234939176644.parquet
[2026-02-22T14:23:43.760+0000] {logging_mixin.py:188} INFO - Downloaded transactions/date=2026-02-20/transactions_234939278372.parquet -> /tmp/minio_downloads/transactions_234939278372.parquet
[2026-02-22T14:23:43.799+0000] {logging_mixin.py:188} INFO - Downloaded transactions/date=2026-02-20/transactions_234939374490.parquet -> /tmp/minio_downloads/transactions_234939374490.parquet
[2026-02-22T14:23:43.835+0000] {logging_mixin.py:188} INFO - Downloaded transactions/date=2026-02-20/transactions_234939468089.parquet -> /tmp/minio_downloads/transactions_234939468089.parquet
[2026-02-22T14:23:43.874+0000] {logging_mixin.py:188} INFO - Downloaded transactions/date=2026-02-20/transactions_234939997340.parquet -> /tmp/minio_downloads/transactions_234939997340.parquet
[2026-02-22T14:23:43.921+0000] {logging_mixin.py:188} INFO - Downloaded transactions/date=2026-02-20/transactions_234940104868.parquet -> /tmp/minio_downloads/transactions_234940104868.parquet
[2026-02-22T14:23:43.965+0000] {logging_mixin.py:188} INFO - Downloaded transactions/date=2026-02-20/transactions_234940244694.parquet -> /tmp/minio_downloads/transactions_234940244694.parquet
[2026-02-22T14:23:44.011+0000] {logging_mixin.py:188} INFO - Downloaded transactions/date=2026-02-20/transactions_234940358602.parquet -> /tmp/minio_downloads/transactions_234940358602.parquet
[2026-02-22T14:23:44.049+0000] {logging_mixin.py:188} INFO - Downloaded transactions/date=2026-02-20/transactions_234940452543.parquet -> /tmp/minio_downloads/transactions_234940452543.parquet
[2026-02-22T14:23:44.086+0000] {logging_mixin.py:188} INFO - Downloaded transactions/date=2026-02-20/transactions_234940557059.parquet -> /tmp/minio_downloads/transactions_234940557059.parquet
[2026-02-22T14:23:44.122+0000] {logging_mixin.py:188} INFO - Downloaded transactions/date=2026-02-20/transactions_234940659936.parquet -> /tmp/minio_downloads/transactions_234940659936.parquet
[2026-02-22T14:23:44.158+0000] {logging_mixin.py:188} INFO - Downloaded transactions/date=2026-02-20/transactions_234941163970.parquet -> /tmp/minio_downloads/transactions_234941163970.parquet
[2026-02-22T14:23:44.200+0000] {logging_mixin.py:188} INFO - Downloaded transactions/date=2026-02-20/transactions_234941259224.parquet -> /tmp/minio_downloads/transactions_234941259224.parquet
[2026-02-22T14:23:44.247+0000] {logging_mixin.py:188} INFO - Downloaded transactions/date=2026-02-20/transactions_234941365406.parquet -> /tmp/minio_downloads/transactions_234941365406.parquet
[2026-02-22T14:23:44.294+0000] {logging_mixin.py:188} INFO - Downloaded transactions/date=2026-02-20/transactions_234941467795.parquet -> /tmp/minio_downloads/transactions_234941467795.parquet
[2026-02-22T14:23:44.340+0000] {logging_mixin.py:188} INFO - Downloaded transactions/date=2026-02-20/transactions_234941573322.parquet -> /tmp/minio_downloads/transactions_234941573322.parquet
[2026-02-22T14:23:44.385+0000] {logging_mixin.py:188} INFO - Downloaded transactions/date=2026-02-20/transactions_234941662407.parquet -> /tmp/minio_downloads/transactions_234941662407.parquet
[2026-02-22T14:23:44.429+0000] {logging_mixin.py:188} INFO - Downloaded transactions/date=2026-02-20/transactions_234942160253.parquet -> /tmp/minio_downloads/transactions_234942160253.parquet
[2026-02-22T14:23:44.468+0000] {logging_mixin.py:188} INFO - Downloaded transactions/date=2026-02-20/transactions_234942253356.parquet -> /tmp/minio_downloads/transactions_234942253356.parquet
[2026-02-22T14:23:44.505+0000] {logging_mixin.py:188} INFO - Downloaded transactions/date=2026-02-20/transactions_234942350222.parquet -> /tmp/minio_downloads/transactions_234942350222.parquet
[2026-02-22T14:23:44.547+0000] {logging_mixin.py:188} INFO - Downloaded transactions/date=2026-02-20/transactions_234942449378.parquet -> /tmp/minio_downloads/transactions_234942449378.parquet
[2026-02-22T14:23:44.581+0000] {logging_mixin.py:188} INFO - Downloaded transactions/date=2026-02-20/transactions_234942596005.parquet -> /tmp/minio_downloads/transactions_234942596005.parquet
[2026-02-22T14:23:44.614+0000] {logging_mixin.py:188} INFO - Downloaded transactions/date=2026-02-20/transactions_234942682137.parquet -> /tmp/minio_downloads/transactions_234942682137.parquet
[2026-02-22T14:23:44.645+0000] {logging_mixin.py:188} INFO - Downloaded transactions/date=2026-02-20/transactions_234943096893.parquet -> /tmp/minio_downloads/transactions_234943096893.parquet
[2026-02-22T14:23:44.679+0000] {logging_mixin.py:188} INFO - Downloaded transactions/date=2026-02-20/transactions_234943561718.parquet -> /tmp/minio_downloads/transactions_234943561718.parquet
[2026-02-22T14:23:44.714+0000] {logging_mixin.py:188} INFO - Downloaded transactions/date=2026-02-20/transactions_234943780106.parquet -> /tmp/minio_downloads/transactions_234943780106.parquet
[2026-02-22T14:23:44.748+0000] {logging_mixin.py:188} INFO - Downloaded transactions/date=2026-02-20/transactions_234943901825.parquet -> /tmp/minio_downloads/transactions_234943901825.parquet
[2026-02-22T14:23:44.784+0000] {logging_mixin.py:188} INFO - Downloaded transactions/date=2026-02-20/transactions_234944014291.parquet -> /tmp/minio_downloads/transactions_234944014291.parquet
[2026-02-22T14:23:44.825+0000] {logging_mixin.py:188} INFO - Downloaded transactions/date=2026-02-20/transactions_234944140004.parquet -> /tmp/minio_downloads/transactions_234944140004.parquet
[2026-02-22T14:23:44.827+0000] {python.py:237} INFO - Done. Returned value was: {'customers': ['/tmp/minio_downloads/customers_234918105812.parquet', '/tmp/minio_downloads/customers_234918437151.parquet', '/tmp/minio_downloads/customers_234918561960.parquet', '/tmp/minio_downloads/customers_234918669711.parquet', '/tmp/minio_downloads/customers_234918803581.parquet', '/tmp/minio_downloads/customers_234918923394.parquet', '/tmp/minio_downloads/customers_234919120182.parquet', '/tmp/minio_downloads/customers_234921665207.parquet', '/tmp/minio_downloads/customers_234921758110.parquet', '/tmp/minio_downloads/customers_234921847149.parquet', '/tmp/minio_downloads/customers_234921926178.parquet', '/tmp/minio_downloads/customers_234922007518.parquet', '/tmp/minio_downloads/customers_234922078160.parquet', '/tmp/minio_downloads/customers_234922162590.parquet', '/tmp/minio_downloads/customers_234922744865.parquet', '/tmp/minio_downloads/customers_234922834985.parquet', '/tmp/minio_downloads/customers_234922932607.parquet', '/tmp/minio_downloads/customers_234923025974.parquet', '/tmp/minio_downloads/customers_234923111005.parquet', '/tmp/minio_downloads/customers_234923205643.parquet'], 'accounts': ['/tmp/minio_downloads/accounts_234919229379.parquet', '/tmp/minio_downloads/accounts_234919339290.parquet', '/tmp/minio_downloads/accounts_234920053429.parquet', '/tmp/minio_downloads/accounts_234920162262.parquet', '/tmp/minio_downloads/accounts_234920297803.parquet', '/tmp/minio_downloads/accounts_234920394646.parquet', '/tmp/minio_downloads/accounts_234923335866.parquet', '/tmp/minio_downloads/accounts_234923452458.parquet', '/tmp/minio_downloads/accounts_234923816025.parquet', '/tmp/minio_downloads/accounts_234923976275.parquet', '/tmp/minio_downloads/accounts_234924694842.parquet', '/tmp/minio_downloads/accounts_234924793702.parquet', '/tmp/minio_downloads/accounts_234924894453.parquet', '/tmp/minio_downloads/accounts_234926222060.parquet', '/tmp/minio_downloads/accounts_234926321807.parquet', '/tmp/minio_downloads/accounts_234926416924.parquet', '/tmp/minio_downloads/accounts_234926499851.parquet', '/tmp/minio_downloads/accounts_234926596272.parquet', '/tmp/minio_downloads/accounts_234926697438.parquet', '/tmp/minio_downloads/accounts_234926792866.parquet', '/tmp/minio_downloads/accounts_234928114151.parquet', '/tmp/minio_downloads/accounts_234928202943.parquet', '/tmp/minio_downloads/accounts_234928287885.parquet', '/tmp/minio_downloads/accounts_234928371185.parquet', '/tmp/minio_downloads/accounts_234928457421.parquet', '/tmp/minio_downloads/accounts_234928550187.parquet', '/tmp/minio_downloads/accounts_234929152701.parquet', '/tmp/minio_downloads/accounts_234929241696.parquet', '/tmp/minio_downloads/accounts_234929332029.parquet', '/tmp/minio_downloads/accounts_234929417192.parquet', '/tmp/minio_downloads/accounts_234929507568.parquet', '/tmp/minio_downloads/accounts_234929633147.parquet', '/tmp/minio_downloads/accounts_234929729800.parquet', '/tmp/minio_downloads/accounts_234931169046.parquet', '/tmp/minio_downloads/accounts_234931258522.parquet', '/tmp/minio_downloads/accounts_234931343394.parquet', '/tmp/minio_downloads/accounts_234931436645.parquet', '/tmp/minio_downloads/accounts_234931535175.parquet', '/tmp/minio_downloads/accounts_234931630343.parquet', '/tmp/minio_downloads/accounts_234931720633.parquet'], 'transactions': ['/tmp/minio_downloads/transactions_234920527637.parquet', '/tmp/minio_downloads/transactions_234920620288.parquet', '/tmp/minio_downloads/transactions_234920743953.parquet', '/tmp/minio_downloads/transactions_234920848936.parquet', '/tmp/minio_downloads/transactions_234920995769.parquet', '/tmp/minio_downloads/transactions_234921095960.parquet', '/tmp/minio_downloads/transactions_234925010888.parquet', '/tmp/minio_downloads/transactions_234925110210.parquet', '/tmp/minio_downloads/transactions_234925202968.parquet', '/tmp/minio_downloads/transactions_234925307206.parquet', '/tmp/minio_downloads/transactions_234925401792.parquet', '/tmp/minio_downloads/transactions_234925495946.parquet', '/tmp/minio_downloads/transactions_234926886678.parquet', '/tmp/minio_downloads/transactions_234926984193.parquet', '/tmp/minio_downloads/transactions_234927074926.parquet', '/tmp/minio_downloads/transactions_234927434757.parquet', '/tmp/minio_downloads/transactions_234927538594.parquet', '/tmp/minio_downloads/transactions_234927639183.parquet', '/tmp/minio_downloads/transactions_234929827495.parquet', '/tmp/minio_downloads/transactions_234929936899.parquet', '/tmp/minio_downloads/transactions_234930133392.parquet', '/tmp/minio_downloads/transactions_234930278006.parquet', '/tmp/minio_downloads/transactions_234930573943.parquet', '/tmp/minio_downloads/transactions_234930673583.parquet', '/tmp/minio_downloads/transactions_234930765189.parquet', '/tmp/minio_downloads/transactions_234932114660.parquet', '/tmp/minio_downloads/transactions_234932192755.parquet', '/tmp/minio_downloads/transactions_234932278168.parquet', '/tmp/minio_downloads/transactions_234932358103.parquet', '/tmp/minio_downloads/transactions_234932442441.parquet', '/tmp/minio_downloads/transactions_234932522727.parquet', '/tmp/minio_downloads/transactions_234932921552.parquet', '/tmp/minio_downloads/transactions_234933016230.parquet', '/tmp/minio_downloads/transactions_234933111052.parquet', '/tmp/minio_downloads/transactions_234933198316.parquet', '/tmp/minio_downloads/transactions_234933278851.parquet', '/tmp/minio_downloads/transactions_234933369230.parquet', '/tmp/minio_downloads/transactions_234933925204.parquet', '/tmp/minio_downloads/transactions_234934009718.parquet', '/tmp/minio_downloads/transactions_234934102903.parquet', '/tmp/minio_downloads/transactions_234934196027.parquet', '/tmp/minio_downloads/transactions_234934307523.parquet', '/tmp/minio_downloads/transactions_234934396633.parquet', '/tmp/minio_downloads/transactions_234934488117.parquet', '/tmp/minio_downloads/transactions_234934894146.parquet', '/tmp/minio_downloads/transactions_234934986743.parquet', '/tmp/minio_downloads/transactions_234935069074.parquet', '/tmp/minio_downloads/transactions_234935175949.parquet', '/tmp/minio_downloads/transactions_234935272437.parquet', '/tmp/minio_downloads/transactions_234935370154.parquet', '/tmp/minio_downloads/transactions_234935847189.parquet', '/tmp/minio_downloads/transactions_234935955264.parquet', '/tmp/minio_downloads/transactions_234936056628.parquet', '/tmp/minio_downloads/transactions_234936151468.parquet', '/tmp/minio_downloads/transactions_234936251977.parquet', '/tmp/minio_downloads/transactions_234936345504.parquet', '/tmp/minio_downloads/transactions_234936830532.parquet', '/tmp/minio_downloads/transactions_234936940213.parquet', '/tmp/minio_downloads/transactions_234937044510.parquet', '/tmp/minio_downloads/transactions_234937144436.parquet', '/tmp/minio_downloads/transactions_234937237946.parquet', '/tmp/minio_downloads/transactions_234937327317.parquet', '/tmp/minio_downloads/transactions_234937424237.parquet', '/tmp/minio_downloads/transactions_234938006589.parquet', '/tmp/minio_downloads/transactions_234938102664.parquet', '/tmp/minio_downloads/transactions_234938199199.parquet', '/tmp/minio_downloads/transactions_234938297827.parquet', '/tmp/minio_downloads/transactions_234938389864.parquet', '/tmp/minio_downloads/transactions_234938497275.parquet', '/tmp/minio_downloads/transactions_234938991890.parquet', '/tmp/minio_downloads/transactions_234939081021.parquet', '/tmp/minio_downloads/transactions_234939176644.parquet', '/tmp/minio_downloads/transactions_234939278372.parquet', '/tmp/minio_downloads/transactions_234939374490.parquet', '/tmp/minio_downloads/transactions_234939468089.parquet', '/tmp/minio_downloads/transactions_234939997340.parquet', '/tmp/minio_downloads/transactions_234940104868.parquet', '/tmp/minio_downloads/transactions_234940244694.parquet', '/tmp/minio_downloads/transactions_234940358602.parquet', '/tmp/minio_downloads/transactions_234940452543.parquet', '/tmp/minio_downloads/transactions_234940557059.parquet', '/tmp/minio_downloads/transactions_234940659936.parquet', '/tmp/minio_downloads/transactions_234941163970.parquet', '/tmp/minio_downloads/transactions_234941259224.parquet', '/tmp/minio_downloads/transactions_234941365406.parquet', '/tmp/minio_downloads/transactions_234941467795.parquet', '/tmp/minio_downloads/transactions_234941573322.parquet', '/tmp/minio_downloads/transactions_234941662407.parquet', '/tmp/minio_downloads/transactions_234942160253.parquet', '/tmp/minio_downloads/transactions_234942253356.parquet', '/tmp/minio_downloads/transactions_234942350222.parquet', '/tmp/minio_downloads/transactions_234942449378.parquet', '/tmp/minio_downloads/transactions_234942596005.parquet', '/tmp/minio_downloads/transactions_234942682137.parquet', '/tmp/minio_downloads/transactions_234943096893.parquet', '/tmp/minio_downloads/transactions_234943561718.parquet', '/tmp/minio_downloads/transactions_234943780106.parquet', '/tmp/minio_downloads/transactions_234943901825.parquet', '/tmp/minio_downloads/transactions_234944014291.parquet', '/tmp/minio_downloads/transactions_234944140004.parquet']}
[2026-02-22T14:23:44.830+0000] {taskinstance.py:441} INFO - ::group::Post task execution logs
[2026-02-22T14:23:44.901+0000] {taskinstance.py:1206} INFO - Marking task as SUCCESS. dag_id=minio_to_snowflake_banking, task_id=download_minio, run_id=scheduled__2026-02-22T14:22:00+00:00, execution_date=20260222T142200, start_date=20260222T142335, end_date=20260222T142344
[2026-02-22T14:23:44.986+0000] {local_task_job_runner.py:243} INFO - Task exited with return code 0
[2026-02-22T14:23:45.038+0000] {taskinstance.py:3503} INFO - 1 downstream tasks scheduled from follow-on schedule check
[2026-02-22T14:23:45.048+0000] {local_task_job_runner.py:222} INFO - ::endgroup::
